workspace: /scratch/yxue/CMID/runs/cartpole_damping_1000000/sac/0
| [32meval[0m  | E: 0 | S: 0 | R: 0.6776
| [32meval[0m  | E: 4 | S: 4000 | R: 0.6678
| [33mtrain[0m | E: 5 | S: 5000 | R: 23.2562 | D: 25.3 s | BR: 0.3323 | ALOSS: -0.6645 | CLOSS: 0.1718 | TLOSS: 0.1581 | TVAL: 0.0994 | AENT: 0.5914
| [33mtrain[0m | E: 6 | S: 6000 | R: 223.2038 | D: 20.9 s | BR: 0.4076 | ALOSS: -1.2074 | CLOSS: 0.1571 | TLOSS: 0.1629 | TVAL: 0.0982 | AENT: 0.6592
| [33mtrain[0m | E: 7 | S: 7000 | R: 70.3574 | D: 20.9 s | BR: 0.3793 | ALOSS: -1.5405 | CLOSS: 0.1274 | TLOSS: 0.1617 | TVAL: 0.0969 | AENT: 0.6682
| [33mtrain[0m | E: 8 | S: 8000 | R: 29.5061 | D: 20.9 s | BR: 0.3469 | ALOSS: -1.7826 | CLOSS: 0.8010 | TLOSS: 0.1576 | TVAL: 0.0958 | AENT: 0.6462
| [32meval[0m  | E: 8 | S: 8000 | R: 135.5979
| [33mtrain[0m | E: 9 | S: 9000 | R: 30.4397 | D: 25.6 s | BR: 0.3336 | ALOSS: -1.2793 | CLOSS: 0.1331 | TLOSS: 0.1575 | TVAL: 0.0946 | AENT: 0.6646
| [33mtrain[0m | E: 10 | S: 10000 | R: 157.3663 | D: 20.8 s | BR: 0.3712 | ALOSS: -1.5701 | CLOSS: 0.0600 | TLOSS: 0.1554 | TVAL: 0.0934 | AENT: 0.6634
| [33mtrain[0m | E: 11 | S: 11000 | R: 125.5814 | D: 20.8 s | BR: 0.3685 | ALOSS: -2.0266 | CLOSS: 0.0783 | TLOSS: 0.1533 | TVAL: 0.0923 | AENT: 0.6608
| [33mtrain[0m | E: 12 | S: 12000 | R: 82.1451 | D: 20.8 s | BR: 0.3694 | ALOSS: -2.5878 | CLOSS: 0.1054 | TLOSS: 0.1511 | TVAL: 0.0912 | AENT: 0.6569
| [32meval[0m  | E: 12 | S: 12000 | R: 20.0441
| [33mtrain[0m | E: 13 | S: 13000 | R: 111.9866 | D: 25.6 s | BR: 0.3720 | ALOSS: -3.2209 | CLOSS: 0.1825 | TLOSS: 0.1495 | TVAL: 0.0901 | AENT: 0.6587
| [33mtrain[0m | E: 14 | S: 14000 | R: 122.9100 | D: 20.8 s | BR: 0.3795 | ALOSS: -3.9415 | CLOSS: 0.2928 | TLOSS: 0.1476 | TVAL: 0.0891 | AENT: 0.6576
| [33mtrain[0m | E: 15 | S: 15000 | R: 35.7004 | D: 20.9 s | BR: 0.3688 | ALOSS: -4.4913 | CLOSS: 0.4121 | TLOSS: 0.1443 | TVAL: 0.0880 | AENT: 0.6401
| [33mtrain[0m | E: 16 | S: 16000 | R: 172.1333 | D: 20.8 s | BR: 0.3949 | ALOSS: -5.5362 | CLOSS: 0.6249 | TLOSS: 0.1323 | TVAL: 0.0870 | AENT: 0.5202
| [32meval[0m  | E: 16 | S: 16000 | R: 167.5989
| [33mtrain[0m | E: 17 | S: 17000 | R: 176.7645 | D: 25.5 s | BR: 0.4161 | ALOSS: -6.3593 | CLOSS: 0.5238 | TLOSS: 0.1189 | TVAL: 0.0861 | AENT: 0.3812
| [33mtrain[0m | E: 18 | S: 18000 | R: 196.2415 | D: 20.9 s | BR: 0.4460 | ALOSS: -7.4759 | CLOSS: 0.7617 | TLOSS: 0.1032 | TVAL: 0.0853 | AENT: 0.2106
| [33mtrain[0m | E: 19 | S: 19000 | R: 207.9602 | D: 20.9 s | BR: 0.4638 | ALOSS: -8.7593 | CLOSS: 0.7879 | TLOSS: 0.0898 | TVAL: 0.0846 | AENT: 0.0619
| [33mtrain[0m | E: 20 | S: 20000 | R: 160.5449 | D: 20.7 s | BR: 0.4719 | ALOSS: -10.0300 | CLOSS: 1.0430 | TLOSS: 0.0808 | TVAL: 0.0839 | AENT: -0.0369
| [32meval[0m  | E: 20 | S: 20000 | R: 154.6284
| [33mtrain[0m | E: 21 | S: 21000 | R: 160.7189 | D: 25.5 s | BR: 0.4832 | ALOSS: -11.2019 | CLOSS: 1.1753 | TLOSS: 0.0777 | TVAL: 0.0832 | AENT: -0.0669
| [33mtrain[0m | E: 22 | S: 22000 | R: 213.0279 | D: 20.8 s | BR: 0.4953 | ALOSS: -12.6927 | CLOSS: 1.2367 | TLOSS: 0.0697 | TVAL: 0.0826 | AENT: -0.1567
| [33mtrain[0m | E: 23 | S: 23000 | R: 192.3267 | D: 21.0 s | BR: 0.5156 | ALOSS: -14.1567 | CLOSS: 1.8436 | TLOSS: 0.0572 | TVAL: 0.0821 | AENT: -0.3034
| [33mtrain[0m | E: 24 | S: 24000 | R: 171.4061 | D: 20.7 s | BR: 0.5135 | ALOSS: -15.5268 | CLOSS: 1.4867 | TLOSS: 0.0540 | TVAL: 0.0816 | AENT: -0.3378
| [32meval[0m  | E: 24 | S: 24000 | R: 158.7779
| [33mtrain[0m | E: 25 | S: 25000 | R: 164.5145 | D: 25.3 s | BR: 0.5223 | ALOSS: -16.9832 | CLOSS: 2.2015 | TLOSS: 0.0524 | TVAL: 0.0811 | AENT: -0.3538
| [33mtrain[0m | E: 26 | S: 26000 | R: 152.9241 | D: 20.7 s | BR: 0.5194 | ALOSS: -17.8285 | CLOSS: 2.4466 | TLOSS: 0.0528 | TVAL: 0.0805 | AENT: -0.3438
| [33mtrain[0m | E: 27 | S: 27000 | R: 188.1979 | D: 21.0 s | BR: 0.5337 | ALOSS: -19.2579 | CLOSS: 2.9536 | TLOSS: 0.0517 | TVAL: 0.0800 | AENT: -0.3542
| [33mtrain[0m | E: 28 | S: 28000 | R: 174.2505 | D: 20.9 s | BR: 0.5402 | ALOSS: -20.3428 | CLOSS: 2.5822 | TLOSS: 0.0508 | TVAL: 0.0794 | AENT: -0.3604
| [32meval[0m  | E: 28 | S: 28000 | R: 220.4381
| [33mtrain[0m | E: 29 | S: 29000 | R: 230.1420 | D: 25.5 s | BR: 0.5574 | ALOSS: -21.1372 | CLOSS: 3.2531 | TLOSS: 0.0479 | TVAL: 0.0789 | AENT: -0.3930
| [33mtrain[0m | E: 30 | S: 30000 | R: 201.1681 | D: 20.8 s | BR: 0.5695 | ALOSS: -22.3748 | CLOSS: 4.1992 | TLOSS: 0.0405 | TVAL: 0.0784 | AENT: -0.4835
| [33mtrain[0m | E: 31 | S: 31000 | R: 286.7277 | D: 20.8 s | BR: 0.5828 | ALOSS: -23.7421 | CLOSS: 4.6377 | TLOSS: 0.0387 | TVAL: 0.0779 | AENT: -0.5036
| [33mtrain[0m | E: 32 | S: 32000 | R: 270.6024 | D: 20.7 s | BR: 0.5919 | ALOSS: -24.6630 | CLOSS: 6.1691 | TLOSS: 0.0360 | TVAL: 0.0774 | AENT: -0.5353
| [32meval[0m  | E: 32 | S: 32000 | R: 296.3461
| [33mtrain[0m | E: 33 | S: 33000 | R: 188.1249 | D: 25.4 s | BR: 0.6070 | ALOSS: -26.0238 | CLOSS: 8.4104 | TLOSS: 0.0273 | TVAL: 0.0770 | AENT: -0.6461
| [33mtrain[0m | E: 34 | S: 34000 | R: 280.6621 | D: 20.7 s | BR: 0.6351 | ALOSS: -27.4731 | CLOSS: 6.3277 | TLOSS: 0.0237 | TVAL: 0.0766 | AENT: -0.6911
| [33mtrain[0m | E: 35 | S: 35000 | R: 335.0819 | D: 20.1 s | BR: 0.6530 | ALOSS: -28.6526 | CLOSS: 6.8171 | TLOSS: 0.0242 | TVAL: 0.0763 | AENT: -0.6834
| [33mtrain[0m | E: 36 | S: 36000 | R: 397.6003 | D: 20.0 s | BR: 0.6652 | ALOSS: -30.2918 | CLOSS: 6.1470 | TLOSS: 0.0258 | TVAL: 0.0759 | AENT: -0.6597
| [32meval[0m  | E: 36 | S: 36000 | R: 342.3091
| [33mtrain[0m | E: 37 | S: 37000 | R: 206.8335 | D: 23.9 s | BR: 0.6809 | ALOSS: -31.4651 | CLOSS: 7.9197 | TLOSS: 0.0172 | TVAL: 0.0756 | AENT: -0.7725
| [33mtrain[0m | E: 38 | S: 38000 | R: 441.1664 | D: 20.0 s | BR: 0.7158 | ALOSS: -33.1593 | CLOSS: 6.5979 | TLOSS: 0.0124 | TVAL: 0.0753 | AENT: -0.8348
| [33mtrain[0m | E: 39 | S: 39000 | R: 556.7141 | D: 20.0 s | BR: 0.7557 | ALOSS: -34.9845 | CLOSS: 10.2125 | TLOSS: 0.0042 | TVAL: 0.0752 | AENT: -0.9438
| [33mtrain[0m | E: 40 | S: 40000 | R: 388.4786 | D: 20.0 s | BR: 0.7617 | ALOSS: -36.6482 | CLOSS: 7.2843 | TLOSS: 0.0007 | TVAL: 0.0751 | AENT: -0.9903
| [32meval[0m  | E: 40 | S: 40000 | R: 345.2140
| [33mtrain[0m | E: 41 | S: 41000 | R: 390.2773 | D: 23.9 s | BR: 0.7867 | ALOSS: -38.3918 | CLOSS: 9.4046 | TLOSS: -0.0091 | TVAL: 0.0752 | AENT: -1.1208
| [33mtrain[0m | E: 42 | S: 42000 | R: 357.6791 | D: 19.9 s | BR: 0.8003 | ALOSS: -40.5341 | CLOSS: 8.2818 | TLOSS: -0.0138 | TVAL: 0.0754 | AENT: -1.1826
| [33mtrain[0m | E: 43 | S: 43000 | R: 309.8831 | D: 20.0 s | BR: 0.8201 | ALOSS: -42.3518 | CLOSS: 7.8132 | TLOSS: -0.0149 | TVAL: 0.0758 | AENT: -1.1972
| [33mtrain[0m | E: 44 | S: 44000 | R: 381.2585 | D: 19.9 s | BR: 0.8458 | ALOSS: -44.3975 | CLOSS: 6.8840 | TLOSS: -0.0193 | TVAL: 0.0762 | AENT: -1.2539
| [32meval[0m  | E: 44 | S: 44000 | R: 234.4305
| [33mtrain[0m | E: 45 | S: 45000 | R: 436.9046 | D: 24.0 s | BR: 0.8626 | ALOSS: -46.6471 | CLOSS: 6.0454 | TLOSS: -0.0145 | TVAL: 0.0766 | AENT: -1.1899
| [33mtrain[0m | E: 46 | S: 46000 | R: 411.0494 | D: 20.0 s | BR: 0.8694 | ALOSS: -48.0202 | CLOSS: 5.9652 | TLOSS: -0.0134 | TVAL: 0.0770 | AENT: -1.1738
| [33mtrain[0m | E: 47 | S: 47000 | R: 348.2880 | D: 20.0 s | BR: 0.8781 | ALOSS: -49.7312 | CLOSS: 4.8424 | TLOSS: -0.0107 | TVAL: 0.0773 | AENT: -1.1386
| [33mtrain[0m | E: 48 | S: 48000 | R: 449.7028 | D: 19.9 s | BR: 0.9005 | ALOSS: -51.2611 | CLOSS: 5.7537 | TLOSS: -0.0106 | TVAL: 0.0776 | AENT: -1.1368
| [32meval[0m  | E: 48 | S: 48000 | R: 529.3713
| [33mtrain[0m | E: 49 | S: 49000 | R: 450.1719 | D: 24.0 s | BR: 0.9288 | ALOSS: -53.1065 | CLOSS: 5.5005 | TLOSS: -0.0091 | TVAL: 0.0779 | AENT: -1.1162
| [33mtrain[0m | E: 50 | S: 50000 | R: 569.4518 | D: 20.0 s | BR: 0.9487 | ALOSS: -54.4567 | CLOSS: 6.6736 | TLOSS: -0.0113 | TVAL: 0.0782 | AENT: -1.1448
| [33mtrain[0m | E: 51 | S: 51000 | R: 644.1074 | D: 20.0 s | BR: 0.9907 | ALOSS: -56.9075 | CLOSS: 7.8218 | TLOSS: -0.0125 | TVAL: 0.0786 | AENT: -1.1592
| [33mtrain[0m | E: 52 | S: 52000 | R: 588.4067 | D: 20.0 s | BR: 1.0104 | ALOSS: -58.4818 | CLOSS: 9.0962 | TLOSS: -0.0165 | TVAL: 0.0791 | AENT: -1.2090
| [32meval[0m  | E: 52 | S: 52000 | R: 530.7689