cartpole_damping_10000_ar8_seed10
workspace: /scratch/yxue/CMID/runs/cartpole_mass_capsule_envA_01_envB_1_30000_seed0/sac/0
| [32meval[0m  | E: 0 | S: 0 | R: 0.6847
| [32meval[0m  | E: 4 | S: 4000 | R: 0.6754
| [32meval[0m  | E: 8 | S: 8000 | R: 0.6743
| [33mtrain[0m | E: 9 | S: 9000 | R: 56.7372 | D: 13.4 s | BR: 0.9332 | ALOSS: -1.3029 | CLOSS: 1.2653 | TLOSS: 0.1492 | TVAL: 0.0997 | AENT: 0.4958
| [33mtrain[0m | E: 10 | S: 10000 | R: 198.7658 | D: 10.5 s | BR: 0.9551 | ALOSS: -1.9344 | CLOSS: 0.3436 | TLOSS: 0.1638 | TVAL: 0.0991 | AENT: 0.6526
| [33mtrain[0m | E: 11 | S: 11000 | R: 76.7351 | D: 10.7 s | BR: 0.9672 | ALOSS: -2.3835 | CLOSS: 0.9834 | TLOSS: 0.1606 | TVAL: 0.0985 | AENT: 0.6307
| [33mtrain[0m | E: 12 | S: 12000 | R: 187.2495 | D: 10.8 s | BR: 0.9727 | ALOSS: -2.7962 | CLOSS: 1.0017 | TLOSS: 0.1605 | TVAL: 0.0979 | AENT: 0.6396
| [32meval[0m  | E: 12 | S: 12000 | R: 20.9197
| [33mtrain[0m | E: 13 | S: 13000 | R: 48.2780 | D: 14.5 s | BR: 0.9413 | ALOSS: -3.3059 | CLOSS: 0.8235 | TLOSS: 0.1556 | TVAL: 0.0973 | AENT: 0.5991
| [33mtrain[0m | E: 14 | S: 14000 | R: 129.8130 | D: 10.9 s | BR: 0.9776 | ALOSS: -3.8745 | CLOSS: 0.8618 | TLOSS: 0.1502 | TVAL: 0.0967 | AENT: 0.5531
| [33mtrain[0m | E: 15 | S: 15000 | R: 176.7859 | D: 10.8 s | BR: 0.9795 | ALOSS: -4.3775 | CLOSS: 1.4226 | TLOSS: 0.1422 | TVAL: 0.0961 | AENT: 0.4787
| [33mtrain[0m | E: 16 | S: 16000 | R: 77.2472 | D: 10.8 s | BR: 0.9946 | ALOSS: -5.0505 | CLOSS: 1.5439 | TLOSS: 0.1361 | TVAL: 0.0956 | AENT: 0.4234
| [32meval[0m  | E: 16 | S: 16000 | R: 148.1158
| [33mtrain[0m | E: 17 | S: 17000 | R: 193.7931 | D: 14.5 s | BR: 1.0079 | ALOSS: -5.8567 | CLOSS: 2.5598 | TLOSS: 0.1249 | TVAL: 0.0951 | AENT: 0.3133
| [33mtrain[0m | E: 18 | S: 18000 | R: 172.2495 | D: 10.9 s | BR: 1.0329 | ALOSS: -6.5626 | CLOSS: 3.1192 | TLOSS: 0.1078 | TVAL: 0.0946 | AENT: 0.1394
| [33mtrain[0m | E: 19 | S: 19000 | R: 182.7259 | D: 10.8 s | BR: 1.0689 | ALOSS: -7.3881 | CLOSS: 2.7241 | TLOSS: 0.0992 | TVAL: 0.0942 | AENT: 0.0529
| [33mtrain[0m | E: 20 | S: 20000 | R: 215.3229 | D: 10.8 s | BR: 1.1007 | ALOSS: -8.0935 | CLOSS: 3.1646 | TLOSS: 0.0810 | TVAL: 0.0938 | AENT: -0.1368
| [32meval[0m  | E: 20 | S: 20000 | R: 204.1865
| [33mtrain[0m | E: 21 | S: 21000 | R: 240.8332 | D: 14.5 s | BR: 1.1276 | ALOSS: -8.7897 | CLOSS: 3.1944 | TLOSS: 0.0715 | TVAL: 0.0935 | AENT: -0.2350
| [33mtrain[0m | E: 22 | S: 22000 | R: 173.5232 | D: 10.9 s | BR: 1.1679 | ALOSS: -9.8330 | CLOSS: 6.0436 | TLOSS: 0.0585 | TVAL: 0.0932 | AENT: -0.3722
| [33mtrain[0m | E: 23 | S: 23000 | R: 258.6390 | D: 10.9 s | BR: 1.1981 | ALOSS: -10.9793 | CLOSS: 6.0704 | TLOSS: 0.0459 | TVAL: 0.0930 | AENT: -0.5058
| [33mtrain[0m | E: 24 | S: 24000 | R: 296.0510 | D: 11.0 s | BR: 1.2334 | ALOSS: -12.0650 | CLOSS: 10.6579 | TLOSS: 0.0468 | TVAL: 0.0927 | AENT: -0.4952
| [32meval[0m  | E: 24 | S: 24000 | R: 172.9132
| [33mtrain[0m | E: 25 | S: 25000 | R: 192.9209 | D: 14.6 s | BR: 1.2609 | ALOSS: -13.6480 | CLOSS: 5.4016 | TLOSS: 0.0442 | TVAL: 0.0925 | AENT: -0.5220
| [33mtrain[0m | E: 26 | S: 26000 | R: 364.4344 | D: 11.0 s | BR: 1.2921 | ALOSS: -14.7039 | CLOSS: 8.6519 | TLOSS: 0.0304 | TVAL: 0.0923 | AENT: -0.6706
| [33mtrain[0m | E: 27 | S: 27000 | R: 192.1733 | D: 10.9 s | BR: 1.3430 | ALOSS: -16.5008 | CLOSS: 5.8333 | TLOSS: 0.0238 | TVAL: 0.0922 | AENT: -0.7422
| [33mtrain[0m | E: 28 | S: 28000 | R: 365.0646 | D: 11.1 s | BR: 1.4072 | ALOSS: -18.7994 | CLOSS: 8.3473 | TLOSS: 0.0103 | TVAL: 0.0921 | AENT: -0.8884
| [32meval[0m  | E: 28 | S: 28000 | R: 397.7223
| [33mtrain[0m | E: 29 | S: 29000 | R: 165.3547 | D: 15.5 s | BR: 1.3879 | ALOSS: -19.8662 | CLOSS: 8.7526 | TLOSS: -0.0017 | TVAL: 0.0920 | AENT: -1.0180
| [33mtrain[0m | E: 30 | S: 30000 | R: 412.0922 | D: 11.6 s | BR: 1.4639 | ALOSS: -22.3937 | CLOSS: 8.7885 | TLOSS: -0.0081 | TVAL: 0.0921 | AENT: -1.0883
| [33mtrain[0m | E: 31 | S: 31000 | R: 380.2799 | D: 11.6 s | BR: 1.5341 | ALOSS: -24.1958 | CLOSS: 9.9438 | TLOSS: -0.0198 | TVAL: 0.0921 | AENT: -1.2151
| [33mtrain[0m | E: 32 | S: 32000 | R: 338.3620 | D: 11.5 s | BR: 1.6143 | ALOSS: -26.6030 | CLOSS: 9.3535 | TLOSS: -0.0127 | TVAL: 0.0923 | AENT: -1.1372
| [32meval[0m  | E: 32 | S: 32000 | R: 603.7209
| [33mtrain[0m | E: 33 | S: 33000 | R: 777.2193 | D: 15.5 s | BR: 1.7306 | ALOSS: -29.2881 | CLOSS: 23.5307 | TLOSS: -0.0218 | TVAL: 0.0924 | AENT: -1.2362
| [33mtrain[0m | E: 34 | S: 34000 | R: 491.9667 | D: 11.8 s | BR: 1.7609 | ALOSS: -32.3272 | CLOSS: 18.0763 | TLOSS: -0.0277 | TVAL: 0.0925 | AENT: -1.2994
| [33mtrain[0m | E: 35 | S: 35000 | R: 507.3175 | D: 11.7 s | BR: 1.8322 | ALOSS: -34.9030 | CLOSS: 14.6156 | TLOSS: -0.0301 | TVAL: 0.0928 | AENT: -1.3249
| [33mtrain[0m | E: 36 | S: 36000 | R: 564.5727 | D: 11.6 s | BR: 1.9266 | ALOSS: -37.1350 | CLOSS: 21.3687 | TLOSS: -0.0294 | TVAL: 0.0930 | AENT: -1.3165
| [32meval[0m  | E: 36 | S: 36000 | R: 385.8946
| [33mtrain[0m | E: 37 | S: 37000 | R: 708.4381 | D: 15.7 s | BR: 1.9930 | ALOSS: -40.2172 | CLOSS: 20.7563 | TLOSS: -0.0379 | TVAL: 0.0933 | AENT: -1.4067
| [33mtrain[0m | E: 38 | S: 38000 | R: 487.9619 | D: 11.7 s | BR: 2.0927 | ALOSS: -43.6953 | CLOSS: 18.7645 | TLOSS: -0.0391 | TVAL: 0.0936 | AENT: -1.4180
| [33mtrain[0m | E: 39 | S: 39000 | R: 681.8308 | D: 11.4 s | BR: 2.1387 | ALOSS: -45.9517 | CLOSS: 26.1605 | TLOSS: -0.0428 | TVAL: 0.0939 | AENT: -1.4552
| [33mtrain[0m | E: 40 | S: 40000 | R: 732.3814 | D: 11.5 s | BR: 2.2638 | ALOSS: -50.3699 | CLOSS: 27.7824 | TLOSS: -0.0446 | TVAL: 0.0943 | AENT: -1.4731
| [32meval[0m  | E: 40 | S: 40000 | R: 596.8293
| [33mtrain[0m | E: 41 | S: 41000 | R: 565.9648 | D: 15.6 s | BR: 2.3249 | ALOSS: -54.1158 | CLOSS: 31.6902 | TLOSS: -0.0454 | TVAL: 0.0947 | AENT: -1.4794
| [33mtrain[0m | E: 42 | S: 42000 | R: 594.2991 | D: 11.8 s | BR: 2.3690 | ALOSS: -57.6694 | CLOSS: 26.0645 | TLOSS: -0.0479 | TVAL: 0.0951 | AENT: -1.5033
| [33mtrain[0m | E: 43 | S: 43000 | R: 730.1323 | D: 11.6 s | BR: 2.4557 | ALOSS: -61.1322 | CLOSS: 39.9044 | TLOSS: -0.0585 | TVAL: 0.0956 | AENT: -1.6121
| [33mtrain[0m | E: 44 | S: 44000 | R: 739.0968 | D: 11.6 s | BR: 2.5464 | ALOSS: -66.1291 | CLOSS: 39.5752 | TLOSS: -0.0493 | TVAL: 0.0961 | AENT: -1.5129
| [32meval[0m  | E: 44 | S: 44000 | R: 534.8121
| [33mtrain[0m | E: 45 | S: 45000 | R: 706.7660 | D: 15.6 s | BR: 2.6053 | ALOSS: -69.0378 | CLOSS: 42.7723 | TLOSS: -0.0538 | TVAL: 0.0966 | AENT: -1.5574
| [33mtrain[0m | E: 46 | S: 46000 | R: 704.4840 | D: 11.6 s | BR: 2.7241 | ALOSS: -74.4058 | CLOSS: 48.1117 | TLOSS: -0.0528 | TVAL: 0.0971 | AENT: -1.5439
| [33mtrain[0m | E: 47 | S: 47000 | R: 740.4235 | D: 11.4 s | BR: 2.7832 | ALOSS: -77.8405 | CLOSS: 32.7019 | TLOSS: -0.0506 | TVAL: 0.0976 | AENT: -1.5188
| [33mtrain[0m | E: 48 | S: 48000 | R: 791.0299 | D: 11.6 s | BR: 2.8272 | ALOSS: -81.3222 | CLOSS: 38.7632 | TLOSS: -0.0564 | TVAL: 0.0982 | AENT: -1.5749
| [32meval[0m  | E: 48 | S: 48000 | R: 783.2802
| [33mtrain[0m | E: 49 | S: 49000 | R: 753.5827 | D: 15.7 s | BR: 2.8884 | ALOSS: -84.5274 | CLOSS: 28.8256 | TLOSS: -0.0542 | TVAL: 0.0987 | AENT: -1.5490
| [33mtrain[0m | E: 50 | S: 50000 | R: 798.4661 | D: 11.6 s | BR: 2.9695 | ALOSS: -89.1141 | CLOSS: 45.9306 | TLOSS: -0.0556 | TVAL: 0.0993 | AENT: -1.5598
| [33mtrain[0m | E: 51 | S: 51000 | R: 559.5475 | D: 11.5 s | BR: 3.0248 | ALOSS: -92.6369 | CLOSS: 41.9060 | TLOSS: -0.0560 | TVAL: 0.0998 | AENT: -1.5614
| [33mtrain[0m | E: 52 | S: 52000 | R: 785.4190 | D: 11.5 s | BR: 3.0279 | ALOSS: -95.4549 | CLOSS: 48.2972 | TLOSS: -0.0589 | TVAL: 0.1004 | AENT: -1.5867
| [32meval[0m  | E: 52 | S: 52000 | R: 558.7240
| [33mtrain[0m | E: 53 | S: 53000 | R: 697.3604 | D: 15.6 s | BR: 3.0902 | ALOSS: -100.3303 | CLOSS: 47.4608 | TLOSS: -0.0553 | TVAL: 0.1010 | AENT: -1.5478
| [33mtrain[0m | E: 54 | S: 54000 | R: 687.7053 | D: 11.6 s | BR: 3.1344 | ALOSS: -102.9950 | CLOSS: 38.8710 | TLOSS: -0.0617 | TVAL: 0.1016 | AENT: -1.6076
| [33mtrain[0m | E: 55 | S: 55000 | R: 709.3839 | D: 11.6 s | BR: 3.1917 | ALOSS: -106.3920 | CLOSS: 39.5563 | TLOSS: -0.0657 | TVAL: 0.1022 | AENT: -1.6421
| [33mtrain[0m | E: 56 | S: 56000 | R: 725.2781 | D: 11.5 s | BR: 3.2524 | ALOSS: -111.1902 | CLOSS: 55.0195 | TLOSS: -0.0626 | TVAL: 0.1029 | AENT: -1.6080
| [32meval[0m  | E: 56 | S: 56000 | R: 722.8973
| [33mtrain[0m | E: 57 | S: 57000 | R: 767.1098 | D: 15.6 s | BR: 3.3073 | ALOSS: -116.1031 | CLOSS: 49.2708 | TLOSS: -0.0575 | TVAL: 0.1035 | AENT: -1.5552
| [33mtrain[0m | E: 58 | S: 58000 | R: 724.4771 | D: 11.7 s | BR: 3.3303 | ALOSS: -118.9937 | CLOSS: 55.9691 | TLOSS: -0.0624 | TVAL: 0.1042 | AENT: -1.5991
| [33mtrain[0m | E: 59 | S: 59000 | R: 639.2378 | D: 11.5 s | BR: 3.4014 | ALOSS: -123.1319 | CLOSS: 52.8213 | TLOSS: -0.0672 | TVAL: 0.1049 | AENT: -1.6405
| [33mtrain[0m | E: 60 | S: 60000 | R: 657.4464 | D: 11.4 s | BR: 3.4050 | ALOSS: -126.9055 | CLOSS: 64.6640 | TLOSS: -0.0574 | TVAL: 0.1055 | AENT: -1.5439
| [32meval[0m  | E: 60 | S: 60000 | R: 531.3682
| [33mtrain[0m | E: 61 | S: 61000 | R: 631.6510 | D: 15.6 s | BR: 3.4094 | ALOSS: -130.5325 | CLOSS: 56.8374 | TLOSS: -0.0644 | TVAL: 0.1062 | AENT: -1.6064
| [33mtrain[0m | E: 62 | S: 62000 | R: 717.1849 | D: 11.7 s | BR: 3.4828 | ALOSS: -133.9735 | CLOSS: 44.6780 | TLOSS: -0.0621 | TVAL: 0.1069 | AENT: -1.5807
| [33mtrain[0m | E: 63 | S: 63000 | R: 679.7205 | D: 11.5 s | BR: 3.5271 | ALOSS: -137.5288 | CLOSS: 42.2879 | TLOSS: -0.0669 | TVAL: 0.1075 | AENT: -1.6223
| [33mtrain[0m | E: 64 | S: 64000 | R: 718.3266 | D: 11.4 s | BR: 3.5482 | ALOSS: -141.7173 | CLOSS: 45.4333 | TLOSS: -0.0702 | TVAL: 0.1083 | AENT: -1.6483
| [32meval[0m  | E: 64 | S: 64000 | R: 793.6221
| [33mtrain[0m | E: 65 | S: 65000 | R: 723.6177 | D: 15.4 s | BR: 3.5964 | ALOSS: -144.5875 | CLOSS: 42.0774 | TLOSS: -0.0628 | TVAL: 0.1090 | AENT: -1.5758
| [33mtrain[0m | E: 66 | S: 66000 | R: 788.4870 | D: 11.8 s | BR: 3.5576 | ALOSS: -147.5021 | CLOSS: 44.3739 | TLOSS: -0.0793 | TVAL: 0.1098 | AENT: -1.7227
| [33mtrain[0m | E: 67 | S: 67000 | R: 719.3320 | D: 11.4 s | BR: 3.6412 | ALOSS: -149.7224 | CLOSS: 51.2576 | TLOSS: -0.0713 | TVAL: 0.1105 | AENT: -1.6445
| [33mtrain[0m | E: 68 | S: 68000 | R: 733.5752 | D: 11.5 s | BR: 3.6861 | ALOSS: -154.7290 | CLOSS: 34.9142 | TLOSS: -0.0699 | TVAL: 0.1113 | AENT: -1.6283
| [32meval[0m  | E: 68 | S: 68000 | R: 672.2071
| [33mtrain[0m | E: 69 | S: 69000 | R: 789.6030 | D: 15.7 s | BR: 3.7101 | ALOSS: -158.5672 | CLOSS: 40.5606 | TLOSS: -0.0834 | TVAL: 0.1121 | AENT: -1.7443
| [33mtrain[0m | E: 70 | S: 70000 | R: 765.1095 | D: 11.9 s | BR: 3.7726 | ALOSS: -162.3234 | CLOSS: 37.5152 | TLOSS: -0.0754 | TVAL: 0.1130 | AENT: -1.6679
| [33mtrain[0m | E: 71 | S: 71000 | R: 762.3484 | D: 11.7 s | BR: 3.8215 | ALOSS: -165.6399 | CLOSS: 37.4026 | TLOSS: -0.0746 | TVAL: 0.1137 | AENT: -1.6559
| [33mtrain[0m | E: 72 | S: 72000 | R: 839.2761 | D: 11.6 s | BR: 3.8356 | ALOSS: -169.3813 | CLOSS: 43.2114 | TLOSS: -0.0720 | TVAL: 0.1145 | AENT: -1.6292
| [32meval[0m  | E: 72 | S: 72000 | R: 666.5454
| [33mtrain[0m | E: 73 | S: 73000 | R: 760.2600 | D: 15.5 s | BR: 3.8674 | ALOSS: -172.6563 | CLOSS: 44.5268 | TLOSS: -0.0641 | TVAL: 0.1152 | AENT: -1.5560
| [33mtrain[0m | E: 74 | S: 74000 | R: 800.0187 | D: 11.6 s | BR: 3.8949 | ALOSS: -175.4402 | CLOSS: 28.9430 | TLOSS: -0.0738 | TVAL: 0.1159 | AENT: -1.6366
| [33mtrain[0m | E: 75 | S: 75000 | R: 815.1230 | D: 11.2 s | BR: 3.9146 | ALOSS: -179.8311 | CLOSS: 38.1982 | TLOSS: -0.0690 | TVAL: 0.1167 | AENT: -1.5914
| [33mtrain[0m | E: 76 | S: 76000 | R: 824.2776 | D: 11.5 s | BR: 3.9659 | ALOSS: -183.8248 | CLOSS: 30.2619 | TLOSS: -0.0557 | TVAL: 0.1174 | AENT: -1.4750
| [32meval[0m  | E: 76 | S: 76000 | R: 723.2895
| [33mtrain[0m | E: 77 | S: 77000 | R: 839.9257 | D: 15.4 s | BR: 4.0059 | ALOSS: -187.4005 | CLOSS: 34.9033 | TLOSS: -0.0592 | TVAL: 0.1180 | AENT: -1.5022
| [33mtrain[0m | E: 78 | S: 78000 | R: 803.8572 | D: 11.7 s | BR: 3.9974 | ALOSS: -190.2538 | CLOSS: 26.8677 | TLOSS: -0.0703 | TVAL: 0.1186 | AENT: -1.5928
| [33mtrain[0m | E: 79 | S: 79000 | R: 818.2905 | D: 11.5 s | BR: 4.0483 | ALOSS: -193.3834 | CLOSS: 28.1854 | TLOSS: -0.0579 | TVAL: 0.1194 | AENT: -1.4847
| [33mtrain[0m | E: 80 | S: 80000 | R: 802.5455 | D: 11.5 s | BR: 4.0607 | ALOSS: -196.8413 | CLOSS: 30.6964 | TLOSS: -0.0568 | TVAL: 0.1200 | AENT: -1.4730
| [32meval[0m  | E: 80 | S: 80000 | R: 749.4215
| [33mtrain[0m | E: 81 | S: 81000 | R: 798.4531 | D: 15.3 s | BR: 4.0893 | ALOSS: -199.8264 | CLOSS: 28.5388 | TLOSS: -0.0576 | TVAL: 0.1206 | AENT: -1.4776
| [33mtrain[0m | E: 82 | S: 82000 | R: 824.4120 | D: 11.9 s | BR: 4.1863 | ALOSS: -204.8957 | CLOSS: 29.7315 | TLOSS: -0.0508 | TVAL: 0.1212 | AENT: -1.4186
| [33mtrain[0m | E: 83 | S: 83000 | R: 798.0993 | D: 11.6 s | BR: 4.1931 | ALOSS: -206.6209 | CLOSS: 33.3869 | TLOSS: -0.0487 | TVAL: 0.1218 | AENT: -1.3999
| [33mtrain[0m | E: 84 | S: 84000 | R: 840.2770 | D: 11.7 s | BR: 4.2211 | ALOSS: -210.5108 | CLOSS: 35.4975 | TLOSS: -0.0581 | TVAL: 0.1224 | AENT: -1.4742
| [32meval[0m  | E: 84 | S: 84000 | R: 804.1348
| [33mtrain[0m | E: 85 | S: 85000 | R: 811.9809 | D: 15.6 s | BR: 4.2148 | ALOSS: -213.5232 | CLOSS: 23.3945 | TLOSS: -0.0441 | TVAL: 0.1230 | AENT: -1.3586
| [33mtrain[0m | E: 86 | S: 86000 | R: 828.3760 | D: 11.8 s | BR: 4.2716 | ALOSS: -217.1399 | CLOSS: 39.0746 | TLOSS: -0.0518 | TVAL: 0.1236 | AENT: -1.4191
| [33mtrain[0m | E: 87 | S: 87000 | R: 802.9823 | D: 11.6 s | BR: 4.3145 | ALOSS: -220.6628 | CLOSS: 27.2742 | TLOSS: -0.0464 | TVAL: 0.1242 | AENT: -1.3732
| [33mtrain[0m | E: 88 | S: 88000 | R: 795.1729 | D: 11.4 s | BR: 4.3158 | ALOSS: -223.5702 | CLOSS: 25.4030 | TLOSS: -0.0530 | TVAL: 0.1248 | AENT: -1.4244
| [32meval[0m  | E: 88 | S: 88000 | R: 829.9603
| [33mtrain[0m | E: 89 | S: 89000 | R: 816.3750 | D: 15.6 s | BR: 4.3769 | ALOSS: -226.7709 | CLOSS: 24.2171 | TLOSS: -0.0415 | TVAL: 0.1254 | AENT: -1.3313
| [33mtrain[0m | E: 90 | S: 90000 | R: 816.3872 | D: 11.9 s | BR: 4.3685 | ALOSS: -229.0404 | CLOSS: 30.5290 | TLOSS: -0.0469 | TVAL: 0.1260 | AENT: -1.3722
| [33mtrain[0m | E: 91 | S: 91000 | R: 833.5316 | D: 11.6 s | BR: 4.4009 | ALOSS: -232.2230 | CLOSS: 22.1190 | TLOSS: -0.0461 | TVAL: 0.1266 | AENT: -1.3646
| [33mtrain[0m | E: 92 | S: 92000 | R: 805.2188 | D: 11.5 s | BR: 4.4085 | ALOSS: -236.7932 | CLOSS: 36.5488 | TLOSS: -0.0372 | TVAL: 0.1271 | AENT: -1.2926
| [32meval[0m  | E: 92 | S: 92000 | R: 813.1815
| [33mtrain[0m | E: 93 | S: 93000 | R: 780.7143 | D: 15.6 s | BR: 4.4573 | ALOSS: -239.6842 | CLOSS: 26.4662 | TLOSS: -0.0411 | TVAL: 0.1276 | AENT: -1.3223
| [33mtrain[0m | E: 94 | S: 94000 | R: 750.9916 | D: 11.8 s | BR: 4.4178 | ALOSS: -242.1914 | CLOSS: 25.7421 | TLOSS: -0.0425 | TVAL: 0.1282 | AENT: -1.3314
| [33mtrain[0m | E: 95 | S: 95000 | R: 823.6632 | D: 11.5 s | BR: 4.4403 | ALOSS: -244.9384 | CLOSS: 23.7356 | TLOSS: -0.0434 | TVAL: 0.1288 | AENT: -1.3367
| [33mtrain[0m | E: 96 | S: 96000 | R: 827.5434 | D: 11.7 s | BR: 4.4809 | ALOSS: -247.5339 | CLOSS: 29.2109 | TLOSS: -0.0442 | TVAL: 0.1294 | AENT: -1.3419
| [32meval[0m  | E: 96 | S: 96000 | R: 788.7929
| [33mtrain[0m | E: 97 | S: 97000 | R: 813.9458 | D: 15.7 s | BR: 4.5189 | ALOSS: -251.0726 | CLOSS: 25.0992 | TLOSS: -0.0498 | TVAL: 0.1301 | AENT: -1.3827
| [33mtrain[0m | E: 98 | S: 98000 | R: 834.0445 | D: 11.6 s | BR: 4.5743 | ALOSS: -253.9491 | CLOSS: 30.4009 | TLOSS: -0.0525 | TVAL: 0.1308 | AENT: -1.4012
| [33mtrain[0m | E: 99 | S: 99000 | R: 819.4144 | D: 11.5 s | BR: 4.5741 | ALOSS: -256.9918 | CLOSS: 33.8897 | TLOSS: -0.0442 | TVAL: 0.1315 | AENT: -1.3359
| [33mtrain[0m | E: 100 | S: 100000 | R: 731.8295 | D: 11.6 s | BR: 4.5259 | ALOSS: -258.8682 | CLOSS: 35.2749 | TLOSS: -0.0504 | TVAL: 0.1322 | AENT: -1.3815
| [32meval[0m  | E: 100 | S: 100000 | R: 732.0285
| [33mtrain[0m | E: 101 | S: 101000 | R: 742.0357 | D: 15.6 s | BR: 4.5749 | ALOSS: -262.3632 | CLOSS: 46.1400 | TLOSS: -0.0518 | TVAL: 0.1329 | AENT: -1.3896
| [33mtrain[0m | E: 102 | S: 102000 | R: 736.3332 | D: 11.8 s | BR: 4.6167 | ALOSS: -264.8783 | CLOSS: 24.0147 | TLOSS: -0.0464 | TVAL: 0.1337 | AENT: -1.3469
| [33mtrain[0m | E: 103 | S: 103000 | R: 699.3784 | D: 11.6 s | BR: 4.6082 | ALOSS: -268.5700 | CLOSS: 27.1941 | TLOSS: -0.0387 | TVAL: 0.1343 | AENT: -1.2878
| [33mtrain[0m | E: 104 | S: 104000 | R: 789.7651 | D: 11.6 s | BR: 4.6219 | ALOSS: -270.9016 | CLOSS: 24.7735 | TLOSS: -0.0472 | TVAL: 0.1350 | AENT: -1.3496
| [32meval[0m  | E: 104 | S: 104000 | R: 855.4182
| [33mtrain[0m | E: 105 | S: 105000 | R: 809.2238 | D: 15.5 s | BR: 4.6067 | ALOSS: -274.2310 | CLOSS: 25.3701 | TLOSS: -0.0363 | TVAL: 0.1356 | AENT: -1.2675
| [33mtrain[0m | E: 106 | S: 106000 | R: 744.3642 | D: 11.5 s | BR: 4.6649 | ALOSS: -277.4861 | CLOSS: 28.8795 | TLOSS: -0.0443 | TVAL: 0.1363 | AENT: -1.3250
| [33mtrain[0m | E: 107 | S: 107000 | R: 827.2833 | D: 11.5 s | BR: 4.6655 | ALOSS: -279.5962 | CLOSS: 23.7571 | TLOSS: -0.0433 | TVAL: 0.1370 | AENT: -1.3158
| [33mtrain[0m | E: 108 | S: 108000 | R: 796.5052 | D: 11.7 s | BR: 4.6784 | ALOSS: -282.6978 | CLOSS: 26.4961 | TLOSS: -0.0386 | TVAL: 0.1376 | AENT: -1.2808
| [32meval[0m  | E: 108 | S: 108000 | R: 833.0388
| [33mtrain[0m | E: 109 | S: 109000 | R: 782.9753 | D: 15.5 s | BR: 4.6893 | ALOSS: -285.8704 | CLOSS: 36.9476 | TLOSS: -0.0337 | TVAL: 0.1383 | AENT: -1.2439
| [33mtrain[0m | E: 110 | S: 110000 | R: 791.2298 | D: 12.0 s | BR: 4.6893 | ALOSS: -288.6395 | CLOSS: 26.8808 | TLOSS: -0.0272 | TVAL: 0.1387 | AENT: -1.1958
| [33mtrain[0m | E: 111 | S: 111000 | R: 715.5566 | D: 11.7 s | BR: 4.7234 | ALOSS: -291.5909 | CLOSS: 22.6219 | TLOSS: -0.0352 | TVAL: 0.1392 | AENT: -1.2530
| [33mtrain[0m | E: 112 | S: 112000 | R: 825.1470 | D: 11.7 s | BR: 4.7649 | ALOSS: -294.8962 | CLOSS: 27.0533 | TLOSS: -0.0371 | TVAL: 0.1399 | AENT: -1.2650
| [32meval[0m  | E: 112 | S: 112000 | R: 785.5970
| [33mtrain[0m | E: 113 | S: 113000 | R: 798.3477 | D: 15.6 s | BR: 4.7612 | ALOSS: -296.5800 | CLOSS: 23.0886 | TLOSS: -0.0381 | TVAL: 0.1406 | AENT: -1.2715
| [33mtrain[0m | E: 114 | S: 114000 | R: 784.1461 | D: 11.3 s | BR: 4.7489 | ALOSS: -299.3519 | CLOSS: 29.0022 | TLOSS: -0.0262 | TVAL: 0.1411 | AENT: -1.1858
| [33mtrain[0m | E: 115 | S: 115000 | R: 790.3168 | D: 11.3 s | BR: 4.7647 | ALOSS: -302.9855 | CLOSS: 24.2094 | TLOSS: -0.0310 | TVAL: 0.1417 | AENT: -1.2190
| [33mtrain[0m | E: 116 | S: 116000 | R: 751.2455 | D: 11.4 s | BR: 4.8215 | ALOSS: -305.7027 | CLOSS: 28.6378 | TLOSS: -0.0258 | TVAL: 0.1422 | AENT: -1.1815
| [32meval[0m  | E: 116 | S: 116000 | R: 806.2030
| [33mtrain[0m | E: 117 | S: 117000 | R: 800.6449 | D: 15.5 s | BR: 4.8311 | ALOSS: -307.8614 | CLOSS: 29.4525 | TLOSS: -0.0296 | TVAL: 0.1427 | AENT: -1.2071
| [33mtrain[0m | E: 118 | S: 118000 | R: 817.3973 | D: 11.9 s | BR: 4.8607 | ALOSS: -311.3616 | CLOSS: 30.4852 | TLOSS: -0.0331 | TVAL: 0.1433 | AENT: -1.2310
| [33mtrain[0m | E: 119 | S: 119000 | R: 794.2077 | D: 11.5 s | BR: 4.8090 | ALOSS: -312.4975 | CLOSS: 39.5117 | TLOSS: -0.0308 | TVAL: 0.1439 | AENT: -1.2141
| [33mtrain[0m | E: 120 | S: 120000 | R: 818.7505 | D: 11.8 s | BR: 4.8613 | ALOSS: -316.1801 | CLOSS: 32.8127 | TLOSS: -0.0374 | TVAL: 0.1446 | AENT: -1.2586
| [32meval[0m  | E: 120 | S: 120000 | R: 824.0287
| [33mtrain[0m | E: 121 | S: 121000 | R: 794.6317 | D: 15.8 s | BR: 4.8259 | ALOSS: -318.4543 | CLOSS: 24.9470 | TLOSS: -0.0313 | TVAL: 0.1452 | AENT: -1.2158
| [33mtrain[0m | E: 122 | S: 122000 | R: 812.6230 | D: 11.9 s | BR: 4.8674 | ALOSS: -320.8065 | CLOSS: 26.5446 | TLOSS: -0.0377 | TVAL: 0.1459 | AENT: -1.2585
| [33mtrain[0m | E: 123 | S: 123000 | R: 839.1103 | D: 11.6 s | BR: 4.8950 | ALOSS: -324.9198 | CLOSS: 27.5460 | TLOSS: -0.0325 | TVAL: 0.1467 | AENT: -1.2219
| [33mtrain[0m | E: 124 | S: 124000 | R: 831.7762 | D: 11.7 s | BR: 4.8934 | ALOSS: -327.3773 | CLOSS: 18.6668 | TLOSS: -0.0248 | TVAL: 0.1473 | AENT: -1.1686
| [32meval[0m  | E: 124 | S: 124000 | R: 856.8670
| [33mtrain[0m | E: 125 | S: 125000 | R: 832.1446 | D: 15.4 s | BR: 4.9042 | ALOSS: -329.6902 | CLOSS: 26.6392 | TLOSS: -0.0292 | TVAL: 0.1478 | AENT: -1.1974
| [33mtrain[0m | E: 126 | S: 126000 | R: 839.4387 | D: 11.8 s | BR: 4.9250 | ALOSS: -332.4216 | CLOSS: 23.5661 | TLOSS: -0.0167 | TVAL: 0.1484 | AENT: -1.1126
| [33mtrain[0m | E: 127 | S: 127000 | R: 821.6090 | D: 11.7 s | BR: 4.9129 | ALOSS: -334.5450 | CLOSS: 25.6077 | TLOSS: -0.0222 | TVAL: 0.1488 | AENT: -1.1492
| [33mtrain[0m | E: 128 | S: 128000 | R: 814.2963 | D: 11.7 s | BR: 4.9210 | ALOSS: -337.1568 | CLOSS: 21.9722 | TLOSS: -0.0148 | TVAL: 0.1492 | AENT: -1.0993
| [32meval[0m  | E: 128 | S: 128000 | R: 802.4232
| [33mtrain[0m | E: 129 | S: 129000 | R: 821.5405 | D: 15.2 s | BR: 4.9776 | ALOSS: -340.4700 | CLOSS: 32.7839 | TLOSS: -0.0122 | TVAL: 0.1495 | AENT: -1.0817
| [33mtrain[0m | E: 130 | S: 130000 | R: 799.4322 | D: 11.7 s | BR: 4.9634 | ALOSS: -342.7342 | CLOSS: 31.3272 | TLOSS: -0.0212 | TVAL: 0.1499 | AENT: -1.1416
| [33mtrain[0m | E: 131 | S: 131000 | R: 796.8517 | D: 11.5 s | BR: 4.9828 | ALOSS: -344.7447 | CLOSS: 19.9560 | TLOSS: -0.0298 | TVAL: 0.1505 | AENT: -1.1981
| [33mtrain[0m | E: 132 | S: 132000 | R: 844.0481 | D: 11.5 s | BR: 4.9928 | ALOSS: -347.1618 | CLOSS: 19.3575 | TLOSS: -0.0242 | TVAL: 0.1512 | AENT: -1.1601
| [32meval[0m  | E: 132 | S: 132000 | R: 791.9896
| [33mtrain[0m | E: 133 | S: 133000 | R: 832.2861 | D: 15.5 s | BR: 4.9959 | ALOSS: -349.4367 | CLOSS: 26.7777 | TLOSS: -0.0276 | TVAL: 0.1518 | AENT: -1.1816
| [33mtrain[0m | E: 134 | S: 134000 | R: 818.3535 | D: 11.7 s | BR: 5.0548 | ALOSS: -353.0989 | CLOSS: 23.9117 | TLOSS: -0.0281 | TVAL: 0.1524 | AENT: -1.1842
| [33mtrain[0m | E: 135 | S: 135000 | R: 833.4610 | D: 11.6 s | BR: 5.0720 | ALOSS: -355.8938 | CLOSS: 22.7741 | TLOSS: -0.0145 | TVAL: 0.1530 | AENT: -1.0947
| [33mtrain[0m | E: 136 | S: 136000 | R: 854.6079 | D: 11.8 s | BR: 5.0765 | ALOSS: -357.9174 | CLOSS: 22.7841 | TLOSS: -0.0207 | TVAL: 0.1534 | AENT: -1.1352
| [32meval[0m  | E: 136 | S: 136000 | R: 792.6140
| [33mtrain[0m | E: 137 | S: 137000 | R: 850.8560 | D: 15.5 s | BR: 5.0722 | ALOSS: -360.0361 | CLOSS: 33.9830 | TLOSS: -0.0191 | TVAL: 0.1539 | AENT: -1.1238
| [33mtrain[0m | E: 138 | S: 138000 | R: 825.5979 | D: 11.7 s | BR: 5.1054 | ALOSS: -362.4934 | CLOSS: 27.8075 | TLOSS: -0.0214 | TVAL: 0.1545 | AENT: -1.1383
| [33mtrain[0m | E: 139 | S: 139000 | R: 819.4142 | D: 11.5 s | BR: 5.0771 | ALOSS: -364.2026 | CLOSS: 23.8711 | TLOSS: -0.0160 | TVAL: 0.1550 | AENT: -1.1034
| [33mtrain[0m | E: 140 | S: 140000 | R: 836.4417 | D: 11.6 s | BR: 5.1006 | ALOSS: -366.4510 | CLOSS: 17.3715 | TLOSS: -0.0159 | TVAL: 0.1554 | AENT: -1.1022
| [32meval[0m  | E: 140 | S: 140000 | R: 849.9478
| [33mtrain[0m | E: 141 | S: 141000 | R: 823.7908 | D: 15.6 s | BR: 5.1343 | ALOSS: -369.3619 | CLOSS: 21.6653 | TLOSS: -0.0139 | TVAL: 0.1559 | AENT: -1.0894
| [33mtrain[0m | E: 142 | S: 142000 | R: 854.2146 | D: 11.9 s | BR: 5.1491 | ALOSS: -371.9396 | CLOSS: 20.8539 | TLOSS: -0.0215 | TVAL: 0.1564 | AENT: -1.1372
| [33mtrain[0m | E: 143 | S: 143000 | R: 824.6358 | D: 11.7 s | BR: 5.1309 | ALOSS: -374.4777 | CLOSS: 30.9698 | TLOSS: -0.0181 | TVAL: 0.1569 | AENT: -1.1156
| [33mtrain[0m | E: 144 | S: 144000 | R: 587.6440 | D: 11.9 s | BR: 5.1550 | ALOSS: -376.1881 | CLOSS: 22.3219 | TLOSS: -0.0218 | TVAL: 0.1574 | AENT: -1.1383
| [32meval[0m  | E: 144 | S: 144000 | R: 853.6811
| [33mtrain[0m | E: 145 | S: 145000 | R: 843.5738 | D: 15.5 s | BR: 5.1799 | ALOSS: -377.9390 | CLOSS: 19.9456 | TLOSS: -0.0114 | TVAL: 0.1579 | AENT: -1.0721
| [33mtrain[0m | E: 146 | S: 146000 | R: 795.7242 | D: 11.7 s | BR: 5.1460 | ALOSS: -379.9404 | CLOSS: 22.6353 | TLOSS: -0.0134 | TVAL: 0.1583 | AENT: -1.0846
| [33mtrain[0m | E: 147 | S: 147000 | R: 837.6180 | D: 11.7 s | BR: 5.1809 | ALOSS: -382.0574 | CLOSS: 30.1630 | TLOSS: -0.0130 | TVAL: 0.1587 | AENT: -1.0818
| [33mtrain[0m | E: 148 | S: 148000 | R: 819.4939 | D: 11.7 s | BR: 5.1919 | ALOSS: -385.3275 | CLOSS: 36.2694 | TLOSS: -0.0126 | TVAL: 0.1591 | AENT: -1.0795
| [32meval[0m  | E: 148 | S: 148000 | R: 798.5731
| [33mtrain[0m | E: 149 | S: 149000 | R: 727.4754 | D: 15.4 s | BR: 5.1533 | ALOSS: -386.7549 | CLOSS: 27.3375 | TLOSS: -0.0011 | TVAL: 0.1593 | AENT: -1.0071
| [33mtrain[0m | E: 150 | S: 150000 | R: 841.0587 | D: 11.7 s | BR: 5.1875 | ALOSS: -389.4641 | CLOSS: 24.4580 | TLOSS: -0.0077 | TVAL: 0.1594 | AENT: -1.0484
| [33mtrain[0m | E: 151 | S: 151000 | R: 760.8489 | D: 11.5 s | BR: 5.1866 | ALOSS: -391.1385 | CLOSS: 34.7913 | TLOSS: -0.0062 | TVAL: 0.1597 | AENT: -1.0385
| [33mtrain[0m | E: 152 | S: 152000 | R: 809.8036 | D: 11.6 s | BR: 5.1809 | ALOSS: -392.2185 | CLOSS: 26.7021 | TLOSS: -0.0047 | TVAL: 0.1598 | AENT: -1.0297
| [32meval[0m  | E: 152 | S: 152000 | R: 819.9616
| [33mtrain[0m | E: 153 | S: 153000 | R: 807.3733 | D: 15.4 s | BR: 5.2351 | ALOSS: -396.1536 | CLOSS: 18.3745 | TLOSS: -0.0081 | TVAL: 0.1600 | AENT: -1.0505
| [33mtrain[0m | E: 154 | S: 154000 | R: 817.5137 | D: 12.1 s | BR: 5.2207 | ALOSS: -397.7246 | CLOSS: 34.1189 | TLOSS: -0.0141 | TVAL: 0.1604 | AENT: -1.0877
| [33mtrain[0m | E: 155 | S: 155000 | R: 790.4228 | D: 11.6 s | BR: 5.2129 | ALOSS: -399.1810 | CLOSS: 21.5506 | TLOSS: -0.0066 | TVAL: 0.1607 | AENT: -1.0409
| [33mtrain[0m | E: 156 | S: 156000 | R: 813.3019 | D: 12.0 s | BR: 5.2022 | ALOSS: -400.7864 | CLOSS: 20.5023 | TLOSS: -0.0109 | TVAL: 0.1611 | AENT: -1.0674
| [32meval[0m  | E: 156 | S: 156000 | R: 822.7002
| [33mtrain[0m | E: 157 | S: 157000 | R: 850.2816 | D: 15.4 s | BR: 5.2755 | ALOSS: -403.3162 | CLOSS: 23.1188 | TLOSS: -0.0141 | TVAL: 0.1615 | AENT: -1.0872
| [33mtrain[0m | E: 158 | S: 158000 | R: 815.9358 | D: 11.6 s | BR: 5.2340 | ALOSS: -405.7160 | CLOSS: 21.3466 | TLOSS: -0.0153 | TVAL: 0.1620 | AENT: -1.0943
| [33mtrain[0m | E: 159 | S: 159000 | R: 844.9239 | D: 11.6 s | BR: 5.2487 | ALOSS: -408.1558 | CLOSS: 39.8015 | TLOSS: -0.0089 | TVAL: 0.1625 | AENT: -1.0545
| [33mtrain[0m | E: 160 | S: 160000 | R: 819.0756 | D: 11.5 s | BR: 5.2550 | ALOSS: -410.1847 | CLOSS: 21.3318 | TLOSS: -0.0073 | TVAL: 0.1628 | AENT: -1.0448
| [32meval[0m  | E: 160 | S: 160000 | R: 868.0701
| [33mtrain[0m | E: 161 | S: 161000 | R: 840.7822 | D: 15.4 s | BR: 5.2718 | ALOSS: -410.9349 | CLOSS: 19.0077 | TLOSS: -0.0168 | TVAL: 0.1631 | AENT: -1.1029
| [33mtrain[0m | E: 162 | S: 162000 | R: 861.1636 | D: 11.8 s | BR: 5.2233 | ALOSS: -413.1076 | CLOSS: 21.9535 | TLOSS: -0.0233 | TVAL: 0.1639 | AENT: -1.1422
| [33mtrain[0m | E: 163 | S: 163000 | R: 844.4986 | D: 11.6 s | BR: 5.3081 | ALOSS: -416.3116 | CLOSS: 31.1466 | TLOSS: -0.0105 | TVAL: 0.1646 | AENT: -1.0636
| [33mtrain[0m | E: 164 | S: 164000 | R: 841.9717 | D: 11.6 s | BR: 5.3104 | ALOSS: -417.9392 | CLOSS: 20.0728 | TLOSS: -0.0091 | TVAL: 0.1649 | AENT: -1.0554
| [32meval[0m  | E: 164 | S: 164000 | R: 856.2920
| [33mtrain[0m | E: 165 | S: 165000 | R: 849.1922 | D: 15.5 s | BR: 5.3400 | ALOSS: -420.8798 | CLOSS: 26.3670 | TLOSS: -0.0126 | TVAL: 0.1654 | AENT: -1.0760
| [33mtrain[0m | E: 166 | S: 166000 | R: 854.0568 | D: 12.0 s | BR: 5.2885 | ALOSS: -422.4371 | CLOSS: 21.7311 | TLOSS: -0.0081 | TVAL: 0.1657 | AENT: -1.0487
| [33mtrain[0m | E: 167 | S: 167000 | R: 828.3890 | D: 11.6 s | BR: 5.3285 | ALOSS: -424.9275 | CLOSS: 27.4989 | TLOSS: -0.0136 | TVAL: 0.1661 | AENT: -1.0817
| [33mtrain[0m | E: 168 | S: 168000 | R: 812.6585 | D: 11.6 s | BR: 5.3382 | ALOSS: -426.3259 | CLOSS: 38.2701 | TLOSS: -0.0040 | TVAL: 0.1666 | AENT: -1.0243
| [32meval[0m  | E: 168 | S: 168000 | R: 863.2472
| [33mtrain[0m | E: 169 | S: 169000 | R: 753.0880 | D: 15.4 s | BR: 5.3001 | ALOSS: -428.0047 | CLOSS: 22.3579 | TLOSS: 0.0026 | TVAL: 0.1665 | AENT: -0.9843
| [33mtrain[0m | E: 170 | S: 170000 | R: 843.6026 | D: 12.1 s | BR: 5.3207 | ALOSS: -430.8088 | CLOSS: 22.8369 | TLOSS: -0.0190 | TVAL: 0.1668 | AENT: -1.1141
| [33mtrain[0m | E: 171 | S: 171000 | R: 856.6785 | D: 11.7 s | BR: 5.3700 | ALOSS: -432.8917 | CLOSS: 44.2464 | TLOSS: -0.0020 | TVAL: 0.1672 | AENT: -1.0119
| [33mtrain[0m | E: 172 | S: 172000 | R: 813.2306 | D: 12.1 s | BR: 5.3402 | ALOSS: -434.2961 | CLOSS: 30.9536 | TLOSS: 0.0020 | TVAL: 0.1673 | AENT: -0.9878
| [32meval[0m  | E: 172 | S: 172000 | R: 754.0337
| [33mtrain[0m | E: 173 | S: 173000 | R: 823.0777 | D: 15.5 s | BR: 5.3663 | ALOSS: -436.6720 | CLOSS: 16.0896 | TLOSS: 0.0026 | TVAL: 0.1672 | AENT: -0.9845
| [33mtrain[0m | E: 174 | S: 174000 | R: 820.9226 | D: 11.7 s | BR: 5.3730 | ALOSS: -437.8272 | CLOSS: 15.6560 | TLOSS: -0.0005 | TVAL: 0.1671 | AENT: -1.0030
| [33mtrain[0m | E: 175 | S: 175000 | R: 838.0077 | D: 11.5 s | BR: 5.3676 | ALOSS: -439.4835 | CLOSS: 26.3587 | TLOSS: 0.0008 | TVAL: 0.1673 | AENT: -0.9951
| [33mtrain[0m | E: 176 | S: 176000 | R: 829.3188 | D: 11.6 s | BR: 5.4106 | ALOSS: -442.6063 | CLOSS: 28.1373 | TLOSS: 0.0116 | TVAL: 0.1668 | AENT: -0.9305
| [32meval[0m  | E: 176 | S: 176000 | R: 859.7401
| [33mtrain[0m | E: 177 | S: 177000 | R: 710.8850 | D: 15.4 s | BR: 5.3854 | ALOSS: -443.7427 | CLOSS: 23.6081 | TLOSS: 0.0043 | TVAL: 0.1666 | AENT: -0.9740
| [33mtrain[0m | E: 178 | S: 178000 | R: 828.9595 | D: 11.7 s | BR: 5.3804 | ALOSS: -445.3935 | CLOSS: 26.1799 | TLOSS: -0.0009 | TVAL: 0.1664 | AENT: -1.0056
| [33mtrain[0m | E: 179 | S: 179000 | R: 829.9400 | D: 11.8 s | BR: 5.4162 | ALOSS: -447.6602 | CLOSS: 30.0669 | TLOSS: -0.0018 | TVAL: 0.1666 | AENT: -1.0105
| [33mtrain[0m | E: 180 | S: 180000 | R: 823.0945 | D: 11.7 s | BR: 5.4203 | ALOSS: -449.0507 | CLOSS: 21.2630 | TLOSS: 0.0057 | TVAL: 0.1664 | AENT: -0.9658
| [32meval[0m  | E: 180 | S: 180000 | R: 847.3059
| [33mtrain[0m | E: 181 | S: 181000 | R: 787.4310 | D: 15.5 s | BR: 5.4324 | ALOSS: -451.4714 | CLOSS: 15.2966 | TLOSS: 0.0014 | TVAL: 0.1663 | AENT: -0.9915
| [33mtrain[0m | E: 182 | S: 182000 | R: 839.1843 | D: 11.9 s | BR: 5.4145 | ALOSS: -452.1589 | CLOSS: 25.7983 | TLOSS: 0.0001 | TVAL: 0.1662 | AENT: -0.9995
| [33mtrain[0m | E: 183 | S: 183000 | R: 840.6988 | D: 11.7 s | BR: 5.4664 | ALOSS: -454.4648 | CLOSS: 37.2541 | TLOSS: -0.0048 | TVAL: 0.1663 | AENT: -1.0288
| [33mtrain[0m | E: 184 | S: 184000 | R: 810.6308 | D: 11.7 s | BR: 5.4479 | ALOSS: -456.9865 | CLOSS: 17.2704 | TLOSS: 0.0044 | TVAL: 0.1663 | AENT: -0.9735
| [32meval[0m  | E: 184 | S: 184000 | R: 837.4368
| [33mtrain[0m | E: 185 | S: 185000 | R: 774.6879 | D: 15.5 s | BR: 5.4661 | ALOSS: -458.6624 | CLOSS: 21.6638 | TLOSS: 0.0048 | TVAL: 0.1662 | AENT: -0.9710
| [33mtrain[0m | E: 186 | S: 186000 | R: 835.1406 | D: 11.7 s | BR: 5.4802 | ALOSS: -460.9464 | CLOSS: 19.8990 | TLOSS: 0.0046 | TVAL: 0.1659 | AENT: -0.9724
| [33mtrain[0m | E: 187 | S: 187000 | R: 830.2448 | D: 11.7 s | BR: 5.3896 | ALOSS: -460.9351 | CLOSS: 26.6682 | TLOSS: -0.0028 | TVAL: 0.1659 | AENT: -1.0167
| [33mtrain[0m | E: 188 | S: 188000 | R: 831.3590 | D: 11.9 s | BR: 5.4762 | ALOSS: -463.5379 | CLOSS: 29.2677 | TLOSS: -0.0009 | TVAL: 0.1661 | AENT: -1.0053
| [32meval[0m  | E: 188 | S: 188000 | R: 831.3745
| [33mtrain[0m | E: 189 | S: 189000 | R: 762.8147 | D: 15.5 s | BR: 5.5048 | ALOSS: -464.8795 | CLOSS: 24.3923 | TLOSS: 0.0069 | TVAL: 0.1659 | AENT: -0.9585
| [33mtrain[0m | E: 190 | S: 190000 | R: 810.4027 | D: 11.9 s | BR: 5.4563 | ALOSS: -467.2550 | CLOSS: 39.2905 | TLOSS: 0.0055 | TVAL: 0.1656 | AENT: -0.9669
| [33mtrain[0m | E: 191 | S: 191000 | R: 799.4454 | D: 11.7 s | BR: 5.4452 | ALOSS: -468.5966 | CLOSS: 22.7817 | TLOSS: 0.0194 | TVAL: 0.1651 | AENT: -0.8822
| [33mtrain[0m | E: 192 | S: 192000 | R: 801.1725 | D: 11.7 s | BR: 5.4994 | ALOSS: -470.6789 | CLOSS: 22.2839 | TLOSS: 0.0072 | TVAL: 0.1645 | AENT: -0.9562
| [32meval[0m  | E: 192 | S: 192000 | R: 868.8620
| [33mtrain[0m | E: 193 | S: 193000 | R: 832.7015 | D: 15.5 s | BR: 5.5100 | ALOSS: -472.5653 | CLOSS: 22.6077 | TLOSS: 0.0001 | TVAL: 0.1643 | AENT: -0.9992
| [33mtrain[0m | E: 194 | S: 194000 | R: 836.7259 | D: 11.9 s | BR: 5.4511 | ALOSS: -473.4751 | CLOSS: 20.1868 | TLOSS: -0.0036 | TVAL: 0.1645 | AENT: -1.0218
| [33mtrain[0m | E: 195 | S: 195000 | R: 837.1518 | D: 11.6 s | BR: 5.4920 | ALOSS: -475.1206 | CLOSS: 26.0106 | TLOSS: 0.0108 | TVAL: 0.1642 | AENT: -0.9343
| [33mtrain[0m | E: 196 | S: 196000 | R: 814.2876 | D: 11.8 s | BR: 5.5460 | ALOSS: -477.5308 | CLOSS: 18.0921 | TLOSS: 0.0014 | TVAL: 0.1640 | AENT: -0.9917
| [32meval[0m  | E: 196 | S: 196000 | R: 841.9413
| [33mtrain[0m | E: 197 | S: 197000 | R: 839.1435 | D: 15.9 s | BR: 5.4743 | ALOSS: -479.0169 | CLOSS: 25.2795 | TLOSS: -0.0032 | TVAL: 0.1640 | AENT: -1.0193
| [33mtrain[0m | E: 198 | S: 198000 | R: 839.1459 | D: 12.1 s | BR: 5.5575 | ALOSS: -481.0655 | CLOSS: 34.7891 | TLOSS: -0.0109 | TVAL: 0.1644 | AENT: -1.0665
| [33mtrain[0m | E: 199 | S: 199000 | R: 826.6902 | D: 11.9 s | BR: 5.5117 | ALOSS: -482.5400 | CLOSS: 21.0462 | TLOSS: 0.0104 | TVAL: 0.1643 | AENT: -0.9368
| [33mtrain[0m | E: 200 | S: 200000 | R: 827.2381 | D: 12.0 s | BR: 5.5319 | ALOSS: -483.0214 | CLOSS: 19.4502 | TLOSS: -0.0067 | TVAL: 0.1643 | AENT: -1.0411
| [32meval[0m  | E: 200 | S: 200000 | R: 843.8888
| [33mtrain[0m | E: 201 | S: 201000 | R: 831.0823 | D: 15.9 s | BR: 5.5318 | ALOSS: -485.7020 | CLOSS: 22.1324 | TLOSS: 0.0020 | TVAL: 0.1645 | AENT: -0.9881
| [33mtrain[0m | E: 202 | S: 202000 | R: 831.2765 | D: 11.7 s | BR: 5.5329 | ALOSS: -487.7655 | CLOSS: 21.2026 | TLOSS: 0.0068 | TVAL: 0.1642 | AENT: -0.9587
| [33mtrain[0m | E: 203 | S: 203000 | R: 803.3044 | D: 11.8 s | BR: 5.5552 | ALOSS: -489.2709 | CLOSS: 18.8140 | TLOSS: 0.0021 | TVAL: 0.1639 | AENT: -0.9870
| [33mtrain[0m | E: 204 | S: 204000 | R: 851.3569 | D: 11.7 s | BR: 5.5771 | ALOSS: -490.6884 | CLOSS: 29.8991 | TLOSS: 0.0023 | TVAL: 0.1640 | AENT: -0.9860
| [32meval[0m  | E: 204 | S: 204000 | R: 870.7982
| [33mtrain[0m | E: 205 | S: 205000 | R: 806.9652 | D: 15.9 s | BR: 5.5657 | ALOSS: -492.7073 | CLOSS: 34.3662 | TLOSS: -0.0022 | TVAL: 0.1638 | AENT: -1.0134
| [33mtrain[0m | E: 206 | S: 206000 | R: 836.2132 | D: 12.0 s | BR: 5.5462 | ALOSS: -493.6821 | CLOSS: 34.5012 | TLOSS: -0.0042 | TVAL: 0.1640 | AENT: -1.0255
| [33mtrain[0m | E: 207 | S: 207000 | R: 826.6672 | D: 11.8 s | BR: 5.5285 | ALOSS: -493.5161 | CLOSS: 21.2303 | TLOSS: 0.0178 | TVAL: 0.1637 | AENT: -0.8916
| [33mtrain[0m | E: 208 | S: 208000 | R: 592.8605 | D: 11.9 s | BR: 5.5739 | ALOSS: -495.6750 | CLOSS: 18.3898 | TLOSS: 0.0121 | TVAL: 0.1631 | AENT: -0.9260
| [32meval[0m  | E: 208 | S: 208000 | R: 870.8300
| [33mtrain[0m | E: 209 | S: 209000 | R: 846.2297 | D: 15.6 s | BR: 5.5925 | ALOSS: -498.2998 | CLOSS: 17.3337 | TLOSS: 0.0039 | TVAL: 0.1628 | AENT: -0.9761
| [33mtrain[0m | E: 210 | S: 210000 | R: 849.7397 | D: 11.9 s | BR: 5.5758 | ALOSS: -498.2271 | CLOSS: 20.3002 | TLOSS: -0.0042 | TVAL: 0.1629 | AENT: -1.0259
| [33mtrain[0m | E: 211 | S: 211000 | R: 839.2662 | D: 11.5 s | BR: 5.5851 | ALOSS: -500.4255 | CLOSS: 24.8299 | TLOSS: -0.0012 | TVAL: 0.1630 | AENT: -1.0074
| [33mtrain[0m | E: 212 | S: 212000 | R: 849.0427 | D: 11.8 s | BR: 5.5816 | ALOSS: -502.0723 | CLOSS: 16.2779 | TLOSS: -0.0026 | TVAL: 0.1630 | AENT: -1.0161
| [32meval[0m  | E: 212 | S: 212000 | R: 845.5814
| [33mtrain[0m | E: 213 | S: 213000 | R: 838.6774 | D: 15.6 s | BR: 5.5983 | ALOSS: -503.2578 | CLOSS: 17.6929 | TLOSS: 0.0045 | TVAL: 0.1630 | AENT: -0.9725
| [33mtrain[0m | E: 214 | S: 214000 | R: 844.6648 | D: 11.6 s | BR: 5.6628 | ALOSS: -505.9054 | CLOSS: 24.5089 | TLOSS: 0.0045 | TVAL: 0.1627 | AENT: -0.9726
| [33mtrain[0m | E: 215 | S: 215000 | R: 834.0520 | D: 11.5 s | BR: 5.6088 | ALOSS: -507.6260 | CLOSS: 30.5622 | TLOSS: -0.0015 | TVAL: 0.1628 | AENT: -1.0095
| [33mtrain[0m | E: 216 | S: 216000 | R: 853.7679 | D: 11.7 s | BR: 5.6358 | ALOSS: -508.7108 | CLOSS: 18.3917 | TLOSS: 0.0042 | TVAL: 0.1627 | AENT: -0.9744
| [32meval[0m  | E: 216 | S: 216000 | R: 833.1304
| [33mtrain[0m | E: 217 | S: 217000 | R: 849.2633 | D: 15.3 s | BR: 5.5870 | ALOSS: -508.7351 | CLOSS: 16.8029 | TLOSS: 0.0047 | TVAL: 0.1625 | AENT: -0.9708
| [33mtrain[0m | E: 218 | S: 218000 | R: 847.1039 | D: 11.9 s | BR: 5.6022 | ALOSS: -511.2127 | CLOSS: 28.4910 | TLOSS: 0.0047 | TVAL: 0.1623 | AENT: -0.9708
| [33mtrain[0m | E: 219 | S: 219000 | R: 843.2525 | D: 11.8 s | BR: 5.6234 | ALOSS: -513.3507 | CLOSS: 20.6273 | TLOSS: 0.0060 | TVAL: 0.1620 | AENT: -0.9632
| [33mtrain[0m | E: 220 | S: 220000 | R: 843.8643 | D: 12.0 s | BR: 5.6375 | ALOSS: -514.3722 | CLOSS: 21.0182 | TLOSS: 0.0048 | TVAL: 0.1617 | AENT: -0.9704
| [32meval[0m  | E: 220 | S: 220000 | R: 873.5114
| [33mtrain[0m | E: 221 | S: 221000 | R: 848.6911 | D: 15.5 s | BR: 5.6799 | ALOSS: -516.3100 | CLOSS: 24.5878 | TLOSS: -0.0034 | TVAL: 0.1617 | AENT: -1.0213
| [33mtrain[0m | E: 222 | S: 222000 | R: 853.7082 | D: 12.1 s | BR: 5.6421 | ALOSS: -517.7618 | CLOSS: 29.2390 | TLOSS: 0.0077 | TVAL: 0.1617 | AENT: -0.9526
| [33mtrain[0m | E: 223 | S: 223000 | R: 786.3638 | D: 11.7 s | BR: 5.6496 | ALOSS: -519.2462 | CLOSS: 19.4725 | TLOSS: 0.0123 | TVAL: 0.1612 | AENT: -0.9236
| [33mtrain[0m | E: 224 | S: 224000 | R: 817.5084 | D: 11.7 s | BR: 5.6578 | ALOSS: -520.7163 | CLOSS: 23.4988 | TLOSS: 0.0037 | TVAL: 0.1609 | AENT: -0.9772
| [32meval[0m  | E: 224 | S: 224000 | R: 823.5896
| [33mtrain[0m | E: 225 | S: 225000 | R: 821.2899 | D: 15.6 s | BR: 5.6255 | ALOSS: -521.1550 | CLOSS: 21.3199 | TLOSS: 0.0147 | TVAL: 0.1604 | AENT: -0.9083
| [33mtrain[0m | E: 226 | S: 226000 | R: 803.2031 | D: 11.9 s | BR: 5.6310 | ALOSS: -522.1447 | CLOSS: 28.6716 | TLOSS: 0.0077 | TVAL: 0.1599 | AENT: -0.9519
| [33mtrain[0m | E: 227 | S: 227000 | R: 805.0738 | D: 11.6 s | BR: 5.6359 | ALOSS: -523.0135 | CLOSS: 15.1541 | TLOSS: 0.0050 | TVAL: 0.1596 | AENT: -0.9685
| [33mtrain[0m | E: 228 | S: 228000 | R: 842.9953 | D: 11.9 s | BR: 5.6774 | ALOSS: -525.1211 | CLOSS: 16.9407 | TLOSS: -0.0046 | TVAL: 0.1596 | AENT: -1.0287
| [32meval[0m  | E: 228 | S: 228000 | R: 864.0969
| [33mtrain[0m | E: 229 | S: 229000 | R: 856.9736 | D: 15.7 s | BR: 5.6312 | ALOSS: -526.4074 | CLOSS: 28.6069 | TLOSS: -0.0018 | TVAL: 0.1599 | AENT: -1.0114
| [33mtrain[0m | E: 230 | S: 230000 | R: 783.9451 | D: 12.0 s | BR: 5.6560 | ALOSS: -528.6714 | CLOSS: 29.8366 | TLOSS: 0.0055 | TVAL: 0.1597 | AENT: -0.9653
| [33mtrain[0m | E: 231 | S: 231000 | R: 802.3217 | D: 11.8 s | BR: 5.6774 | ALOSS: -529.4955 | CLOSS: 13.6145 | TLOSS: 0.0050 | TVAL: 0.1595 | AENT: -0.9686
| [33mtrain[0m | E: 232 | S: 232000 | R: 797.3959 | D: 12.0 s | BR: 5.6712 | ALOSS: -529.8308 | CLOSS: 17.0496 | TLOSS: -0.0040 | TVAL: 0.1595 | AENT: -1.0252
| [32meval[0m  | E: 232 | S: 232000 | R: 858.3481
| [33mtrain[0m | E: 233 | S: 233000 | R: 863.4318 | D: 15.6 s | BR: 5.7071 | ALOSS: -532.6690 | CLOSS: 14.8483 | TLOSS: -0.0121 | TVAL: 0.1598 | AENT: -1.0755
| [33mtrain[0m | E: 234 | S: 234000 | R: 838.3524 | D: 11.9 s | BR: 5.6497 | ALOSS: -533.0205 | CLOSS: 19.0583 | TLOSS: -0.0011 | TVAL: 0.1602 | AENT: -1.0069
| [33mtrain[0m | E: 235 | S: 235000 | R: 850.8636 | D: 11.8 s | BR: 5.6958 | ALOSS: -534.5658 | CLOSS: 25.6551 | TLOSS: -0.0002 | TVAL: 0.1602 | AENT: -1.0013
| [33mtrain[0m | E: 236 | S: 236000 | R: 795.3250 | D: 12.0 s | BR: 5.6974 | ALOSS: -537.1450 | CLOSS: 15.5993 | TLOSS: 0.0054 | TVAL: 0.1600 | AENT: -0.9661
| [32meval[0m  | E: 236 | S: 236000 | R: 872.8401
| [33mtrain[0m | E: 237 | S: 237000 | R: 846.4176 | D: 15.6 s | BR: 5.6588 | ALOSS: -537.0733 | CLOSS: 16.6216 | TLOSS: -0.0020 | TVAL: 0.1600 | AENT: -1.0124
| [33mtrain[0m | E: 238 | S: 238000 | R: 853.6290 | D: 11.9 s | BR: 5.6900 | ALOSS: -538.7937 | CLOSS: 15.9938 | TLOSS: 0.0060 | TVAL: 0.1599 | AENT: -0.9625
| [33mtrain[0m | E: 239 | S: 239000 | R: 856.9381 | D: 11.8 s | BR: 5.7097 | ALOSS: -539.3844 | CLOSS: 16.0922 | TLOSS: 0.0012 | TVAL: 0.1598 | AENT: -0.9927
Switching to test env
| [33mtrain[0m | E: 240 | S: 240000 | R: 862.4949 | D: 12.0 s | BR: 5.6974 | ALOSS: -541.3654 | CLOSS: 19.8640 | TLOSS: 0.0035 | TVAL: 0.1596 | AENT: -0.9779
| [32meval[0m  | E: 240 | S: 240000 | R: 866.8277
Change envA => envB
| [33mtrain[0m | E: 241 | S: 0 | R: 847.3401 | D: 00.0 s | BR: 5.7467 | ALOSS: -538.2206 | CLOSS: 11.6718 | TLOSS: -0.0016 | TVAL: 0.1595 | AENT: -1.0097
| [32meval[0m  | E: 0 | S: 0 | R: 207.2158
| [32meval[0m  | E: 4 | S: 4000 | R: 250.9896
| [32meval[0m  | E: 8 | S: 8000 | R: 273.7980
| [33mtrain[0m | E: 9 | S: 9000 | R: 281.3191 | D: 15.6 s | BR: 5.5897 | ALOSS: -549.0730 | CLOSS: 44.5259 | TLOSS: 0.0184 | TVAL: 0.1562 | AENT: -0.8824
| [33mtrain[0m | E: 10 | S: 10000 | R: 247.7653 | D: 11.6 s | BR: 5.5243 | ALOSS: -548.1497 | CLOSS: 47.2805 | TLOSS: 0.0248 | TVAL: 0.1552 | AENT: -0.8405
| [33mtrain[0m | E: 11 | S: 11000 | R: 255.5593 | D: 11.7 s | BR: 5.5629 | ALOSS: -549.6891 | CLOSS: 34.1770 | TLOSS: 0.0165 | TVAL: 0.1543 | AENT: -0.8934
| [33mtrain[0m | E: 12 | S: 12000 | R: 214.6048 | D: 11.7 s | BR: 5.5814 | ALOSS: -550.2827 | CLOSS: 52.7992 | TLOSS: 0.0154 | TVAL: 0.1537 | AENT: -0.8999
| [32meval[0m  | E: 12 | S: 12000 | R: 254.3621
| [33mtrain[0m | E: 13 | S: 13000 | R: 249.5305 | D: 15.6 s | BR: 5.5194 | ALOSS: -549.8761 | CLOSS: 45.6408 | TLOSS: 0.0062 | TVAL: 0.1532 | AENT: -0.9597
| [33mtrain[0m | E: 14 | S: 14000 | R: 223.4039 | D: 11.7 s | BR: 5.5289 | ALOSS: -551.3999 | CLOSS: 47.1226 | TLOSS: 0.0116 | TVAL: 0.1528 | AENT: -0.9238
| [33mtrain[0m | E: 15 | S: 15000 | R: 227.0343 | D: 11.8 s | BR: 5.5056 | ALOSS: -552.1581 | CLOSS: 34.8182 | TLOSS: 0.0244 | TVAL: 0.1521 | AENT: -0.8398
| [33mtrain[0m | E: 16 | S: 16000 | R: 235.4934 | D: 11.7 s | BR: 5.4253 | ALOSS: -551.6850 | CLOSS: 50.6195 | TLOSS: 0.0158 | TVAL: 0.1512 | AENT: -0.8954
| [32meval[0m  | E: 16 | S: 16000 | R: 145.5265
| [33mtrain[0m | E: 17 | S: 17000 | R: 239.1821 | D: 15.7 s | BR: 5.4776 | ALOSS: -552.9823 | CLOSS: 49.9819 | TLOSS: 0.0076 | TVAL: 0.1507 | AENT: -0.9494
| [33mtrain[0m | E: 18 | S: 18000 | R: 292.4184 | D: 11.8 s | BR: 5.4623 | ALOSS: -553.2435 | CLOSS: 63.6369 | TLOSS: 0.0060 | TVAL: 0.1505 | AENT: -0.9601
| [33mtrain[0m | E: 19 | S: 19000 | R: 316.1431 | D: 11.7 s | BR: 5.4831 | ALOSS: -555.6833 | CLOSS: 50.4738 | TLOSS: 0.0117 | TVAL: 0.1501 | AENT: -0.9221
| [33mtrain[0m | E: 20 | S: 20000 | R: 254.4080 | D: 11.5 s | BR: 5.3913 | ALOSS: -553.9721 | CLOSS: 53.4533 | TLOSS: 0.0143 | TVAL: 0.1496 | AENT: -0.9043
| [32meval[0m  | E: 20 | S: 20000 | R: 345.6270
| [33mtrain[0m | E: 21 | S: 21000 | R: 381.5083 | D: 15.5 s | BR: 5.4121 | ALOSS: -553.6217 | CLOSS: 71.5096 | TLOSS: 0.0016 | TVAL: 0.1494 | AENT: -0.9891
| [33mtrain[0m | E: 22 | S: 22000 | R: 236.3877 | D: 11.4 s | BR: 5.4240 | ALOSS: -555.6169 | CLOSS: 73.8191 | TLOSS: -0.0038 | TVAL: 0.1493 | AENT: -1.0257
| [33mtrain[0m | E: 23 | S: 23000 | R: 429.8683 | D: 11.6 s | BR: 5.3877 | ALOSS: -555.6217 | CLOSS: 63.8698 | TLOSS: -0.0027 | TVAL: 0.1493 | AENT: -1.0179
| [33mtrain[0m | E: 24 | S: 24000 | R: 259.3734 | D: 11.4 s | BR: 5.3633 | ALOSS: -556.2446 | CLOSS: 71.7221 | TLOSS: -0.0125 | TVAL: 0.1496 | AENT: -1.0834
| [32meval[0m  | E: 24 | S: 24000 | R: 393.7898
| [33mtrain[0m | E: 25 | S: 25000 | R: 357.8094 | D: 15.5 s | BR: 5.4383 | ALOSS: -558.7016 | CLOSS: 72.4710 | TLOSS: -0.0016 | TVAL: 0.1499 | AENT: -1.0110
| [33mtrain[0m | E: 26 | S: 26000 | R: 479.1167 | D: 12.1 s | BR: 5.3916 | ALOSS: -557.0871 | CLOSS: 57.5549 | TLOSS: -0.0083 | TVAL: 0.1501 | AENT: -1.0555
| [33mtrain[0m | E: 27 | S: 27000 | R: 603.7206 | D: 11.8 s | BR: 5.3709 | ALOSS: -557.1835 | CLOSS: 106.5229 | TLOSS: -0.0096 | TVAL: 0.1506 | AENT: -1.0635
| [33mtrain[0m | E: 28 | S: 28000 | R: 376.9020 | D: 11.8 s | BR: 5.3771 | ALOSS: -557.9559 | CLOSS: 100.6165 | TLOSS: 0.0019 | TVAL: 0.1507 | AENT: -0.9874
| [32meval[0m  | E: 28 | S: 28000 | R: 615.6640
| [33mtrain[0m | E: 29 | S: 29000 | R: 478.5256 | D: 15.4 s | BR: 5.3735 | ALOSS: -559.5013 | CLOSS: 95.7688 | TLOSS: -0.0010 | TVAL: 0.1506 | AENT: -1.0069
| [33mtrain[0m | E: 30 | S: 30000 | R: 469.8662 | D: 11.9 s | BR: 5.3274 | ALOSS: -559.2096 | CLOSS: 101.0193 | TLOSS: 0.0007 | TVAL: 0.1507 | AENT: -0.9954
| [33mtrain[0m | E: 31 | S: 31000 | R: 627.7603 | D: 11.7 s | BR: 5.3304 | ALOSS: -559.8934 | CLOSS: 85.3599 | TLOSS: -0.0020 | TVAL: 0.1507 | AENT: -1.0133
| [33mtrain[0m | E: 32 | S: 32000 | R: 472.1754 | D: 11.4 s | BR: 5.3746 | ALOSS: -561.7283 | CLOSS: 116.1317 | TLOSS: -0.0247 | TVAL: 0.1510 | AENT: -1.1634
| [32meval[0m  | E: 32 | S: 32000 | R: 548.2069
| [33mtrain[0m | E: 33 | S: 33000 | R: 542.0467 | D: 15.6 s | BR: 5.3767 | ALOSS: -561.8670 | CLOSS: 88.8196 | TLOSS: -0.0076 | TVAL: 0.1519 | AENT: -1.0503
| [33mtrain[0m | E: 34 | S: 34000 | R: 559.6851 | D: 11.6 s | BR: 5.3369 | ALOSS: -561.9685 | CLOSS: 128.5693 | TLOSS: -0.0113 | TVAL: 0.1523 | AENT: -1.0740
| [33mtrain[0m | E: 35 | S: 35000 | R: 290.2040 | D: 11.6 s | BR: 5.3381 | ALOSS: -563.1480 | CLOSS: 149.3107 | TLOSS: -0.0137 | TVAL: 0.1528 | AENT: -1.0895
| [33mtrain[0m | E: 36 | S: 36000 | R: 487.9029 | D: 11.6 s | BR: 5.3041 | ALOSS: -564.8757 | CLOSS: 135.2425 | TLOSS: -0.0093 | TVAL: 0.1532 | AENT: -1.0609
| [32meval[0m  | E: 36 | S: 36000 | R: 392.3969
| [33mtrain[0m | E: 37 | S: 37000 | R: 444.4292 | D: 15.4 s | BR: 5.3279 | ALOSS: -564.4211 | CLOSS: 144.9955 | TLOSS: -0.0165 | TVAL: 0.1538 | AENT: -1.1071
| [33mtrain[0m | E: 38 | S: 38000 | R: 446.0592 | D: 11.6 s | BR: 5.3292 | ALOSS: -565.4420 | CLOSS: 124.1677 | TLOSS: -0.0006 | TVAL: 0.1540 | AENT: -1.0037
| [33mtrain[0m | E: 39 | S: 39000 | R: 677.5661 | D: 11.6 s | BR: 5.3450 | ALOSS: -566.4306 | CLOSS: 149.2785 | TLOSS: -0.0240 | TVAL: 0.1546 | AENT: -1.1553
| [33mtrain[0m | E: 40 | S: 40000 | R: 685.7742 | D: 11.6 s | BR: 5.3166 | ALOSS: -566.5538 | CLOSS: 110.4110 | TLOSS: -0.0148 | TVAL: 0.1553 | AENT: -1.0950
| [32meval[0m  | E: 40 | S: 40000 | R: 761.0280
| [33mtrain[0m | E: 41 | S: 41000 | R: 742.9294 | D: 15.6 s | BR: 5.3397 | ALOSS: -567.7431 | CLOSS: 154.9718 | TLOSS: -0.0209 | TVAL: 0.1560 | AENT: -1.1340
| [33mtrain[0m | E: 42 | S: 42000 | R: 662.6039 | D: 11.8 s | BR: 5.3160 | ALOSS: -567.4274 | CLOSS: 131.7907 | TLOSS: -0.0165 | TVAL: 0.1568 | AENT: -1.1054
| [33mtrain[0m | E: 43 | S: 43000 | R: 378.0004 | D: 11.7 s | BR: 5.2681 | ALOSS: -567.1946 | CLOSS: 113.1521 | TLOSS: -0.0082 | TVAL: 0.1574 | AENT: -1.0519
| [33mtrain[0m | E: 44 | S: 44000 | R: 568.8891 | D: 11.5 s | BR: 5.3056 | ALOSS: -568.1620 | CLOSS: 160.8126 | TLOSS: -0.0052 | TVAL: 0.1574 | AENT: -1.0330
| [32meval[0m  | E: 44 | S: 44000 | R: 263.9412
| [33mtrain[0m | E: 45 | S: 45000 | R: 176.7804 | D: 15.5 s | BR: 5.3253 | ALOSS: -569.4420 | CLOSS: 148.0109 | TLOSS: -0.0309 | TVAL: 0.1582 | AENT: -1.1955
| [33mtrain[0m | E: 46 | S: 46000 | R: 397.9431 | D: 12.2 s | BR: 5.2819 | ALOSS: -570.3317 | CLOSS: 181.3712 | TLOSS: -0.0187 | TVAL: 0.1594 | AENT: -1.1173
| [33mtrain[0m | E: 47 | S: 47000 | R: 708.6552 | D: 11.8 s | BR: 5.3087 | ALOSS: -571.4257 | CLOSS: 170.5943 | TLOSS: -0.0279 | TVAL: 0.1601 | AENT: -1.1740
| [33mtrain[0m | E: 48 | S: 48000 | R: 223.6731 | D: 11.3 s | BR: 5.2417 | ALOSS: -572.4862 | CLOSS: 177.1958 | TLOSS: -0.0244 | TVAL: 0.1611 | AENT: -1.1513
| [32meval[0m  | E: 48 | S: 48000 | R: 580.9897
| [33mtrain[0m | E: 49 | S: 49000 | R: 649.9478 | D: 15.5 s | BR: 5.2922 | ALOSS: -573.4610 | CLOSS: 237.4743 | TLOSS: 0.0003 | TVAL: 0.1617 | AENT: -0.9982
| [33mtrain[0m | E: 50 | S: 50000 | R: 178.7210 | D: 11.9 s | BR: 5.2518 | ALOSS: -571.5561 | CLOSS: 151.5704 | TLOSS: 0.0105 | TVAL: 0.1613 | AENT: -0.9350
| [33mtrain[0m | E: 51 | S: 51000 | R: 518.3207 | D: 11.6 s | BR: 5.2320 | ALOSS: -571.9207 | CLOSS: 173.4191 | TLOSS: 0.0013 | TVAL: 0.1611 | AENT: -0.9920
| [33mtrain[0m | E: 52 | S: 52000 | R: 290.5494 | D: 11.6 s | BR: 5.2674 | ALOSS: -573.8712 | CLOSS: 178.9296 | TLOSS: -0.0136 | TVAL: 0.1613 | AENT: -1.0841
| [32meval[0m  | E: 52 | S: 52000 | R: 637.9995
| [33mtrain[0m | E: 53 | S: 53000 | R: 658.9088 | D: 15.6 s | BR: 5.2754 | ALOSS: -575.0864 | CLOSS: 221.1335 | TLOSS: -0.0125 | TVAL: 0.1618 | AENT: -1.0770
| [33mtrain[0m | E: 54 | S: 54000 | R: 589.6025 | D: 11.8 s | BR: 5.2620 | ALOSS: -575.5529 | CLOSS: 192.7150 | TLOSS: -0.0098 | TVAL: 0.1622 | AENT: -1.0605
| [33mtrain[0m | E: 55 | S: 55000 | R: 565.6535 | D: 11.6 s | BR: 5.2505 | ALOSS: -577.3871 | CLOSS: 185.6795 | TLOSS: -0.0056 | TVAL: 0.1624 | AENT: -1.0346
| [33mtrain[0m | E: 56 | S: 56000 | R: 283.9692 | D: 11.7 s | BR: 5.2656 | ALOSS: -577.7956 | CLOSS: 174.1639 | TLOSS: 0.0002 | TVAL: 0.1626 | AENT: -0.9988
| [32meval[0m  | E: 56 | S: 56000 | R: 508.2694
| [33mtrain[0m | E: 57 | S: 57000 | R: 645.3038 | D: 15.5 s | BR: 5.2549 | ALOSS: -578.9311 | CLOSS: 243.2436 | TLOSS: 0.0060 | TVAL: 0.1624 | AENT: -0.9629
| [33mtrain[0m | E: 58 | S: 58000 | R: 477.8803 | D: 11.8 s | BR: 5.2240 | ALOSS: -578.7802 | CLOSS: 248.2678 | TLOSS: -0.0033 | TVAL: 0.1625 | AENT: -1.0206
| [33mtrain[0m | E: 59 | S: 59000 | R: 418.1523 | D: 11.8 s | BR: 5.2335 | ALOSS: -580.0829 | CLOSS: 190.4000 | TLOSS: 0.0012 | TVAL: 0.1624 | AENT: -0.9928
| [33mtrain[0m | E: 60 | S: 60000 | R: 693.6725 | D: 11.8 s | BR: 5.2211 | ALOSS: -581.7298 | CLOSS: 194.5534 | TLOSS: -0.0137 | TVAL: 0.1626 | AENT: -1.0844
| [32meval[0m  | E: 60 | S: 60000 | R: 386.7897
| [33mtrain[0m | E: 61 | S: 61000 | R: 657.6195 | D: 15.5 s | BR: 5.2669 | ALOSS: -582.0455 | CLOSS: 240.9474 | TLOSS: -0.0045 | TVAL: 0.1629 | AENT: -1.0279
| [33mtrain[0m | E: 62 | S: 62000 | R: 657.7322 | D: 11.8 s | BR: 5.2112 | ALOSS: -581.4848 | CLOSS: 215.8948 | TLOSS: -0.0097 | TVAL: 0.1631 | AENT: -1.0593
| [33mtrain[0m | E: 63 | S: 63000 | R: 640.2496 | D: 11.7 s | BR: 5.2225 | ALOSS: -581.9830 | CLOSS: 206.0983 | TLOSS: -0.0246 | TVAL: 0.1638 | AENT: -1.1500
| [33mtrain[0m | E: 64 | S: 64000 | R: 539.0625 | D: 11.5 s | BR: 5.2258 | ALOSS: -582.2655 | CLOSS: 199.5794 | TLOSS: -0.0155 | TVAL: 0.1646 | AENT: -1.0940
| [32meval[0m  | E: 64 | S: 64000 | R: 640.2077
| [33mtrain[0m | E: 65 | S: 65000 | R: 658.7995 | D: 15.6 s | BR: 5.2128 | ALOSS: -583.7627 | CLOSS: 210.3362 | TLOSS: -0.0137 | TVAL: 0.1652 | AENT: -1.0832
| [33mtrain[0m | E: 66 | S: 66000 | R: 683.5363 | D: 12.1 s | BR: 5.2237 | ALOSS: -583.7786 | CLOSS: 230.1873 | TLOSS: -0.0302 | TVAL: 0.1660 | AENT: -1.1822
| [33mtrain[0m | E: 67 | S: 67000 | R: 687.2687 | D: 11.6 s | BR: 5.2388 | ALOSS: -586.1918 | CLOSS: 178.2517 | TLOSS: -0.0183 | TVAL: 0.1667 | AENT: -1.1100
| [33mtrain[0m | E: 68 | S: 68000 | R: 717.3169 | D: 11.4 s | BR: 5.2340 | ALOSS: -585.4825 | CLOSS: 205.7996 | TLOSS: -0.0364 | TVAL: 0.1678 | AENT: -1.2168
| [32meval[0m  | E: 68 | S: 68000 | R: 697.3216
| [33mtrain[0m | E: 69 | S: 69000 | R: 647.8867 | D: 15.6 s | BR: 5.1960 | ALOSS: -586.2990 | CLOSS: 202.6845 | TLOSS: -0.0225 | TVAL: 0.1688 | AENT: -1.1334
| [33mtrain[0m | E: 70 | S: 70000 | R: 710.1903 | D: 11.6 s | BR: 5.2288 | ALOSS: -587.3228 | CLOSS: 178.2338 | TLOSS: -0.0359 | TVAL: 0.1698 | AENT: -1.2117
| [33mtrain[0m | E: 71 | S: 71000 | R: 705.8524 | D: 11.4 s | BR: 5.1960 | ALOSS: -588.7529 | CLOSS: 221.2921 | TLOSS: -0.0409 | TVAL: 0.1711 | AENT: -1.2389
| [33mtrain[0m | E: 72 | S: 72000 | R: 644.5326 | D: 11.3 s | BR: 5.2445 | ALOSS: -591.5550 | CLOSS: 188.6537 | TLOSS: -0.0272 | TVAL: 0.1721 | AENT: -1.1579
| [32meval[0m  | E: 72 | S: 72000 | R: 682.5549
| [33mtrain[0m | E: 73 | S: 73000 | R: 706.3392 | D: 15.7 s | BR: 5.2222 | ALOSS: -591.9812 | CLOSS: 219.3362 | TLOSS: -0.0291 | TVAL: 0.1732 | AENT: -1.1680
| [33mtrain[0m | E: 74 | S: 74000 | R: 684.4205 | D: 11.6 s | BR: 5.2361 | ALOSS: -593.7218 | CLOSS: 213.2651 | TLOSS: -0.0361 | TVAL: 0.1742 | AENT: -1.2074
| [33mtrain[0m | E: 75 | S: 75000 | R: 694.8374 | D: 11.6 s | BR: 5.2795 | ALOSS: -593.4480 | CLOSS: 202.7516 | TLOSS: -0.0324 | TVAL: 0.1752 | AENT: -1.1848
| [33mtrain[0m | E: 76 | S: 76000 | R: 697.7170 | D: 11.5 s | BR: 5.2517 | ALOSS: -592.5407 | CLOSS: 195.9650 | TLOSS: -0.0406 | TVAL: 0.1764 | AENT: -1.2305
| [32meval[0m  | E: 76 | S: 76000 | R: 760.1264
| [33mtrain[0m | E: 77 | S: 77000 | R: 692.8899 | D: 15.3 s | BR: 5.2246 | ALOSS: -594.8827 | CLOSS: 225.2295 | TLOSS: -0.0424 | TVAL: 0.1777 | AENT: -1.2388
| [33mtrain[0m | E: 78 | S: 78000 | R: 666.4640 | D: 11.5 s | BR: 5.1514 | ALOSS: -593.4798 | CLOSS: 268.1183 | TLOSS: -0.0351 | TVAL: 0.1788 | AENT: -1.1964
| [33mtrain[0m | E: 79 | S: 79000 | R: 663.3203 | D: 11.6 s | BR: 5.2594 | ALOSS: -596.6595 | CLOSS: 165.3026 | TLOSS: -0.0197 | TVAL: 0.1796 | AENT: -1.1094
| [33mtrain[0m | E: 80 | S: 80000 | R: 677.8951 | D: 11.5 s | BR: 5.2270 | ALOSS: -596.3037 | CLOSS: 175.2115 | TLOSS: -0.0134 | TVAL: 0.1801 | AENT: -1.0745
| [32meval[0m  | E: 80 | S: 80000 | R: 728.5374
| [33mtrain[0m | E: 81 | S: 81000 | R: 749.4119 | D: 15.5 s | BR: 5.2718 | ALOSS: -598.3628 | CLOSS: 175.2202 | TLOSS: -0.0335 | TVAL: 0.1810 | AENT: -1.1853
| [33mtrain[0m | E: 82 | S: 82000 | R: 690.2218 | D: 11.8 s | BR: 5.2487 | ALOSS: -599.2837 | CLOSS: 184.6029 | TLOSS: -0.0155 | TVAL: 0.1816 | AENT: -1.0851
| [33mtrain[0m | E: 83 | S: 83000 | R: 691.8594 | D: 11.6 s | BR: 5.2356 | ALOSS: -599.1559 | CLOSS: 154.3519 | TLOSS: -0.0248 | TVAL: 0.1823 | AENT: -1.1360
| [33mtrain[0m | E: 84 | S: 84000 | R: 687.4783 | D: 11.6 s | BR: 5.2673 | ALOSS: -602.2247 | CLOSS: 167.1110 | TLOSS: -0.0082 | TVAL: 0.1827 | AENT: -1.0450
| [32meval[0m  | E: 84 | S: 84000 | R: 672.0285
| [33mtrain[0m | E: 85 | S: 85000 | R: 654.7351 | D: 15.6 s | BR: 5.2424 | ALOSS: -603.0511 | CLOSS: 182.8766 | TLOSS: -0.0099 | TVAL: 0.1830 | AENT: -1.0540
| [33mtrain[0m | E: 86 | S: 86000 | R: 726.6388 | D: 11.9 s | BR: 5.2577 | ALOSS: -602.8639 | CLOSS: 155.0886 | TLOSS: -0.0122 | TVAL: 0.1835 | AENT: -1.0663
| [33mtrain[0m | E: 87 | S: 87000 | R: 707.9384 | D: 11.5 s | BR: 5.2300 | ALOSS: -604.0205 | CLOSS: 173.8571 | TLOSS: -0.0208 | TVAL: 0.1840 | AENT: -1.1134
| [33mtrain[0m | E: 88 | S: 88000 | R: 705.5074 | D: 11.7 s | BR: 5.2341 | ALOSS: -604.4200 | CLOSS: 162.3286 | TLOSS: -0.0112 | TVAL: 0.1845 | AENT: -1.0609
| [32meval[0m  | E: 88 | S: 88000 | R: 595.8433
| [33mtrain[0m | E: 89 | S: 89000 | R: 679.4267 | D: 15.4 s | BR: 5.2757 | ALOSS: -605.6329 | CLOSS: 169.4566 | TLOSS: -0.0183 | TVAL: 0.1850 | AENT: -1.0987
| [33mtrain[0m | E: 90 | S: 90000 | R: 727.7333 | D: 11.8 s | BR: 5.2623 | ALOSS: -606.0087 | CLOSS: 177.3548 | TLOSS: -0.0240 | TVAL: 0.1858 | AENT: -1.1294
| [33mtrain[0m | E: 91 | S: 91000 | R: 711.2273 | D: 11.5 s | BR: 5.2327 | ALOSS: -605.5066 | CLOSS: 149.7065 | TLOSS: -0.0223 | TVAL: 0.1864 | AENT: -1.1197
| [33mtrain[0m | E: 92 | S: 92000 | R: 708.6657 | D: 11.4 s | BR: 5.2354 | ALOSS: -607.7811 | CLOSS: 155.3098 | TLOSS: -0.0376 | TVAL: 0.1876 | AENT: -1.2007
| [32meval[0m  | E: 92 | S: 92000 | R: 681.7722
| [33mtrain[0m | E: 93 | S: 93000 | R: 725.3735 | D: 15.6 s | BR: 5.2282 | ALOSS: -607.9102 | CLOSS: 165.2801 | TLOSS: -0.0193 | TVAL: 0.1885 | AENT: -1.1023
| [33mtrain[0m | E: 94 | S: 94000 | R: 658.6951 | D: 11.6 s | BR: 5.2736 | ALOSS: -610.7212 | CLOSS: 164.4002 | TLOSS: -0.0298 | TVAL: 0.1892 | AENT: -1.1574
| [33mtrain[0m | E: 95 | S: 95000 | R: 661.3593 | D: 11.5 s | BR: 5.2748 | ALOSS: -612.2942 | CLOSS: 129.7489 | TLOSS: -0.0146 | TVAL: 0.1900 | AENT: -1.0769
| [33mtrain[0m | E: 96 | S: 96000 | R: 738.0920 | D: 11.5 s | BR: 5.2371 | ALOSS: -611.5837 | CLOSS: 114.2963 | TLOSS: -0.0221 | TVAL: 0.1906 | AENT: -1.1158
| [32meval[0m  | E: 96 | S: 96000 | R: 750.3591
| [33mtrain[0m | E: 97 | S: 97000 | R: 742.2861 | D: 15.5 s | BR: 5.2940 | ALOSS: -612.1198 | CLOSS: 134.9285 | TLOSS: -0.0257 | TVAL: 0.1915 | AENT: -1.1344
| [33mtrain[0m | E: 98 | S: 98000 | R: 732.7141 | D: 11.6 s | BR: 5.2123 | ALOSS: -611.9759 | CLOSS: 140.1732 | TLOSS: -0.0249 | TVAL: 0.1923 | AENT: -1.1294
| [33mtrain[0m | E: 99 | S: 99000 | R: 729.2148 | D: 11.5 s | BR: 5.2089 | ALOSS: -612.3803 | CLOSS: 144.1994 | TLOSS: -0.0339 | TVAL: 0.1933 | AENT: -1.1752
| [33mtrain[0m | E: 100 | S: 100000 | R: 642.3715 | D: 11.4 s | BR: 5.2494 | ALOSS: -615.1372 | CLOSS: 163.3503 | TLOSS: -0.0415 | TVAL: 0.1947 | AENT: -1.2132
| [32meval[0m  | E: 100 | S: 100000 | R: 754.3541
| [33mtrain[0m | E: 101 | S: 101000 | R: 710.7315 | D: 15.7 s | BR: 5.2459 | ALOSS: -614.9491 | CLOSS: 120.8921 | TLOSS: -0.0248 | TVAL: 0.1958 | AENT: -1.1268
| [33mtrain[0m | E: 102 | S: 102000 | R: 740.2397 | D: 11.8 s | BR: 5.2217 | ALOSS: -615.3945 | CLOSS: 116.9353 | TLOSS: -0.0279 | TVAL: 0.1967 | AENT: -1.1418
| [33mtrain[0m | E: 103 | S: 103000 | R: 710.8576 | D: 11.8 s | BR: 5.2496 | ALOSS: -616.6308 | CLOSS: 144.6081 | TLOSS: -0.0243 | TVAL: 0.1976 | AENT: -1.1230
| [33mtrain[0m | E: 104 | S: 104000 | R: 719.9858 | D: 11.6 s | BR: 5.2801 | ALOSS: -618.0028 | CLOSS: 122.3410 | TLOSS: -0.0336 | TVAL: 0.1986 | AENT: -1.1690
| [32meval[0m  | E: 104 | S: 104000 | R: 746.7894
| [33mtrain[0m | E: 105 | S: 105000 | R: 615.0771 | D: 15.5 s | BR: 5.2642 | ALOSS: -618.7124 | CLOSS: 114.2349 | TLOSS: -0.0304 | TVAL: 0.1997 | AENT: -1.1522
| [33mtrain[0m | E: 106 | S: 106000 | R: 757.8564 | D: 11.6 s | BR: 5.2722 | ALOSS: -619.6102 | CLOSS: 110.1627 | TLOSS: -0.0335 | TVAL: 0.2008 | AENT: -1.1670
| [33mtrain[0m | E: 107 | S: 107000 | R: 718.2085 | D: 11.5 s | BR: 5.3365 | ALOSS: -621.0967 | CLOSS: 105.2810 | TLOSS: -0.0304 | TVAL: 0.2019 | AENT: -1.1504
| [33mtrain[0m | E: 108 | S: 108000 | R: 717.1215 | D: 11.5 s | BR: 5.2470 | ALOSS: -619.9441 | CLOSS: 123.8955 | TLOSS: -0.0365 | TVAL: 0.2030 | AENT: -1.1797
| [32meval[0m  | E: 108 | S: 108000 | R: 690.6568
| [33mtrain[0m | E: 109 | S: 109000 | R: 719.5879 | D: 15.5 s | BR: 5.2711 | ALOSS: -622.1676 | CLOSS: 101.2472 | TLOSS: -0.0383 | TVAL: 0.2044 | AENT: -1.1875
| [33mtrain[0m | E: 110 | S: 110000 | R: 739.4801 | D: 11.4 s | BR: 5.3074 | ALOSS: -622.2509 | CLOSS: 94.7259 | TLOSS: -0.0308 | TVAL: 0.2054 | AENT: -1.1501
| [33mtrain[0m | E: 111 | S: 111000 | R: 730.5603 | D: 11.7 s | BR: 5.2807 | ALOSS: -622.4519 | CLOSS: 85.6744 | TLOSS: -0.0348 | TVAL: 0.2066 | AENT: -1.1684
| [33mtrain[0m | E: 112 | S: 112000 | R: 754.9517 | D: 11.4 s | BR: 5.2401 | ALOSS: -622.5702 | CLOSS: 88.7839 | TLOSS: -0.0339 | TVAL: 0.2078 | AENT: -1.1630
| [32meval[0m  | E: 112 | S: 112000 | R: 789.4855
| [33mtrain[0m | E: 113 | S: 113000 | R: 750.5009 | D: 15.6 s | BR: 5.3241 | ALOSS: -625.3162 | CLOSS: 79.6272 | TLOSS: -0.0239 | TVAL: 0.2087 | AENT: -1.1145
| [33mtrain[0m | E: 114 | S: 114000 | R: 736.0879 | D: 11.7 s | BR: 5.2988 | ALOSS: -624.8421 | CLOSS: 83.5527 | TLOSS: -0.0256 | TVAL: 0.2096 | AENT: -1.1223
| [33mtrain[0m | E: 115 | S: 115000 | R: 691.8758 | D: 11.6 s | BR: 5.2722 | ALOSS: -624.8521 | CLOSS: 84.8859 | TLOSS: -0.0312 | TVAL: 0.2105 | AENT: -1.1482
| [33mtrain[0m | E: 116 | S: 116000 | R: 723.0498 | D: 11.4 s | BR: 5.3127 | ALOSS: -626.6275 | CLOSS: 78.1937 | TLOSS: -0.0264 | TVAL: 0.2115 | AENT: -1.1246
| [32meval[0m  | E: 116 | S: 116000 | R: 631.6567
| [33mtrain[0m | E: 117 | S: 117000 | R: 749.0798 | D: 15.7 s | BR: 5.2724 | ALOSS: -626.8598 | CLOSS: 76.8760 | TLOSS: -0.0217 | TVAL: 0.2123 | AENT: -1.1020
| [33mtrain[0m | E: 118 | S: 118000 | R: 737.7136 | D: 11.7 s | BR: 5.3137 | ALOSS: -628.0165 | CLOSS: 82.5213 | TLOSS: -0.0227 | TVAL: 0.2131 | AENT: -1.1067
| [33mtrain[0m | E: 119 | S: 119000 | R: 736.4628 | D: 11.5 s | BR: 5.3024 | ALOSS: -628.6319 | CLOSS: 82.7784 | TLOSS: -0.0281 | TVAL: 0.2140 | AENT: -1.1315
| [33mtrain[0m | E: 120 | S: 120000 | R: 700.3413 | D: 11.5 s | BR: 5.2534 | ALOSS: -629.0083 | CLOSS: 74.5207 | TLOSS: -0.0308 | TVAL: 0.2151 | AENT: -1.1430
| [32meval[0m  | E: 120 | S: 120000 | R: 685.3839
| [33mtrain[0m | E: 121 | S: 121000 | R: 726.0825 | D: 15.6 s | BR: 5.2358 | ALOSS: -628.2879 | CLOSS: 73.6944 | TLOSS: -0.0304 | TVAL: 0.2161 | AENT: -1.1407
| [33mtrain[0m | E: 122 | S: 122000 | R: 719.3008 | D: 11.7 s | BR: 5.2790 | ALOSS: -630.2174 | CLOSS: 72.0563 | TLOSS: -0.0214 | TVAL: 0.2170 | AENT: -1.0985
| [33mtrain[0m | E: 123 | S: 123000 | R: 737.1485 | D: 11.5 s | BR: 5.2715 | ALOSS: -630.4988 | CLOSS: 59.8530 | TLOSS: -0.0224 | TVAL: 0.2180 | AENT: -1.1029
| [33mtrain[0m | E: 124 | S: 124000 | R: 772.2370 | D: 11.5 s | BR: 5.3199 | ALOSS: -633.1242 | CLOSS: 75.6508 | TLOSS: -0.0223 | TVAL: 0.2186 | AENT: -1.1022
| [32meval[0m  | E: 124 | S: 124000 | R: 763.6936
| [33mtrain[0m | E: 125 | S: 125000 | R: 744.8307 | D: 15.6 s | BR: 5.3027 | ALOSS: -632.3273 | CLOSS: 70.7419 | TLOSS: -0.0269 | TVAL: 0.2195 | AENT: -1.1225
| [33mtrain[0m | E: 126 | S: 126000 | R: 756.2964 | D: 11.6 s | BR: 5.2557 | ALOSS: -632.0529 | CLOSS: 59.7754 | TLOSS: -0.0172 | TVAL: 0.2203 | AENT: -1.0779
| [33mtrain[0m | E: 127 | S: 127000 | R: 768.5954 | D: 11.6 s | BR: 5.2972 | ALOSS: -631.4784 | CLOSS: 56.2734 | TLOSS: -0.0266 | TVAL: 0.2211 | AENT: -1.1202
| [33mtrain[0m | E: 128 | S: 128000 | R: 728.5783 | D: 11.4 s | BR: 5.3213 | ALOSS: -633.3611 | CLOSS: 82.8686 | TLOSS: -0.0182 | TVAL: 0.2219 | AENT: -1.0822
| [32meval[0m  | E: 128 | S: 128000 | R: 767.0403
| [33mtrain[0m | E: 129 | S: 129000 | R: 734.0730 | D: 15.4 s | BR: 5.3448 | ALOSS: -634.5347 | CLOSS: 49.5654 | TLOSS: -0.0248 | TVAL: 0.2226 | AENT: -1.1113
| [33mtrain[0m | E: 130 | S: 130000 | R: 743.7252 | D: 11.6 s | BR: 5.3067 | ALOSS: -633.4787 | CLOSS: 58.0548 | TLOSS: -0.0207 | TVAL: 0.2236 | AENT: -1.0927
| [33mtrain[0m | E: 131 | S: 131000 | R: 771.3934 | D: 11.6 s | BR: 5.2866 | ALOSS: -634.6788 | CLOSS: 51.1065 | TLOSS: -0.0212 | TVAL: 0.2245 | AENT: -1.0944
| [33mtrain[0m | E: 132 | S: 132000 | R: 752.2371 | D: 11.5 s | BR: 5.3249 | ALOSS: -635.1235 | CLOSS: 54.5257 | TLOSS: -0.0137 | TVAL: 0.2251 | AENT: -1.0607
| [32meval[0m  | E: 132 | S: 132000 | R: 788.2848
| [33mtrain[0m | E: 133 | S: 133000 | R: 772.0506 | D: 15.7 s | BR: 5.2987 | ALOSS: -635.5186 | CLOSS: 50.0953 | TLOSS: -0.0179 | TVAL: 0.2257 | AENT: -1.0795
| [33mtrain[0m | E: 134 | S: 134000 | R: 771.5554 | D: 11.6 s | BR: 5.3043 | ALOSS: -635.7442 | CLOSS: 55.8383 | TLOSS: -0.0151 | TVAL: 0.2263 | AENT: -1.0669
| [33mtrain[0m | E: 135 | S: 135000 | R: 777.1357 | D: 11.6 s | BR: 5.2891 | ALOSS: -635.5139 | CLOSS: 51.3058 | TLOSS: -0.0191 | TVAL: 0.2270 | AENT: -1.0840
| [33mtrain[0m | E: 136 | S: 136000 | R: 776.3668 | D: 11.4 s | BR: 5.3285 | ALOSS: -637.2640 | CLOSS: 52.6556 | TLOSS: -0.0120 | TVAL: 0.2276 | AENT: -1.0528
| [32meval[0m  | E: 136 | S: 136000 | R: 795.4871
| [33mtrain[0m | E: 137 | S: 137000 | R: 785.1285 | D: 15.6 s | BR: 5.3430 | ALOSS: -637.5972 | CLOSS: 58.0853 | TLOSS: -0.0098 | TVAL: 0.2281 | AENT: -1.0430
| [33mtrain[0m | E: 138 | S: 138000 | R: 780.6160 | D: 11.9 s | BR: 5.3229 | ALOSS: -637.9393 | CLOSS: 59.1181 | TLOSS: -0.0122 | TVAL: 0.2286 | AENT: -1.0534
| [33mtrain[0m | E: 139 | S: 139000 | R: 783.4323 | D: 11.8 s | BR: 5.3442 | ALOSS: -638.5022 | CLOSS: 49.8176 | TLOSS: -0.0038 | TVAL: 0.2288 | AENT: -1.0166
| [33mtrain[0m | E: 140 | S: 140000 | R: 775.8069 | D: 11.5 s | BR: 5.3304 | ALOSS: -638.3370 | CLOSS: 49.0402 | TLOSS: 0.0015 | TVAL: 0.2289 | AENT: -0.9933
| [32meval[0m  | E: 140 | S: 140000 | R: 743.9918
| [33mtrain[0m | E: 141 | S: 141000 | R: 784.2969 | D: 15.7 s | BR: 5.3324 | ALOSS: -638.9969 | CLOSS: 57.2178 | TLOSS: -0.0146 | TVAL: 0.2291 | AENT: -1.0636
| [33mtrain[0m | E: 142 | S: 142000 | R: 783.0268 | D: 11.6 s | BR: 5.3369 | ALOSS: -639.7168 | CLOSS: 46.2042 | TLOSS: 0.0033 | TVAL: 0.2293 | AENT: -0.9854
| [33mtrain[0m | E: 143 | S: 143000 | R: 781.3825 | D: 11.6 s | BR: 5.3389 | ALOSS: -639.9389 | CLOSS: 61.7929 | TLOSS: -0.0012 | TVAL: 0.2294 | AENT: -1.0054
| [33mtrain[0m | E: 144 | S: 144000 | R: 771.5285 | D: 11.5 s | BR: 5.3749 | ALOSS: -642.2880 | CLOSS: 48.8147 | TLOSS: -0.0034 | TVAL: 0.2294 | AENT: -1.0147
| [32meval[0m  | E: 144 | S: 144000 | R: 760.0566
| [33mtrain[0m | E: 145 | S: 145000 | R: 760.2290 | D: 15.6 s | BR: 5.3321 | ALOSS: -641.4300 | CLOSS: 50.1049 | TLOSS: 0.0046 | TVAL: 0.2295 | AENT: -0.9800
| [33mtrain[0m | E: 146 | S: 146000 | R: 770.6908 | D: 11.6 s | BR: 5.3315 | ALOSS: -641.5513 | CLOSS: 48.0755 | TLOSS: -0.0050 | TVAL: 0.2294 | AENT: -1.0218
| [33mtrain[0m | E: 147 | S: 147000 | R: 782.3827 | D: 11.6 s | BR: 5.3760 | ALOSS: -643.4210 | CLOSS: 46.8272 | TLOSS: -0.0014 | TVAL: 0.2295 | AENT: -1.0060
| [33mtrain[0m | E: 148 | S: 148000 | R: 773.2248 | D: 11.4 s | BR: 5.3476 | ALOSS: -643.4084 | CLOSS: 57.8233 | TLOSS: -0.0033 | TVAL: 0.2297 | AENT: -1.0145
| [32meval[0m  | E: 148 | S: 148000 | R: 787.9925
| [33mtrain[0m | E: 149 | S: 149000 | R: 737.7847 | D: 15.6 s | BR: 5.3511 | ALOSS: -642.9913 | CLOSS: 65.1846 | TLOSS: 0.0034 | TVAL: 0.2296 | AENT: -0.9852
| [33mtrain[0m | E: 150 | S: 150000 | R: 730.9520 | D: 11.8 s | BR: 5.3487 | ALOSS: -643.7751 | CLOSS: 66.6597 | TLOSS: -0.0006 | TVAL: 0.2297 | AENT: -1.0028
| [33mtrain[0m | E: 151 | S: 151000 | R: 737.9828 | D: 11.8 s | BR: 5.3654 | ALOSS: -644.7386 | CLOSS: 50.9070 | TLOSS: 0.0063 | TVAL: 0.2295 | AENT: -0.9724
| [33mtrain[0m | E: 152 | S: 152000 | R: 766.9077 | D: 11.5 s | BR: 5.3448 | ALOSS: -645.0900 | CLOSS: 50.8220 | TLOSS: 0.0052 | TVAL: 0.2292 | AENT: -0.9773
| [32meval[0m  | E: 152 | S: 152000 | R: 743.7419
| [33mtrain[0m | E: 153 | S: 153000 | R: 767.4526 | D: 15.6 s | BR: 5.3539 | ALOSS: -646.1813 | CLOSS: 53.7917 | TLOSS: 0.0075 | TVAL: 0.2289 | AENT: -0.9671
| [33mtrain[0m | E: 154 | S: 154000 | R: 773.3040 | D: 11.7 s | BR: 5.3243 | ALOSS: -645.3951 | CLOSS: 48.6742 | TLOSS: 0.0066 | TVAL: 0.2286 | AENT: -0.9711
| [33mtrain[0m | E: 155 | S: 155000 | R: 787.4853 | D: 12.0 s | BR: 5.3679 | ALOSS: -646.2071 | CLOSS: 44.6231 | TLOSS: 0.0004 | TVAL: 0.2285 | AENT: -0.9983
| [33mtrain[0m | E: 156 | S: 156000 | R: 774.8848 | D: 11.6 s | BR: 5.3391 | ALOSS: -646.0456 | CLOSS: 53.0517 | TLOSS: -0.0005 | TVAL: 0.2284 | AENT: -1.0021
| [32meval[0m  | E: 156 | S: 156000 | R: 754.4090
| [33mtrain[0m | E: 157 | S: 157000 | R: 769.6920 | D: 15.5 s | BR: 5.4313 | ALOSS: -646.7191 | CLOSS: 44.9605 | TLOSS: 0.0073 | TVAL: 0.2282 | AENT: -0.9680
| [33mtrain[0m | E: 158 | S: 158000 | R: 767.7858 | D: 11.8 s | BR: 5.4092 | ALOSS: -646.9571 | CLOSS: 53.9038 | TLOSS: 0.0011 | TVAL: 0.2283 | AENT: -0.9954
| [33mtrain[0m | E: 159 | S: 159000 | R: 738.7166 | D: 12.0 s | BR: 5.3531 | ALOSS: -646.5885 | CLOSS: 63.2355 | TLOSS: 0.0072 | TVAL: 0.2277 | AENT: -0.9686
| [33mtrain[0m | E: 160 | S: 160000 | R: 753.4797 | D: 11.5 s | BR: 5.4189 | ALOSS: -647.8553 | CLOSS: 51.3882 | TLOSS: 0.0072 | TVAL: 0.2276 | AENT: -0.9683
| [32meval[0m  | E: 160 | S: 160000 | R: 763.6470
| [33mtrain[0m | E: 161 | S: 161000 | R: 769.5043 | D: 15.5 s | BR: 5.3607 | ALOSS: -646.4128 | CLOSS: 51.2705 | TLOSS: -0.0027 | TVAL: 0.2274 | AENT: -1.0117
| [33mtrain[0m | E: 162 | S: 162000 | R: 733.5545 | D: 12.0 s | BR: 5.3590 | ALOSS: -647.3380 | CLOSS: 59.5076 | TLOSS: -0.0086 | TVAL: 0.2276 | AENT: -1.0380
| [33mtrain[0m | E: 163 | S: 163000 | R: 734.1149 | D: 12.2 s | BR: 5.3771 | ALOSS: -648.1254 | CLOSS: 48.5546 | TLOSS: 0.0022 | TVAL: 0.2276 | AENT: -0.9905
| [33mtrain[0m | E: 164 | S: 164000 | R: 770.9399 | D: 11.6 s | BR: 5.3702 | ALOSS: -649.0204 | CLOSS: 54.4588 | TLOSS: 0.0045 | TVAL: 0.2276 | AENT: -0.9801
| [32meval[0m  | E: 164 | S: 164000 | R: 775.3503
| [33mtrain[0m | E: 165 | S: 165000 | R: 782.8580 | D: 15.6 s | BR: 5.3557 | ALOSS: -648.9558 | CLOSS: 53.0212 | TLOSS: 0.0043 | TVAL: 0.2275 | AENT: -0.9810
| [33mtrain[0m | E: 166 | S: 166000 | R: 769.4918 | D: 11.5 s | BR: 5.4104 | ALOSS: -649.7493 | CLOSS: 61.5073 | TLOSS: 0.0014 | TVAL: 0.2273 | AENT: -0.9941
| [33mtrain[0m | E: 167 | S: 167000 | R: 755.1643 | D: 11.5 s | BR: 5.3606 | ALOSS: -650.1605 | CLOSS: 49.1485 | TLOSS: 0.0031 | TVAL: 0.2271 | AENT: -0.9864
| [33mtrain[0m | E: 168 | S: 168000 | R: 765.5048 | D: 11.4 s | BR: 5.3926 | ALOSS: -650.2229 | CLOSS: 58.5086 | TLOSS: 0.0082 | TVAL: 0.2268 | AENT: -0.9639
| [32meval[0m  | E: 168 | S: 168000 | R: 774.1679
| [33mtrain[0m | E: 169 | S: 169000 | R: 666.5997 | D: 15.7 s | BR: 5.3733 | ALOSS: -651.4499 | CLOSS: 48.6528 | TLOSS: -0.0038 | TVAL: 0.2270 | AENT: -1.0168
| [33mtrain[0m | E: 170 | S: 170000 | R: 754.5217 | D: 11.6 s | BR: 5.3872 | ALOSS: -651.7879 | CLOSS: 55.0636 | TLOSS: -0.0025 | TVAL: 0.2270 | AENT: -1.0112
| [33mtrain[0m | E: 171 | S: 171000 | R: 746.2265 | D: 11.7 s | BR: 5.3684 | ALOSS: -651.1544 | CLOSS: 56.9451 | TLOSS: -0.0052 | TVAL: 0.2273 | AENT: -1.0228
| [33mtrain[0m | E: 172 | S: 172000 | R: 752.3844 | D: 11.5 s | BR: 5.4140 | ALOSS: -652.4721 | CLOSS: 53.0791 | TLOSS: 0.0149 | TVAL: 0.2268 | AENT: -0.9341
| [32meval[0m  | E: 172 | S: 172000 | R: 782.9904
| [33mtrain[0m | E: 173 | S: 173000 | R: 739.3039 | D: 15.7 s | BR: 5.3903 | ALOSS: -652.5205 | CLOSS: 43.6527 | TLOSS: 0.0048 | TVAL: 0.2264 | AENT: -0.9786
| [33mtrain[0m | E: 174 | S: 174000 | R: 765.8058 | D: 11.8 s | BR: 5.4009 | ALOSS: -653.3302 | CLOSS: 55.4716 | TLOSS: 0.0076 | TVAL: 0.2262 | AENT: -0.9662
| [33mtrain[0m | E: 175 | S: 175000 | R: 771.9901 | D: 12.0 s | BR: 5.3924 | ALOSS: -653.8323 | CLOSS: 84.6933 | TLOSS: 0.0118 | TVAL: 0.2258 | AENT: -0.9476
| [33mtrain[0m | E: 176 | S: 176000 | R: 711.5354 | D: 11.5 s | BR: 5.3763 | ALOSS: -653.4295 | CLOSS: 53.9569 | TLOSS: 0.0257 | TVAL: 0.2248 | AENT: -0.8854
| [32meval[0m  | E: 176 | S: 176000 | R: 745.2287
| [33mtrain[0m | E: 177 | S: 177000 | R: 773.1367 | D: 15.7 s | BR: 5.3755 | ALOSS: -653.7178 | CLOSS: 67.6646 | TLOSS: 0.0156 | TVAL: 0.2238 | AENT: -0.9301
| [33mtrain[0m | E: 178 | S: 178000 | R: 751.8711 | D: 11.6 s | BR: 5.4082 | ALOSS: -654.5358 | CLOSS: 59.9517 | TLOSS: 0.0230 | TVAL: 0.2228 | AENT: -0.8969
| [33mtrain[0m | E: 179 | S: 179000 | R: 778.9833 | D: 11.7 s | BR: 5.4306 | ALOSS: -655.1707 | CLOSS: 50.5653 | TLOSS: 0.0238 | TVAL: 0.2218 | AENT: -0.8927
| [33mtrain[0m | E: 180 | S: 180000 | R: 764.0801 | D: 11.5 s | BR: 5.4501 | ALOSS: -654.7211 | CLOSS: 50.9143 | TLOSS: 0.0064 | TVAL: 0.2211 | AENT: -0.9709
| [32meval[0m  | E: 180 | S: 180000 | R: 808.2492
| [33mtrain[0m | E: 181 | S: 181000 | R: 786.7074 | D: 15.8 s | BR: 5.3744 | ALOSS: -654.0140 | CLOSS: 57.1436 | TLOSS: -0.0007 | TVAL: 0.2210 | AENT: -1.0034
| [33mtrain[0m | E: 182 | S: 182000 | R: 767.9762 | D: 11.7 s | BR: 5.4218 | ALOSS: -656.2940 | CLOSS: 63.2318 | TLOSS: 0.0080 | TVAL: 0.2208 | AENT: -0.9639
| [33mtrain[0m | E: 183 | S: 183000 | R: 767.3167 | D: 11.9 s | BR: 5.4258 | ALOSS: -656.9555 | CLOSS: 53.1493 | TLOSS: 0.0071 | TVAL: 0.2204 | AENT: -0.9678
| [33mtrain[0m | E: 184 | S: 184000 | R: 781.6971 | D: 11.8 s | BR: 5.4356 | ALOSS: -657.6055 | CLOSS: 59.4262 | TLOSS: 0.0104 | TVAL: 0.2199 | AENT: -0.9529
| [32meval[0m  | E: 184 | S: 184000 | R: 778.9896
| [33mtrain[0m | E: 185 | S: 185000 | R: 759.2956 | D: 15.9 s | BR: 5.4340 | ALOSS: -657.9933 | CLOSS: 44.3131 | TLOSS: 0.0005 | TVAL: 0.2196 | AENT: -0.9978
| [33mtrain[0m | E: 186 | S: 186000 | R: 761.1897 | D: 11.7 s | BR: 5.4182 | ALOSS: -657.3469 | CLOSS: 51.3379 | TLOSS: -0.0005 | TVAL: 0.2197 | AENT: -1.0021
| [33mtrain[0m | E: 187 | S: 187000 | R: 769.5281 | D: 11.9 s | BR: 5.3962 | ALOSS: -658.1028 | CLOSS: 55.3882 | TLOSS: -0.0053 | TVAL: 0.2201 | AENT: -1.0243
| [33mtrain[0m | E: 188 | S: 188000 | R: 732.4684 | D: 11.6 s | BR: 5.4109 | ALOSS: -657.8639 | CLOSS: 55.9524 | TLOSS: 0.0072 | TVAL: 0.2199 | AENT: -0.9671
| [32meval[0m  | E: 188 | S: 188000 | R: 779.4450
| [33mtrain[0m | E: 189 | S: 189000 | R: 782.2965 | D: 16.0 s | BR: 5.4135 | ALOSS: -657.6486 | CLOSS: 63.8952 | TLOSS: 0.0014 | TVAL: 0.2196 | AENT: -0.9935
| [33mtrain[0m | E: 190 | S: 190000 | R: 777.4249 | D: 11.8 s | BR: 5.4163 | ALOSS: -658.3223 | CLOSS: 64.3948 | TLOSS: 0.0068 | TVAL: 0.2194 | AENT: -0.9689
| [33mtrain[0m | E: 191 | S: 191000 | R: 708.2921 | D: 11.9 s | BR: 5.4321 | ALOSS: -659.5322 | CLOSS: 53.1635 | TLOSS: 0.0032 | TVAL: 0.2191 | AENT: -0.9854
| [33mtrain[0m | E: 192 | S: 192000 | R: 794.2663 | D: 11.7 s | BR: 5.4546 | ALOSS: -659.8417 | CLOSS: 57.8316 | TLOSS: 0.0020 | TVAL: 0.2192 | AENT: -0.9907
| [32meval[0m  | E: 192 | S: 192000 | R: 714.9592
| [33mtrain[0m | E: 193 | S: 193000 | R: 766.5854 | D: 16.1 s | BR: 5.4463 | ALOSS: -659.2711 | CLOSS: 49.8773 | TLOSS: 0.0022 | TVAL: 0.2190 | AENT: -0.9901
| [33mtrain[0m | E: 194 | S: 194000 | R: 762.6695 | D: 11.8 s | BR: 5.3782 | ALOSS: -659.4671 | CLOSS: 52.4377 | TLOSS: -0.0107 | TVAL: 0.2191 | AENT: -1.0489
| [33mtrain[0m | E: 195 | S: 195000 | R: 744.8415 | D: 11.9 s | BR: 5.4065 | ALOSS: -661.0530 | CLOSS: 63.4153 | TLOSS: 0.0086 | TVAL: 0.2192 | AENT: -0.9609
| [33mtrain[0m | E: 196 | S: 196000 | R: 648.8199 | D: 11.7 s | BR: 5.4606 | ALOSS: -662.4290 | CLOSS: 56.9594 | TLOSS: 0.0133 | TVAL: 0.2187 | AENT: -0.9394
| [32meval[0m  | E: 196 | S: 196000 | R: 771.8953
| [33mtrain[0m | E: 197 | S: 197000 | R: 732.5869 | D: 16.1 s | BR: 5.4152 | ALOSS: -661.7640 | CLOSS: 47.4754 | TLOSS: 0.0140 | TVAL: 0.2181 | AENT: -0.9359
| [33mtrain[0m | E: 198 | S: 198000 | R: 742.6487 | D: 11.9 s | BR: 5.4240 | ALOSS: -662.1709 | CLOSS: 49.2220 | TLOSS: 0.0162 | TVAL: 0.2174 | AENT: -0.9253
| [33mtrain[0m | E: 199 | S: 199000 | R: 755.7253 | D: 12.0 s | BR: 5.4423 | ALOSS: -662.1922 | CLOSS: 52.2398 | TLOSS: 0.0064 | TVAL: 0.2168 | AENT: -0.9705
| [33mtrain[0m | E: 200 | S: 200000 | R: 781.6450 | D: 11.8 s | BR: 5.4696 | ALOSS: -662.9717 | CLOSS: 48.3930 | TLOSS: 0.0106 | TVAL: 0.2164 | AENT: -0.9512
| [32meval[0m  | E: 200 | S: 200000 | R: 784.0752
| [33mtrain[0m | E: 201 | S: 201000 | R: 754.0533 | D: 16.1 s | BR: 5.4374 | ALOSS: -663.4345 | CLOSS: 58.8808 | TLOSS: 0.0131 | TVAL: 0.2159 | AENT: -0.9394
| [33mtrain[0m | E: 202 | S: 202000 | R: 766.0728 | D: 12.0 s | BR: 5.4323 | ALOSS: -662.5368 | CLOSS: 44.5277 | TLOSS: 0.0101 | TVAL: 0.2153 | AENT: -0.9530
| [33mtrain[0m | E: 203 | S: 203000 | R: 785.1345 | D: 12.3 s | BR: 5.4126 | ALOSS: -663.0889 | CLOSS: 64.4243 | TLOSS: 0.0044 | TVAL: 0.2149 | AENT: -0.9795
| [33mtrain[0m | E: 204 | S: 204000 | R: 771.3294 | D: 11.9 s | BR: 5.4076 | ALOSS: -663.3329 | CLOSS: 52.7134 | TLOSS: 0.0061 | TVAL: 0.2147 | AENT: -0.9716
| [32meval[0m  | E: 204 | S: 204000 | R: 780.1348
| [33mtrain[0m | E: 205 | S: 205000 | R: 763.0844 | D: 16.0 s | BR: 5.4313 | ALOSS: -664.6447 | CLOSS: 51.5612 | TLOSS: 0.0076 | TVAL: 0.2144 | AENT: -0.9645
| [33mtrain[0m | E: 206 | S: 206000 | R: 786.9776 | D: 12.1 s | BR: 5.4515 | ALOSS: -665.0294 | CLOSS: 48.8355 | TLOSS: 0.0009 | TVAL: 0.2141 | AENT: -0.9957
| [33mtrain[0m | E: 207 | S: 207000 | R: 749.9498 | D: 12.3 s | BR: 5.4494 | ALOSS: -664.7069 | CLOSS: 47.7077 | TLOSS: 0.0045 | TVAL: 0.2139 | AENT: -0.9791
| [33mtrain[0m | E: 208 | S: 208000 | R: 729.7424 | D: 11.9 s | BR: 5.4415 | ALOSS: -665.8587 | CLOSS: 50.4939 | TLOSS: 0.0126 | TVAL: 0.2136 | AENT: -0.9412
| [32meval[0m  | E: 208 | S: 208000 | R: 781.0029
| [33mtrain[0m | E: 209 | S: 209000 | R: 766.0516 | D: 16.2 s | BR: 5.4721 | ALOSS: -666.5347 | CLOSS: 48.7454 | TLOSS: 0.0184 | TVAL: 0.2128 | AENT: -0.9135
| [33mtrain[0m | E: 210 | S: 210000 | R: 771.1554 | D: 12.1 s | BR: 5.4419 | ALOSS: -666.6355 | CLOSS: 47.6187 | TLOSS: 0.0060 | TVAL: 0.2122 | AENT: -0.9715
| [33mtrain[0m | E: 211 | S: 211000 | R: 784.4435 | D: 12.2 s | BR: 5.5193 | ALOSS: -667.8696 | CLOSS: 50.7501 | TLOSS: 0.0040 | TVAL: 0.2119 | AENT: -0.9811
| [33mtrain[0m | E: 212 | S: 212000 | R: 762.9095 | D: 12.1 s | BR: 5.4723 | ALOSS: -667.2097 | CLOSS: 47.4989 | TLOSS: 0.0033 | TVAL: 0.2117 | AENT: -0.9845
| [32meval[0m  | E: 212 | S: 212000 | R: 777.3977
| [33mtrain[0m | E: 213 | S: 213000 | R: 762.6704 | D: 16.2 s | BR: 5.4641 | ALOSS: -667.8939 | CLOSS: 49.8833 | TLOSS: 0.0114 | TVAL: 0.2116 | AENT: -0.9461
| [33mtrain[0m | E: 214 | S: 214000 | R: 764.5822 | D: 12.3 s | BR: 5.4725 | ALOSS: -668.2435 | CLOSS: 59.3404 | TLOSS: 0.0001 | TVAL: 0.2112 | AENT: -0.9997
| [33mtrain[0m | E: 215 | S: 215000 | R: 758.0765 | D: 12.2 s | BR: 5.4299 | ALOSS: -667.6024 | CLOSS: 47.1315 | TLOSS: -0.0026 | TVAL: 0.2113 | AENT: -1.0123
| [33mtrain[0m | E: 216 | S: 216000 | R: 766.6637 | D: 12.3 s | BR: 5.4770 | ALOSS: -669.2788 | CLOSS: 52.1739 | TLOSS: 0.0218 | TVAL: 0.2108 | AENT: -0.8966
| [32meval[0m  | E: 216 | S: 216000 | R: 758.2628
| [33mtrain[0m | E: 217 | S: 217000 | R: 785.4091 | D: 16.4 s | BR: 5.4523 | ALOSS: -668.7544 | CLOSS: 49.5347 | TLOSS: -0.0004 | TVAL: 0.2103 | AENT: -1.0020
| [33mtrain[0m | E: 218 | S: 218000 | R: 762.6642 | D: 12.3 s | BR: 5.4352 | ALOSS: -668.1808 | CLOSS: 49.2789 | TLOSS: 0.0007 | TVAL: 0.2102 | AENT: -0.9966
| [33mtrain[0m | E: 219 | S: 219000 | R: 763.5873 | D: 12.4 s | BR: 5.4617 | ALOSS: -669.6588 | CLOSS: 47.6012 | TLOSS: 0.0000 | TVAL: 0.2102 | AENT: -0.9999
| [33mtrain[0m | E: 220 | S: 220000 | R: 760.7357 | D: 12.4 s | BR: 5.4819 | ALOSS: -670.5376 | CLOSS: 54.1587 | TLOSS: 0.0060 | TVAL: 0.2101 | AENT: -0.9716
| [32meval[0m  | E: 220 | S: 220000 | R: 799.6302
| [33mtrain[0m | E: 221 | S: 221000 | R: 775.7590 | D: 16.3 s | BR: 5.4961 | ALOSS: -669.4156 | CLOSS: 49.2391 | TLOSS: 0.0002 | TVAL: 0.2098 | AENT: -0.9991
| [33mtrain[0m | E: 222 | S: 222000 | R: 779.4667 | D: 12.4 s | BR: 5.4503 | ALOSS: -669.8550 | CLOSS: 47.2395 | TLOSS: -0.0083 | TVAL: 0.2101 | AENT: -1.0396
| [33mtrain[0m | E: 223 | S: 223000 | R: 773.5273 | D: 12.4 s | BR: 5.4103 | ALOSS: -670.3720 | CLOSS: 37.6338 | TLOSS: -0.0153 | TVAL: 0.2106 | AENT: -1.0724
| [33mtrain[0m | E: 224 | S: 224000 | R: 782.8565 | D: 12.5 s | BR: 5.4980 | ALOSS: -671.1096 | CLOSS: 49.8021 | TLOSS: -0.0067 | TVAL: 0.2111 | AENT: -1.0315
| [32meval[0m  | E: 224 | S: 224000 | R: 795.4547
| [33mtrain[0m | E: 225 | S: 225000 | R: 770.5270 | D: 16.3 s | BR: 5.4656 | ALOSS: -671.3810 | CLOSS: 41.9810 | TLOSS: 0.0065 | TVAL: 0.2113 | AENT: -0.9694
| [33mtrain[0m | E: 226 | S: 226000 | R: 769.6059 | D: 12.6 s | BR: 5.4686 | ALOSS: -671.9652 | CLOSS: 42.2556 | TLOSS: 0.0095 | TVAL: 0.2109 | AENT: -0.9550
| [33mtrain[0m | E: 227 | S: 227000 | R: 764.6061 | D: 12.5 s | BR: 5.4478 | ALOSS: -671.7520 | CLOSS: 50.5407 | TLOSS: -0.0057 | TVAL: 0.2107 | AENT: -1.0270
| [33mtrain[0m | E: 228 | S: 228000 | R: 767.3962 | D: 12.6 s | BR: 5.5030 | ALOSS: -672.4710 | CLOSS: 53.4174 | TLOSS: 0.0023 | TVAL: 0.2109 | AENT: -0.9893
| [32meval[0m  | E: 228 | S: 228000 | R: 727.3758
| [33mtrain[0m | E: 229 | S: 229000 | R: 758.5294 | D: 16.5 s | BR: 5.4964 | ALOSS: -673.1140 | CLOSS: 40.4202 | TLOSS: 0.0107 | TVAL: 0.2106 | AENT: -0.9491
| [33mtrain[0m | E: 230 | S: 230000 | R: 764.6219 | D: 12.7 s | BR: 5.4895 | ALOSS: -672.9713 | CLOSS: 41.3391 | TLOSS: 0.0093 | TVAL: 0.2101 | AENT: -0.9558
| [33mtrain[0m | E: 231 | S: 231000 | R: 770.7646 | D: 12.7 s | BR: 5.5038 | ALOSS: -673.3343 | CLOSS: 43.4564 | TLOSS: 0.0075 | TVAL: 0.2097 | AENT: -0.9643
| [33mtrain[0m | E: 232 | S: 232000 | R: 772.4283 | D: 12.7 s | BR: 5.5060 | ALOSS: -673.2690 | CLOSS: 43.6434 | TLOSS: 0.0071 | TVAL: 0.2093 | AENT: -0.9662
| [32meval[0m  | E: 232 | S: 232000 | R: 787.2226
| [33mtrain[0m | E: 233 | S: 233000 | R: 765.1902 | D: 16.6 s | BR: 5.4440 | ALOSS: -673.3747 | CLOSS: 48.5555 | TLOSS: 0.0037 | TVAL: 0.2091 | AENT: -0.9825
| [33mtrain[0m | E: 234 | S: 234000 | R: 767.7708 | D: 12.8 s | BR: 5.4326 | ALOSS: -673.7208 | CLOSS: 45.1403 | TLOSS: 0.0184 | TVAL: 0.2087 | AENT: -0.9117
| [33mtrain[0m | E: 235 | S: 235000 | R: 774.8117 | D: 12.8 s | BR: 5.4824 | ALOSS: -674.0902 | CLOSS: 39.6079 | TLOSS: 0.0143 | TVAL: 0.2077 | AENT: -0.9311
| [33mtrain[0m | E: 236 | S: 236000 | R: 779.9938 | D: 12.9 s | BR: 5.4473 | ALOSS: -674.0001 | CLOSS: 57.2032 | TLOSS: 0.0032 | TVAL: 0.2074 | AENT: -0.9847
| [32meval[0m  | E: 236 | S: 236000 | R: 794.1505
| [33mtrain[0m | E: 237 | S: 237000 | R: 776.3598 | D: 16.7 s | BR: 5.5212 | ALOSS: -674.5076 | CLOSS: 48.9099 | TLOSS: 0.0004 | TVAL: 0.2072 | AENT: -0.9983
| [33mtrain[0m | E: 238 | S: 238000 | R: 767.3252 | D: 12.9 s | BR: 5.4997 | ALOSS: -675.0698 | CLOSS: 44.5325 | TLOSS: 0.0103 | TVAL: 0.2069 | AENT: -0.9504
| [33mtrain[0m | E: 239 | S: 239000 | R: 777.6561 | D: 12.9 s | BR: 5.5091 | ALOSS: -676.1439 | CLOSS: 43.1383 | TLOSS: 0.0036 | TVAL: 0.2067 | AENT: -0.9825
Switching to test env
| [33mtrain[0m | E: 240 | S: 240000 | R: 768.1202 | D: 13.0 s | BR: 5.5399 | ALOSS: -676.4923 | CLOSS: 47.8174 | TLOSS: 0.0007 | TVAL: 0.2065 | AENT: -0.9967
| [32meval[0m  | E: 240 | S: 240000 | R: 752.0062
