cartpole_damping_10000_ar8_seed10
workspace: /scratch/yxue/CMID/runs/cartpole_mass_capsule_envA_01_envB_1_30000_seed10/sac/10
| [32meval[0m  | E: 0 | S: 0 | R: 0.3179
| [32meval[0m  | E: 4 | S: 4000 | R: 0.2986
| [32meval[0m  | E: 8 | S: 8000 | R: 0.2906
| [33mtrain[0m | E: 9 | S: 9000 | R: 148.3037 | D: 14.7 s | BR: 0.9561 | ALOSS: -1.4194 | CLOSS: 1.1616 | TLOSS: 0.1497 | TVAL: 0.0997 | AENT: 0.5016
| [33mtrain[0m | E: 10 | S: 10000 | R: 181.8060 | D: 10.7 s | BR: 1.0100 | ALOSS: -2.0413 | CLOSS: 0.4014 | TLOSS: 0.1618 | TVAL: 0.0991 | AENT: 0.6329
| [33mtrain[0m | E: 11 | S: 11000 | R: 208.2865 | D: 10.8 s | BR: 1.0909 | ALOSS: -2.8690 | CLOSS: 0.5332 | TLOSS: 0.1523 | TVAL: 0.0985 | AENT: 0.5465
| [33mtrain[0m | E: 12 | S: 12000 | R: 206.9292 | D: 10.9 s | BR: 1.1132 | ALOSS: -3.4103 | CLOSS: 0.8995 | TLOSS: 0.1477 | TVAL: 0.0979 | AENT: 0.5086
| [32meval[0m  | E: 12 | S: 12000 | R: 94.0605
| [33mtrain[0m | E: 13 | S: 13000 | R: 109.4518 | D: 14.7 s | BR: 1.1087 | ALOSS: -3.8781 | CLOSS: 0.8861 | TLOSS: 0.1445 | TVAL: 0.0973 | AENT: 0.4843
| [33mtrain[0m | E: 14 | S: 14000 | R: 198.9251 | D: 10.8 s | BR: 1.1159 | ALOSS: -4.4897 | CLOSS: 0.5924 | TLOSS: 0.1359 | TVAL: 0.0968 | AENT: 0.4042
| [33mtrain[0m | E: 15 | S: 15000 | R: 131.6350 | D: 10.9 s | BR: 1.1529 | ALOSS: -5.1247 | CLOSS: 1.0306 | TLOSS: 0.1272 | TVAL: 0.0962 | AENT: 0.3218
| [33mtrain[0m | E: 16 | S: 16000 | R: 223.7750 | D: 10.9 s | BR: 1.1713 | ALOSS: -5.8188 | CLOSS: 1.7733 | TLOSS: 0.1216 | TVAL: 0.0957 | AENT: 0.2701
| [32meval[0m  | E: 16 | S: 16000 | R: 178.5641
| [33mtrain[0m | E: 17 | S: 17000 | R: 169.2384 | D: 14.7 s | BR: 1.1740 | ALOSS: -6.5312 | CLOSS: 1.4115 | TLOSS: 0.1072 | TVAL: 0.0952 | AENT: 0.1253
| [33mtrain[0m | E: 18 | S: 18000 | R: 152.1278 | D: 10.8 s | BR: 1.2098 | ALOSS: -7.3672 | CLOSS: 2.1642 | TLOSS: 0.1027 | TVAL: 0.0948 | AENT: 0.0832
| [33mtrain[0m | E: 19 | S: 19000 | R: 161.9160 | D: 10.8 s | BR: 1.1953 | ALOSS: -8.6947 | CLOSS: 2.3204 | TLOSS: 0.0922 | TVAL: 0.0944 | AENT: -0.0235
| [33mtrain[0m | E: 20 | S: 20000 | R: 169.4577 | D: 10.9 s | BR: 1.2135 | ALOSS: -9.5996 | CLOSS: 3.2074 | TLOSS: 0.0753 | TVAL: 0.0940 | AENT: -0.1984
| [32meval[0m  | E: 20 | S: 20000 | R: 135.2780
| [33mtrain[0m | E: 21 | S: 21000 | R: 152.7207 | D: 14.8 s | BR: 1.2115 | ALOSS: -10.4802 | CLOSS: 2.3327 | TLOSS: 0.0819 | TVAL: 0.0936 | AENT: -0.1251
| [33mtrain[0m | E: 22 | S: 22000 | R: 141.1220 | D: 10.8 s | BR: 1.2084 | ALOSS: -11.4053 | CLOSS: 2.2843 | TLOSS: 0.0758 | TVAL: 0.0932 | AENT: -0.1865
| [33mtrain[0m | E: 23 | S: 23000 | R: 208.2969 | D: 10.9 s | BR: 1.2409 | ALOSS: -12.5455 | CLOSS: 3.1329 | TLOSS: 0.0577 | TVAL: 0.0929 | AENT: -0.3792
| [33mtrain[0m | E: 24 | S: 24000 | R: 187.1869 | D: 11.0 s | BR: 1.2471 | ALOSS: -14.2160 | CLOSS: 3.6180 | TLOSS: 0.0446 | TVAL: 0.0927 | AENT: -0.5182
| [32meval[0m  | E: 24 | S: 24000 | R: 223.8874
| [33mtrain[0m | E: 25 | S: 25000 | R: 190.8992 | D: 14.9 s | BR: 1.2612 | ALOSS: -15.4866 | CLOSS: 3.1144 | TLOSS: 0.0301 | TVAL: 0.0924 | AENT: -0.6739
| [33mtrain[0m | E: 26 | S: 26000 | R: 178.5775 | D: 11.1 s | BR: 1.2783 | ALOSS: -17.0572 | CLOSS: 4.3395 | TLOSS: 0.0219 | TVAL: 0.0923 | AENT: -0.7627
| [33mtrain[0m | E: 27 | S: 27000 | R: 325.1672 | D: 11.4 s | BR: 1.3499 | ALOSS: -18.5393 | CLOSS: 6.9194 | TLOSS: 0.0225 | TVAL: 0.0922 | AENT: -0.7563
| [33mtrain[0m | E: 28 | S: 28000 | R: 452.7930 | D: 11.7 s | BR: 1.4238 | ALOSS: -20.3451 | CLOSS: 6.1870 | TLOSS: 0.0147 | TVAL: 0.0921 | AENT: -0.8400
| [32meval[0m  | E: 28 | S: 28000 | R: 326.0429
| [33mtrain[0m | E: 29 | S: 29000 | R: 471.6063 | D: 15.9 s | BR: 1.5005 | ALOSS: -21.9874 | CLOSS: 6.3521 | TLOSS: 0.0084 | TVAL: 0.0920 | AENT: -0.9090
| [33mtrain[0m | E: 30 | S: 30000 | R: 406.5268 | D: 11.2 s | BR: 1.5884 | ALOSS: -23.7812 | CLOSS: 9.6166 | TLOSS: 0.0112 | TVAL: 0.0919 | AENT: -0.8780
| [33mtrain[0m | E: 31 | S: 31000 | R: 557.3052 | D: 11.4 s | BR: 1.6628 | ALOSS: -25.4806 | CLOSS: 9.7488 | TLOSS: 0.0057 | TVAL: 0.0919 | AENT: -0.9380
| [33mtrain[0m | E: 32 | S: 32000 | R: 453.9397 | D: 11.8 s | BR: 1.7377 | ALOSS: -27.5530 | CLOSS: 12.0206 | TLOSS: -0.0030 | TVAL: 0.0919 | AENT: -1.0324
| [32meval[0m  | E: 32 | S: 32000 | R: 600.9162
| [33mtrain[0m | E: 33 | S: 33000 | R: 526.3842 | D: 16.0 s | BR: 1.8141 | ALOSS: -29.5689 | CLOSS: 11.2620 | TLOSS: -0.0032 | TVAL: 0.0919 | AENT: -1.0352
| [33mtrain[0m | E: 34 | S: 34000 | R: 551.0926 | D: 11.3 s | BR: 1.9190 | ALOSS: -31.8308 | CLOSS: 12.3198 | TLOSS: -0.0069 | TVAL: 0.0919 | AENT: -1.0748
| [33mtrain[0m | E: 35 | S: 35000 | R: 502.9385 | D: 11.5 s | BR: 1.9332 | ALOSS: -33.9243 | CLOSS: 17.8556 | TLOSS: -0.0096 | TVAL: 0.0920 | AENT: -1.1042
| [33mtrain[0m | E: 36 | S: 36000 | R: 479.4245 | D: 11.7 s | BR: 2.0035 | ALOSS: -37.0624 | CLOSS: 22.5195 | TLOSS: -0.0132 | TVAL: 0.0921 | AENT: -1.1436
| [32meval[0m  | E: 36 | S: 36000 | R: 843.6211
| [33mtrain[0m | E: 37 | S: 37000 | R: 452.8425 | D: 15.6 s | BR: 2.0703 | ALOSS: -40.1770 | CLOSS: 17.7675 | TLOSS: -0.0217 | TVAL: 0.0922 | AENT: -1.2348
| [33mtrain[0m | E: 38 | S: 38000 | R: 776.3194 | D: 11.2 s | BR: 2.1904 | ALOSS: -43.2318 | CLOSS: 25.9122 | TLOSS: -0.0301 | TVAL: 0.0924 | AENT: -1.3258
| [33mtrain[0m | E: 39 | S: 39000 | R: 638.5292 | D: 11.6 s | BR: 2.1881 | ALOSS: -45.0008 | CLOSS: 31.2950 | TLOSS: -0.0346 | TVAL: 0.0927 | AENT: -1.3726
| [33mtrain[0m | E: 40 | S: 40000 | R: 512.5372 | D: 11.8 s | BR: 2.2869 | ALOSS: -48.6717 | CLOSS: 24.6435 | TLOSS: -0.0448 | TVAL: 0.0931 | AENT: -1.4815
| [32meval[0m  | E: 40 | S: 40000 | R: 828.8134
| [33mtrain[0m | E: 41 | S: 41000 | R: 791.3815 | D: 15.9 s | BR: 2.4265 | ALOSS: -53.2903 | CLOSS: 35.7559 | TLOSS: -0.0385 | TVAL: 0.0935 | AENT: -1.4116
| [33mtrain[0m | E: 42 | S: 42000 | R: 750.0760 | D: 11.3 s | BR: 2.5183 | ALOSS: -56.8981 | CLOSS: 29.2909 | TLOSS: -0.0486 | TVAL: 0.0939 | AENT: -1.5179
| [33mtrain[0m | E: 43 | S: 43000 | R: 804.6164 | D: 11.5 s | BR: 2.5624 | ALOSS: -60.0858 | CLOSS: 32.1780 | TLOSS: -0.0531 | TVAL: 0.0944 | AENT: -1.5626
| [33mtrain[0m | E: 44 | S: 44000 | R: 773.1842 | D: 11.6 s | BR: 2.6715 | ALOSS: -64.6784 | CLOSS: 49.5436 | TLOSS: -0.0492 | TVAL: 0.0949 | AENT: -1.5183
| [32meval[0m  | E: 44 | S: 44000 | R: 718.8552
| [33mtrain[0m | E: 45 | S: 45000 | R: 701.3548 | D: 15.8 s | BR: 2.7464 | ALOSS: -68.4933 | CLOSS: 35.3185 | TLOSS: -0.0544 | TVAL: 0.0955 | AENT: -1.5697
| [33mtrain[0m | E: 46 | S: 46000 | R: 777.0208 | D: 11.3 s | BR: 2.7844 | ALOSS: -72.4928 | CLOSS: 46.2452 | TLOSS: -0.0568 | TVAL: 0.0960 | AENT: -1.5917
| [33mtrain[0m | E: 47 | S: 47000 | R: 706.5396 | D: 11.6 s | BR: 2.8554 | ALOSS: -76.7415 | CLOSS: 51.7409 | TLOSS: -0.0725 | TVAL: 0.0967 | AENT: -1.7502
| [33mtrain[0m | E: 48 | S: 48000 | R: 691.3150 | D: 11.6 s | BR: 2.9312 | ALOSS: -80.9144 | CLOSS: 36.7170 | TLOSS: -0.0599 | TVAL: 0.0973 | AENT: -1.6159
| [32meval[0m  | E: 48 | S: 48000 | R: 799.0416
| [33mtrain[0m | E: 49 | S: 49000 | R: 728.2641 | D: 15.8 s | BR: 2.9973 | ALOSS: -84.8318 | CLOSS: 43.5160 | TLOSS: -0.0655 | TVAL: 0.0980 | AENT: -1.6683
| [33mtrain[0m | E: 50 | S: 50000 | R: 745.3773 | D: 11.2 s | BR: 3.0442 | ALOSS: -89.5979 | CLOSS: 67.1291 | TLOSS: -0.0735 | TVAL: 0.0986 | AENT: -1.7452
| [33mtrain[0m | E: 51 | S: 51000 | R: 658.8203 | D: 11.5 s | BR: 3.1093 | ALOSS: -93.4689 | CLOSS: 36.5250 | TLOSS: -0.0732 | TVAL: 0.0994 | AENT: -1.7368
| [33mtrain[0m | E: 52 | S: 52000 | R: 696.9187 | D: 11.6 s | BR: 3.1725 | ALOSS: -97.6095 | CLOSS: 68.5120 | TLOSS: -0.0644 | TVAL: 0.1001 | AENT: -1.6435
| [32meval[0m  | E: 52 | S: 52000 | R: 783.6699
| [33mtrain[0m | E: 53 | S: 53000 | R: 780.1870 | D: 15.9 s | BR: 3.1388 | ALOSS: -101.3851 | CLOSS: 47.1164 | TLOSS: -0.0799 | TVAL: 0.1008 | AENT: -1.7929
| [33mtrain[0m | E: 54 | S: 54000 | R: 577.8304 | D: 11.2 s | BR: 3.2139 | ALOSS: -105.9373 | CLOSS: 38.3400 | TLOSS: -0.0650 | TVAL: 0.1015 | AENT: -1.6400
| [33mtrain[0m | E: 55 | S: 55000 | R: 693.6086 | D: 11.6 s | BR: 3.2754 | ALOSS: -110.1239 | CLOSS: 48.7589 | TLOSS: -0.0747 | TVAL: 0.1022 | AENT: -1.7306
| [33mtrain[0m | E: 56 | S: 56000 | R: 785.6564 | D: 11.7 s | BR: 3.3298 | ALOSS: -114.2984 | CLOSS: 50.7689 | TLOSS: -0.0813 | TVAL: 0.1029 | AENT: -1.7894
| [32meval[0m  | E: 56 | S: 56000 | R: 802.9276
| [33mtrain[0m | E: 57 | S: 57000 | R: 726.7803 | D: 15.8 s | BR: 3.3134 | ALOSS: -117.7844 | CLOSS: 48.6899 | TLOSS: -0.0839 | TVAL: 0.1037 | AENT: -1.8085
| [33mtrain[0m | E: 58 | S: 58000 | R: 734.9540 | D: 11.1 s | BR: 3.3415 | ALOSS: -123.2211 | CLOSS: 52.7304 | TLOSS: -0.0801 | TVAL: 0.1045 | AENT: -1.7668
| [33mtrain[0m | E: 59 | S: 59000 | R: 550.3830 | D: 11.5 s | BR: 3.4269 | ALOSS: -126.7075 | CLOSS: 65.0920 | TLOSS: -0.0786 | TVAL: 0.1053 | AENT: -1.7468
| [33mtrain[0m | E: 60 | S: 60000 | R: 773.5160 | D: 11.7 s | BR: 3.4744 | ALOSS: -131.5774 | CLOSS: 41.8644 | TLOSS: -0.0851 | TVAL: 0.1061 | AENT: -1.8026
| [32meval[0m  | E: 60 | S: 60000 | R: 817.4483
| [33mtrain[0m | E: 61 | S: 61000 | R: 786.6034 | D: 15.7 s | BR: 3.5548 | ALOSS: -135.7389 | CLOSS: 45.1826 | TLOSS: -0.0746 | TVAL: 0.1068 | AENT: -1.6985
| [33mtrain[0m | E: 62 | S: 62000 | R: 790.0104 | D: 11.2 s | BR: 3.5605 | ALOSS: -139.8430 | CLOSS: 51.0475 | TLOSS: -0.0804 | TVAL: 0.1075 | AENT: -1.7478
| [33mtrain[0m | E: 63 | S: 63000 | R: 749.5362 | D: 11.4 s | BR: 3.5977 | ALOSS: -144.4237 | CLOSS: 62.0782 | TLOSS: -0.0750 | TVAL: 0.1082 | AENT: -1.6932
| [33mtrain[0m | E: 64 | S: 64000 | R: 723.4113 | D: 11.8 s | BR: 3.5993 | ALOSS: -147.5376 | CLOSS: 49.4037 | TLOSS: -0.0853 | TVAL: 0.1090 | AENT: -1.7831
| [32meval[0m  | E: 64 | S: 64000 | R: 849.2764
| [33mtrain[0m | E: 65 | S: 65000 | R: 692.1803 | D: 15.7 s | BR: 3.6747 | ALOSS: -151.7203 | CLOSS: 49.7097 | TLOSS: -0.0747 | TVAL: 0.1098 | AENT: -1.6805
| [33mtrain[0m | E: 66 | S: 66000 | R: 799.0465 | D: 11.2 s | BR: 3.7065 | ALOSS: -155.6976 | CLOSS: 49.0115 | TLOSS: -0.0756 | TVAL: 0.1104 | AENT: -1.6848
| [33mtrain[0m | E: 67 | S: 67000 | R: 763.1891 | D: 11.7 s | BR: 3.7535 | ALOSS: -159.5768 | CLOSS: 41.6645 | TLOSS: -0.0673 | TVAL: 0.1111 | AENT: -1.6058
| [33mtrain[0m | E: 68 | S: 68000 | R: 838.1298 | D: 11.9 s | BR: 3.7981 | ALOSS: -162.8181 | CLOSS: 45.4132 | TLOSS: -0.0793 | TVAL: 0.1118 | AENT: -1.7097
| [32meval[0m  | E: 68 | S: 68000 | R: 662.6131
| [33mtrain[0m | E: 69 | S: 69000 | R: 676.8880 | D: 16.1 s | BR: 3.8181 | ALOSS: -165.7378 | CLOSS: 32.5297 | TLOSS: -0.0802 | TVAL: 0.1125 | AENT: -1.7126
| [33mtrain[0m | E: 70 | S: 70000 | R: 769.4417 | D: 11.2 s | BR: 3.8210 | ALOSS: -169.9714 | CLOSS: 30.0749 | TLOSS: -0.0730 | TVAL: 0.1133 | AENT: -1.6448
| [33mtrain[0m | E: 71 | S: 71000 | R: 772.3015 | D: 11.4 s | BR: 3.8615 | ALOSS: -173.9705 | CLOSS: 44.4144 | TLOSS: -0.0781 | TVAL: 0.1140 | AENT: -1.6853
| [33mtrain[0m | E: 72 | S: 72000 | R: 777.5440 | D: 11.6 s | BR: 3.9455 | ALOSS: -177.9623 | CLOSS: 40.5900 | TLOSS: -0.0751 | TVAL: 0.1147 | AENT: -1.6548
| [32meval[0m  | E: 72 | S: 72000 | R: 597.9049
| [33mtrain[0m | E: 73 | S: 73000 | R: 755.4745 | D: 15.5 s | BR: 3.9535 | ALOSS: -180.7469 | CLOSS: 29.7412 | TLOSS: -0.0728 | TVAL: 0.1154 | AENT: -1.6303
| [33mtrain[0m | E: 74 | S: 74000 | R: 688.5422 | D: 11.3 s | BR: 3.9699 | ALOSS: -184.6038 | CLOSS: 39.0487 | TLOSS: -0.0708 | TVAL: 0.1161 | AENT: -1.6099
| [33mtrain[0m | E: 75 | S: 75000 | R: 714.9488 | D: 11.4 s | BR: 3.9735 | ALOSS: -187.7150 | CLOSS: 26.7549 | TLOSS: -0.0738 | TVAL: 0.1168 | AENT: -1.6321
| [33mtrain[0m | E: 76 | S: 76000 | R: 740.8025 | D: 11.7 s | BR: 3.9929 | ALOSS: -191.1961 | CLOSS: 28.5685 | TLOSS: -0.0772 | TVAL: 0.1176 | AENT: -1.6566
| [32meval[0m  | E: 76 | S: 76000 | R: 750.1353
| [33mtrain[0m | E: 77 | S: 77000 | R: 759.7498 | D: 15.8 s | BR: 4.0477 | ALOSS: -194.8812 | CLOSS: 28.2088 | TLOSS: -0.0676 | TVAL: 0.1183 | AENT: -1.5713
| [33mtrain[0m | E: 78 | S: 78000 | R: 714.6569 | D: 11.3 s | BR: 4.0496 | ALOSS: -197.6564 | CLOSS: 27.8034 | TLOSS: -0.0726 | TVAL: 0.1190 | AENT: -1.6100
| [33mtrain[0m | E: 79 | S: 79000 | R: 735.9327 | D: 11.3 s | BR: 4.1013 | ALOSS: -201.3553 | CLOSS: 31.3075 | TLOSS: -0.0693 | TVAL: 0.1197 | AENT: -1.5794
| [33mtrain[0m | E: 80 | S: 80000 | R: 723.8583 | D: 11.9 s | BR: 4.1132 | ALOSS: -203.7237 | CLOSS: 25.9352 | TLOSS: -0.0598 | TVAL: 0.1203 | AENT: -1.4972
| [32meval[0m  | E: 80 | S: 80000 | R: 720.4118
| [33mtrain[0m | E: 81 | S: 81000 | R: 753.3833 | D: 16.0 s | BR: 4.1051 | ALOSS: -207.3764 | CLOSS: 25.8243 | TLOSS: -0.0628 | TVAL: 0.1210 | AENT: -1.5193
| [33mtrain[0m | E: 82 | S: 82000 | R: 755.9039 | D: 11.3 s | BR: 4.1966 | ALOSS: -211.0307 | CLOSS: 27.6255 | TLOSS: -0.0646 | TVAL: 0.1216 | AENT: -1.5312
| [33mtrain[0m | E: 83 | S: 83000 | R: 782.6867 | D: 11.5 s | BR: 4.1511 | ALOSS: -213.4557 | CLOSS: 19.7015 | TLOSS: -0.0591 | TVAL: 0.1222 | AENT: -1.4838
| [33mtrain[0m | E: 84 | S: 84000 | R: 757.8036 | D: 11.8 s | BR: 4.2063 | ALOSS: -216.8762 | CLOSS: 24.5253 | TLOSS: -0.0530 | TVAL: 0.1228 | AENT: -1.4315
| [32meval[0m  | E: 84 | S: 84000 | R: 734.5181
| [33mtrain[0m | E: 85 | S: 85000 | R: 747.4473 | D: 16.0 s | BR: 4.2854 | ALOSS: -220.2423 | CLOSS: 24.3240 | TLOSS: -0.0496 | TVAL: 0.1234 | AENT: -1.4021
| [33mtrain[0m | E: 86 | S: 86000 | R: 773.5261 | D: 11.1 s | BR: 4.2345 | ALOSS: -222.5250 | CLOSS: 22.9151 | TLOSS: -0.0514 | TVAL: 0.1239 | AENT: -1.4148
| [33mtrain[0m | E: 87 | S: 87000 | R: 713.9078 | D: 11.6 s | BR: 4.2496 | ALOSS: -225.9497 | CLOSS: 20.0107 | TLOSS: -0.0461 | TVAL: 0.1244 | AENT: -1.3705
| [33mtrain[0m | E: 88 | S: 88000 | R: 765.1596 | D: 11.9 s | BR: 4.2995 | ALOSS: -228.4209 | CLOSS: 18.4135 | TLOSS: -0.0461 | TVAL: 0.1250 | AENT: -1.3685
| [32meval[0m  | E: 88 | S: 88000 | R: 822.4531
| [33mtrain[0m | E: 89 | S: 89000 | R: 739.7832 | D: 15.9 s | BR: 4.3332 | ALOSS: -231.7130 | CLOSS: 17.3008 | TLOSS: -0.0492 | TVAL: 0.1256 | AENT: -1.3921
| [33mtrain[0m | E: 90 | S: 90000 | R: 780.5102 | D: 11.2 s | BR: 4.2866 | ALOSS: -233.8373 | CLOSS: 19.1016 | TLOSS: -0.0454 | TVAL: 0.1261 | AENT: -1.3601
| [33mtrain[0m | E: 91 | S: 91000 | R: 797.2053 | D: 11.5 s | BR: 4.3324 | ALOSS: -237.5896 | CLOSS: 21.7511 | TLOSS: -0.0339 | TVAL: 0.1266 | AENT: -1.2676
| [33mtrain[0m | E: 92 | S: 92000 | R: 797.4031 | D: 11.8 s | BR: 4.3622 | ALOSS: -239.7846 | CLOSS: 27.3550 | TLOSS: -0.0478 | TVAL: 0.1271 | AENT: -1.3761
| [32meval[0m  | E: 92 | S: 92000 | R: 851.5726
| [33mtrain[0m | E: 93 | S: 93000 | R: 710.9390 | D: 15.9 s | BR: 4.3740 | ALOSS: -242.6534 | CLOSS: 26.9206 | TLOSS: -0.0449 | TVAL: 0.1276 | AENT: -1.3521
| [33mtrain[0m | E: 94 | S: 94000 | R: 781.9983 | D: 11.4 s | BR: 4.4098 | ALOSS: -245.4179 | CLOSS: 25.6136 | TLOSS: -0.0428 | TVAL: 0.1282 | AENT: -1.3337
| [33mtrain[0m | E: 95 | S: 95000 | R: 742.8223 | D: 11.6 s | BR: 4.4507 | ALOSS: -248.6265 | CLOSS: 26.7208 | TLOSS: -0.0415 | TVAL: 0.1287 | AENT: -1.3224
| [33mtrain[0m | E: 96 | S: 96000 | R: 760.3971 | D: 11.6 s | BR: 4.4260 | ALOSS: -250.6357 | CLOSS: 20.2820 | TLOSS: -0.0392 | TVAL: 0.1293 | AENT: -1.3035
| [32meval[0m  | E: 96 | S: 96000 | R: 720.6016
| [33mtrain[0m | E: 97 | S: 97000 | R: 790.3788 | D: 15.8 s | BR: 4.4434 | ALOSS: -253.4993 | CLOSS: 19.4404 | TLOSS: -0.0395 | TVAL: 0.1298 | AENT: -1.3045
| [33mtrain[0m | E: 98 | S: 98000 | R: 818.4942 | D: 11.3 s | BR: 4.4882 | ALOSS: -256.7383 | CLOSS: 16.5896 | TLOSS: -0.0416 | TVAL: 0.1304 | AENT: -1.3193
| [33mtrain[0m | E: 99 | S: 99000 | R: 797.7477 | D: 11.5 s | BR: 4.4839 | ALOSS: -258.9889 | CLOSS: 22.9953 | TLOSS: -0.0361 | TVAL: 0.1309 | AENT: -1.2759
| [33mtrain[0m | E: 100 | S: 100000 | R: 787.7540 | D: 11.8 s | BR: 4.4965 | ALOSS: -262.1860 | CLOSS: 21.1983 | TLOSS: -0.0369 | TVAL: 0.1314 | AENT: -1.2804
| [32meval[0m  | E: 100 | S: 100000 | R: 791.5664
| [33mtrain[0m | E: 101 | S: 101000 | R: 748.9780 | D: 15.9 s | BR: 4.5024 | ALOSS: -264.4530 | CLOSS: 18.1360 | TLOSS: -0.0283 | TVAL: 0.1319 | AENT: -1.2144
| [33mtrain[0m | E: 102 | S: 102000 | R: 769.3533 | D: 11.3 s | BR: 4.5090 | ALOSS: -267.0129 | CLOSS: 19.7220 | TLOSS: -0.0280 | TVAL: 0.1323 | AENT: -1.2119
| [33mtrain[0m | E: 103 | S: 103000 | R: 840.0761 | D: 11.4 s | BR: 4.5763 | ALOSS: -269.9359 | CLOSS: 23.2299 | TLOSS: -0.0293 | TVAL: 0.1328 | AENT: -1.2207
| [33mtrain[0m | E: 104 | S: 104000 | R: 758.6009 | D: 11.5 s | BR: 4.5952 | ALOSS: -272.9698 | CLOSS: 23.2151 | TLOSS: -0.0330 | TVAL: 0.1332 | AENT: -1.2479
| [32meval[0m  | E: 104 | S: 104000 | R: 517.4780
| [33mtrain[0m | E: 105 | S: 105000 | R: 748.5364 | D: 15.9 s | BR: 4.5921 | ALOSS: -275.1219 | CLOSS: 17.9943 | TLOSS: -0.0376 | TVAL: 0.1338 | AENT: -1.2812
| [33mtrain[0m | E: 106 | S: 106000 | R: 772.7914 | D: 11.4 s | BR: 4.5904 | ALOSS: -277.6080 | CLOSS: 16.8469 | TLOSS: -0.0351 | TVAL: 0.1344 | AENT: -1.2609
| [33mtrain[0m | E: 107 | S: 107000 | R: 786.7251 | D: 11.5 s | BR: 4.6187 | ALOSS: -280.5595 | CLOSS: 16.7937 | TLOSS: -0.0284 | TVAL: 0.1349 | AENT: -1.2105
| [33mtrain[0m | E: 108 | S: 108000 | R: 784.2971 | D: 12.0 s | BR: 4.6433 | ALOSS: -283.4675 | CLOSS: 26.9312 | TLOSS: -0.0375 | TVAL: 0.1355 | AENT: -1.2768
| [32meval[0m  | E: 108 | S: 108000 | R: 811.2639
| [33mtrain[0m | E: 109 | S: 109000 | R: 799.5496 | D: 16.1 s | BR: 4.6977 | ALOSS: -285.7598 | CLOSS: 21.5863 | TLOSS: -0.0310 | TVAL: 0.1360 | AENT: -1.2278
| [33mtrain[0m | E: 110 | S: 110000 | R: 795.5667 | D: 11.4 s | BR: 4.6770 | ALOSS: -288.2620 | CLOSS: 15.4376 | TLOSS: -0.0287 | TVAL: 0.1365 | AENT: -1.2104
| [33mtrain[0m | E: 111 | S: 111000 | R: 768.1614 | D: 11.5 s | BR: 4.6646 | ALOSS: -290.4170 | CLOSS: 15.3851 | TLOSS: -0.0335 | TVAL: 0.1371 | AENT: -1.2447
| [33mtrain[0m | E: 112 | S: 112000 | R: 806.4788 | D: 11.4 s | BR: 4.6941 | ALOSS: -292.6134 | CLOSS: 22.3936 | TLOSS: -0.0388 | TVAL: 0.1377 | AENT: -1.2815
| [32meval[0m  | E: 112 | S: 112000 | R: 848.7834
| [33mtrain[0m | E: 113 | S: 113000 | R: 804.5981 | D: 15.6 s | BR: 4.7332 | ALOSS: -296.5036 | CLOSS: 13.1879 | TLOSS: -0.0232 | TVAL: 0.1383 | AENT: -1.1675
| [33mtrain[0m | E: 114 | S: 114000 | R: 802.1385 | D: 11.2 s | BR: 4.7337 | ALOSS: -298.0286 | CLOSS: 20.0498 | TLOSS: -0.0347 | TVAL: 0.1388 | AENT: -1.2500
| [33mtrain[0m | E: 115 | S: 115000 | R: 823.8942 | D: 11.6 s | BR: 4.7753 | ALOSS: -301.2372 | CLOSS: 17.1973 | TLOSS: -0.0305 | TVAL: 0.1394 | AENT: -1.2184
| [33mtrain[0m | E: 116 | S: 116000 | R: 806.5507 | D: 11.9 s | BR: 4.7623 | ALOSS: -304.0683 | CLOSS: 13.3941 | TLOSS: -0.0376 | TVAL: 0.1401 | AENT: -1.2684
| [32meval[0m  | E: 116 | S: 116000 | R: 858.8125
| [33mtrain[0m | E: 117 | S: 117000 | R: 830.8367 | D: 16.0 s | BR: 4.7593 | ALOSS: -306.5403 | CLOSS: 16.9355 | TLOSS: -0.0324 | TVAL: 0.1407 | AENT: -1.2304
| [33mtrain[0m | E: 118 | S: 118000 | R: 845.3095 | D: 11.4 s | BR: 4.8029 | ALOSS: -310.0745 | CLOSS: 17.1043 | TLOSS: -0.0349 | TVAL: 0.1414 | AENT: -1.2467
| [33mtrain[0m | E: 119 | S: 119000 | R: 799.9141 | D: 11.8 s | BR: 4.7931 | ALOSS: -312.2185 | CLOSS: 21.6216 | TLOSS: -0.0268 | TVAL: 0.1420 | AENT: -1.1890
| [33mtrain[0m | E: 120 | S: 120000 | R: 832.0356 | D: 11.9 s | BR: 4.8640 | ALOSS: -315.1493 | CLOSS: 34.1238 | TLOSS: -0.0234 | TVAL: 0.1425 | AENT: -1.1642
| [32meval[0m  | E: 120 | S: 120000 | R: 857.1725
| [33mtrain[0m | E: 121 | S: 121000 | R: 772.0881 | D: 15.9 s | BR: 4.8076 | ALOSS: -316.8437 | CLOSS: 18.2461 | TLOSS: -0.0285 | TVAL: 0.1431 | AENT: -1.1990
| [33mtrain[0m | E: 122 | S: 122000 | R: 810.5075 | D: 11.3 s | BR: 4.8532 | ALOSS: -318.7523 | CLOSS: 19.4809 | TLOSS: -0.0183 | TVAL: 0.1435 | AENT: -1.1277
| [33mtrain[0m | E: 123 | S: 123000 | R: 776.6517 | D: 11.4 s | BR: 4.8535 | ALOSS: -321.2647 | CLOSS: 14.0977 | TLOSS: -0.0205 | TVAL: 0.1439 | AENT: -1.1426
| [33mtrain[0m | E: 124 | S: 124000 | R: 831.9482 | D: 11.9 s | BR: 4.9029 | ALOSS: -324.1481 | CLOSS: 19.2738 | TLOSS: -0.0232 | TVAL: 0.1445 | AENT: -1.1610
| [32meval[0m  | E: 124 | S: 124000 | R: 837.3709
| [33mtrain[0m | E: 125 | S: 125000 | R: 838.5142 | D: 16.1 s | BR: 4.8953 | ALOSS: -327.1431 | CLOSS: 18.0619 | TLOSS: -0.0267 | TVAL: 0.1449 | AENT: -1.1839
| [33mtrain[0m | E: 126 | S: 126000 | R: 829.9419 | D: 11.3 s | BR: 4.8895 | ALOSS: -329.2494 | CLOSS: 20.6773 | TLOSS: -0.0225 | TVAL: 0.1455 | AENT: -1.1546
| [33mtrain[0m | E: 127 | S: 127000 | R: 789.3432 | D: 11.2 s | BR: 4.9362 | ALOSS: -332.6789 | CLOSS: 15.3992 | TLOSS: -0.0153 | TVAL: 0.1459 | AENT: -1.1051
| [33mtrain[0m | E: 128 | S: 128000 | R: 837.3650 | D: 11.7 s | BR: 4.9586 | ALOSS: -334.4613 | CLOSS: 16.8546 | TLOSS: -0.0202 | TVAL: 0.1463 | AENT: -1.1383
| [32meval[0m  | E: 128 | S: 128000 | R: 839.8761
| [33mtrain[0m | E: 129 | S: 129000 | R: 797.0994 | D: 15.7 s | BR: 4.9366 | ALOSS: -336.5459 | CLOSS: 24.8941 | TLOSS: -0.0286 | TVAL: 0.1468 | AENT: -1.1946
| [33mtrain[0m | E: 130 | S: 130000 | R: 802.6834 | D: 11.3 s | BR: 4.9139 | ALOSS: -338.1600 | CLOSS: 22.0988 | TLOSS: -0.0264 | TVAL: 0.1475 | AENT: -1.1788
| [33mtrain[0m | E: 131 | S: 131000 | R: 845.5093 | D: 11.6 s | BR: 4.9367 | ALOSS: -341.6604 | CLOSS: 16.7044 | TLOSS: -0.0213 | TVAL: 0.1481 | AENT: -1.1441
| [33mtrain[0m | E: 132 | S: 132000 | R: 831.3655 | D: 11.8 s | BR: 4.9395 | ALOSS: -343.9995 | CLOSS: 16.6900 | TLOSS: -0.0204 | TVAL: 0.1486 | AENT: -1.1370
| [32meval[0m  | E: 132 | S: 132000 | R: 844.5694
| [33mtrain[0m | E: 133 | S: 133000 | R: 835.3860 | D: 16.0 s | BR: 4.9579 | ALOSS: -345.8513 | CLOSS: 18.6589 | TLOSS: -0.0209 | TVAL: 0.1492 | AENT: -1.1402
| [33mtrain[0m | E: 134 | S: 134000 | R: 807.5437 | D: 11.4 s | BR: 4.9951 | ALOSS: -348.9785 | CLOSS: 19.7761 | TLOSS: -0.0136 | TVAL: 0.1496 | AENT: -1.0906
| [33mtrain[0m | E: 135 | S: 135000 | R: 804.1227 | D: 11.5 s | BR: 4.9982 | ALOSS: -350.2720 | CLOSS: 29.2907 | TLOSS: -0.0088 | TVAL: 0.1499 | AENT: -1.0589
| [33mtrain[0m | E: 136 | S: 136000 | R: 811.0236 | D: 11.8 s | BR: 5.0081 | ALOSS: -353.1596 | CLOSS: 13.4543 | TLOSS: -0.0110 | TVAL: 0.1502 | AENT: -1.0729
| [32meval[0m  | E: 136 | S: 136000 | R: 789.6913
| [33mtrain[0m | E: 137 | S: 137000 | R: 825.5068 | D: 15.8 s | BR: 4.9906 | ALOSS: -354.5699 | CLOSS: 15.0727 | TLOSS: -0.0140 | TVAL: 0.1505 | AENT: -1.0933
| [33mtrain[0m | E: 138 | S: 138000 | R: 837.7763 | D: 11.4 s | BR: 5.0625 | ALOSS: -356.9798 | CLOSS: 28.5417 | TLOSS: -0.0103 | TVAL: 0.1509 | AENT: -1.0684
| [33mtrain[0m | E: 139 | S: 139000 | R: 712.6924 | D: 11.5 s | BR: 5.0501 | ALOSS: -359.6816 | CLOSS: 21.6362 | TLOSS: -0.0202 | TVAL: 0.1513 | AENT: -1.1334
| [33mtrain[0m | E: 140 | S: 140000 | R: 802.3245 | D: 11.9 s | BR: 5.1125 | ALOSS: -362.3807 | CLOSS: 17.6981 | TLOSS: -0.0097 | TVAL: 0.1517 | AENT: -1.0637
| [32meval[0m  | E: 140 | S: 140000 | R: 869.9370
| [33mtrain[0m | E: 141 | S: 141000 | R: 835.0141 | D: 16.0 s | BR: 5.0717 | ALOSS: -364.2712 | CLOSS: 11.6870 | TLOSS: -0.0184 | TVAL: 0.1521 | AENT: -1.1213
| [33mtrain[0m | E: 142 | S: 142000 | R: 860.3907 | D: 11.6 s | BR: 5.0796 | ALOSS: -366.5613 | CLOSS: 20.2383 | TLOSS: -0.0225 | TVAL: 0.1527 | AENT: -1.1472
| [33mtrain[0m | E: 143 | S: 143000 | R: 855.3171 | D: 11.5 s | BR: 5.1249 | ALOSS: -369.3454 | CLOSS: 14.0244 | TLOSS: -0.0056 | TVAL: 0.1532 | AENT: -1.0367
| [33mtrain[0m | E: 144 | S: 144000 | R: 817.0307 | D: 11.7 s | BR: 5.1063 | ALOSS: -370.7026 | CLOSS: 18.4694 | TLOSS: -0.0072 | TVAL: 0.1533 | AENT: -1.0469
| [32meval[0m  | E: 144 | S: 144000 | R: 869.1486
| [33mtrain[0m | E: 145 | S: 145000 | R: 843.2123 | D: 16.0 s | BR: 5.1209 | ALOSS: -372.4797 | CLOSS: 13.7874 | TLOSS: -0.0136 | TVAL: 0.1536 | AENT: -1.0883
| [33mtrain[0m | E: 146 | S: 146000 | R: 863.6007 | D: 11.5 s | BR: 5.1193 | ALOSS: -375.0395 | CLOSS: 21.8251 | TLOSS: -0.0068 | TVAL: 0.1540 | AENT: -1.0439
| [33mtrain[0m | E: 147 | S: 147000 | R: 807.4494 | D: 11.4 s | BR: 5.1153 | ALOSS: -376.5485 | CLOSS: 22.1862 | TLOSS: -0.0099 | TVAL: 0.1542 | AENT: -1.0643
| [33mtrain[0m | E: 148 | S: 148000 | R: 831.8213 | D: 11.7 s | BR: 5.1501 | ALOSS: -379.5322 | CLOSS: 13.0347 | TLOSS: -0.0204 | TVAL: 0.1547 | AENT: -1.1317
| [32meval[0m  | E: 148 | S: 148000 | R: 872.9204
| [33mtrain[0m | E: 149 | S: 149000 | R: 855.3265 | D: 15.9 s | BR: 5.1427 | ALOSS: -381.3405 | CLOSS: 16.3163 | TLOSS: -0.0147 | TVAL: 0.1552 | AENT: -1.0949
| [33mtrain[0m | E: 150 | S: 150000 | R: 851.9749 | D: 11.3 s | BR: 5.1713 | ALOSS: -384.1129 | CLOSS: 17.2779 | TLOSS: -0.0189 | TVAL: 0.1559 | AENT: -1.1212
| [33mtrain[0m | E: 151 | S: 151000 | R: 848.8059 | D: 11.4 s | BR: 5.1985 | ALOSS: -386.2497 | CLOSS: 22.1155 | TLOSS: -0.0279 | TVAL: 0.1566 | AENT: -1.1779
| [33mtrain[0m | E: 152 | S: 152000 | R: 821.9327 | D: 12.2 s | BR: 5.1788 | ALOSS: -387.8964 | CLOSS: 18.4509 | TLOSS: -0.0156 | TVAL: 0.1573 | AENT: -1.0993
| [32meval[0m  | E: 152 | S: 152000 | R: 873.8879
| [33mtrain[0m | E: 153 | S: 153000 | R: 828.0599 | D: 16.1 s | BR: 5.1866 | ALOSS: -389.6995 | CLOSS: 13.7091 | TLOSS: -0.0148 | TVAL: 0.1578 | AENT: -1.0936
| [33mtrain[0m | E: 154 | S: 154000 | R: 836.6059 | D: 11.4 s | BR: 5.2235 | ALOSS: -392.8751 | CLOSS: 24.8436 | TLOSS: -0.0137 | TVAL: 0.1582 | AENT: -1.0864
| [33mtrain[0m | E: 155 | S: 155000 | R: 828.4465 | D: 11.4 s | BR: 5.2393 | ALOSS: -395.0764 | CLOSS: 12.8332 | TLOSS: -0.0218 | TVAL: 0.1589 | AENT: -1.1374
| [33mtrain[0m | E: 156 | S: 156000 | R: 798.3410 | D: 11.7 s | BR: 5.2396 | ALOSS: -396.7009 | CLOSS: 14.4158 | TLOSS: -0.0101 | TVAL: 0.1595 | AENT: -1.0635
| [32meval[0m  | E: 156 | S: 156000 | R: 868.2468
| [33mtrain[0m | E: 157 | S: 157000 | R: 836.3066 | D: 15.9 s | BR: 5.2187 | ALOSS: -398.7119 | CLOSS: 18.0649 | TLOSS: -0.0179 | TVAL: 0.1599 | AENT: -1.1119
| [33mtrain[0m | E: 158 | S: 158000 | R: 857.6574 | D: 11.2 s | BR: 5.2757 | ALOSS: -401.1344 | CLOSS: 16.9668 | TLOSS: -0.0132 | TVAL: 0.1606 | AENT: -1.0823
| [33mtrain[0m | E: 159 | S: 159000 | R: 851.1155 | D: 11.4 s | BR: 5.2763 | ALOSS: -402.5429 | CLOSS: 18.0186 | TLOSS: -0.0137 | TVAL: 0.1610 | AENT: -1.0849
| [33mtrain[0m | E: 160 | S: 160000 | R: 849.0381 | D: 11.9 s | BR: 5.2970 | ALOSS: -405.5457 | CLOSS: 15.1520 | TLOSS: -0.0186 | TVAL: 0.1615 | AENT: -1.1154
| [32meval[0m  | E: 160 | S: 160000 | R: 878.5015
| [33mtrain[0m | E: 161 | S: 161000 | R: 851.9217 | D: 16.0 s | BR: 5.3104 | ALOSS: -407.1624 | CLOSS: 18.8312 | TLOSS: -0.0119 | TVAL: 0.1621 | AENT: -1.0732
| [33mtrain[0m | E: 162 | S: 162000 | R: 866.2486 | D: 11.3 s | BR: 5.2908 | ALOSS: -409.4939 | CLOSS: 16.3325 | TLOSS: -0.0174 | TVAL: 0.1626 | AENT: -1.1068
| [33mtrain[0m | E: 163 | S: 163000 | R: 844.5739 | D: 11.6 s | BR: 5.3331 | ALOSS: -411.7243 | CLOSS: 20.4349 | TLOSS: -0.0071 | TVAL: 0.1631 | AENT: -1.0433
| [33mtrain[0m | E: 164 | S: 164000 | R: 828.1486 | D: 12.0 s | BR: 5.3117 | ALOSS: -413.6517 | CLOSS: 15.2956 | TLOSS: -0.0057 | TVAL: 0.1633 | AENT: -1.0349
| [32meval[0m  | E: 164 | S: 164000 | R: 785.7527
| [33mtrain[0m | E: 165 | S: 165000 | R: 847.6256 | D: 16.0 s | BR: 5.2849 | ALOSS: -415.0581 | CLOSS: 14.2956 | TLOSS: -0.0079 | TVAL: 0.1636 | AENT: -1.0483
| [33mtrain[0m | E: 166 | S: 166000 | R: 853.2490 | D: 11.3 s | BR: 5.3506 | ALOSS: -417.6832 | CLOSS: 14.9252 | TLOSS: -0.0046 | TVAL: 0.1638 | AENT: -1.0281
| [33mtrain[0m | E: 167 | S: 167000 | R: 861.8192 | D: 11.4 s | BR: 5.3263 | ALOSS: -418.8680 | CLOSS: 16.7791 | TLOSS: -0.0093 | TVAL: 0.1641 | AENT: -1.0568
| [33mtrain[0m | E: 168 | S: 168000 | R: 859.3734 | D: 12.1 s | BR: 5.3981 | ALOSS: -422.0283 | CLOSS: 16.0123 | TLOSS: -0.0025 | TVAL: 0.1643 | AENT: -1.0150
| [32meval[0m  | E: 168 | S: 168000 | R: 854.2519
| [33mtrain[0m | E: 169 | S: 169000 | R: 836.2574 | D: 16.2 s | BR: 5.3447 | ALOSS: -423.1828 | CLOSS: 20.9254 | TLOSS: -0.0146 | TVAL: 0.1646 | AENT: -1.0889
| [33mtrain[0m | E: 170 | S: 170000 | R: 832.6630 | D: 11.5 s | BR: 5.3438 | ALOSS: -425.0715 | CLOSS: 15.3230 | TLOSS: -0.0106 | TVAL: 0.1652 | AENT: -1.0643
| [33mtrain[0m | E: 171 | S: 171000 | R: 861.9342 | D: 11.6 s | BR: 5.3808 | ALOSS: -427.1002 | CLOSS: 16.9577 | TLOSS: -0.0046 | TVAL: 0.1654 | AENT: -1.0279
| [33mtrain[0m | E: 172 | S: 172000 | R: 863.6092 | D: 11.7 s | BR: 5.3769 | ALOSS: -428.7997 | CLOSS: 15.0354 | TLOSS: -0.0155 | TVAL: 0.1658 | AENT: -1.0933
| [32meval[0m  | E: 172 | S: 172000 | R: 859.1009
| [33mtrain[0m | E: 173 | S: 173000 | R: 869.8424 | D: 15.8 s | BR: 5.3707 | ALOSS: -431.0747 | CLOSS: 17.2472 | TLOSS: -0.0142 | TVAL: 0.1664 | AENT: -1.0855
| [33mtrain[0m | E: 174 | S: 174000 | R: 847.2396 | D: 11.2 s | BR: 5.3716 | ALOSS: -433.1654 | CLOSS: 13.4941 | TLOSS: -0.0147 | TVAL: 0.1671 | AENT: -1.0881
| [33mtrain[0m | E: 175 | S: 175000 | R: 741.8886 | D: 11.5 s | BR: 5.4088 | ALOSS: -435.5168 | CLOSS: 25.3751 | TLOSS: -0.0064 | TVAL: 0.1675 | AENT: -1.0380
| [33mtrain[0m | E: 176 | S: 176000 | R: 810.9893 | D: 11.7 s | BR: 5.3952 | ALOSS: -436.5880 | CLOSS: 14.4754 | TLOSS: -0.0050 | TVAL: 0.1677 | AENT: -1.0297
| [32meval[0m  | E: 176 | S: 176000 | R: 861.6253
| [33mtrain[0m | E: 177 | S: 177000 | R: 836.1941 | D: 16.2 s | BR: 5.4548 | ALOSS: -438.7337 | CLOSS: 15.8553 | TLOSS: -0.0071 | TVAL: 0.1679 | AENT: -1.0421
| [33mtrain[0m | E: 178 | S: 178000 | R: 844.4290 | D: 11.3 s | BR: 5.4099 | ALOSS: -440.7115 | CLOSS: 18.4276 | TLOSS: -0.0130 | TVAL: 0.1684 | AENT: -1.0773
| [33mtrain[0m | E: 179 | S: 179000 | R: 829.7462 | D: 11.5 s | BR: 5.4486 | ALOSS: -442.7367 | CLOSS: 16.7252 | TLOSS: -0.0091 | TVAL: 0.1688 | AENT: -1.0540
| [33mtrain[0m | E: 180 | S: 180000 | R: 841.0454 | D: 12.0 s | BR: 5.3929 | ALOSS: -443.8543 | CLOSS: 18.8036 | TLOSS: -0.0169 | TVAL: 0.1694 | AENT: -1.0997
| [32meval[0m  | E: 180 | S: 180000 | R: 836.8656
| [33mtrain[0m | E: 181 | S: 181000 | R: 854.8735 | D: 16.0 s | BR: 5.4634 | ALOSS: -446.4625 | CLOSS: 12.1000 | TLOSS: -0.0110 | TVAL: 0.1701 | AENT: -1.0650
| [33mtrain[0m | E: 182 | S: 182000 | R: 836.6094 | D: 11.4 s | BR: 5.4445 | ALOSS: -447.5744 | CLOSS: 16.7641 | TLOSS: -0.0034 | TVAL: 0.1704 | AENT: -1.0202
| [33mtrain[0m | E: 183 | S: 183000 | R: 836.2659 | D: 11.5 s | BR: 5.4847 | ALOSS: -450.5926 | CLOSS: 14.3403 | TLOSS: -0.0056 | TVAL: 0.1705 | AENT: -1.0327
| [33mtrain[0m | E: 184 | S: 184000 | R: 813.7952 | D: 11.8 s | BR: 5.4748 | ALOSS: -451.8858 | CLOSS: 22.5731 | TLOSS: -0.0054 | TVAL: 0.1707 | AENT: -1.0319
| [32meval[0m  | E: 184 | S: 184000 | R: 796.2022
| [33mtrain[0m | E: 185 | S: 185000 | R: 814.4308 | D: 16.1 s | BR: 5.4792 | ALOSS: -454.1004 | CLOSS: 25.0541 | TLOSS: 0.0012 | TVAL: 0.1709 | AENT: -0.9928
| [33mtrain[0m | E: 186 | S: 186000 | R: 822.6944 | D: 11.4 s | BR: 5.4525 | ALOSS: -454.3911 | CLOSS: 15.2221 | TLOSS: 0.0015 | TVAL: 0.1708 | AENT: -0.9910
| [33mtrain[0m | E: 187 | S: 187000 | R: 839.7975 | D: 11.6 s | BR: 5.5117 | ALOSS: -458.1172 | CLOSS: 18.6725 | TLOSS: 0.0073 | TVAL: 0.1707 | AENT: -0.9570
| [33mtrain[0m | E: 188 | S: 188000 | R: 829.2124 | D: 12.0 s | BR: 5.5486 | ALOSS: -459.6576 | CLOSS: 14.3338 | TLOSS: -0.0054 | TVAL: 0.1705 | AENT: -1.0317
| [32meval[0m  | E: 188 | S: 188000 | R: 765.3954
| [33mtrain[0m | E: 189 | S: 189000 | R: 808.1954 | D: 16.1 s | BR: 5.5134 | ALOSS: -461.9658 | CLOSS: 17.2514 | TLOSS: -0.0088 | TVAL: 0.1708 | AENT: -1.0513
| [33mtrain[0m | E: 190 | S: 190000 | R: 827.4664 | D: 11.2 s | BR: 5.4604 | ALOSS: -461.5830 | CLOSS: 24.6991 | TLOSS: -0.0108 | TVAL: 0.1713 | AENT: -1.0632
| [33mtrain[0m | E: 191 | S: 191000 | R: 827.2647 | D: 11.6 s | BR: 5.4748 | ALOSS: -463.8235 | CLOSS: 15.6392 | TLOSS: -0.0069 | TVAL: 0.1716 | AENT: -1.0399
| [33mtrain[0m | E: 192 | S: 192000 | R: 831.4270 | D: 11.9 s | BR: 5.5154 | ALOSS: -465.4915 | CLOSS: 14.4467 | TLOSS: -0.0050 | TVAL: 0.1719 | AENT: -1.0289
| [32meval[0m  | E: 192 | S: 192000 | R: 851.7850
| [33mtrain[0m | E: 193 | S: 193000 | R: 810.1151 | D: 15.9 s | BR: 5.5009 | ALOSS: -467.4788 | CLOSS: 14.2661 | TLOSS: 0.0016 | TVAL: 0.1720 | AENT: -0.9907
| [33mtrain[0m | E: 194 | S: 194000 | R: 814.8252 | D: 11.6 s | BR: 5.4901 | ALOSS: -468.7977 | CLOSS: 17.0057 | TLOSS: -0.0122 | TVAL: 0.1722 | AENT: -1.0710
| [33mtrain[0m | E: 195 | S: 195000 | R: 824.4533 | D: 11.9 s | BR: 5.5322 | ALOSS: -470.9285 | CLOSS: 12.5990 | TLOSS: -0.0104 | TVAL: 0.1728 | AENT: -1.0604
| [33mtrain[0m | E: 196 | S: 196000 | R: 841.2018 | D: 12.1 s | BR: 5.5126 | ALOSS: -472.4778 | CLOSS: 17.1242 | TLOSS: -0.0143 | TVAL: 0.1732 | AENT: -1.0826
| [32meval[0m  | E: 196 | S: 196000 | R: 859.1652
| [33mtrain[0m | E: 197 | S: 197000 | R: 841.3458 | D: 16.3 s | BR: 5.5818 | ALOSS: -474.6353 | CLOSS: 22.1738 | TLOSS: -0.0179 | TVAL: 0.1741 | AENT: -1.1027
| [33mtrain[0m | E: 198 | S: 198000 | R: 863.5168 | D: 11.5 s | BR: 5.5349 | ALOSS: -475.3757 | CLOSS: 17.9033 | TLOSS: -0.0042 | TVAL: 0.1747 | AENT: -1.0241
| [33mtrain[0m | E: 199 | S: 199000 | R: 860.9257 | D: 11.9 s | BR: 5.5744 | ALOSS: -478.8965 | CLOSS: 19.5163 | TLOSS: 0.0001 | TVAL: 0.1746 | AENT: -0.9992
| [33mtrain[0m | E: 200 | S: 200000 | R: 862.8060 | D: 11.8 s | BR: 5.5400 | ALOSS: -479.1864 | CLOSS: 13.9559 | TLOSS: 0.0035 | TVAL: 0.1745 | AENT: -0.9801
| [32meval[0m  | E: 200 | S: 200000 | R: 858.6691
| [33mtrain[0m | E: 201 | S: 201000 | R: 847.2777 | D: 16.1 s | BR: 5.5596 | ALOSS: -481.0646 | CLOSS: 24.6911 | TLOSS: -0.0066 | TVAL: 0.1745 | AENT: -1.0377
| [33mtrain[0m | E: 202 | S: 202000 | R: 782.4642 | D: 11.4 s | BR: 5.5806 | ALOSS: -483.2914 | CLOSS: 12.7536 | TLOSS: 0.0021 | TVAL: 0.1747 | AENT: -0.9882
| [33mtrain[0m | E: 203 | S: 203000 | R: 825.6487 | D: 11.8 s | BR: 5.5246 | ALOSS: -483.2325 | CLOSS: 13.4247 | TLOSS: -0.0029 | TVAL: 0.1748 | AENT: -1.0165
| [33mtrain[0m | E: 204 | S: 204000 | R: 855.8320 | D: 12.2 s | BR: 5.5633 | ALOSS: -486.7811 | CLOSS: 17.3276 | TLOSS: -0.0061 | TVAL: 0.1750 | AENT: -1.0347
| [32meval[0m  | E: 204 | S: 204000 | R: 871.5639
| [33mtrain[0m | E: 205 | S: 205000 | R: 830.5628 | D: 16.3 s | BR: 5.5599 | ALOSS: -486.9404 | CLOSS: 14.6772 | TLOSS: -0.0013 | TVAL: 0.1751 | AENT: -1.0073
| [33mtrain[0m | E: 206 | S: 206000 | R: 837.0371 | D: 11.4 s | BR: 5.5353 | ALOSS: -489.2047 | CLOSS: 26.9816 | TLOSS: -0.0055 | TVAL: 0.1753 | AENT: -1.0317
| [33mtrain[0m | E: 207 | S: 207000 | R: 851.2625 | D: 11.6 s | BR: 5.6161 | ALOSS: -491.5614 | CLOSS: 15.6525 | TLOSS: 0.0022 | TVAL: 0.1754 | AENT: -0.9876
| [33mtrain[0m | E: 208 | S: 208000 | R: 848.2577 | D: 11.9 s | BR: 5.6160 | ALOSS: -492.5459 | CLOSS: 16.2410 | TLOSS: 0.0002 | TVAL: 0.1753 | AENT: -0.9989
| [32meval[0m  | E: 208 | S: 208000 | R: 868.2543
| [33mtrain[0m | E: 209 | S: 209000 | R: 846.5265 | D: 16.0 s | BR: 5.6475 | ALOSS: -494.6766 | CLOSS: 15.1207 | TLOSS: -0.0019 | TVAL: 0.1752 | AENT: -1.0108
| [33mtrain[0m | E: 210 | S: 210000 | R: 853.5170 | D: 11.3 s | BR: 5.5937 | ALOSS: -495.5957 | CLOSS: 13.3959 | TLOSS: -0.0056 | TVAL: 0.1754 | AENT: -1.0321
| [33mtrain[0m | E: 211 | S: 211000 | R: 865.8795 | D: 11.6 s | BR: 5.6482 | ALOSS: -497.1176 | CLOSS: 19.6973 | TLOSS: 0.0088 | TVAL: 0.1755 | AENT: -0.9498
| [33mtrain[0m | E: 212 | S: 212000 | R: 825.0898 | D: 11.6 s | BR: 5.6202 | ALOSS: -498.9882 | CLOSS: 15.9590 | TLOSS: -0.0076 | TVAL: 0.1752 | AENT: -1.0435
| [32meval[0m  | E: 212 | S: 212000 | R: 878.5075
| [33mtrain[0m | E: 213 | S: 213000 | R: 815.2125 | D: 15.9 s | BR: 5.6597 | ALOSS: -500.3175 | CLOSS: 20.3030 | TLOSS: 0.0015 | TVAL: 0.1755 | AENT: -0.9914
| [33mtrain[0m | E: 214 | S: 214000 | R: 839.5128 | D: 11.3 s | BR: 5.6579 | ALOSS: -501.4620 | CLOSS: 14.1024 | TLOSS: 0.0053 | TVAL: 0.1755 | AENT: -0.9701
| [33mtrain[0m | E: 215 | S: 215000 | R: 838.2997 | D: 11.3 s | BR: 5.6699 | ALOSS: -503.2065 | CLOSS: 11.8431 | TLOSS: -0.0023 | TVAL: 0.1752 | AENT: -1.0131
| [33mtrain[0m | E: 216 | S: 216000 | R: 855.9708 | D: 11.9 s | BR: 5.6575 | ALOSS: -504.7194 | CLOSS: 10.9423 | TLOSS: -0.0102 | TVAL: 0.1755 | AENT: -1.0579
| [32meval[0m  | E: 216 | S: 216000 | R: 869.4851
| [33mtrain[0m | E: 217 | S: 217000 | R: 840.6167 | D: 16.3 s | BR: 5.6261 | ALOSS: -505.7527 | CLOSS: 19.9916 | TLOSS: -0.0121 | TVAL: 0.1762 | AENT: -1.0688
| [33mtrain[0m | E: 218 | S: 218000 | R: 854.7918 | D: 11.4 s | BR: 5.6464 | ALOSS: -507.5625 | CLOSS: 17.7773 | TLOSS: 0.0021 | TVAL: 0.1765 | AENT: -0.9884
| [33mtrain[0m | E: 219 | S: 219000 | R: 811.2690 | D: 11.6 s | BR: 5.6376 | ALOSS: -509.0370 | CLOSS: 12.8959 | TLOSS: 0.0031 | TVAL: 0.1763 | AENT: -0.9822
| [33mtrain[0m | E: 220 | S: 220000 | R: 855.3001 | D: 12.1 s | BR: 5.6358 | ALOSS: -510.2955 | CLOSS: 9.5128 | TLOSS: -0.0037 | TVAL: 0.1763 | AENT: -1.0211
| [32meval[0m  | E: 220 | S: 220000 | R: 860.3726
| [33mtrain[0m | E: 221 | S: 221000 | R: 861.5420 | D: 16.0 s | BR: 5.6323 | ALOSS: -511.7440 | CLOSS: 17.6471 | TLOSS: -0.0064 | TVAL: 0.1765 | AENT: -1.0362
| [33mtrain[0m | E: 222 | S: 222000 | R: 864.9906 | D: 11.4 s | BR: 5.6444 | ALOSS: -513.2736 | CLOSS: 15.6274 | TLOSS: -0.0099 | TVAL: 0.1770 | AENT: -1.0560
| [33mtrain[0m | E: 223 | S: 223000 | R: 851.7039 | D: 11.6 s | BR: 5.6714 | ALOSS: -515.0759 | CLOSS: 11.4796 | TLOSS: 0.0050 | TVAL: 0.1770 | AENT: -0.9716
| [33mtrain[0m | E: 224 | S: 224000 | R: 867.9865 | D: 11.9 s | BR: 5.6807 | ALOSS: -516.4837 | CLOSS: 11.9449 | TLOSS: -0.0122 | TVAL: 0.1772 | AENT: -1.0688
| [32meval[0m  | E: 224 | S: 224000 | R: 817.8273
| [33mtrain[0m | E: 225 | S: 225000 | R: 861.3060 | D: 16.0 s | BR: 5.6640 | ALOSS: -518.2849 | CLOSS: 22.0047 | TLOSS: -0.0070 | TVAL: 0.1775 | AENT: -1.0392
| [33mtrain[0m | E: 226 | S: 226000 | R: 852.1632 | D: 11.5 s | BR: 5.7422 | ALOSS: -520.5538 | CLOSS: 10.1598 | TLOSS: 0.0045 | TVAL: 0.1779 | AENT: -0.9748
| [33mtrain[0m | E: 227 | S: 227000 | R: 845.2448 | D: 11.8 s | BR: 5.6776 | ALOSS: -520.7467 | CLOSS: 13.0413 | TLOSS: 0.0039 | TVAL: 0.1775 | AENT: -0.9781
| [33mtrain[0m | E: 228 | S: 228000 | R: 855.2359 | D: 11.9 s | BR: 5.7366 | ALOSS: -523.1959 | CLOSS: 11.3456 | TLOSS: -0.0013 | TVAL: 0.1775 | AENT: -1.0075
| [32meval[0m  | E: 228 | S: 228000 | R: 871.9800
| [33mtrain[0m | E: 229 | S: 229000 | R: 825.0998 | D: 16.3 s | BR: 5.7307 | ALOSS: -524.2994 | CLOSS: 15.2441 | TLOSS: -0.0035 | TVAL: 0.1776 | AENT: -1.0195
| [33mtrain[0m | E: 230 | S: 230000 | R: 862.0683 | D: 11.5 s | BR: 5.7402 | ALOSS: -525.6364 | CLOSS: 13.4144 | TLOSS: -0.0038 | TVAL: 0.1778 | AENT: -1.0212
| [33mtrain[0m | E: 231 | S: 231000 | R: 859.1293 | D: 11.7 s | BR: 5.7204 | ALOSS: -526.6809 | CLOSS: 12.9466 | TLOSS: 0.0022 | TVAL: 0.1778 | AENT: -0.9878
| [33mtrain[0m | E: 232 | S: 232000 | R: 814.7216 | D: 12.0 s | BR: 5.7336 | ALOSS: -528.2231 | CLOSS: 13.9549 | TLOSS: 0.0000 | TVAL: 0.1778 | AENT: -0.9998
| [32meval[0m  | E: 232 | S: 232000 | R: 877.3812
| [33mtrain[0m | E: 233 | S: 233000 | R: 858.4773 | D: 16.3 s | BR: 5.6793 | ALOSS: -528.7783 | CLOSS: 13.3999 | TLOSS: 0.0053 | TVAL: 0.1776 | AENT: -0.9702
| [33mtrain[0m | E: 234 | S: 234000 | R: 845.5857 | D: 11.4 s | BR: 5.7217 | ALOSS: -530.5786 | CLOSS: 9.0219 | TLOSS: 0.0038 | TVAL: 0.1774 | AENT: -0.9787
| [33mtrain[0m | E: 235 | S: 235000 | R: 860.0050 | D: 11.7 s | BR: 5.7489 | ALOSS: -532.3196 | CLOSS: 25.7595 | TLOSS: 0.0034 | TVAL: 0.1774 | AENT: -0.9808
| [33mtrain[0m | E: 236 | S: 236000 | R: 829.8662 | D: 12.0 s | BR: 5.7330 | ALOSS: -533.2180 | CLOSS: 15.8370 | TLOSS: 0.0112 | TVAL: 0.1769 | AENT: -0.9364
| [32meval[0m  | E: 236 | S: 236000 | R: 831.4275
| [33mtrain[0m | E: 237 | S: 237000 | R: 747.6990 | D: 16.3 s | BR: 5.7054 | ALOSS: -533.9713 | CLOSS: 11.6436 | TLOSS: -0.0003 | TVAL: 0.1767 | AENT: -1.0017
| [33mtrain[0m | E: 238 | S: 238000 | R: 850.5490 | D: 11.4 s | BR: 5.7477 | ALOSS: -535.6944 | CLOSS: 9.7250 | TLOSS: -0.0012 | TVAL: 0.1766 | AENT: -1.0067
| [33mtrain[0m | E: 239 | S: 239000 | R: 859.8519 | D: 11.3 s | BR: 5.7489 | ALOSS: -537.0264 | CLOSS: 10.2270 | TLOSS: 0.0069 | TVAL: 0.1765 | AENT: -0.9610
Switching to test env
| [33mtrain[0m | E: 240 | S: 240000 | R: 865.1033 | D: 11.5 s | BR: 5.7440 | ALOSS: -537.6696 | CLOSS: 11.3105 | TLOSS: -0.0015 | TVAL: 0.1764 | AENT: -1.0084
| [32meval[0m  | E: 240 | S: 240000 | R: 879.7270
Change envA => envB
| [33mtrain[0m | E: 241 | S: 0 | R: 868.7144 | D: 00.0 s | BR: 5.6833 | ALOSS: -534.8005 | CLOSS: 11.7014 | TLOSS: -0.0073 | TVAL: 0.1764 | AENT: -1.0417
| [32meval[0m  | E: 0 | S: 0 | R: 248.0810
| [32meval[0m  | E: 4 | S: 4000 | R: 275.6436
| [32meval[0m  | E: 8 | S: 8000 | R: 344.9203
| [33mtrain[0m | E: 9 | S: 9000 | R: 347.5412 | D: 16.0 s | BR: 5.6710 | ALOSS: -547.3572 | CLOSS: 29.1782 | TLOSS: 0.0109 | TVAL: 0.1734 | AENT: -0.9370
| [33mtrain[0m | E: 10 | S: 10000 | R: 408.3900 | D: 11.3 s | BR: 5.6630 | ALOSS: -548.4190 | CLOSS: 33.7065 | TLOSS: 0.0125 | TVAL: 0.1729 | AENT: -0.9280
| [33mtrain[0m | E: 11 | S: 11000 | R: 480.8058 | D: 11.5 s | BR: 5.6649 | ALOSS: -550.2801 | CLOSS: 32.3990 | TLOSS: 0.0068 | TVAL: 0.1724 | AENT: -0.9603
| [33mtrain[0m | E: 12 | S: 12000 | R: 397.5843 | D: 11.8 s | BR: 5.6527 | ALOSS: -550.0581 | CLOSS: 27.0464 | TLOSS: 0.0233 | TVAL: 0.1717 | AENT: -0.8645
| [32meval[0m  | E: 12 | S: 12000 | R: 744.9957
| [33mtrain[0m | E: 13 | S: 13000 | R: 734.5071 | D: 16.2 s | BR: 5.6686 | ALOSS: -552.4368 | CLOSS: 29.2416 | TLOSS: 0.0076 | TVAL: 0.1710 | AENT: -0.9557
| [33mtrain[0m | E: 14 | S: 14000 | R: 697.0925 | D: 11.4 s | BR: 5.6971 | ALOSS: -553.0418 | CLOSS: 29.4378 | TLOSS: 0.0150 | TVAL: 0.1705 | AENT: -0.9118
| [33mtrain[0m | E: 15 | S: 15000 | R: 722.1724 | D: 11.7 s | BR: 5.6646 | ALOSS: -554.0434 | CLOSS: 32.7312 | TLOSS: 0.0090 | TVAL: 0.1699 | AENT: -0.9468
| [33mtrain[0m | E: 16 | S: 16000 | R: 648.4652 | D: 11.8 s | BR: 5.6515 | ALOSS: -555.0599 | CLOSS: 44.2954 | TLOSS: 0.0065 | TVAL: 0.1696 | AENT: -0.9619
| [32meval[0m  | E: 16 | S: 16000 | R: 775.2082
| [33mtrain[0m | E: 17 | S: 17000 | R: 638.7600 | D: 16.0 s | BR: 5.6745 | ALOSS: -556.0892 | CLOSS: 28.7953 | TLOSS: 0.0190 | TVAL: 0.1689 | AENT: -0.8878
| [33mtrain[0m | E: 18 | S: 18000 | R: 333.4961 | D: 11.2 s | BR: 5.6607 | ALOSS: -556.6332 | CLOSS: 35.9158 | TLOSS: 0.0090 | TVAL: 0.1683 | AENT: -0.9463
| [33mtrain[0m | E: 19 | S: 19000 | R: 437.0462 | D: 11.4 s | BR: 5.6307 | ALOSS: -556.8839 | CLOSS: 29.0842 | TLOSS: 0.0063 | TVAL: 0.1679 | AENT: -0.9626
| [33mtrain[0m | E: 20 | S: 20000 | R: 669.9191 | D: 11.6 s | BR: 5.6250 | ALOSS: -557.8385 | CLOSS: 32.7302 | TLOSS: -0.0038 | TVAL: 0.1681 | AENT: -1.0227
| [32meval[0m  | E: 20 | S: 20000 | R: 379.3482
| [33mtrain[0m | E: 21 | S: 21000 | R: 760.0216 | D: 15.9 s | BR: 5.6244 | ALOSS: -558.8859 | CLOSS: 37.9188 | TLOSS: 0.0097 | TVAL: 0.1679 | AENT: -0.9421
| [33mtrain[0m | E: 22 | S: 22000 | R: 530.7200 | D: 11.2 s | BR: 5.6865 | ALOSS: -560.6162 | CLOSS: 35.8494 | TLOSS: 0.0062 | TVAL: 0.1674 | AENT: -0.9627
| [33mtrain[0m | E: 23 | S: 23000 | R: 760.6663 | D: 11.6 s | BR: 5.6489 | ALOSS: -561.3083 | CLOSS: 46.6270 | TLOSS: -0.0005 | TVAL: 0.1672 | AENT: -1.0033
| [33mtrain[0m | E: 24 | S: 24000 | R: 735.8680 | D: 12.2 s | BR: 5.6615 | ALOSS: -562.2769 | CLOSS: 60.4444 | TLOSS: 0.0065 | TVAL: 0.1672 | AENT: -0.9609
| [32meval[0m  | E: 24 | S: 24000 | R: 343.6700
| [33mtrain[0m | E: 25 | S: 25000 | R: 335.9365 | D: 16.1 s | BR: 5.6050 | ALOSS: -562.6950 | CLOSS: 51.4305 | TLOSS: 0.0127 | TVAL: 0.1668 | AENT: -0.9239
| [33mtrain[0m | E: 26 | S: 26000 | R: 667.9188 | D: 11.3 s | BR: 5.6322 | ALOSS: -563.1812 | CLOSS: 47.5068 | TLOSS: 0.0083 | TVAL: 0.1662 | AENT: -0.9499
| [33mtrain[0m | E: 27 | S: 27000 | R: 732.3883 | D: 11.5 s | BR: 5.6606 | ALOSS: -565.3648 | CLOSS: 44.5796 | TLOSS: 0.0097 | TVAL: 0.1658 | AENT: -0.9415
| [33mtrain[0m | E: 28 | S: 28000 | R: 581.1120 | D: 12.1 s | BR: 5.6304 | ALOSS: -565.7456 | CLOSS: 33.6323 | TLOSS: 0.0065 | TVAL: 0.1655 | AENT: -0.9610
| [32meval[0m  | E: 28 | S: 28000 | R: 789.7880
| [33mtrain[0m | E: 29 | S: 29000 | R: 653.4445 | D: 15.9 s | BR: 5.6025 | ALOSS: -565.8074 | CLOSS: 48.8773 | TLOSS: 0.0104 | TVAL: 0.1653 | AENT: -0.9368
| [33mtrain[0m | E: 30 | S: 30000 | R: 738.8077 | D: 11.2 s | BR: 5.6629 | ALOSS: -567.7600 | CLOSS: 39.5226 | TLOSS: 0.0063 | TVAL: 0.1648 | AENT: -0.9617
| [33mtrain[0m | E: 31 | S: 31000 | R: 671.8807 | D: 11.5 s | BR: 5.6164 | ALOSS: -568.5349 | CLOSS: 47.5254 | TLOSS: 0.0086 | TVAL: 0.1645 | AENT: -0.9475
| [33mtrain[0m | E: 32 | S: 32000 | R: 730.8876 | D: 11.7 s | BR: 5.6403 | ALOSS: -568.9247 | CLOSS: 38.4878 | TLOSS: 0.0036 | TVAL: 0.1643 | AENT: -0.9783
| [32meval[0m  | E: 32 | S: 32000 | R: 723.3727
| [33mtrain[0m | E: 33 | S: 33000 | R: 727.8953 | D: 16.0 s | BR: 5.6220 | ALOSS: -570.4900 | CLOSS: 47.5367 | TLOSS: 0.0053 | TVAL: 0.1640 | AENT: -0.9679
| [33mtrain[0m | E: 34 | S: 34000 | R: 507.2109 | D: 11.2 s | BR: 5.6286 | ALOSS: -570.9703 | CLOSS: 42.8861 | TLOSS: 0.0045 | TVAL: 0.1637 | AENT: -0.9725
| [33mtrain[0m | E: 35 | S: 35000 | R: 690.6116 | D: 11.4 s | BR: 5.5964 | ALOSS: -571.7237 | CLOSS: 58.5640 | TLOSS: 0.0105 | TVAL: 0.1635 | AENT: -0.9356
| [33mtrain[0m | E: 36 | S: 36000 | R: 652.9507 | D: 11.7 s | BR: 5.6301 | ALOSS: -573.0005 | CLOSS: 46.4969 | TLOSS: 0.0045 | TVAL: 0.1630 | AENT: -0.9725
| [32meval[0m  | E: 36 | S: 36000 | R: 795.2839
| [33mtrain[0m | E: 37 | S: 37000 | R: 561.5330 | D: 16.0 s | BR: 5.5887 | ALOSS: -572.8661 | CLOSS: 62.2192 | TLOSS: 0.0047 | TVAL: 0.1630 | AENT: -0.9714
| [33mtrain[0m | E: 38 | S: 38000 | R: 672.0078 | D: 11.2 s | BR: 5.6400 | ALOSS: -575.1674 | CLOSS: 49.3435 | TLOSS: 0.0146 | TVAL: 0.1625 | AENT: -0.9103
| [33mtrain[0m | E: 39 | S: 39000 | R: 724.5049 | D: 11.7 s | BR: 5.6308 | ALOSS: -575.3545 | CLOSS: 45.8515 | TLOSS: 0.0234 | TVAL: 0.1617 | AENT: -0.8553
| [33mtrain[0m | E: 40 | S: 40000 | R: 686.3721 | D: 11.9 s | BR: 5.6162 | ALOSS: -576.4406 | CLOSS: 44.0707 | TLOSS: 0.0094 | TVAL: 0.1610 | AENT: -0.9415
| [32meval[0m  | E: 40 | S: 40000 | R: 755.3371
| [33mtrain[0m | E: 41 | S: 41000 | R: 742.1773 | D: 16.0 s | BR: 5.6277 | ALOSS: -577.9627 | CLOSS: 43.1029 | TLOSS: -0.0055 | TVAL: 0.1609 | AENT: -1.0345
| [33mtrain[0m | E: 42 | S: 42000 | R: 746.6188 | D: 11.2 s | BR: 5.6559 | ALOSS: -579.7867 | CLOSS: 82.3348 | TLOSS: 0.0006 | TVAL: 0.1610 | AENT: -0.9962
| [33mtrain[0m | E: 43 | S: 43000 | R: 736.2262 | D: 11.7 s | BR: 5.6086 | ALOSS: -580.2323 | CLOSS: 53.4940 | TLOSS: 0.0029 | TVAL: 0.1608 | AENT: -0.9818
| [33mtrain[0m | E: 44 | S: 44000 | R: 712.8536 | D: 12.2 s | BR: 5.5971 | ALOSS: -580.4546 | CLOSS: 54.7944 | TLOSS: 0.0010 | TVAL: 0.1608 | AENT: -0.9938
| [32meval[0m  | E: 44 | S: 44000 | R: 784.0065
| [33mtrain[0m | E: 45 | S: 45000 | R: 772.2299 | D: 15.8 s | BR: 5.6073 | ALOSS: -581.7436 | CLOSS: 43.3623 | TLOSS: 0.0029 | TVAL: 0.1607 | AENT: -0.9818
| [33mtrain[0m | E: 46 | S: 46000 | R: 771.9920 | D: 11.1 s | BR: 5.6366 | ALOSS: -582.6938 | CLOSS: 43.8574 | TLOSS: 0.0007 | TVAL: 0.1606 | AENT: -0.9959
| [33mtrain[0m | E: 47 | S: 47000 | R: 766.0864 | D: 11.4 s | BR: 5.6330 | ALOSS: -583.4031 | CLOSS: 44.6706 | TLOSS: 0.0056 | TVAL: 0.1605 | AENT: -0.9650
| [33mtrain[0m | E: 48 | S: 48000 | R: 761.3827 | D: 12.0 s | BR: 5.6464 | ALOSS: -585.1759 | CLOSS: 53.4179 | TLOSS: -0.0033 | TVAL: 0.1605 | AENT: -1.0207
| [32meval[0m  | E: 48 | S: 48000 | R: 773.6014
| [33mtrain[0m | E: 49 | S: 49000 | R: 709.3541 | D: 15.9 s | BR: 5.6164 | ALOSS: -585.5793 | CLOSS: 59.0665 | TLOSS: 0.0044 | TVAL: 0.1605 | AENT: -0.9725
| [33mtrain[0m | E: 50 | S: 50000 | R: 756.0625 | D: 11.3 s | BR: 5.6645 | ALOSS: -586.9969 | CLOSS: 50.2175 | TLOSS: 0.0083 | TVAL: 0.1602 | AENT: -0.9483
| [33mtrain[0m | E: 51 | S: 51000 | R: 743.7670 | D: 11.5 s | BR: 5.6267 | ALOSS: -587.3910 | CLOSS: 59.2582 | TLOSS: -0.0019 | TVAL: 0.1602 | AENT: -1.0121
| [33mtrain[0m | E: 52 | S: 52000 | R: 740.6260 | D: 11.9 s | BR: 5.5929 | ALOSS: -588.3074 | CLOSS: 46.6127 | TLOSS: 0.0033 | TVAL: 0.1600 | AENT: -0.9796
| [32meval[0m  | E: 52 | S: 52000 | R: 743.0172
| [33mtrain[0m | E: 53 | S: 53000 | R: 735.8473 | D: 15.9 s | BR: 5.6370 | ALOSS: -589.8404 | CLOSS: 67.5414 | TLOSS: 0.0110 | TVAL: 0.1597 | AENT: -0.9310
| [33mtrain[0m | E: 54 | S: 54000 | R: 751.0014 | D: 11.4 s | BR: 5.6368 | ALOSS: -590.0341 | CLOSS: 49.2092 | TLOSS: 0.0132 | TVAL: 0.1591 | AENT: -0.9169
| [33mtrain[0m | E: 55 | S: 55000 | R: 740.0481 | D: 11.6 s | BR: 5.6343 | ALOSS: -591.4158 | CLOSS: 47.9954 | TLOSS: 0.0098 | TVAL: 0.1586 | AENT: -0.9380
| [33mtrain[0m | E: 56 | S: 56000 | R: 724.2850 | D: 11.8 s | BR: 5.6592 | ALOSS: -592.9473 | CLOSS: 57.4117 | TLOSS: 0.0089 | TVAL: 0.1583 | AENT: -0.9440
| [32meval[0m  | E: 56 | S: 56000 | R: 750.8427
| [33mtrain[0m | E: 57 | S: 57000 | R: 739.7873 | D: 16.2 s | BR: 5.5971 | ALOSS: -592.5147 | CLOSS: 72.8134 | TLOSS: -0.0054 | TVAL: 0.1580 | AENT: -1.0342
| [33mtrain[0m | E: 58 | S: 58000 | R: 749.3607 | D: 11.4 s | BR: 5.6571 | ALOSS: -593.4194 | CLOSS: 45.7558 | TLOSS: 0.0062 | TVAL: 0.1580 | AENT: -0.9606
| [33mtrain[0m | E: 59 | S: 59000 | R: 634.8285 | D: 11.4 s | BR: 5.6498 | ALOSS: -594.7259 | CLOSS: 55.4958 | TLOSS: 0.0047 | TVAL: 0.1579 | AENT: -0.9700
| [33mtrain[0m | E: 60 | S: 60000 | R: 573.7289 | D: 11.9 s | BR: 5.6150 | ALOSS: -595.2809 | CLOSS: 52.2988 | TLOSS: -0.0059 | TVAL: 0.1578 | AENT: -1.0371
| [32meval[0m  | E: 60 | S: 60000 | R: 773.2832
| [33mtrain[0m | E: 61 | S: 61000 | R: 748.0651 | D: 15.9 s | BR: 5.6238 | ALOSS: -596.5406 | CLOSS: 60.2687 | TLOSS: -0.0042 | TVAL: 0.1582 | AENT: -1.0268
| [33mtrain[0m | E: 62 | S: 62000 | R: 756.8075 | D: 11.2 s | BR: 5.6254 | ALOSS: -595.9829 | CLOSS: 54.1527 | TLOSS: -0.0002 | TVAL: 0.1582 | AENT: -1.0010
| [33mtrain[0m | E: 63 | S: 63000 | R: 764.1077 | D: 11.7 s | BR: 5.6211 | ALOSS: -598.0524 | CLOSS: 62.2322 | TLOSS: 0.0005 | TVAL: 0.1582 | AENT: -0.9968
| [33mtrain[0m | E: 64 | S: 64000 | R: 751.1301 | D: 12.0 s | BR: 5.6171 | ALOSS: -599.7133 | CLOSS: 59.5576 | TLOSS: -0.0005 | TVAL: 0.1582 | AENT: -1.0031
| [32meval[0m  | E: 64 | S: 64000 | R: 622.3693
| [33mtrain[0m | E: 65 | S: 65000 | R: 633.5903 | D: 15.8 s | BR: 5.6344 | ALOSS: -599.9765 | CLOSS: 65.4770 | TLOSS: 0.0032 | TVAL: 0.1581 | AENT: -0.9799
| [33mtrain[0m | E: 66 | S: 66000 | R: 641.5537 | D: 11.2 s | BR: 5.6503 | ALOSS: -601.2180 | CLOSS: 50.6728 | TLOSS: -0.0015 | TVAL: 0.1582 | AENT: -1.0096
| [33mtrain[0m | E: 67 | S: 67000 | R: 665.3564 | D: 11.6 s | BR: 5.6515 | ALOSS: -601.7269 | CLOSS: 52.3004 | TLOSS: -0.0004 | TVAL: 0.1581 | AENT: -1.0023
| [33mtrain[0m | E: 68 | S: 68000 | R: 635.4676 | D: 11.5 s | BR: 5.6603 | ALOSS: -601.9845 | CLOSS: 54.5805 | TLOSS: -0.0112 | TVAL: 0.1584 | AENT: -1.0707
| [32meval[0m  | E: 68 | S: 68000 | R: 641.2479
| [33mtrain[0m | E: 69 | S: 69000 | R: 664.8402 | D: 15.7 s | BR: 5.6792 | ALOSS: -602.9162 | CLOSS: 43.6133 | TLOSS: -0.0126 | TVAL: 0.1589 | AENT: -1.0791
| [33mtrain[0m | E: 70 | S: 70000 | R: 604.7404 | D: 11.3 s | BR: 5.6236 | ALOSS: -603.5502 | CLOSS: 60.8292 | TLOSS: -0.0081 | TVAL: 0.1594 | AENT: -1.0508
| [33mtrain[0m | E: 71 | S: 71000 | R: 671.5093 | D: 11.6 s | BR: 5.6244 | ALOSS: -604.2099 | CLOSS: 61.4815 | TLOSS: -0.0039 | TVAL: 0.1597 | AENT: -1.0243
| [33mtrain[0m | E: 72 | S: 72000 | R: 661.7732 | D: 11.8 s | BR: 5.6235 | ALOSS: -603.9950 | CLOSS: 52.1731 | TLOSS: -0.0136 | TVAL: 0.1600 | AENT: -1.0848
| [32meval[0m  | E: 72 | S: 72000 | R: 704.2274
| [33mtrain[0m | E: 73 | S: 73000 | R: 682.1237 | D: 15.7 s | BR: 5.5900 | ALOSS: -604.3601 | CLOSS: 53.9758 | TLOSS: -0.0145 | TVAL: 0.1606 | AENT: -1.0905
| [33mtrain[0m | E: 74 | S: 74000 | R: 665.5863 | D: 11.3 s | BR: 5.6071 | ALOSS: -605.4365 | CLOSS: 62.8419 | TLOSS: -0.0079 | TVAL: 0.1611 | AENT: -1.0489
| [33mtrain[0m | E: 75 | S: 75000 | R: 620.5015 | D: 11.4 s | BR: 5.6393 | ALOSS: -607.1943 | CLOSS: 60.2146 | TLOSS: -0.0051 | TVAL: 0.1612 | AENT: -1.0318
| [33mtrain[0m | E: 76 | S: 76000 | R: 679.0008 | D: 11.8 s | BR: 5.5976 | ALOSS: -608.1587 | CLOSS: 70.1107 | TLOSS: 0.0049 | TVAL: 0.1614 | AENT: -0.9699
| [32meval[0m  | E: 76 | S: 76000 | R: 696.5891
| [33mtrain[0m | E: 77 | S: 77000 | R: 410.3282 | D: 15.7 s | BR: 5.6350 | ALOSS: -608.1648 | CLOSS: 63.0701 | TLOSS: -0.0069 | TVAL: 0.1614 | AENT: -1.0426
| [33mtrain[0m | E: 78 | S: 78000 | R: 667.1205 | D: 11.4 s | BR: 5.6248 | ALOSS: -609.3672 | CLOSS: 69.7894 | TLOSS: -0.0027 | TVAL: 0.1617 | AENT: -1.0169
| [33mtrain[0m | E: 79 | S: 79000 | R: 656.7753 | D: 11.5 s | BR: 5.6219 | ALOSS: -609.8174 | CLOSS: 62.8617 | TLOSS: 0.0099 | TVAL: 0.1615 | AENT: -0.9387
| [33mtrain[0m | E: 80 | S: 80000 | R: 646.8626 | D: 11.8 s | BR: 5.6238 | ALOSS: -610.8571 | CLOSS: 45.5722 | TLOSS: 0.0059 | TVAL: 0.1611 | AENT: -0.9632
| [32meval[0m  | E: 80 | S: 80000 | R: 686.5230
| [33mtrain[0m | E: 81 | S: 81000 | R: 542.9666 | D: 15.9 s | BR: 5.6155 | ALOSS: -610.8082 | CLOSS: 62.2142 | TLOSS: -0.0091 | TVAL: 0.1611 | AENT: -1.0562
| [33mtrain[0m | E: 82 | S: 82000 | R: 606.7125 | D: 11.4 s | BR: 5.6379 | ALOSS: -611.7227 | CLOSS: 53.7199 | TLOSS: 0.0036 | TVAL: 0.1613 | AENT: -0.9777
| [33mtrain[0m | E: 83 | S: 83000 | R: 662.1267 | D: 11.6 s | BR: 5.5974 | ALOSS: -611.7290 | CLOSS: 51.8867 | TLOSS: -0.0016 | TVAL: 0.1613 | AENT: -1.0097
| [33mtrain[0m | E: 84 | S: 84000 | R: 687.2938 | D: 11.8 s | BR: 5.5807 | ALOSS: -612.0153 | CLOSS: 65.8669 | TLOSS: 0.0115 | TVAL: 0.1611 | AENT: -0.9288
| [32meval[0m  | E: 84 | S: 84000 | R: 696.6118
| [33mtrain[0m | E: 85 | S: 85000 | R: 557.0672 | D: 15.9 s | BR: 5.5387 | ALOSS: -612.7645 | CLOSS: 83.2986 | TLOSS: 0.0050 | TVAL: 0.1608 | AENT: -0.9689
| [33mtrain[0m | E: 86 | S: 86000 | R: 619.8425 | D: 11.3 s | BR: 5.6379 | ALOSS: -614.3833 | CLOSS: 78.1745 | TLOSS: 0.0081 | TVAL: 0.1605 | AENT: -0.9495
| [33mtrain[0m | E: 87 | S: 87000 | R: 680.2911 | D: 11.6 s | BR: 5.5799 | ALOSS: -614.2158 | CLOSS: 59.5117 | TLOSS: 0.0064 | TVAL: 0.1601 | AENT: -0.9601
| [33mtrain[0m | E: 88 | S: 88000 | R: 759.2156 | D: 11.8 s | BR: 5.5865 | ALOSS: -614.8943 | CLOSS: 58.4294 | TLOSS: 0.0027 | TVAL: 0.1599 | AENT: -0.9830
| [32meval[0m  | E: 88 | S: 88000 | R: 804.7261
| [33mtrain[0m | E: 89 | S: 89000 | R: 749.4427 | D: 15.6 s | BR: 5.6456 | ALOSS: -616.7841 | CLOSS: 77.6484 | TLOSS: -0.0075 | TVAL: 0.1601 | AENT: -1.0471
| [33mtrain[0m | E: 90 | S: 90000 | R: 748.0347 | D: 11.4 s | BR: 5.5680 | ALOSS: -617.0394 | CLOSS: 53.9536 | TLOSS: 0.0001 | TVAL: 0.1601 | AENT: -0.9995
| [33mtrain[0m | E: 91 | S: 91000 | R: 748.0065 | D: 11.5 s | BR: 5.5877 | ALOSS: -617.3649 | CLOSS: 61.5242 | TLOSS: 0.0041 | TVAL: 0.1601 | AENT: -0.9744
| [33mtrain[0m | E: 92 | S: 92000 | R: 441.0443 | D: 11.7 s | BR: 5.6401 | ALOSS: -617.9638 | CLOSS: 68.9198 | TLOSS: 0.0070 | TVAL: 0.1599 | AENT: -0.9561
| [32meval[0m  | E: 92 | S: 92000 | R: 786.8273
| [33mtrain[0m | E: 93 | S: 93000 | R: 723.8045 | D: 15.8 s | BR: 5.6052 | ALOSS: -619.1455 | CLOSS: 63.0560 | TLOSS: -0.0111 | TVAL: 0.1598 | AENT: -1.0695
| [33mtrain[0m | E: 94 | S: 94000 | R: 577.4245 | D: 11.3 s | BR: 5.5925 | ALOSS: -619.0249 | CLOSS: 88.7271 | TLOSS: -0.0004 | TVAL: 0.1602 | AENT: -1.0025
| [33mtrain[0m | E: 95 | S: 95000 | R: 431.4279 | D: 11.6 s | BR: 5.5954 | ALOSS: -619.3072 | CLOSS: 67.9273 | TLOSS: 0.0024 | TVAL: 0.1601 | AENT: -0.9851
| [33mtrain[0m | E: 96 | S: 96000 | R: 762.3004 | D: 11.7 s | BR: 5.6016 | ALOSS: -620.1331 | CLOSS: 87.4405 | TLOSS: 0.0023 | TVAL: 0.1600 | AENT: -0.9857
| [32meval[0m  | E: 96 | S: 96000 | R: 802.6254
| [33mtrain[0m | E: 97 | S: 97000 | R: 737.5607 | D: 15.7 s | BR: 5.6188 | ALOSS: -621.1085 | CLOSS: 77.1449 | TLOSS: 0.0119 | TVAL: 0.1598 | AENT: -0.9257
| [33mtrain[0m | E: 98 | S: 98000 | R: 622.9221 | D: 11.4 s | BR: 5.6043 | ALOSS: -621.5509 | CLOSS: 61.0938 | TLOSS: 0.0109 | TVAL: 0.1592 | AENT: -0.9313
| [33mtrain[0m | E: 99 | S: 99000 | R: 750.3050 | D: 11.8 s | BR: 5.6051 | ALOSS: -622.2379 | CLOSS: 67.8985 | TLOSS: 0.0063 | TVAL: 0.1589 | AENT: -0.9605
| [33mtrain[0m | E: 100 | S: 100000 | R: 770.7111 | D: 12.0 s | BR: 5.6492 | ALOSS: -624.2889 | CLOSS: 71.5603 | TLOSS: 0.0053 | TVAL: 0.1586 | AENT: -0.9668
| [32meval[0m  | E: 100 | S: 100000 | R: 779.4394
| [33mtrain[0m | E: 101 | S: 101000 | R: 764.7846 | D: 15.9 s | BR: 5.5830 | ALOSS: -623.3971 | CLOSS: 84.6073 | TLOSS: 0.0056 | TVAL: 0.1583 | AENT: -0.9645
| [33mtrain[0m | E: 102 | S: 102000 | R: 727.4529 | D: 11.5 s | BR: 5.5809 | ALOSS: -624.1972 | CLOSS: 68.6406 | TLOSS: -0.0109 | TVAL: 0.1585 | AENT: -1.0690
| [33mtrain[0m | E: 103 | S: 103000 | R: 710.0804 | D: 11.5 s | BR: 5.6025 | ALOSS: -625.9102 | CLOSS: 94.5102 | TLOSS: -0.0041 | TVAL: 0.1588 | AENT: -1.0258
| [33mtrain[0m | E: 104 | S: 104000 | R: 592.5481 | D: 11.7 s | BR: 5.5674 | ALOSS: -625.4201 | CLOSS: 74.3259 | TLOSS: -0.0134 | TVAL: 0.1591 | AENT: -1.0841
| [32meval[0m  | E: 104 | S: 104000 | R: 697.0456
| [33mtrain[0m | E: 105 | S: 105000 | R: 686.4309 | D: 15.8 s | BR: 5.5878 | ALOSS: -625.7742 | CLOSS: 70.9010 | TLOSS: -0.0101 | TVAL: 0.1597 | AENT: -1.0635
| [33mtrain[0m | E: 106 | S: 106000 | R: 685.8957 | D: 11.4 s | BR: 5.5438 | ALOSS: -625.9240 | CLOSS: 74.0008 | TLOSS: -0.0011 | TVAL: 0.1599 | AENT: -1.0070
| [33mtrain[0m | E: 107 | S: 107000 | R: 688.1198 | D: 11.4 s | BR: 5.5553 | ALOSS: -626.8914 | CLOSS: 85.0245 | TLOSS: 0.0015 | TVAL: 0.1599 | AENT: -0.9904
| [33mtrain[0m | E: 108 | S: 108000 | R: 660.7552 | D: 11.8 s | BR: 5.6128 | ALOSS: -628.8055 | CLOSS: 66.8847 | TLOSS: 0.0052 | TVAL: 0.1598 | AENT: -0.9674
| [32meval[0m  | E: 108 | S: 108000 | R: 763.8786
| [33mtrain[0m | E: 109 | S: 109000 | R: 728.7499 | D: 15.7 s | BR: 5.5927 | ALOSS: -628.1871 | CLOSS: 67.5298 | TLOSS: -0.0051 | TVAL: 0.1599 | AENT: -1.0322
| [33mtrain[0m | E: 110 | S: 110000 | R: 720.5878 | D: 11.5 s | BR: 5.5901 | ALOSS: -630.2958 | CLOSS: 60.2227 | TLOSS: 0.0104 | TVAL: 0.1598 | AENT: -0.9347
| [33mtrain[0m | E: 111 | S: 111000 | R: 727.6060 | D: 11.5 s | BR: 5.5590 | ALOSS: -629.3053 | CLOSS: 85.7059 | TLOSS: 0.0060 | TVAL: 0.1594 | AENT: -0.9622
| [33mtrain[0m | E: 112 | S: 112000 | R: 639.1541 | D: 11.8 s | BR: 5.5585 | ALOSS: -630.3955 | CLOSS: 49.7679 | TLOSS: -0.0080 | TVAL: 0.1593 | AENT: -1.0499
| [32meval[0m  | E: 112 | S: 112000 | R: 732.4858
| [33mtrain[0m | E: 113 | S: 113000 | R: 684.7280 | D: 15.6 s | BR: 5.5647 | ALOSS: -632.1897 | CLOSS: 59.1430 | TLOSS: -0.0069 | TVAL: 0.1597 | AENT: -1.0434
| [33mtrain[0m | E: 114 | S: 114000 | R: 722.5840 | D: 11.6 s | BR: 5.5756 | ALOSS: -631.2651 | CLOSS: 89.2643 | TLOSS: -0.0090 | TVAL: 0.1599 | AENT: -1.0561
| [33mtrain[0m | E: 115 | S: 115000 | R: 697.6661 | D: 11.6 s | BR: 5.5643 | ALOSS: -630.6697 | CLOSS: 71.0494 | TLOSS: -0.0255 | TVAL: 0.1607 | AENT: -1.1587
| [33mtrain[0m | E: 116 | S: 116000 | R: 712.8858 | D: 11.7 s | BR: 5.5873 | ALOSS: -632.5545 | CLOSS: 86.6593 | TLOSS: -0.0053 | TVAL: 0.1614 | AENT: -1.0329
| [32meval[0m  | E: 116 | S: 116000 | R: 681.5761
| [33mtrain[0m | E: 117 | S: 117000 | R: 760.4932 | D: 15.7 s | BR: 5.6332 | ALOSS: -634.1179 | CLOSS: 68.8783 | TLOSS: 0.0028 | TVAL: 0.1614 | AENT: -0.9826
| [33mtrain[0m | E: 118 | S: 118000 | R: 674.7094 | D: 11.6 s | BR: 5.6241 | ALOSS: -634.6034 | CLOSS: 67.4966 | TLOSS: -0.0033 | TVAL: 0.1614 | AENT: -1.0207
| [33mtrain[0m | E: 119 | S: 119000 | R: 623.9073 | D: 11.7 s | BR: 5.5752 | ALOSS: -633.3443 | CLOSS: 67.9903 | TLOSS: -0.0117 | TVAL: 0.1617 | AENT: -1.0725
| [33mtrain[0m | E: 120 | S: 120000 | R: 681.3938 | D: 11.8 s | BR: 5.5943 | ALOSS: -635.4160 | CLOSS: 69.9304 | TLOSS: -0.0022 | TVAL: 0.1620 | AENT: -1.0134
| [32meval[0m  | E: 120 | S: 120000 | R: 795.5982
| [33mtrain[0m | E: 121 | S: 121000 | R: 780.9447 | D: 15.7 s | BR: 5.5767 | ALOSS: -635.6474 | CLOSS: 72.5686 | TLOSS: -0.0076 | TVAL: 0.1622 | AENT: -1.0470
| [33mtrain[0m | E: 122 | S: 122000 | R: 723.5170 | D: 11.5 s | BR: 5.5967 | ALOSS: -637.1098 | CLOSS: 60.2561 | TLOSS: -0.0067 | TVAL: 0.1625 | AENT: -1.0413
| [33mtrain[0m | E: 123 | S: 123000 | R: 770.1109 | D: 11.6 s | BR: 5.5674 | ALOSS: -636.1908 | CLOSS: 56.7827 | TLOSS: -0.0164 | TVAL: 0.1630 | AENT: -1.1004
| [33mtrain[0m | E: 124 | S: 124000 | R: 787.4828 | D: 11.7 s | BR: 5.6102 | ALOSS: -638.0146 | CLOSS: 68.4363 | TLOSS: -0.0159 | TVAL: 0.1637 | AENT: -1.0969
| [32meval[0m  | E: 124 | S: 124000 | R: 796.2684
| [33mtrain[0m | E: 125 | S: 125000 | R: 777.4015 | D: 15.6 s | BR: 5.5945 | ALOSS: -638.9336 | CLOSS: 77.1383 | TLOSS: -0.0029 | TVAL: 0.1642 | AENT: -1.0178
| [33mtrain[0m | E: 126 | S: 126000 | R: 770.5501 | D: 11.4 s | BR: 5.6029 | ALOSS: -638.8472 | CLOSS: 59.1133 | TLOSS: -0.0080 | TVAL: 0.1643 | AENT: -1.0488
| [33mtrain[0m | E: 127 | S: 127000 | R: 785.1339 | D: 11.5 s | BR: 5.5902 | ALOSS: -639.2868 | CLOSS: 71.6733 | TLOSS: 0.0015 | TVAL: 0.1645 | AENT: -0.9909
| [33mtrain[0m | E: 128 | S: 128000 | R: 764.9391 | D: 11.8 s | BR: 5.5833 | ALOSS: -639.8626 | CLOSS: 91.5325 | TLOSS: -0.0040 | TVAL: 0.1645 | AENT: -1.0243
| [32meval[0m  | E: 128 | S: 128000 | R: 774.7564
| [33mtrain[0m | E: 129 | S: 129000 | R: 752.7494 | D: 15.7 s | BR: 5.6405 | ALOSS: -641.0301 | CLOSS: 96.7175 | TLOSS: 0.0111 | TVAL: 0.1643 | AENT: -0.9323
| [33mtrain[0m | E: 130 | S: 130000 | R: 668.7657 | D: 11.7 s | BR: 5.5715 | ALOSS: -640.9086 | CLOSS: 65.5521 | TLOSS: 0.0066 | TVAL: 0.1639 | AENT: -0.9600
| [33mtrain[0m | E: 131 | S: 131000 | R: 712.8963 | D: 11.6 s | BR: 5.5878 | ALOSS: -641.6449 | CLOSS: 83.5518 | TLOSS: 0.0026 | TVAL: 0.1639 | AENT: -0.9844
| [33mtrain[0m | E: 132 | S: 132000 | R: 771.2881 | D: 11.8 s | BR: 5.6126 | ALOSS: -642.1826 | CLOSS: 63.6158 | TLOSS: 0.0083 | TVAL: 0.1635 | AENT: -0.9493
| [32meval[0m  | E: 132 | S: 132000 | R: 798.6766
| [33mtrain[0m | E: 133 | S: 133000 | R: 780.6328 | D: 15.6 s | BR: 5.6230 | ALOSS: -644.2764 | CLOSS: 58.4932 | TLOSS: 0.0000 | TVAL: 0.1633 | AENT: -0.9998
| [33mtrain[0m | E: 134 | S: 134000 | R: 783.9433 | D: 11.6 s | BR: 5.5858 | ALOSS: -643.2774 | CLOSS: 69.4181 | TLOSS: 0.0023 | TVAL: 0.1634 | AENT: -0.9861
| [33mtrain[0m | E: 135 | S: 135000 | R: 770.8554 | D: 11.8 s | BR: 5.6511 | ALOSS: -645.9182 | CLOSS: 60.3357 | TLOSS: -0.0072 | TVAL: 0.1634 | AENT: -1.0438
| [33mtrain[0m | E: 136 | S: 136000 | R: 772.7990 | D: 11.9 s | BR: 5.5756 | ALOSS: -644.8568 | CLOSS: 58.5391 | TLOSS: -0.0127 | TVAL: 0.1638 | AENT: -1.0776
| [32meval[0m  | E: 136 | S: 136000 | R: 736.8765
| [33mtrain[0m | E: 137 | S: 137000 | R: 747.3011 | D: 15.8 s | BR: 5.6140 | ALOSS: -646.5787 | CLOSS: 71.3883 | TLOSS: 0.0026 | TVAL: 0.1641 | AENT: -0.9844
| [33mtrain[0m | E: 138 | S: 138000 | R: 731.9761 | D: 11.7 s | BR: 5.6128 | ALOSS: -646.7440 | CLOSS: 79.0543 | TLOSS: 0.0026 | TVAL: 0.1639 | AENT: -0.9839
| [33mtrain[0m | E: 139 | S: 139000 | R: 750.8431 | D: 11.7 s | BR: 5.5987 | ALOSS: -646.6509 | CLOSS: 78.8600 | TLOSS: -0.0029 | TVAL: 0.1640 | AENT: -1.0175
| [33mtrain[0m | E: 140 | S: 140000 | R: 769.7845 | D: 11.9 s | BR: 5.5895 | ALOSS: -645.9328 | CLOSS: 66.0508 | TLOSS: -0.0027 | TVAL: 0.1641 | AENT: -1.0167
| [32meval[0m  | E: 140 | S: 140000 | R: 780.6169
| [33mtrain[0m | E: 141 | S: 141000 | R: 688.0604 | D: 15.6 s | BR: 5.6082 | ALOSS: -646.8348 | CLOSS: 59.3142 | TLOSS: 0.0037 | TVAL: 0.1640 | AENT: -0.9772
| [33mtrain[0m | E: 142 | S: 142000 | R: 752.4547 | D: 11.7 s | BR: 5.6118 | ALOSS: -647.7346 | CLOSS: 76.7187 | TLOSS: 0.0012 | TVAL: 0.1640 | AENT: -0.9927
| [33mtrain[0m | E: 143 | S: 143000 | R: 750.5626 | D: 11.7 s | BR: 5.6022 | ALOSS: -647.7740 | CLOSS: 70.1925 | TLOSS: -0.0152 | TVAL: 0.1643 | AENT: -1.0928
| [33mtrain[0m | E: 144 | S: 144000 | R: 732.1639 | D: 11.8 s | BR: 5.5780 | ALOSS: -648.5455 | CLOSS: 59.6013 | TLOSS: 0.0006 | TVAL: 0.1647 | AENT: -0.9963
| [32meval[0m  | E: 144 | S: 144000 | R: 790.3197
| [33mtrain[0m | E: 145 | S: 145000 | R: 774.0069 | D: 15.7 s | BR: 5.6136 | ALOSS: -649.9496 | CLOSS: 56.5712 | TLOSS: -0.0026 | TVAL: 0.1647 | AENT: -1.0155
| [33mtrain[0m | E: 146 | S: 146000 | R: 775.2249 | D: 11.6 s | BR: 5.6009 | ALOSS: -649.9353 | CLOSS: 61.1015 | TLOSS: -0.0115 | TVAL: 0.1648 | AENT: -1.0699
| [33mtrain[0m | E: 147 | S: 147000 | R: 762.5942 | D: 11.8 s | BR: 5.6355 | ALOSS: -651.3164 | CLOSS: 75.6483 | TLOSS: 0.0031 | TVAL: 0.1652 | AENT: -0.9809
| [33mtrain[0m | E: 148 | S: 148000 | R: 695.7335 | D: 11.9 s | BR: 5.6441 | ALOSS: -650.7993 | CLOSS: 53.6518 | TLOSS: 0.0003 | TVAL: 0.1650 | AENT: -0.9982
| [32meval[0m  | E: 148 | S: 148000 | R: 788.4142
| [33mtrain[0m | E: 149 | S: 149000 | R: 690.6518 | D: 15.7 s | BR: 5.6573 | ALOSS: -652.1232 | CLOSS: 58.0060 | TLOSS: 0.0061 | TVAL: 0.1651 | AENT: -0.9631
| [33mtrain[0m | E: 150 | S: 150000 | R: 738.9823 | D: 11.7 s | BR: 5.6558 | ALOSS: -651.6348 | CLOSS: 81.6987 | TLOSS: 0.0010 | TVAL: 0.1648 | AENT: -0.9942
| [33mtrain[0m | E: 151 | S: 151000 | R: 669.1584 | D: 11.7 s | BR: 5.6476 | ALOSS: -653.8312 | CLOSS: 51.7230 | TLOSS: 0.0098 | TVAL: 0.1645 | AENT: -0.9402
| [33mtrain[0m | E: 152 | S: 152000 | R: 699.4650 | D: 12.0 s | BR: 5.6298 | ALOSS: -653.1425 | CLOSS: 60.8221 | TLOSS: 0.0110 | TVAL: 0.1642 | AENT: -0.9331
| [32meval[0m  | E: 152 | S: 152000 | R: 715.3044
| [33mtrain[0m | E: 153 | S: 153000 | R: 666.1513 | D: 15.8 s | BR: 5.5880 | ALOSS: -653.8500 | CLOSS: 78.7819 | TLOSS: 0.0008 | TVAL: 0.1638 | AENT: -0.9954
| [33mtrain[0m | E: 154 | S: 154000 | R: 763.9441 | D: 11.5 s | BR: 5.5971 | ALOSS: -654.2587 | CLOSS: 52.6010 | TLOSS: 0.0074 | TVAL: 0.1637 | AENT: -0.9548
| [33mtrain[0m | E: 155 | S: 155000 | R: 685.0201 | D: 11.8 s | BR: 5.6339 | ALOSS: -654.3443 | CLOSS: 66.7932 | TLOSS: 0.0028 | TVAL: 0.1635 | AENT: -0.9831
| [33mtrain[0m | E: 156 | S: 156000 | R: 683.3469 | D: 12.0 s | BR: 5.6238 | ALOSS: -655.8413 | CLOSS: 52.1091 | TLOSS: -0.0057 | TVAL: 0.1635 | AENT: -1.0346
| [32meval[0m  | E: 156 | S: 156000 | R: 655.7847
| [33mtrain[0m | E: 157 | S: 157000 | R: 685.6332 | D: 15.7 s | BR: 5.6355 | ALOSS: -656.1391 | CLOSS: 62.5867 | TLOSS: -0.0027 | TVAL: 0.1638 | AENT: -1.0167
| [33mtrain[0m | E: 158 | S: 158000 | R: 708.3979 | D: 11.6 s | BR: 5.6335 | ALOSS: -655.4254 | CLOSS: 72.5579 | TLOSS: -0.0028 | TVAL: 0.1638 | AENT: -1.0171
| [33mtrain[0m | E: 159 | S: 159000 | R: 738.8604 | D: 12.0 s | BR: 5.6169 | ALOSS: -656.2447 | CLOSS: 60.8552 | TLOSS: 0.0056 | TVAL: 0.1638 | AENT: -0.9655
| [33mtrain[0m | E: 160 | S: 160000 | R: 694.7369 | D: 12.3 s | BR: 5.6006 | ALOSS: -656.9029 | CLOSS: 56.4791 | TLOSS: 0.0114 | TVAL: 0.1634 | AENT: -0.9302
| [32meval[0m  | E: 160 | S: 160000 | R: 725.8657
| [33mtrain[0m | E: 161 | S: 161000 | R: 678.2288 | D: 15.7 s | BR: 5.6432 | ALOSS: -658.3707 | CLOSS: 70.0838 | TLOSS: 0.0167 | TVAL: 0.1627 | AENT: -0.8974
| [33mtrain[0m | E: 162 | S: 162000 | R: 701.0417 | D: 11.7 s | BR: 5.6397 | ALOSS: -657.4861 | CLOSS: 50.0980 | TLOSS: 0.0018 | TVAL: 0.1623 | AENT: -0.9887
| [33mtrain[0m | E: 163 | S: 163000 | R: 680.6805 | D: 11.8 s | BR: 5.5936 | ALOSS: -657.2407 | CLOSS: 56.2482 | TLOSS: -0.0014 | TVAL: 0.1623 | AENT: -1.0089
| [33mtrain[0m | E: 164 | S: 164000 | R: 694.5157 | D: 11.7 s | BR: 5.6121 | ALOSS: -658.7927 | CLOSS: 58.7221 | TLOSS: -0.0103 | TVAL: 0.1624 | AENT: -1.0635
| [32meval[0m  | E: 164 | S: 164000 | R: 671.5689
| [33mtrain[0m | E: 165 | S: 165000 | R: 668.9031 | D: 15.7 s | BR: 5.6352 | ALOSS: -659.9004 | CLOSS: 54.6706 | TLOSS: -0.0120 | TVAL: 0.1630 | AENT: -1.0735
| [33mtrain[0m | E: 166 | S: 166000 | R: 678.2143 | D: 11.8 s | BR: 5.6010 | ALOSS: -658.8389 | CLOSS: 63.7920 | TLOSS: -0.0028 | TVAL: 0.1634 | AENT: -1.0171
| [33mtrain[0m | E: 167 | S: 167000 | R: 673.7547 | D: 11.9 s | BR: 5.6105 | ALOSS: -659.9802 | CLOSS: 78.0954 | TLOSS: -0.0039 | TVAL: 0.1635 | AENT: -1.0240
| [33mtrain[0m | E: 168 | S: 168000 | R: 700.3185 | D: 11.9 s | BR: 5.6259 | ALOSS: -660.6253 | CLOSS: 71.9687 | TLOSS: -0.0068 | TVAL: 0.1637 | AENT: -1.0413
| [32meval[0m  | E: 168 | S: 168000 | R: 742.2621
| [33mtrain[0m | E: 169 | S: 169000 | R: 628.0833 | D: 15.7 s | BR: 5.6619 | ALOSS: -660.9946 | CLOSS: 52.0931 | TLOSS: -0.0064 | TVAL: 0.1640 | AENT: -1.0388
| [33mtrain[0m | E: 170 | S: 170000 | R: 717.5527 | D: 11.8 s | BR: 5.6267 | ALOSS: -660.6738 | CLOSS: 62.1186 | TLOSS: -0.0101 | TVAL: 0.1645 | AENT: -1.0613
| [33mtrain[0m | E: 171 | S: 171000 | R: 707.9627 | D: 12.0 s | BR: 5.6205 | ALOSS: -661.5108 | CLOSS: 82.9980 | TLOSS: -0.0011 | TVAL: 0.1647 | AENT: -1.0069
| [33mtrain[0m | E: 172 | S: 172000 | R: 643.5780 | D: 12.0 s | BR: 5.6218 | ALOSS: -662.0740 | CLOSS: 56.8417 | TLOSS: 0.0011 | TVAL: 0.1647 | AENT: -0.9932
| [32meval[0m  | E: 172 | S: 172000 | R: 699.5098
| [33mtrain[0m | E: 173 | S: 173000 | R: 698.2153 | D: 15.7 s | BR: 5.6522 | ALOSS: -662.1899 | CLOSS: 67.1125 | TLOSS: -0.0028 | TVAL: 0.1648 | AENT: -1.0168
| [33mtrain[0m | E: 174 | S: 174000 | R: 745.7834 | D: 11.8 s | BR: 5.6385 | ALOSS: -662.8568 | CLOSS: 55.3001 | TLOSS: -0.0073 | TVAL: 0.1650 | AENT: -1.0441
| [33mtrain[0m | E: 175 | S: 175000 | R: 735.1231 | D: 11.9 s | BR: 5.6063 | ALOSS: -663.4471 | CLOSS: 59.4829 | TLOSS: -0.0036 | TVAL: 0.1651 | AENT: -1.0217
| [33mtrain[0m | E: 176 | S: 176000 | R: 692.5759 | D: 11.8 s | BR: 5.5772 | ALOSS: -662.2297 | CLOSS: 75.8482 | TLOSS: -0.0116 | TVAL: 0.1656 | AENT: -1.0699
| [32meval[0m  | E: 176 | S: 176000 | R: 811.2406
| [33mtrain[0m | E: 177 | S: 177000 | R: 777.9719 | D: 15.8 s | BR: 5.6200 | ALOSS: -663.6534 | CLOSS: 59.1790 | TLOSS: -0.0084 | TVAL: 0.1661 | AENT: -1.0508
| [33mtrain[0m | E: 178 | S: 178000 | R: 739.8164 | D: 11.8 s | BR: 5.6348 | ALOSS: -663.5603 | CLOSS: 67.1748 | TLOSS: -0.0042 | TVAL: 0.1661 | AENT: -1.0251
| [33mtrain[0m | E: 179 | S: 179000 | R: 765.5222 | D: 12.1 s | BR: 5.5659 | ALOSS: -663.2345 | CLOSS: 53.6659 | TLOSS: 0.0030 | TVAL: 0.1663 | AENT: -0.9822
| [33mtrain[0m | E: 180 | S: 180000 | R: 773.3687 | D: 12.0 s | BR: 5.6214 | ALOSS: -664.8498 | CLOSS: 61.8158 | TLOSS: 0.0062 | TVAL: 0.1661 | AENT: -0.9629
| [32meval[0m  | E: 180 | S: 180000 | R: 772.1268
| [33mtrain[0m | E: 181 | S: 181000 | R: 783.6488 | D: 15.9 s | BR: 5.5964 | ALOSS: -665.0192 | CLOSS: 59.7007 | TLOSS: 0.0012 | TVAL: 0.1659 | AENT: -0.9929
| [33mtrain[0m | E: 182 | S: 182000 | R: 786.4574 | D: 12.0 s | BR: 5.6218 | ALOSS: -666.1346 | CLOSS: 60.3475 | TLOSS: -0.0022 | TVAL: 0.1659 | AENT: -1.0132
| [33mtrain[0m | E: 183 | S: 183000 | R: 774.6604 | D: 12.1 s | BR: 5.6092 | ALOSS: -665.6220 | CLOSS: 58.3527 | TLOSS: 0.0000 | TVAL: 0.1660 | AENT: -0.9999
| [33mtrain[0m | E: 184 | S: 184000 | R: 759.9540 | D: 12.0 s | BR: 5.6288 | ALOSS: -666.8053 | CLOSS: 66.1324 | TLOSS: -0.0030 | TVAL: 0.1661 | AENT: -1.0181
| [32meval[0m  | E: 184 | S: 184000 | R: 763.5121
| [33mtrain[0m | E: 185 | S: 185000 | R: 753.5948 | D: 16.0 s | BR: 5.6758 | ALOSS: -668.3391 | CLOSS: 68.4714 | TLOSS: -0.0036 | TVAL: 0.1661 | AENT: -1.0218
| [33mtrain[0m | E: 186 | S: 186000 | R: 761.1299 | D: 12.0 s | BR: 5.6033 | ALOSS: -666.9368 | CLOSS: 76.8170 | TLOSS: 0.0042 | TVAL: 0.1662 | AENT: -0.9746
| [33mtrain[0m | E: 187 | S: 187000 | R: 753.0974 | D: 12.1 s | BR: 5.6607 | ALOSS: -668.9393 | CLOSS: 75.4760 | TLOSS: 0.0055 | TVAL: 0.1660 | AENT: -0.9669
| [33mtrain[0m | E: 188 | S: 188000 | R: 778.6319 | D: 12.0 s | BR: 5.6197 | ALOSS: -668.2442 | CLOSS: 66.9807 | TLOSS: -0.0022 | TVAL: 0.1659 | AENT: -1.0130
| [32meval[0m  | E: 188 | S: 188000 | R: 800.1530
| [33mtrain[0m | E: 189 | S: 189000 | R: 785.8588 | D: 16.0 s | BR: 5.6005 | ALOSS: -669.0227 | CLOSS: 59.8824 | TLOSS: 0.0102 | TVAL: 0.1658 | AENT: -0.9387
| [33mtrain[0m | E: 190 | S: 190000 | R: 765.4951 | D: 12.0 s | BR: 5.6413 | ALOSS: -669.1399 | CLOSS: 75.3398 | TLOSS: -0.0068 | TVAL: 0.1656 | AENT: -1.0408
| [33mtrain[0m | E: 191 | S: 191000 | R: 759.0677 | D: 12.1 s | BR: 5.6413 | ALOSS: -669.9183 | CLOSS: 72.4244 | TLOSS: -0.0006 | TVAL: 0.1658 | AENT: -1.0035
| [33mtrain[0m | E: 192 | S: 192000 | R: 772.5779 | D: 12.1 s | BR: 5.6205 | ALOSS: -669.9381 | CLOSS: 54.8439 | TLOSS: -0.0029 | TVAL: 0.1659 | AENT: -1.0175
| [32meval[0m  | E: 192 | S: 192000 | R: 768.7919
| [33mtrain[0m | E: 193 | S: 193000 | R: 760.4233 | D: 16.1 s | BR: 5.6248 | ALOSS: -671.4282 | CLOSS: 71.2580 | TLOSS: -0.0044 | TVAL: 0.1660 | AENT: -1.0267
| [33mtrain[0m | E: 194 | S: 194000 | R: 753.3081 | D: 12.2 s | BR: 5.6539 | ALOSS: -671.2671 | CLOSS: 105.0187 | TLOSS: 0.0038 | TVAL: 0.1662 | AENT: -0.9773
| [33mtrain[0m | E: 195 | S: 195000 | R: 685.1982 | D: 12.3 s | BR: 5.6079 | ALOSS: -670.2674 | CLOSS: 58.3276 | TLOSS: 0.0039 | TVAL: 0.1658 | AENT: -0.9766
| [33mtrain[0m | E: 196 | S: 196000 | R: 736.8931 | D: 12.1 s | BR: 5.6537 | ALOSS: -671.8560 | CLOSS: 65.9994 | TLOSS: 0.0065 | TVAL: 0.1656 | AENT: -0.9608
| [32meval[0m  | E: 196 | S: 196000 | R: 747.3334
| [33mtrain[0m | E: 197 | S: 197000 | R: 751.8061 | D: 16.3 s | BR: 5.6081 | ALOSS: -671.0980 | CLOSS: 68.3537 | TLOSS: -0.0003 | TVAL: 0.1655 | AENT: -1.0018
| [33mtrain[0m | E: 198 | S: 198000 | R: 777.9365 | D: 12.1 s | BR: 5.6312 | ALOSS: -672.7141 | CLOSS: 56.7844 | TLOSS: -0.0036 | TVAL: 0.1656 | AENT: -1.0217
| [33mtrain[0m | E: 199 | S: 199000 | R: 780.8862 | D: 12.4 s | BR: 5.6594 | ALOSS: -673.9905 | CLOSS: 59.6180 | TLOSS: -0.0038 | TVAL: 0.1657 | AENT: -1.0229
| [33mtrain[0m | E: 200 | S: 200000 | R: 752.6228 | D: 12.3 s | BR: 5.6481 | ALOSS: -674.2546 | CLOSS: 70.0093 | TLOSS: 0.0003 | TVAL: 0.1658 | AENT: -0.9984
| [32meval[0m  | E: 200 | S: 200000 | R: 779.9222
| [33mtrain[0m | E: 201 | S: 201000 | R: 764.0920 | D: 16.2 s | BR: 5.6496 | ALOSS: -673.8526 | CLOSS: 72.2272 | TLOSS: 0.0061 | TVAL: 0.1658 | AENT: -0.9635
| [33mtrain[0m | E: 202 | S: 202000 | R: 733.2441 | D: 12.3 s | BR: 5.6396 | ALOSS: -674.0000 | CLOSS: 58.5539 | TLOSS: -0.0001 | TVAL: 0.1656 | AENT: -1.0007
| [33mtrain[0m | E: 203 | S: 203000 | R: 754.8976 | D: 12.5 s | BR: 5.6077 | ALOSS: -673.3651 | CLOSS: 70.4757 | TLOSS: 0.0012 | TVAL: 0.1655 | AENT: -0.9929
| [33mtrain[0m | E: 204 | S: 204000 | R: 757.6544 | D: 12.2 s | BR: 5.7009 | ALOSS: -675.2098 | CLOSS: 51.9670 | TLOSS: 0.0045 | TVAL: 0.1654 | AENT: -0.9725
| [32meval[0m  | E: 204 | S: 204000 | R: 638.3126
| [33mtrain[0m | E: 205 | S: 205000 | R: 742.7572 | D: 16.4 s | BR: 5.6436 | ALOSS: -675.6674 | CLOSS: 82.9858 | TLOSS: 0.0041 | TVAL: 0.1651 | AENT: -0.9750
| [33mtrain[0m | E: 206 | S: 206000 | R: 770.0430 | D: 12.3 s | BR: 5.6536 | ALOSS: -674.6595 | CLOSS: 61.8829 | TLOSS: -0.0078 | TVAL: 0.1652 | AENT: -1.0473
| [33mtrain[0m | E: 207 | S: 207000 | R: 748.8547 | D: 12.4 s | BR: 5.6799 | ALOSS: -676.3096 | CLOSS: 58.2176 | TLOSS: -0.0041 | TVAL: 0.1656 | AENT: -1.0245
| [33mtrain[0m | E: 208 | S: 208000 | R: 748.0778 | D: 12.3 s | BR: 5.6463 | ALOSS: -676.2203 | CLOSS: 53.8119 | TLOSS: -0.0023 | TVAL: 0.1657 | AENT: -1.0138
| [32meval[0m  | E: 208 | S: 208000 | R: 780.9771
| [33mtrain[0m | E: 209 | S: 209000 | R: 765.3584 | D: 16.4 s | BR: 5.6993 | ALOSS: -678.1781 | CLOSS: 70.9340 | TLOSS: 0.0063 | TVAL: 0.1656 | AENT: -0.9617
| [33mtrain[0m | E: 210 | S: 210000 | R: 738.2823 | D: 12.5 s | BR: 5.6233 | ALOSS: -677.1923 | CLOSS: 87.5355 | TLOSS: -0.0025 | TVAL: 0.1655 | AENT: -1.0154
| [33mtrain[0m | E: 211 | S: 211000 | R: 673.1910 | D: 12.6 s | BR: 5.6106 | ALOSS: -677.0496 | CLOSS: 65.2390 | TLOSS: -0.0113 | TVAL: 0.1658 | AENT: -1.0684
| [33mtrain[0m | E: 212 | S: 212000 | R: 752.5890 | D: 12.5 s | BR: 5.6330 | ALOSS: -676.9700 | CLOSS: 55.5119 | TLOSS: 0.0017 | TVAL: 0.1660 | AENT: -0.9896
| [32meval[0m  | E: 212 | S: 212000 | R: 807.0621
| [33mtrain[0m | E: 213 | S: 213000 | R: 777.0278 | D: 16.6 s | BR: 5.6731 | ALOSS: -678.3235 | CLOSS: 50.5959 | TLOSS: -0.0026 | TVAL: 0.1661 | AENT: -1.0156
| [33mtrain[0m | E: 214 | S: 214000 | R: 780.3612 | D: 12.6 s | BR: 5.6284 | ALOSS: -678.8063 | CLOSS: 88.1313 | TLOSS: -0.0012 | TVAL: 0.1662 | AENT: -1.0071
| [33mtrain[0m | E: 215 | S: 215000 | R: 755.0474 | D: 12.7 s | BR: 5.6563 | ALOSS: -678.4641 | CLOSS: 53.3148 | TLOSS: -0.0078 | TVAL: 0.1664 | AENT: -1.0467
| [33mtrain[0m | E: 216 | S: 216000 | R: 753.5080 | D: 12.7 s | BR: 5.6342 | ALOSS: -679.4301 | CLOSS: 79.8943 | TLOSS: -0.0035 | TVAL: 0.1667 | AENT: -1.0210
| [32meval[0m  | E: 216 | S: 216000 | R: 785.7739
| [33mtrain[0m | E: 217 | S: 217000 | R: 737.4277 | D: 16.6 s | BR: 5.6436 | ALOSS: -680.1388 | CLOSS: 80.8862 | TLOSS: 0.0059 | TVAL: 0.1664 | AENT: -0.9646
| [33mtrain[0m | E: 218 | S: 218000 | R: 769.5606 | D: 12.7 s | BR: 5.6506 | ALOSS: -679.7142 | CLOSS: 48.8329 | TLOSS: -0.0029 | TVAL: 0.1665 | AENT: -1.0174
| [33mtrain[0m | E: 219 | S: 219000 | R: 765.2525 | D: 12.7 s | BR: 5.6765 | ALOSS: -680.3537 | CLOSS: 52.9968 | TLOSS: -0.0022 | TVAL: 0.1667 | AENT: -1.0134
| [33mtrain[0m | E: 220 | S: 220000 | R: 760.1341 | D: 12.8 s | BR: 5.6840 | ALOSS: -680.7891 | CLOSS: 61.0572 | TLOSS: -0.0082 | TVAL: 0.1669 | AENT: -1.0490
| [32meval[0m  | E: 220 | S: 220000 | R: 768.3892
| [33mtrain[0m | E: 221 | S: 221000 | R: 755.1546 | D: 16.6 s | BR: 5.6627 | ALOSS: -680.0842 | CLOSS: 60.1272 | TLOSS: 0.0019 | TVAL: 0.1671 | AENT: -0.9888
| [33mtrain[0m | E: 222 | S: 222000 | R: 781.4521 | D: 12.9 s | BR: 5.6614 | ALOSS: -681.8554 | CLOSS: 61.5748 | TLOSS: -0.0027 | TVAL: 0.1671 | AENT: -1.0162
| [33mtrain[0m | E: 223 | S: 223000 | R: 760.0325 | D: 12.9 s | BR: 5.6913 | ALOSS: -682.5012 | CLOSS: 67.9976 | TLOSS: -0.0104 | TVAL: 0.1673 | AENT: -1.0621
| [33mtrain[0m | E: 224 | S: 224000 | R: 786.4602 | D: 12.9 s | BR: 5.6438 | ALOSS: -681.3551 | CLOSS: 72.9483 | TLOSS: -0.0021 | TVAL: 0.1677 | AENT: -1.0127
| [32meval[0m  | E: 224 | S: 224000 | R: 737.2509
| [33mtrain[0m | E: 225 | S: 225000 | R: 772.1112 | D: 16.8 s | BR: 5.6637 | ALOSS: -682.4752 | CLOSS: 70.0859 | TLOSS: 0.0092 | TVAL: 0.1674 | AENT: -0.9448
| [33mtrain[0m | E: 226 | S: 226000 | R: 768.8004 | D: 13.0 s | BR: 5.6576 | ALOSS: -683.0501 | CLOSS: 56.5076 | TLOSS: -0.0071 | TVAL: 0.1674 | AENT: -1.0424
| [33mtrain[0m | E: 227 | S: 227000 | R: 781.1114 | D: 13.0 s | BR: 5.6655 | ALOSS: -682.8357 | CLOSS: 70.2436 | TLOSS: -0.0043 | TVAL: 0.1677 | AENT: -1.0255
| [33mtrain[0m | E: 228 | S: 228000 | R: 775.9810 | D: 13.0 s | BR: 5.6426 | ALOSS: -683.6842 | CLOSS: 64.0881 | TLOSS: -0.0002 | TVAL: 0.1679 | AENT: -1.0014
| [32meval[0m  | E: 228 | S: 228000 | R: 786.7585
| [33mtrain[0m | E: 229 | S: 229000 | R: 781.9827 | D: 17.0 s | BR: 5.6852 | ALOSS: -683.9173 | CLOSS: 69.4938 | TLOSS: -0.0014 | TVAL: 0.1679 | AENT: -1.0083
| [33mtrain[0m | E: 230 | S: 230000 | R: 784.3667 | D: 13.1 s | BR: 5.6951 | ALOSS: -684.6676 | CLOSS: 54.8393 | TLOSS: 0.0064 | TVAL: 0.1677 | AENT: -0.9616
| [33mtrain[0m | E: 231 | S: 231000 | R: 782.3548 | D: 13.1 s | BR: 5.6953 | ALOSS: -684.6303 | CLOSS: 96.0990 | TLOSS: 0.0042 | TVAL: 0.1675 | AENT: -0.9747
| [33mtrain[0m | E: 232 | S: 232000 | R: 749.7695 | D: 13.1 s | BR: 5.6675 | ALOSS: -684.2571 | CLOSS: 71.3331 | TLOSS: 0.0106 | TVAL: 0.1671 | AENT: -0.9367
| [32meval[0m  | E: 232 | S: 232000 | R: 785.6733
| [33mtrain[0m | E: 233 | S: 233000 | R: 760.2271 | D: 17.1 s | BR: 5.6597 | ALOSS: -684.4526 | CLOSS: 47.2547 | TLOSS: 0.0004 | TVAL: 0.1669 | AENT: -0.9977
| [33mtrain[0m | E: 234 | S: 234000 | R: 765.8260 | D: 13.2 s | BR: 5.6523 | ALOSS: -684.7407 | CLOSS: 54.5859 | TLOSS: -0.0026 | TVAL: 0.1669 | AENT: -1.0159
| [33mtrain[0m | E: 235 | S: 235000 | R: 786.1955 | D: 13.3 s | BR: 5.6872 | ALOSS: -685.4122 | CLOSS: 51.1345 | TLOSS: 0.0049 | TVAL: 0.1668 | AENT: -0.9708
| [33mtrain[0m | E: 236 | S: 236000 | R: 777.5930 | D: 13.2 s | BR: 5.7028 | ALOSS: -686.8048 | CLOSS: 59.2884 | TLOSS: -0.0045 | TVAL: 0.1668 | AENT: -1.0268
| [32meval[0m  | E: 236 | S: 236000 | R: 789.9503
| [33mtrain[0m | E: 237 | S: 237000 | R: 778.2479 | D: 16.4 s | BR: 5.6836 | ALOSS: -684.9917 | CLOSS: 57.8479 | TLOSS: -0.0009 | TVAL: 0.1669 | AENT: -1.0052
| [33mtrain[0m | E: 238 | S: 238000 | R: 769.9959 | D: 12.6 s | BR: 5.6892 | ALOSS: -686.3847 | CLOSS: 57.6939 | TLOSS: -0.0028 | TVAL: 0.1672 | AENT: -1.0170
| [33mtrain[0m | E: 239 | S: 239000 | R: 759.7596 | D: 12.8 s | BR: 5.6978 | ALOSS: -686.4823 | CLOSS: 49.3260 | TLOSS: 0.0013 | TVAL: 0.1672 | AENT: -0.9921
Switching to test env
| [33mtrain[0m | E: 240 | S: 240000 | R: 758.3577 | D: 12.9 s | BR: 5.6855 | ALOSS: -686.2445 | CLOSS: 58.5994 | TLOSS: -0.0079 | TVAL: 0.1672 | AENT: -1.0473
| [32meval[0m  | E: 240 | S: 240000 | R: 781.4468
