cartpole_damping_10000_ar8_seed10
workspace: /scratch/yxue/CMID/runs/cartpole_mass_capsule_envA_01_envB_1_30000_seed5/sac/5
| [32meval[0m  | E: 0 | S: 0 | R: 0.1220
| [32meval[0m  | E: 4 | S: 4000 | R: 0.1244
| [32meval[0m  | E: 8 | S: 8000 | R: 0.1307
| [33mtrain[0m | E: 9 | S: 9000 | R: 156.8840 | D: 13.9 s | BR: 0.9312 | ALOSS: -1.3999 | CLOSS: 1.7217 | TLOSS: 0.1458 | TVAL: 0.0997 | AENT: 0.4624
| [33mtrain[0m | E: 10 | S: 10000 | R: 213.5389 | D: 10.6 s | BR: 0.9545 | ALOSS: -1.9938 | CLOSS: 0.4696 | TLOSS: 0.1647 | TVAL: 0.0991 | AENT: 0.6621
| [33mtrain[0m | E: 11 | S: 11000 | R: 34.4823 | D: 10.8 s | BR: 0.8908 | ALOSS: -2.3788 | CLOSS: 0.3361 | TLOSS: 0.1612 | TVAL: 0.0985 | AENT: 0.6368
| [33mtrain[0m | E: 12 | S: 12000 | R: 20.8198 | D: 10.7 s | BR: 0.8706 | ALOSS: -2.7847 | CLOSS: 0.7950 | TLOSS: 0.1553 | TVAL: 0.0979 | AENT: 0.5870
| [32meval[0m  | E: 12 | S: 12000 | R: 22.2635
| [33mtrain[0m | E: 13 | S: 13000 | R: 185.9675 | D: 14.7 s | BR: 0.9299 | ALOSS: -3.4251 | CLOSS: 0.6484 | TLOSS: 0.1541 | TVAL: 0.0973 | AENT: 0.5844
| [33mtrain[0m | E: 14 | S: 14000 | R: 208.5740 | D: 10.7 s | BR: 0.9581 | ALOSS: -3.8905 | CLOSS: 0.8332 | TLOSS: 0.1478 | TVAL: 0.0967 | AENT: 0.5285
| [33mtrain[0m | E: 15 | S: 15000 | R: 95.3775 | D: 10.9 s | BR: 0.9688 | ALOSS: -4.4825 | CLOSS: 1.0221 | TLOSS: 0.1434 | TVAL: 0.0961 | AENT: 0.4918
| [33mtrain[0m | E: 16 | S: 16000 | R: 168.4973 | D: 10.7 s | BR: 1.0069 | ALOSS: -5.1971 | CLOSS: 1.7171 | TLOSS: 0.1409 | TVAL: 0.0956 | AENT: 0.4749
| [32meval[0m  | E: 16 | S: 16000 | R: 198.4353
| [33mtrain[0m | E: 17 | S: 17000 | R: 207.9363 | D: 14.7 s | BR: 0.9996 | ALOSS: -5.8180 | CLOSS: 1.3044 | TLOSS: 0.1246 | TVAL: 0.0950 | AENT: 0.3114
| [33mtrain[0m | E: 18 | S: 18000 | R: 88.1959 | D: 10.8 s | BR: 1.0106 | ALOSS: -6.5411 | CLOSS: 2.5479 | TLOSS: 0.1077 | TVAL: 0.0946 | AENT: 0.1385
| [33mtrain[0m | E: 19 | S: 19000 | R: 205.9795 | D: 10.9 s | BR: 1.0718 | ALOSS: -7.5473 | CLOSS: 2.3090 | TLOSS: 0.1004 | TVAL: 0.0941 | AENT: 0.0667
| [33mtrain[0m | E: 20 | S: 20000 | R: 236.9648 | D: 10.7 s | BR: 1.1054 | ALOSS: -8.4125 | CLOSS: 2.1208 | TLOSS: 0.0739 | TVAL: 0.0938 | AENT: -0.2119
| [32meval[0m  | E: 20 | S: 20000 | R: 157.2804
| [33mtrain[0m | E: 21 | S: 21000 | R: 219.9099 | D: 14.7 s | BR: 1.1457 | ALOSS: -9.7285 | CLOSS: 2.4795 | TLOSS: 0.0569 | TVAL: 0.0935 | AENT: -0.3913
| [33mtrain[0m | E: 22 | S: 22000 | R: 252.6738 | D: 10.8 s | BR: 1.1769 | ALOSS: -10.7235 | CLOSS: 2.0593 | TLOSS: 0.0543 | TVAL: 0.0932 | AENT: -0.4176
| [33mtrain[0m | E: 23 | S: 23000 | R: 244.5700 | D: 11.0 s | BR: 1.1966 | ALOSS: -11.5809 | CLOSS: 3.4395 | TLOSS: 0.0336 | TVAL: 0.0930 | AENT: -0.6383
| [33mtrain[0m | E: 24 | S: 24000 | R: 169.0696 | D: 10.8 s | BR: 1.2114 | ALOSS: -13.0588 | CLOSS: 3.2313 | TLOSS: 0.0395 | TVAL: 0.0928 | AENT: -0.5748
| [32meval[0m  | E: 24 | S: 24000 | R: 202.6533
| [33mtrain[0m | E: 25 | S: 25000 | R: 176.1680 | D: 14.8 s | BR: 1.2033 | ALOSS: -14.1775 | CLOSS: 4.9459 | TLOSS: 0.0278 | TVAL: 0.0927 | AENT: -0.7005
| [33mtrain[0m | E: 26 | S: 26000 | R: 159.3942 | D: 10.8 s | BR: 1.2204 | ALOSS: -15.2856 | CLOSS: 3.4953 | TLOSS: 0.0219 | TVAL: 0.0926 | AENT: -0.7628
| [33mtrain[0m | E: 27 | S: 27000 | R: 219.7249 | D: 11.2 s | BR: 1.2413 | ALOSS: -17.0573 | CLOSS: 4.7210 | TLOSS: 0.0155 | TVAL: 0.0924 | AENT: -0.8326
| [33mtrain[0m | E: 28 | S: 28000 | R: 274.9668 | D: 11.3 s | BR: 1.2954 | ALOSS: -18.5313 | CLOSS: 4.7614 | TLOSS: 0.0133 | TVAL: 0.0924 | AENT: -0.8555
| [32meval[0m  | E: 28 | S: 28000 | R: 509.0560
| [33mtrain[0m | E: 29 | S: 29000 | R: 483.8254 | D: 15.7 s | BR: 1.3841 | ALOSS: -20.1525 | CLOSS: 5.7983 | TLOSS: 0.0062 | TVAL: 0.0923 | AENT: -0.9326
| [33mtrain[0m | E: 30 | S: 30000 | R: 490.1251 | D: 11.6 s | BR: 1.4683 | ALOSS: -22.1753 | CLOSS: 7.2840 | TLOSS: 0.0062 | TVAL: 0.0923 | AENT: -0.9328
| [33mtrain[0m | E: 31 | S: 31000 | R: 412.6903 | D: 11.6 s | BR: 1.5603 | ALOSS: -23.8101 | CLOSS: 8.8521 | TLOSS: 0.0035 | TVAL: 0.0922 | AENT: -0.9618
| [33mtrain[0m | E: 32 | S: 32000 | R: 417.8906 | D: 11.3 s | BR: 1.6255 | ALOSS: -25.7339 | CLOSS: 8.3592 | TLOSS: 0.0082 | TVAL: 0.0922 | AENT: -0.9116
| [32meval[0m  | E: 32 | S: 32000 | R: 653.9644
| [33mtrain[0m | E: 33 | S: 33000 | R: 405.9111 | D: 15.9 s | BR: 1.6779 | ALOSS: -27.4630 | CLOSS: 8.7896 | TLOSS: -0.0012 | TVAL: 0.0922 | AENT: -1.0131
| [33mtrain[0m | E: 34 | S: 34000 | R: 631.8053 | D: 11.6 s | BR: 1.7514 | ALOSS: -28.8304 | CLOSS: 15.6739 | TLOSS: -0.0045 | TVAL: 0.0922 | AENT: -1.0493
| [33mtrain[0m | E: 35 | S: 35000 | R: 349.5564 | D: 11.7 s | BR: 1.8209 | ALOSS: -31.2433 | CLOSS: 11.4797 | TLOSS: -0.0113 | TVAL: 0.0922 | AENT: -1.1226
| [33mtrain[0m | E: 36 | S: 36000 | R: 683.2744 | D: 11.4 s | BR: 1.8866 | ALOSS: -33.5881 | CLOSS: 14.5803 | TLOSS: -0.0154 | TVAL: 0.0923 | AENT: -1.1666
| [32meval[0m  | E: 36 | S: 36000 | R: 440.4796
| [33mtrain[0m | E: 37 | S: 37000 | R: 730.1500 | D: 15.8 s | BR: 1.9994 | ALOSS: -36.2662 | CLOSS: 35.5173 | TLOSS: -0.0221 | TVAL: 0.0925 | AENT: -1.2391
| [33mtrain[0m | E: 38 | S: 38000 | R: 601.2617 | D: 11.3 s | BR: 2.0849 | ALOSS: -38.7201 | CLOSS: 26.3170 | TLOSS: -0.0317 | TVAL: 0.0927 | AENT: -1.3413
| [33mtrain[0m | E: 39 | S: 39000 | R: 582.8838 | D: 11.6 s | BR: 2.1171 | ALOSS: -40.9753 | CLOSS: 24.9487 | TLOSS: -0.0319 | TVAL: 0.0930 | AENT: -1.3434
| [33mtrain[0m | E: 40 | S: 40000 | R: 585.7493 | D: 11.4 s | BR: 2.2174 | ALOSS: -43.4088 | CLOSS: 35.7947 | TLOSS: -0.0344 | TVAL: 0.0933 | AENT: -1.3689
| [32meval[0m  | E: 40 | S: 40000 | R: 465.2300
| [33mtrain[0m | E: 41 | S: 41000 | R: 646.3160 | D: 15.9 s | BR: 2.2723 | ALOSS: -46.5997 | CLOSS: 26.8826 | TLOSS: -0.0338 | TVAL: 0.0936 | AENT: -1.3607
| [33mtrain[0m | E: 42 | S: 42000 | R: 706.3803 | D: 11.6 s | BR: 2.3333 | ALOSS: -49.8777 | CLOSS: 27.9336 | TLOSS: -0.0407 | TVAL: 0.0940 | AENT: -1.4332
| [33mtrain[0m | E: 43 | S: 43000 | R: 598.2692 | D: 11.8 s | BR: 2.4430 | ALOSS: -53.4618 | CLOSS: 27.9982 | TLOSS: -0.0486 | TVAL: 0.0944 | AENT: -1.5147
| [33mtrain[0m | E: 44 | S: 44000 | R: 602.8482 | D: 11.4 s | BR: 2.4677 | ALOSS: -56.3126 | CLOSS: 36.0997 | TLOSS: -0.0554 | TVAL: 0.0949 | AENT: -1.5837
| [32meval[0m  | E: 44 | S: 44000 | R: 486.6774
| [33mtrain[0m | E: 45 | S: 45000 | R: 609.4275 | D: 15.7 s | BR: 2.5002 | ALOSS: -59.7341 | CLOSS: 46.8025 | TLOSS: -0.0564 | TVAL: 0.0955 | AENT: -1.5902
| [33mtrain[0m | E: 46 | S: 46000 | R: 577.7065 | D: 11.3 s | BR: 2.5758 | ALOSS: -61.8049 | CLOSS: 33.2139 | TLOSS: -0.0447 | TVAL: 0.0960 | AENT: -1.4658
| [33mtrain[0m | E: 47 | S: 47000 | R: 643.7554 | D: 11.7 s | BR: 2.6266 | ALOSS: -65.6722 | CLOSS: 51.2644 | TLOSS: -0.0561 | TVAL: 0.0965 | AENT: -1.5811
| [33mtrain[0m | E: 48 | S: 48000 | R: 673.0251 | D: 11.5 s | BR: 2.6866 | ALOSS: -69.5559 | CLOSS: 90.2987 | TLOSS: -0.0704 | TVAL: 0.0971 | AENT: -1.7253
| [32meval[0m  | E: 48 | S: 48000 | R: 748.2581
| [33mtrain[0m | E: 49 | S: 49000 | R: 605.7800 | D: 15.8 s | BR: 2.7574 | ALOSS: -73.9937 | CLOSS: 40.4988 | TLOSS: -0.0585 | TVAL: 0.0978 | AENT: -1.5985
| [33mtrain[0m | E: 50 | S: 50000 | R: 636.8977 | D: 11.5 s | BR: 2.7762 | ALOSS: -76.4019 | CLOSS: 41.2248 | TLOSS: -0.0480 | TVAL: 0.0983 | AENT: -1.4877
| [33mtrain[0m | E: 51 | S: 51000 | R: 785.5351 | D: 11.6 s | BR: 2.8613 | ALOSS: -80.8825 | CLOSS: 52.2800 | TLOSS: -0.0484 | TVAL: 0.0988 | AENT: -1.4899
| [33mtrain[0m | E: 52 | S: 52000 | R: 775.5941 | D: 11.4 s | BR: 2.9376 | ALOSS: -85.0424 | CLOSS: 47.9816 | TLOSS: -0.0586 | TVAL: 0.0994 | AENT: -1.5895
| [32meval[0m  | E: 52 | S: 52000 | R: 766.5825
| [33mtrain[0m | E: 53 | S: 53000 | R: 754.0758 | D: 15.8 s | BR: 2.9968 | ALOSS: -89.7998 | CLOSS: 54.1206 | TLOSS: -0.0646 | TVAL: 0.1000 | AENT: -1.6455
| [33mtrain[0m | E: 54 | S: 54000 | R: 709.7338 | D: 11.6 s | BR: 3.0174 | ALOSS: -93.1787 | CLOSS: 54.6994 | TLOSS: -0.0666 | TVAL: 0.1007 | AENT: -1.6615
| [33mtrain[0m | E: 55 | S: 55000 | R: 740.3635 | D: 11.7 s | BR: 3.0909 | ALOSS: -97.2066 | CLOSS: 53.6754 | TLOSS: -0.0750 | TVAL: 0.1014 | AENT: -1.7396
| [33mtrain[0m | E: 56 | S: 56000 | R: 789.4761 | D: 11.4 s | BR: 3.1229 | ALOSS: -100.2219 | CLOSS: 55.4542 | TLOSS: -0.0771 | TVAL: 0.1022 | AENT: -1.7538
| [32meval[0m  | E: 56 | S: 56000 | R: 754.3707
| [33mtrain[0m | E: 57 | S: 57000 | R: 690.0212 | D: 15.8 s | BR: 3.1738 | ALOSS: -103.7471 | CLOSS: 61.8984 | TLOSS: -0.0782 | TVAL: 0.1030 | AENT: -1.7595
| [33mtrain[0m | E: 58 | S: 58000 | R: 720.8497 | D: 11.4 s | BR: 3.2618 | ALOSS: -107.9400 | CLOSS: 43.7094 | TLOSS: -0.0714 | TVAL: 0.1038 | AENT: -1.6877
| [33mtrain[0m | E: 59 | S: 59000 | R: 666.8957 | D: 11.5 s | BR: 3.2909 | ALOSS: -112.5733 | CLOSS: 60.9771 | TLOSS: -0.0690 | TVAL: 0.1045 | AENT: -1.6603
| [33mtrain[0m | E: 60 | S: 60000 | R: 690.0274 | D: 11.3 s | BR: 3.2941 | ALOSS: -116.4727 | CLOSS: 68.7987 | TLOSS: -0.0745 | TVAL: 0.1052 | AENT: -1.7084
| [32meval[0m  | E: 60 | S: 60000 | R: 569.3012
| [33mtrain[0m | E: 61 | S: 61000 | R: 527.9725 | D: 15.8 s | BR: 3.2923 | ALOSS: -119.6182 | CLOSS: 54.2488 | TLOSS: -0.0739 | TVAL: 0.1059 | AENT: -1.6979
| [33mtrain[0m | E: 62 | S: 62000 | R: 677.1583 | D: 11.4 s | BR: 3.3403 | ALOSS: -124.2583 | CLOSS: 58.7285 | TLOSS: -0.0703 | TVAL: 0.1066 | AENT: -1.6591
| [33mtrain[0m | E: 63 | S: 63000 | R: 580.6902 | D: 11.6 s | BR: 3.3725 | ALOSS: -128.3779 | CLOSS: 49.8964 | TLOSS: -0.0716 | TVAL: 0.1073 | AENT: -1.6669
| [33mtrain[0m | E: 64 | S: 64000 | R: 585.7585 | D: 11.2 s | BR: 3.4018 | ALOSS: -131.1042 | CLOSS: 58.5473 | TLOSS: -0.0725 | TVAL: 0.1081 | AENT: -1.6714
| [32meval[0m  | E: 64 | S: 64000 | R: 718.5307
| [33mtrain[0m | E: 65 | S: 65000 | R: 660.8907 | D: 16.0 s | BR: 3.4164 | ALOSS: -135.3139 | CLOSS: 58.7802 | TLOSS: -0.0698 | TVAL: 0.1088 | AENT: -1.6418
| [33mtrain[0m | E: 66 | S: 66000 | R: 715.9777 | D: 11.4 s | BR: 3.4498 | ALOSS: -138.9998 | CLOSS: 59.7556 | TLOSS: -0.0634 | TVAL: 0.1094 | AENT: -1.5791
| [33mtrain[0m | E: 67 | S: 67000 | R: 674.7340 | D: 11.6 s | BR: 3.4979 | ALOSS: -142.8138 | CLOSS: 61.4879 | TLOSS: -0.0608 | TVAL: 0.1101 | AENT: -1.5527
| [33mtrain[0m | E: 68 | S: 68000 | R: 593.3041 | D: 11.4 s | BR: 3.4903 | ALOSS: -146.4684 | CLOSS: 59.7607 | TLOSS: -0.0677 | TVAL: 0.1107 | AENT: -1.6113
| [32meval[0m  | E: 68 | S: 68000 | R: 742.5911
| [33mtrain[0m | E: 69 | S: 69000 | R: 707.7587 | D: 16.2 s | BR: 3.5140 | ALOSS: -149.0501 | CLOSS: 50.9685 | TLOSS: -0.0586 | TVAL: 0.1113 | AENT: -1.5267
| [33mtrain[0m | E: 70 | S: 70000 | R: 737.3441 | D: 11.6 s | BR: 3.6149 | ALOSS: -154.7106 | CLOSS: 58.3273 | TLOSS: -0.0629 | TVAL: 0.1120 | AENT: -1.5614
| [33mtrain[0m | E: 71 | S: 71000 | R: 735.8664 | D: 11.8 s | BR: 3.6243 | ALOSS: -157.0192 | CLOSS: 53.8901 | TLOSS: -0.0585 | TVAL: 0.1126 | AENT: -1.5194
| [33mtrain[0m | E: 72 | S: 72000 | R: 723.3803 | D: 11.3 s | BR: 3.6288 | ALOSS: -160.8390 | CLOSS: 54.4066 | TLOSS: -0.0589 | TVAL: 0.1132 | AENT: -1.5201
| [32meval[0m  | E: 72 | S: 72000 | R: 747.5139
| [33mtrain[0m | E: 73 | S: 73000 | R: 755.3322 | D: 15.8 s | BR: 3.6576 | ALOSS: -164.8776 | CLOSS: 55.3540 | TLOSS: -0.0563 | TVAL: 0.1138 | AENT: -1.4949
| [33mtrain[0m | E: 74 | S: 74000 | R: 714.0475 | D: 11.2 s | BR: 3.6899 | ALOSS: -167.4854 | CLOSS: 60.0181 | TLOSS: -0.0663 | TVAL: 0.1145 | AENT: -1.5788
| [33mtrain[0m | E: 75 | S: 75000 | R: 682.8087 | D: 11.6 s | BR: 3.7382 | ALOSS: -171.6168 | CLOSS: 52.5070 | TLOSS: -0.0624 | TVAL: 0.1152 | AENT: -1.5418
| [33mtrain[0m | E: 76 | S: 76000 | R: 731.8751 | D: 11.3 s | BR: 3.7372 | ALOSS: -174.7987 | CLOSS: 44.0116 | TLOSS: -0.0640 | TVAL: 0.1159 | AENT: -1.5528
| [32meval[0m  | E: 76 | S: 76000 | R: 742.1410
| [33mtrain[0m | E: 77 | S: 77000 | R: 774.5179 | D: 15.8 s | BR: 3.8095 | ALOSS: -178.7247 | CLOSS: 40.2628 | TLOSS: -0.0612 | TVAL: 0.1165 | AENT: -1.5253
| [33mtrain[0m | E: 78 | S: 78000 | R: 717.7868 | D: 11.4 s | BR: 3.7830 | ALOSS: -182.3488 | CLOSS: 46.1602 | TLOSS: -0.0660 | TVAL: 0.1172 | AENT: -1.5629
| [33mtrain[0m | E: 79 | S: 79000 | R: 738.1548 | D: 11.6 s | BR: 3.8617 | ALOSS: -187.0215 | CLOSS: 52.6863 | TLOSS: -0.0582 | TVAL: 0.1179 | AENT: -1.4938
| [33mtrain[0m | E: 80 | S: 80000 | R: 744.2775 | D: 11.2 s | BR: 3.8783 | ALOSS: -189.1528 | CLOSS: 58.9756 | TLOSS: -0.0531 | TVAL: 0.1186 | AENT: -1.4480
| [32meval[0m  | E: 80 | S: 80000 | R: 767.7747
| [33mtrain[0m | E: 81 | S: 81000 | R: 743.3459 | D: 16.0 s | BR: 3.8691 | ALOSS: -193.8386 | CLOSS: 43.4047 | TLOSS: -0.0607 | TVAL: 0.1192 | AENT: -1.5096
| [33mtrain[0m | E: 82 | S: 82000 | R: 733.5649 | D: 11.5 s | BR: 3.9034 | ALOSS: -196.3752 | CLOSS: 42.9412 | TLOSS: -0.0566 | TVAL: 0.1198 | AENT: -1.4718
| [33mtrain[0m | E: 83 | S: 83000 | R: 715.9294 | D: 11.8 s | BR: 3.9391 | ALOSS: -200.0738 | CLOSS: 47.1186 | TLOSS: -0.0605 | TVAL: 0.1205 | AENT: -1.5021
| [33mtrain[0m | E: 84 | S: 84000 | R: 687.4526 | D: 11.3 s | BR: 3.9589 | ALOSS: -204.0687 | CLOSS: 41.1687 | TLOSS: -0.0628 | TVAL: 0.1212 | AENT: -1.5180
| [32meval[0m  | E: 84 | S: 84000 | R: 696.2713
| [33mtrain[0m | E: 85 | S: 85000 | R: 696.7166 | D: 16.0 s | BR: 3.9423 | ALOSS: -207.8412 | CLOSS: 52.9319 | TLOSS: -0.0604 | TVAL: 0.1220 | AENT: -1.4952
| [33mtrain[0m | E: 86 | S: 86000 | R: 702.3461 | D: 11.6 s | BR: 4.0004 | ALOSS: -211.5932 | CLOSS: 45.3449 | TLOSS: -0.0590 | TVAL: 0.1227 | AENT: -1.4811
| [33mtrain[0m | E: 87 | S: 87000 | R: 745.3973 | D: 11.6 s | BR: 3.9833 | ALOSS: -213.6221 | CLOSS: 36.5749 | TLOSS: -0.0579 | TVAL: 0.1233 | AENT: -1.4694
| [33mtrain[0m | E: 88 | S: 88000 | R: 735.8184 | D: 11.4 s | BR: 3.9913 | ALOSS: -216.2198 | CLOSS: 31.9594 | TLOSS: -0.0568 | TVAL: 0.1241 | AENT: -1.4576
| [32meval[0m  | E: 88 | S: 88000 | R: 740.5260
| [33mtrain[0m | E: 89 | S: 89000 | R: 751.4222 | D: 16.0 s | BR: 4.0497 | ALOSS: -220.3191 | CLOSS: 38.2717 | TLOSS: -0.0428 | TVAL: 0.1246 | AENT: -1.3435
| [33mtrain[0m | E: 90 | S: 90000 | R: 724.7746 | D: 11.5 s | BR: 4.0318 | ALOSS: -223.1916 | CLOSS: 34.3189 | TLOSS: -0.0493 | TVAL: 0.1252 | AENT: -1.3936
| [33mtrain[0m | E: 91 | S: 91000 | R: 761.5955 | D: 11.6 s | BR: 4.1192 | ALOSS: -227.4408 | CLOSS: 38.0740 | TLOSS: -0.0434 | TVAL: 0.1258 | AENT: -1.3448
| [33mtrain[0m | E: 92 | S: 92000 | R: 774.7857 | D: 11.4 s | BR: 4.1737 | ALOSS: -230.4689 | CLOSS: 30.1745 | TLOSS: -0.0473 | TVAL: 0.1263 | AENT: -1.3747
| [32meval[0m  | E: 92 | S: 92000 | R: 685.3191
| [33mtrain[0m | E: 93 | S: 93000 | R: 773.0050 | D: 15.9 s | BR: 4.2114 | ALOSS: -233.2379 | CLOSS: 33.7840 | TLOSS: -0.0386 | TVAL: 0.1269 | AENT: -1.3040
| [33mtrain[0m | E: 94 | S: 94000 | R: 761.4156 | D: 11.4 s | BR: 4.1913 | ALOSS: -236.5849 | CLOSS: 38.9305 | TLOSS: -0.0460 | TVAL: 0.1274 | AENT: -1.3606
| [33mtrain[0m | E: 95 | S: 95000 | R: 787.5892 | D: 11.8 s | BR: 4.1876 | ALOSS: -238.7027 | CLOSS: 34.2410 | TLOSS: -0.0366 | TVAL: 0.1280 | AENT: -1.2855
| [33mtrain[0m | E: 96 | S: 96000 | R: 807.1988 | D: 11.5 s | BR: 4.2224 | ALOSS: -241.5161 | CLOSS: 42.5587 | TLOSS: -0.0455 | TVAL: 0.1286 | AENT: -1.3541
| [32meval[0m  | E: 96 | S: 96000 | R: 708.3879
| [33mtrain[0m | E: 97 | S: 97000 | R: 753.8677 | D: 15.8 s | BR: 4.2367 | ALOSS: -243.9577 | CLOSS: 30.2818 | TLOSS: -0.0431 | TVAL: 0.1292 | AENT: -1.3333
| [33mtrain[0m | E: 98 | S: 98000 | R: 774.0252 | D: 11.4 s | BR: 4.2667 | ALOSS: -247.5726 | CLOSS: 49.6545 | TLOSS: -0.0358 | TVAL: 0.1297 | AENT: -1.2759
| [33mtrain[0m | E: 99 | S: 99000 | R: 773.3865 | D: 11.8 s | BR: 4.2769 | ALOSS: -249.7711 | CLOSS: 38.1330 | TLOSS: -0.0366 | TVAL: 0.1303 | AENT: -1.2810
| [33mtrain[0m | E: 100 | S: 100000 | R: 779.1561 | D: 11.3 s | BR: 4.3079 | ALOSS: -252.5546 | CLOSS: 52.3039 | TLOSS: -0.0454 | TVAL: 0.1309 | AENT: -1.3473
| [32meval[0m  | E: 100 | S: 100000 | R: 758.9844
| [33mtrain[0m | E: 101 | S: 101000 | R: 750.2240 | D: 16.0 s | BR: 4.2841 | ALOSS: -254.2686 | CLOSS: 21.8954 | TLOSS: -0.0384 | TVAL: 0.1315 | AENT: -1.2925
| [33mtrain[0m | E: 102 | S: 102000 | R: 778.9680 | D: 11.5 s | BR: 4.3422 | ALOSS: -257.8940 | CLOSS: 25.0593 | TLOSS: -0.0349 | TVAL: 0.1320 | AENT: -1.2643
| [33mtrain[0m | E: 103 | S: 103000 | R: 796.3572 | D: 11.7 s | BR: 4.3302 | ALOSS: -259.3782 | CLOSS: 22.6603 | TLOSS: -0.0338 | TVAL: 0.1325 | AENT: -1.2551
| [33mtrain[0m | E: 104 | S: 104000 | R: 816.2081 | D: 11.3 s | BR: 4.3766 | ALOSS: -263.7367 | CLOSS: 25.2913 | TLOSS: -0.0323 | TVAL: 0.1330 | AENT: -1.2429
| [32meval[0m  | E: 104 | S: 104000 | R: 793.2274
| [33mtrain[0m | E: 105 | S: 105000 | R: 799.4694 | D: 15.5 s | BR: 4.4035 | ALOSS: -265.9080 | CLOSS: 29.8621 | TLOSS: -0.0340 | TVAL: 0.1336 | AENT: -1.2544
| [33mtrain[0m | E: 106 | S: 106000 | R: 780.0870 | D: 11.5 s | BR: 4.3905 | ALOSS: -268.9454 | CLOSS: 32.0988 | TLOSS: -0.0246 | TVAL: 0.1340 | AENT: -1.1835
| [33mtrain[0m | E: 107 | S: 107000 | R: 791.2226 | D: 11.8 s | BR: 4.4463 | ALOSS: -272.0916 | CLOSS: 32.2575 | TLOSS: -0.0276 | TVAL: 0.1345 | AENT: -1.2052
| [33mtrain[0m | E: 108 | S: 108000 | R: 766.5745 | D: 11.4 s | BR: 4.4337 | ALOSS: -273.3142 | CLOSS: 28.5473 | TLOSS: -0.0346 | TVAL: 0.1349 | AENT: -1.2565
| [32meval[0m  | E: 108 | S: 108000 | R: 849.9267
| [33mtrain[0m | E: 109 | S: 109000 | R: 770.0450 | D: 16.1 s | BR: 4.4367 | ALOSS: -276.3215 | CLOSS: 26.4388 | TLOSS: -0.0309 | TVAL: 0.1356 | AENT: -1.2283
| [33mtrain[0m | E: 110 | S: 110000 | R: 811.0175 | D: 11.7 s | BR: 4.5190 | ALOSS: -280.0092 | CLOSS: 25.1849 | TLOSS: -0.0338 | TVAL: 0.1361 | AENT: -1.2487
| [33mtrain[0m | E: 111 | S: 111000 | R: 826.0954 | D: 11.9 s | BR: 4.4987 | ALOSS: -283.1763 | CLOSS: 26.9114 | TLOSS: -0.0255 | TVAL: 0.1366 | AENT: -1.1866
| [33mtrain[0m | E: 112 | S: 112000 | R: 739.3611 | D: 11.4 s | BR: 4.4957 | ALOSS: -284.2205 | CLOSS: 25.4464 | TLOSS: -0.0381 | TVAL: 0.1371 | AENT: -1.2774
| [32meval[0m  | E: 112 | S: 112000 | R: 834.6051
| [33mtrain[0m | E: 113 | S: 113000 | R: 799.4402 | D: 15.6 s | BR: 4.5561 | ALOSS: -286.2983 | CLOSS: 34.7313 | TLOSS: -0.0319 | TVAL: 0.1378 | AENT: -1.2313
| [33mtrain[0m | E: 114 | S: 114000 | R: 785.9504 | D: 11.3 s | BR: 4.5171 | ALOSS: -289.8365 | CLOSS: 37.7998 | TLOSS: -0.0283 | TVAL: 0.1383 | AENT: -1.2045
| [33mtrain[0m | E: 115 | S: 115000 | R: 828.6425 | D: 11.5 s | BR: 4.5841 | ALOSS: -292.1466 | CLOSS: 39.0595 | TLOSS: -0.0303 | TVAL: 0.1389 | AENT: -1.2183
| [33mtrain[0m | E: 116 | S: 116000 | R: 690.7980 | D: 11.3 s | BR: 4.5630 | ALOSS: -293.6953 | CLOSS: 71.6854 | TLOSS: -0.0309 | TVAL: 0.1395 | AENT: -1.2216
| [32meval[0m  | E: 116 | S: 116000 | R: 848.8500
| [33mtrain[0m | E: 117 | S: 117000 | R: 757.0083 | D: 16.1 s | BR: 4.5572 | ALOSS: -295.8654 | CLOSS: 21.3111 | TLOSS: -0.0269 | TVAL: 0.1401 | AENT: -1.1921
| [33mtrain[0m | E: 118 | S: 118000 | R: 779.9363 | D: 11.4 s | BR: 4.5646 | ALOSS: -297.9078 | CLOSS: 22.4506 | TLOSS: -0.0303 | TVAL: 0.1406 | AENT: -1.2153
| [33mtrain[0m | E: 119 | S: 119000 | R: 822.0719 | D: 11.9 s | BR: 4.5904 | ALOSS: -300.8500 | CLOSS: 24.4108 | TLOSS: -0.0257 | TVAL: 0.1412 | AENT: -1.1823
| [33mtrain[0m | E: 120 | S: 120000 | R: 786.2830 | D: 11.5 s | BR: 4.6708 | ALOSS: -304.0109 | CLOSS: 23.0060 | TLOSS: -0.0230 | TVAL: 0.1417 | AENT: -1.1623
| [32meval[0m  | E: 120 | S: 120000 | R: 853.4649
| [33mtrain[0m | E: 121 | S: 121000 | R: 819.8669 | D: 16.2 s | BR: 4.6571 | ALOSS: -306.2781 | CLOSS: 25.2856 | TLOSS: -0.0257 | TVAL: 0.1422 | AENT: -1.1808
| [33mtrain[0m | E: 122 | S: 122000 | R: 833.4944 | D: 11.5 s | BR: 4.7040 | ALOSS: -309.4734 | CLOSS: 28.9134 | TLOSS: -0.0272 | TVAL: 0.1427 | AENT: -1.1907
| [33mtrain[0m | E: 123 | S: 123000 | R: 806.5405 | D: 11.8 s | BR: 4.6540 | ALOSS: -310.7627 | CLOSS: 52.4160 | TLOSS: -0.0363 | TVAL: 0.1434 | AENT: -1.2534
| [33mtrain[0m | E: 124 | S: 124000 | R: 764.6358 | D: 11.2 s | BR: 4.6519 | ALOSS: -313.9165 | CLOSS: 46.7007 | TLOSS: -0.0399 | TVAL: 0.1443 | AENT: -1.2764
| [32meval[0m  | E: 124 | S: 124000 | R: 854.6676
| [33mtrain[0m | E: 125 | S: 125000 | R: 741.3400 | D: 16.0 s | BR: 4.6783 | ALOSS: -315.6209 | CLOSS: 23.6926 | TLOSS: -0.0260 | TVAL: 0.1450 | AENT: -1.1797
| [33mtrain[0m | E: 126 | S: 126000 | R: 833.1437 | D: 11.7 s | BR: 4.7064 | ALOSS: -318.7886 | CLOSS: 35.9266 | TLOSS: -0.0314 | TVAL: 0.1456 | AENT: -1.2157
| [33mtrain[0m | E: 127 | S: 127000 | R: 808.8708 | D: 11.8 s | BR: 4.7425 | ALOSS: -321.5553 | CLOSS: 47.9995 | TLOSS: -0.0272 | TVAL: 0.1462 | AENT: -1.1858
| [33mtrain[0m | E: 128 | S: 128000 | R: 791.3763 | D: 11.2 s | BR: 4.7331 | ALOSS: -322.5624 | CLOSS: 70.2623 | TLOSS: -0.0265 | TVAL: 0.1468 | AENT: -1.1807
| [32meval[0m  | E: 128 | S: 128000 | R: 851.4005
| [33mtrain[0m | E: 129 | S: 129000 | R: 797.2005 | D: 15.7 s | BR: 4.7522 | ALOSS: -326.5472 | CLOSS: 29.4226 | TLOSS: -0.0215 | TVAL: 0.1474 | AENT: -1.1458
| [33mtrain[0m | E: 130 | S: 130000 | R: 826.7989 | D: 11.4 s | BR: 4.7334 | ALOSS: -327.3018 | CLOSS: 21.3912 | TLOSS: -0.0339 | TVAL: 0.1480 | AENT: -1.2288
| [33mtrain[0m | E: 131 | S: 131000 | R: 829.3738 | D: 11.7 s | BR: 4.8017 | ALOSS: -330.1844 | CLOSS: 27.3238 | TLOSS: -0.0266 | TVAL: 0.1487 | AENT: -1.1788
| [33mtrain[0m | E: 132 | S: 132000 | R: 830.4070 | D: 11.3 s | BR: 4.7832 | ALOSS: -332.5016 | CLOSS: 29.0229 | TLOSS: -0.0219 | TVAL: 0.1492 | AENT: -1.1467
| [32meval[0m  | E: 132 | S: 132000 | R: 833.4006
| [33mtrain[0m | E: 133 | S: 133000 | R: 840.3712 | D: 15.8 s | BR: 4.8004 | ALOSS: -334.3486 | CLOSS: 28.4037 | TLOSS: -0.0242 | TVAL: 0.1498 | AENT: -1.1616
| [33mtrain[0m | E: 134 | S: 134000 | R: 771.5325 | D: 11.5 s | BR: 4.8339 | ALOSS: -338.2809 | CLOSS: 26.4482 | TLOSS: -0.0246 | TVAL: 0.1504 | AENT: -1.1634
| [33mtrain[0m | E: 135 | S: 135000 | R: 806.0491 | D: 11.9 s | BR: 4.8297 | ALOSS: -340.5631 | CLOSS: 25.0180 | TLOSS: -0.0215 | TVAL: 0.1510 | AENT: -1.1425
| [33mtrain[0m | E: 136 | S: 136000 | R: 816.8480 | D: 11.3 s | BR: 4.8037 | ALOSS: -342.6204 | CLOSS: 26.3278 | TLOSS: -0.0147 | TVAL: 0.1514 | AENT: -1.0968
| [32meval[0m  | E: 136 | S: 136000 | R: 860.4138
| [33mtrain[0m | E: 137 | S: 137000 | R: 829.1215 | D: 15.9 s | BR: 4.8726 | ALOSS: -344.7386 | CLOSS: 31.5695 | TLOSS: -0.0237 | TVAL: 0.1519 | AENT: -1.1561
| [33mtrain[0m | E: 138 | S: 138000 | R: 802.4914 | D: 11.4 s | BR: 4.8656 | ALOSS: -347.5961 | CLOSS: 28.6875 | TLOSS: -0.0243 | TVAL: 0.1525 | AENT: -1.1591
| [33mtrain[0m | E: 139 | S: 139000 | R: 834.9817 | D: 11.7 s | BR: 4.9178 | ALOSS: -350.3871 | CLOSS: 29.5075 | TLOSS: -0.0178 | TVAL: 0.1530 | AENT: -1.1166
| [33mtrain[0m | E: 140 | S: 140000 | R: 804.2859 | D: 11.4 s | BR: 4.8964 | ALOSS: -352.6461 | CLOSS: 35.8379 | TLOSS: -0.0268 | TVAL: 0.1536 | AENT: -1.1743
| [32meval[0m  | E: 140 | S: 140000 | R: 758.9837
| [33mtrain[0m | E: 141 | S: 141000 | R: 817.1456 | D: 16.0 s | BR: 4.9177 | ALOSS: -351.7024 | CLOSS: 151.9680 | TLOSS: -0.0363 | TVAL: 0.1544 | AENT: -1.2349
| [33mtrain[0m | E: 142 | S: 142000 | R: 722.4805 | D: 11.6 s | BR: 4.8971 | ALOSS: -350.1311 | CLOSS: 26.8961 | TLOSS: -0.0457 | TVAL: 0.1555 | AENT: -1.2939
| [33mtrain[0m | E: 143 | S: 143000 | R: 658.4871 | D: 12.0 s | BR: 4.8910 | ALOSS: -352.9859 | CLOSS: 25.7669 | TLOSS: -0.0333 | TVAL: 0.1566 | AENT: -1.2124
| [33mtrain[0m | E: 144 | S: 144000 | R: 683.2941 | D: 11.4 s | BR: 4.9266 | ALOSS: -356.8127 | CLOSS: 23.3028 | TLOSS: -0.0192 | TVAL: 0.1574 | AENT: -1.1220
| [32meval[0m  | E: 144 | S: 144000 | R: 717.5344
| [33mtrain[0m | E: 145 | S: 145000 | R: 781.9144 | D: 15.8 s | BR: 4.9499 | ALOSS: -359.6501 | CLOSS: 22.3497 | TLOSS: 0.0012 | TVAL: 0.1576 | AENT: -0.9925
| [33mtrain[0m | E: 146 | S: 146000 | R: 810.9047 | D: 11.6 s | BR: 4.9771 | ALOSS: -362.5361 | CLOSS: 19.5333 | TLOSS: 0.0056 | TVAL: 0.1574 | AENT: -0.9643
| [33mtrain[0m | E: 147 | S: 147000 | R: 776.9654 | D: 11.9 s | BR: 4.9239 | ALOSS: -365.2127 | CLOSS: 28.1035 | TLOSS: -0.0020 | TVAL: 0.1574 | AENT: -1.0130
| [33mtrain[0m | E: 148 | S: 148000 | R: 771.8928 | D: 11.4 s | BR: 4.9634 | ALOSS: -367.6324 | CLOSS: 22.5775 | TLOSS: -0.0155 | TVAL: 0.1576 | AENT: -1.0983
| [32meval[0m  | E: 148 | S: 148000 | R: 784.6009
| [33mtrain[0m | E: 149 | S: 149000 | R: 770.0291 | D: 15.8 s | BR: 4.9927 | ALOSS: -371.5293 | CLOSS: 37.7843 | TLOSS: -0.0159 | TVAL: 0.1580 | AENT: -1.1007
| [33mtrain[0m | E: 150 | S: 150000 | R: 766.1781 | D: 11.4 s | BR: 4.9589 | ALOSS: -373.3328 | CLOSS: 35.0999 | TLOSS: -0.0173 | TVAL: 0.1586 | AENT: -1.1094
| [33mtrain[0m | E: 151 | S: 151000 | R: 798.6219 | D: 11.8 s | BR: 4.9272 | ALOSS: -374.9360 | CLOSS: 58.0279 | TLOSS: -0.0039 | TVAL: 0.1589 | AENT: -1.0243
| [33mtrain[0m | E: 152 | S: 152000 | R: 808.8047 | D: 11.2 s | BR: 4.9970 | ALOSS: -378.8222 | CLOSS: 31.6108 | TLOSS: -0.0026 | TVAL: 0.1590 | AENT: -1.0166
| [32meval[0m  | E: 152 | S: 152000 | R: 803.8932
| [33mtrain[0m | E: 153 | S: 153000 | R: 805.0086 | D: 16.2 s | BR: 5.0025 | ALOSS: -380.1863 | CLOSS: 22.5082 | TLOSS: -0.0114 | TVAL: 0.1592 | AENT: -1.0714
| [33mtrain[0m | E: 154 | S: 154000 | R: 817.5528 | D: 11.5 s | BR: 4.9876 | ALOSS: -382.0930 | CLOSS: 29.7351 | TLOSS: -0.0260 | TVAL: 0.1598 | AENT: -1.1628
| [33mtrain[0m | E: 155 | S: 155000 | R: 813.0605 | D: 12.2 s | BR: 5.0301 | ALOSS: -383.8330 | CLOSS: 19.2211 | TLOSS: -0.0148 | TVAL: 0.1603 | AENT: -1.0924
| [33mtrain[0m | E: 156 | S: 156000 | R: 835.8628 | D: 11.3 s | BR: 5.0028 | ALOSS: -386.0408 | CLOSS: 23.7127 | TLOSS: -0.0280 | TVAL: 0.1611 | AENT: -1.1736
| [32meval[0m  | E: 156 | S: 156000 | R: 859.0721
| [33mtrain[0m | E: 157 | S: 157000 | R: 828.0671 | D: 15.7 s | BR: 4.9861 | ALOSS: -389.4254 | CLOSS: 30.6287 | TLOSS: -0.0281 | TVAL: 0.1618 | AENT: -1.1736
| [33mtrain[0m | E: 158 | S: 158000 | R: 833.9855 | D: 11.5 s | BR: 5.0446 | ALOSS: -391.6396 | CLOSS: 28.5075 | TLOSS: -0.0120 | TVAL: 0.1626 | AENT: -1.0735
| [33mtrain[0m | E: 159 | S: 159000 | R: 830.9452 | D: 11.7 s | BR: 5.0459 | ALOSS: -394.0610 | CLOSS: 24.8130 | TLOSS: -0.0242 | TVAL: 0.1631 | AENT: -1.1482
| [33mtrain[0m | E: 160 | S: 160000 | R: 840.1123 | D: 11.2 s | BR: 5.0400 | ALOSS: -395.2742 | CLOSS: 35.7901 | TLOSS: -0.0118 | TVAL: 0.1638 | AENT: -1.0721
| [32meval[0m  | E: 160 | S: 160000 | R: 791.6820
| [33mtrain[0m | E: 161 | S: 161000 | R: 825.2916 | D: 15.9 s | BR: 5.1047 | ALOSS: -397.7802 | CLOSS: 34.8592 | TLOSS: -0.0253 | TVAL: 0.1644 | AENT: -1.1541
| [33mtrain[0m | E: 162 | S: 162000 | R: 819.0359 | D: 11.6 s | BR: 5.0754 | ALOSS: -399.8974 | CLOSS: 22.8715 | TLOSS: -0.0193 | TVAL: 0.1651 | AENT: -1.1168
| [33mtrain[0m | E: 163 | S: 163000 | R: 788.8464 | D: 11.8 s | BR: 5.0709 | ALOSS: -400.0682 | CLOSS: 130.4809 | TLOSS: -0.0168 | TVAL: 0.1657 | AENT: -1.1016
| [33mtrain[0m | E: 164 | S: 164000 | R: 686.8376 | D: 11.4 s | BR: 5.1127 | ALOSS: -399.1885 | CLOSS: 37.7037 | TLOSS: -0.0197 | TVAL: 0.1663 | AENT: -1.1186
| [32meval[0m  | E: 164 | S: 164000 | R: 812.8633
| [33mtrain[0m | E: 165 | S: 165000 | R: 814.3046 | D: 16.0 s | BR: 5.0287 | ALOSS: -400.6638 | CLOSS: 29.7493 | TLOSS: -0.0192 | TVAL: 0.1668 | AENT: -1.1150
| [33mtrain[0m | E: 166 | S: 166000 | R: 846.7676 | D: 11.6 s | BR: 5.1224 | ALOSS: -403.2421 | CLOSS: 27.6035 | TLOSS: -0.0106 | TVAL: 0.1673 | AENT: -1.0636
| [33mtrain[0m | E: 167 | S: 167000 | R: 845.0693 | D: 11.8 s | BR: 5.1419 | ALOSS: -405.7921 | CLOSS: 25.2515 | TLOSS: -0.0087 | TVAL: 0.1677 | AENT: -1.0520
| [33mtrain[0m | E: 168 | S: 168000 | R: 814.2277 | D: 11.3 s | BR: 5.1218 | ALOSS: -407.9198 | CLOSS: 23.2465 | TLOSS: 0.0007 | TVAL: 0.1678 | AENT: -0.9961
| [32meval[0m  | E: 168 | S: 168000 | R: 864.6065
| [33mtrain[0m | E: 169 | S: 169000 | R: 808.3609 | D: 16.1 s | BR: 5.1261 | ALOSS: -409.4572 | CLOSS: 24.5762 | TLOSS: -0.0008 | TVAL: 0.1680 | AENT: -1.0049
| [33mtrain[0m | E: 170 | S: 170000 | R: 826.6394 | D: 11.7 s | BR: 5.1573 | ALOSS: -413.1086 | CLOSS: 34.5678 | TLOSS: -0.0009 | TVAL: 0.1679 | AENT: -1.0055
| [33mtrain[0m | E: 171 | S: 171000 | R: 825.2581 | D: 12.2 s | BR: 5.1567 | ALOSS: -415.5257 | CLOSS: 29.6248 | TLOSS: -0.0003 | TVAL: 0.1679 | AENT: -1.0017
| [33mtrain[0m | E: 172 | S: 172000 | R: 827.8313 | D: 11.4 s | BR: 5.1732 | ALOSS: -418.0728 | CLOSS: 23.7518 | TLOSS: -0.0014 | TVAL: 0.1680 | AENT: -1.0081
| [32meval[0m  | E: 172 | S: 172000 | R: 856.5743
| [33mtrain[0m | E: 173 | S: 173000 | R: 790.0404 | D: 15.9 s | BR: 5.1307 | ALOSS: -418.4111 | CLOSS: 33.5335 | TLOSS: -0.0020 | TVAL: 0.1679 | AENT: -1.0122
| [33mtrain[0m | E: 174 | S: 174000 | R: 842.5836 | D: 11.5 s | BR: 5.1875 | ALOSS: -421.0962 | CLOSS: 31.6780 | TLOSS: -0.0051 | TVAL: 0.1681 | AENT: -1.0303
| [33mtrain[0m | E: 175 | S: 175000 | R: 849.5324 | D: 11.6 s | BR: 5.1707 | ALOSS: -422.0479 | CLOSS: 25.9869 | TLOSS: -0.0048 | TVAL: 0.1683 | AENT: -1.0287
| [33mtrain[0m | E: 176 | S: 176000 | R: 751.0940 | D: 11.2 s | BR: 5.1857 | ALOSS: -425.3049 | CLOSS: 23.0909 | TLOSS: -0.0132 | TVAL: 0.1687 | AENT: -1.0785
| [32meval[0m  | E: 176 | S: 176000 | R: 862.4853
| [33mtrain[0m | E: 177 | S: 177000 | R: 813.2701 | D: 15.8 s | BR: 5.2347 | ALOSS: -426.0325 | CLOSS: 33.3066 | TLOSS: -0.0058 | TVAL: 0.1690 | AENT: -1.0345
| [33mtrain[0m | E: 178 | S: 178000 | R: 816.3900 | D: 11.7 s | BR: 5.1822 | ALOSS: -428.7102 | CLOSS: 29.2817 | TLOSS: 0.0003 | TVAL: 0.1692 | AENT: -0.9981
| [33mtrain[0m | E: 179 | S: 179000 | R: 757.0716 | D: 11.9 s | BR: 5.2242 | ALOSS: -431.4943 | CLOSS: 21.7094 | TLOSS: -0.0069 | TVAL: 0.1692 | AENT: -1.0409
| [33mtrain[0m | E: 180 | S: 180000 | R: 811.7891 | D: 11.3 s | BR: 5.2120 | ALOSS: -431.6357 | CLOSS: 33.3264 | TLOSS: -0.0123 | TVAL: 0.1696 | AENT: -1.0726
| [32meval[0m  | E: 180 | S: 180000 | R: 562.2158
| [33mtrain[0m | E: 181 | S: 181000 | R: 819.9349 | D: 16.1 s | BR: 5.2438 | ALOSS: -434.6310 | CLOSS: 28.7652 | TLOSS: -0.0083 | TVAL: 0.1702 | AENT: -1.0486
| [33mtrain[0m | E: 182 | S: 182000 | R: 821.2554 | D: 11.7 s | BR: 5.2409 | ALOSS: -436.0612 | CLOSS: 26.8660 | TLOSS: 0.0009 | TVAL: 0.1702 | AENT: -0.9948
| [33mtrain[0m | E: 183 | S: 183000 | R: 784.9516 | D: 11.8 s | BR: 5.2281 | ALOSS: -437.0470 | CLOSS: 26.8288 | TLOSS: -0.0014 | TVAL: 0.1703 | AENT: -1.0080
| [33mtrain[0m | E: 184 | S: 184000 | R: 805.3008 | D: 11.4 s | BR: 5.2999 | ALOSS: -440.7253 | CLOSS: 23.5146 | TLOSS: -0.0013 | TVAL: 0.1702 | AENT: -1.0076
| [32meval[0m  | E: 184 | S: 184000 | R: 831.2297
| [33mtrain[0m | E: 185 | S: 185000 | R: 816.4705 | D: 15.7 s | BR: 5.2851 | ALOSS: -442.4364 | CLOSS: 32.5780 | TLOSS: -0.0012 | TVAL: 0.1704 | AENT: -1.0070
| [33mtrain[0m | E: 186 | S: 186000 | R: 801.2590 | D: 11.6 s | BR: 5.2546 | ALOSS: -443.2815 | CLOSS: 22.8212 | TLOSS: -0.0115 | TVAL: 0.1706 | AENT: -1.0673
| [33mtrain[0m | E: 187 | S: 187000 | R: 810.1015 | D: 12.0 s | BR: 5.2552 | ALOSS: -443.9735 | CLOSS: 23.7466 | TLOSS: -0.0053 | TVAL: 0.1710 | AENT: -1.0308
| [33mtrain[0m | E: 188 | S: 188000 | R: 840.3441 | D: 11.3 s | BR: 5.2719 | ALOSS: -445.6751 | CLOSS: 22.8002 | TLOSS: -0.0093 | TVAL: 0.1713 | AENT: -1.0546
| [32meval[0m  | E: 188 | S: 188000 | R: 867.0983
| [33mtrain[0m | E: 189 | S: 189000 | R: 841.9179 | D: 16.1 s | BR: 5.2823 | ALOSS: -449.2266 | CLOSS: 22.5520 | TLOSS: -0.0068 | TVAL: 0.1716 | AENT: -1.0395
| [33mtrain[0m | E: 190 | S: 190000 | R: 833.1595 | D: 11.7 s | BR: 5.3059 | ALOSS: -450.3877 | CLOSS: 20.4750 | TLOSS: -0.0081 | TVAL: 0.1720 | AENT: -1.0472
| [33mtrain[0m | E: 191 | S: 191000 | R: 837.6210 | D: 11.8 s | BR: 5.3152 | ALOSS: -452.5644 | CLOSS: 18.2277 | TLOSS: -0.0061 | TVAL: 0.1723 | AENT: -1.0354
| [33mtrain[0m | E: 192 | S: 192000 | R: 832.6696 | D: 11.5 s | BR: 5.3060 | ALOSS: -453.3755 | CLOSS: 22.5676 | TLOSS: -0.0116 | TVAL: 0.1727 | AENT: -1.0673
| [32meval[0m  | E: 192 | S: 192000 | R: 850.0470
| [33mtrain[0m | E: 193 | S: 193000 | R: 838.1493 | D: 16.0 s | BR: 5.3404 | ALOSS: -454.4037 | CLOSS: 18.3770 | TLOSS: -0.0099 | TVAL: 0.1732 | AENT: -1.0570
| [33mtrain[0m | E: 194 | S: 194000 | R: 826.9141 | D: 11.5 s | BR: 5.3269 | ALOSS: -457.1044 | CLOSS: 27.9093 | TLOSS: -0.0139 | TVAL: 0.1737 | AENT: -1.0801
| [33mtrain[0m | E: 195 | S: 195000 | R: 841.8410 | D: 12.0 s | BR: 5.3726 | ALOSS: -459.2424 | CLOSS: 22.9048 | TLOSS: -0.0111 | TVAL: 0.1742 | AENT: -1.0637
| [33mtrain[0m | E: 196 | S: 196000 | R: 843.9121 | D: 11.7 s | BR: 5.3476 | ALOSS: -460.9169 | CLOSS: 16.5323 | TLOSS: -0.0031 | TVAL: 0.1746 | AENT: -1.0176
| [32meval[0m  | E: 196 | S: 196000 | R: 827.0191
| [33mtrain[0m | E: 197 | S: 197000 | R: 846.1840 | D: 16.3 s | BR: 5.3491 | ALOSS: -463.2455 | CLOSS: 19.3501 | TLOSS: -0.0013 | TVAL: 0.1747 | AENT: -1.0072
| [33mtrain[0m | E: 198 | S: 198000 | R: 832.5411 | D: 11.8 s | BR: 5.3442 | ALOSS: -463.6210 | CLOSS: 19.0238 | TLOSS: -0.0093 | TVAL: 0.1750 | AENT: -1.0534
| [33mtrain[0m | E: 199 | S: 199000 | R: 820.9311 | D: 12.1 s | BR: 5.3473 | ALOSS: -464.9198 | CLOSS: 23.6060 | TLOSS: -0.0143 | TVAL: 0.1755 | AENT: -1.0815
| [33mtrain[0m | E: 200 | S: 200000 | R: 824.7007 | D: 11.7 s | BR: 5.3442 | ALOSS: -467.3097 | CLOSS: 16.7398 | TLOSS: 0.0034 | TVAL: 0.1757 | AENT: -0.9807
| [32meval[0m  | E: 200 | S: 200000 | R: 810.7006
| [33mtrain[0m | E: 201 | S: 201000 | R: 844.9716 | D: 15.9 s | BR: 5.3700 | ALOSS: -468.2142 | CLOSS: 21.0791 | TLOSS: -0.0085 | TVAL: 0.1760 | AENT: -1.0481
| [33mtrain[0m | E: 202 | S: 202000 | R: 840.2328 | D: 11.7 s | BR: 5.3766 | ALOSS: -470.1592 | CLOSS: 18.5390 | TLOSS: -0.0038 | TVAL: 0.1761 | AENT: -1.0214
| [33mtrain[0m | E: 203 | S: 203000 | R: 841.6354 | D: 11.8 s | BR: 5.3487 | ALOSS: -471.2852 | CLOSS: 21.7202 | TLOSS: -0.0093 | TVAL: 0.1764 | AENT: -1.0528
| [33mtrain[0m | E: 204 | S: 204000 | R: 846.9484 | D: 11.6 s | BR: 5.4055 | ALOSS: -474.1946 | CLOSS: 18.5044 | TLOSS: -0.0051 | TVAL: 0.1769 | AENT: -1.0288
| [32meval[0m  | E: 204 | S: 204000 | R: 855.1225
| [33mtrain[0m | E: 205 | S: 205000 | R: 846.0539 | D: 16.2 s | BR: 5.3727 | ALOSS: -474.6413 | CLOSS: 17.3628 | TLOSS: -0.0202 | TVAL: 0.1773 | AENT: -1.1140
| [33mtrain[0m | E: 206 | S: 206000 | R: 845.3666 | D: 11.8 s | BR: 5.3891 | ALOSS: -477.3034 | CLOSS: 15.3392 | TLOSS: -0.0142 | TVAL: 0.1783 | AENT: -1.0798
| [33mtrain[0m | E: 207 | S: 207000 | R: 846.9857 | D: 12.0 s | BR: 5.4298 | ALOSS: -480.4965 | CLOSS: 27.5907 | TLOSS: -0.0063 | TVAL: 0.1788 | AENT: -1.0355
| [33mtrain[0m | E: 208 | S: 208000 | R: 751.3986 | D: 11.4 s | BR: 5.3902 | ALOSS: -480.5257 | CLOSS: 27.0492 | TLOSS: -0.0023 | TVAL: 0.1789 | AENT: -1.0129
| [32meval[0m  | E: 208 | S: 208000 | R: 863.9951
| [33mtrain[0m | E: 209 | S: 209000 | R: 836.0137 | D: 16.0 s | BR: 5.4126 | ALOSS: -482.2216 | CLOSS: 21.8164 | TLOSS: 0.0092 | TVAL: 0.1787 | AENT: -0.9486
| [33mtrain[0m | E: 210 | S: 210000 | R: 809.4018 | D: 11.5 s | BR: 5.4119 | ALOSS: -484.5255 | CLOSS: 18.6040 | TLOSS: 0.0229 | TVAL: 0.1781 | AENT: -0.8713
| [33mtrain[0m | E: 211 | S: 211000 | R: 826.7324 | D: 11.9 s | BR: 5.4831 | ALOSS: -485.6065 | CLOSS: 23.3094 | TLOSS: 0.0096 | TVAL: 0.1773 | AENT: -0.9460
| [33mtrain[0m | E: 212 | S: 212000 | R: 837.5944 | D: 11.3 s | BR: 5.4134 | ALOSS: -486.6044 | CLOSS: 17.9532 | TLOSS: 0.0075 | TVAL: 0.1768 | AENT: -0.9576
| [32meval[0m  | E: 212 | S: 212000 | R: 817.2534
| [33mtrain[0m | E: 213 | S: 213000 | R: 792.5788 | D: 15.8 s | BR: 5.4431 | ALOSS: -488.6204 | CLOSS: 21.4186 | TLOSS: -0.0084 | TVAL: 0.1768 | AENT: -1.0473
| [33mtrain[0m | E: 214 | S: 214000 | R: 829.8662 | D: 11.4 s | BR: 5.4233 | ALOSS: -489.8009 | CLOSS: 15.2490 | TLOSS: -0.0004 | TVAL: 0.1771 | AENT: -1.0021
| [33mtrain[0m | E: 215 | S: 215000 | R: 848.5355 | D: 11.8 s | BR: 5.4436 | ALOSS: -490.4609 | CLOSS: 15.9813 | TLOSS: -0.0102 | TVAL: 0.1773 | AENT: -1.0575
| [33mtrain[0m | E: 216 | S: 216000 | R: 848.3464 | D: 11.2 s | BR: 5.4631 | ALOSS: -492.6262 | CLOSS: 15.5380 | TLOSS: -0.0126 | TVAL: 0.1779 | AENT: -1.0707
| [32meval[0m  | E: 216 | S: 216000 | R: 852.7668
| [33mtrain[0m | E: 217 | S: 217000 | R: 852.6537 | D: 16.1 s | BR: 5.4786 | ALOSS: -494.8171 | CLOSS: 20.3767 | TLOSS: -0.0055 | TVAL: 0.1784 | AENT: -1.0308
| [33mtrain[0m | E: 218 | S: 218000 | R: 848.3854 | D: 11.7 s | BR: 5.4822 | ALOSS: -496.1636 | CLOSS: 24.8277 | TLOSS: 0.0070 | TVAL: 0.1783 | AENT: -0.9609
| [33mtrain[0m | E: 219 | S: 219000 | R: 799.4712 | D: 12.1 s | BR: 5.4577 | ALOSS: -496.7519 | CLOSS: 15.0123 | TLOSS: 0.0175 | TVAL: 0.1776 | AENT: -0.9017
| [33mtrain[0m | E: 220 | S: 220000 | R: 835.3120 | D: 11.4 s | BR: 5.4722 | ALOSS: -498.2506 | CLOSS: 16.2797 | TLOSS: 0.0011 | TVAL: 0.1772 | AENT: -0.9938
| [32meval[0m  | E: 220 | S: 220000 | R: 847.3569
| [33mtrain[0m | E: 221 | S: 221000 | R: 848.3942 | D: 16.1 s | BR: 5.5033 | ALOSS: -500.1305 | CLOSS: 26.7647 | TLOSS: 0.0009 | TVAL: 0.1773 | AENT: -0.9946
| [33mtrain[0m | E: 222 | S: 222000 | R: 848.1174 | D: 11.7 s | BR: 5.5065 | ALOSS: -502.0518 | CLOSS: 20.2980 | TLOSS: 0.0083 | TVAL: 0.1770 | AENT: -0.9529
| [33mtrain[0m | E: 223 | S: 223000 | R: 825.5827 | D: 11.8 s | BR: 5.5074 | ALOSS: -503.7810 | CLOSS: 17.4883 | TLOSS: 0.0033 | TVAL: 0.1766 | AENT: -0.9814
| [33mtrain[0m | E: 224 | S: 224000 | R: 840.2751 | D: 11.5 s | BR: 5.4954 | ALOSS: -504.0459 | CLOSS: 16.7189 | TLOSS: 0.0013 | TVAL: 0.1767 | AENT: -0.9924
| [32meval[0m  | E: 224 | S: 224000 | R: 866.4100
| [33mtrain[0m | E: 225 | S: 225000 | R: 838.7791 | D: 16.0 s | BR: 5.4817 | ALOSS: -505.5776 | CLOSS: 11.7870 | TLOSS: -0.0111 | TVAL: 0.1768 | AENT: -1.0628
| [33mtrain[0m | E: 226 | S: 226000 | R: 847.7507 | D: 11.5 s | BR: 5.5292 | ALOSS: -508.1815 | CLOSS: 17.1817 | TLOSS: -0.0022 | TVAL: 0.1771 | AENT: -1.0124
| [33mtrain[0m | E: 227 | S: 227000 | R: 849.9854 | D: 12.0 s | BR: 5.4929 | ALOSS: -508.2939 | CLOSS: 12.0292 | TLOSS: -0.0122 | TVAL: 0.1775 | AENT: -1.0688
| [33mtrain[0m | E: 228 | S: 228000 | R: 850.3466 | D: 11.6 s | BR: 5.5145 | ALOSS: -510.1171 | CLOSS: 21.7332 | TLOSS: -0.0017 | TVAL: 0.1779 | AENT: -1.0096
| [32meval[0m  | E: 228 | S: 228000 | R: 828.7118
| [33mtrain[0m | E: 229 | S: 229000 | R: 803.0145 | D: 16.1 s | BR: 5.5371 | ALOSS: -512.3175 | CLOSS: 14.4338 | TLOSS: 0.0041 | TVAL: 0.1779 | AENT: -0.9772
| [33mtrain[0m | E: 230 | S: 230000 | R: 834.9734 | D: 11.6 s | BR: 5.5558 | ALOSS: -514.1575 | CLOSS: 14.6371 | TLOSS: 0.0152 | TVAL: 0.1772 | AENT: -0.9144
| [33mtrain[0m | E: 231 | S: 231000 | R: 839.0883 | D: 12.1 s | BR: 5.5580 | ALOSS: -514.4955 | CLOSS: 16.8568 | TLOSS: 0.0102 | TVAL: 0.1768 | AENT: -0.9424
| [33mtrain[0m | E: 232 | S: 232000 | R: 841.5936 | D: 11.5 s | BR: 5.5895 | ALOSS: -515.9574 | CLOSS: 12.7407 | TLOSS: 0.0000 | TVAL: 0.1765 | AENT: -0.9998
| [32meval[0m  | E: 232 | S: 232000 | R: 869.8715
| [33mtrain[0m | E: 233 | S: 233000 | R: 851.6827 | D: 16.0 s | BR: 5.5127 | ALOSS: -516.3690 | CLOSS: 14.2780 | TLOSS: -0.0175 | TVAL: 0.1769 | AENT: -1.0988
| [33mtrain[0m | E: 234 | S: 234000 | R: 842.5155 | D: 11.7 s | BR: 5.5544 | ALOSS: -517.6907 | CLOSS: 19.4419 | TLOSS: 0.0015 | TVAL: 0.1774 | AENT: -0.9917
| [33mtrain[0m | E: 235 | S: 235000 | R: 825.0751 | D: 12.1 s | BR: 5.5664 | ALOSS: -520.3151 | CLOSS: 15.7514 | TLOSS: 0.0074 | TVAL: 0.1770 | AENT: -0.9584
| [33mtrain[0m | E: 236 | S: 236000 | R: 841.8599 | D: 11.5 s | BR: 5.5576 | ALOSS: -521.6147 | CLOSS: 20.6544 | TLOSS: 0.0090 | TVAL: 0.1768 | AENT: -0.9494
| [32meval[0m  | E: 236 | S: 236000 | R: 854.7988
| [33mtrain[0m | E: 237 | S: 237000 | R: 730.7869 | D: 16.0 s | BR: 5.4965 | ALOSS: -521.9139 | CLOSS: 16.8092 | TLOSS: 0.0140 | TVAL: 0.1761 | AENT: -0.9206
| [33mtrain[0m | E: 238 | S: 238000 | R: 842.9048 | D: 11.8 s | BR: 5.5557 | ALOSS: -523.3089 | CLOSS: 13.8370 | TLOSS: -0.0022 | TVAL: 0.1759 | AENT: -1.0124
| [33mtrain[0m | E: 239 | S: 239000 | R: 847.7416 | D: 12.2 s | BR: 5.5452 | ALOSS: -524.9789 | CLOSS: 16.2276 | TLOSS: 0.0016 | TVAL: 0.1759 | AENT: -0.9906
Switching to test env
| [33mtrain[0m | E: 240 | S: 240000 | R: 821.8454 | D: 11.2 s | BR: 5.6026 | ALOSS: -526.9740 | CLOSS: 14.7369 | TLOSS: 0.0000 | TVAL: 0.1758 | AENT: -0.9998
| [32meval[0m  | E: 240 | S: 240000 | R: 855.0091
Change envA => envB
| [33mtrain[0m | E: 241 | S: 0 | R: 837.3562 | D: 00.0 s | BR: 5.5315 | ALOSS: -523.2971 | CLOSS: 31.8085 | TLOSS: -0.0198 | TVAL: 0.1758 | AENT: -1.1126
| [32meval[0m  | E: 0 | S: 0 | R: 241.5132
| [32meval[0m  | E: 4 | S: 4000 | R: 251.0894
| [32meval[0m  | E: 8 | S: 8000 | R: 265.8417
| [33mtrain[0m | E: 9 | S: 9000 | R: 250.7172 | D: 15.9 s | BR: 5.4251 | ALOSS: -531.5196 | CLOSS: 27.1366 | TLOSS: 0.0084 | TVAL: 0.1728 | AENT: -0.9516
| [33mtrain[0m | E: 10 | S: 10000 | R: 261.3767 | D: 11.6 s | BR: 5.4492 | ALOSS: -533.4374 | CLOSS: 35.4041 | TLOSS: 0.0117 | TVAL: 0.1722 | AENT: -0.9323
| [33mtrain[0m | E: 11 | S: 11000 | R: 726.9669 | D: 11.7 s | BR: 5.4680 | ALOSS: -533.5786 | CLOSS: 29.3271 | TLOSS: 0.0124 | TVAL: 0.1718 | AENT: -0.9278
| [33mtrain[0m | E: 12 | S: 12000 | R: 455.6673 | D: 11.5 s | BR: 5.4289 | ALOSS: -533.8077 | CLOSS: 25.0202 | TLOSS: 0.0097 | TVAL: 0.1711 | AENT: -0.9435
| [32meval[0m  | E: 12 | S: 12000 | R: 246.2027
| [33mtrain[0m | E: 13 | S: 13000 | R: 250.9334 | D: 15.8 s | BR: 5.4437 | ALOSS: -535.9394 | CLOSS: 31.4139 | TLOSS: -0.0008 | TVAL: 0.1709 | AENT: -1.0045
| [33mtrain[0m | E: 14 | S: 14000 | R: 295.6382 | D: 11.7 s | BR: 5.4099 | ALOSS: -536.9127 | CLOSS: 34.9670 | TLOSS: 0.0022 | TVAL: 0.1709 | AENT: -0.9870
| [33mtrain[0m | E: 15 | S: 15000 | R: 287.3039 | D: 11.8 s | BR: 5.4040 | ALOSS: -538.2633 | CLOSS: 37.8993 | TLOSS: 0.0031 | TVAL: 0.1709 | AENT: -0.9819
| [33mtrain[0m | E: 16 | S: 16000 | R: 345.0216 | D: 11.5 s | BR: 5.3921 | ALOSS: -538.5935 | CLOSS: 45.7580 | TLOSS: 0.0008 | TVAL: 0.1706 | AENT: -0.9951
| [32meval[0m  | E: 16 | S: 16000 | R: 282.2907
| [33mtrain[0m | E: 17 | S: 17000 | R: 464.5744 | D: 16.0 s | BR: 5.3956 | ALOSS: -539.2164 | CLOSS: 41.8040 | TLOSS: -0.0004 | TVAL: 0.1707 | AENT: -1.0023
| [33mtrain[0m | E: 18 | S: 18000 | R: 468.4458 | D: 11.7 s | BR: 5.3942 | ALOSS: -540.3835 | CLOSS: 34.0014 | TLOSS: -0.0022 | TVAL: 0.1707 | AENT: -1.0128
| [33mtrain[0m | E: 19 | S: 19000 | R: 450.6741 | D: 11.6 s | BR: 5.3689 | ALOSS: -540.8417 | CLOSS: 36.5318 | TLOSS: -0.0083 | TVAL: 0.1711 | AENT: -1.0488
| [33mtrain[0m | E: 20 | S: 20000 | R: 302.3197 | D: 11.3 s | BR: 5.3947 | ALOSS: -542.1983 | CLOSS: 44.6897 | TLOSS: -0.0015 | TVAL: 0.1711 | AENT: -1.0090
| [32meval[0m  | E: 20 | S: 20000 | R: 446.7423
| [33mtrain[0m | E: 21 | S: 21000 | R: 750.8907 | D: 15.6 s | BR: 5.3589 | ALOSS: -542.8565 | CLOSS: 45.0681 | TLOSS: -0.0052 | TVAL: 0.1713 | AENT: -1.0303
| [33mtrain[0m | E: 22 | S: 22000 | R: 347.4122 | D: 11.6 s | BR: 5.3249 | ALOSS: -543.6362 | CLOSS: 49.6675 | TLOSS: -0.0026 | TVAL: 0.1716 | AENT: -1.0154
| [33mtrain[0m | E: 23 | S: 23000 | R: 305.9343 | D: 11.5 s | BR: 5.3331 | ALOSS: -543.8147 | CLOSS: 57.6307 | TLOSS: -0.0100 | TVAL: 0.1720 | AENT: -1.0581
| [33mtrain[0m | E: 24 | S: 24000 | R: 259.9510 | D: 11.4 s | BR: 5.3575 | ALOSS: -544.9676 | CLOSS: 53.7069 | TLOSS: -0.0050 | TVAL: 0.1724 | AENT: -1.0287
| [32meval[0m  | E: 24 | S: 24000 | R: 485.4563
| [33mtrain[0m | E: 25 | S: 25000 | R: 301.5294 | D: 16.3 s | BR: 5.3019 | ALOSS: -543.8236 | CLOSS: 54.8636 | TLOSS: -0.0222 | TVAL: 0.1730 | AENT: -1.1284
| [33mtrain[0m | E: 26 | S: 26000 | R: 579.0279 | D: 11.7 s | BR: 5.2862 | ALOSS: -544.5520 | CLOSS: 51.5059 | TLOSS: -0.0123 | TVAL: 0.1739 | AENT: -1.0707
| [33mtrain[0m | E: 27 | S: 27000 | R: 698.8171 | D: 11.8 s | BR: 5.2993 | ALOSS: -545.6703 | CLOSS: 48.1125 | TLOSS: -0.0170 | TVAL: 0.1745 | AENT: -1.0971
| [33mtrain[0m | E: 28 | S: 28000 | R: 459.8920 | D: 11.3 s | BR: 5.2931 | ALOSS: -546.1081 | CLOSS: 83.0168 | TLOSS: -0.0145 | TVAL: 0.1753 | AENT: -1.0826
| [32meval[0m  | E: 28 | S: 28000 | R: 255.5515
| [33mtrain[0m | E: 29 | S: 29000 | R: 597.1613 | D: 16.0 s | BR: 5.3298 | ALOSS: -548.0157 | CLOSS: 89.8539 | TLOSS: -0.0146 | TVAL: 0.1760 | AENT: -1.0831
| [33mtrain[0m | E: 30 | S: 30000 | R: 709.9366 | D: 11.7 s | BR: 5.2894 | ALOSS: -548.8267 | CLOSS: 75.1598 | TLOSS: -0.0083 | TVAL: 0.1767 | AENT: -1.0467
| [33mtrain[0m | E: 31 | S: 31000 | R: 595.7983 | D: 11.4 s | BR: 5.3296 | ALOSS: -550.5524 | CLOSS: 113.1947 | TLOSS: -0.0064 | TVAL: 0.1770 | AENT: -1.0361
| [33mtrain[0m | E: 32 | S: 32000 | R: 404.9937 | D: 11.5 s | BR: 5.3014 | ALOSS: -549.0890 | CLOSS: 70.2161 | TLOSS: -0.0020 | TVAL: 0.1773 | AENT: -1.0115
| [32meval[0m  | E: 32 | S: 32000 | R: 741.2718
| [33mtrain[0m | E: 33 | S: 33000 | R: 640.8608 | D: 15.7 s | BR: 5.2868 | ALOSS: -551.9211 | CLOSS: 89.6545 | TLOSS: -0.0072 | TVAL: 0.1775 | AENT: -1.0404
| [33mtrain[0m | E: 34 | S: 34000 | R: 475.5658 | D: 11.5 s | BR: 5.2970 | ALOSS: -552.9241 | CLOSS: 67.0745 | TLOSS: -0.0080 | TVAL: 0.1777 | AENT: -1.0447
| [33mtrain[0m | E: 35 | S: 35000 | R: 618.6638 | D: 11.7 s | BR: 5.2916 | ALOSS: -553.1170 | CLOSS: 94.0887 | TLOSS: -0.0028 | TVAL: 0.1781 | AENT: -1.0156
| [33mtrain[0m | E: 36 | S: 36000 | R: 382.0415 | D: 11.2 s | BR: 5.3086 | ALOSS: -554.2080 | CLOSS: 78.2852 | TLOSS: -0.0047 | TVAL: 0.1782 | AENT: -1.0263
| [32meval[0m  | E: 36 | S: 36000 | R: 727.3288
| [33mtrain[0m | E: 37 | S: 37000 | R: 582.1833 | D: 15.8 s | BR: 5.2887 | ALOSS: -552.6747 | CLOSS: 88.6603 | TLOSS: -0.0021 | TVAL: 0.1784 | AENT: -1.0118
| [33mtrain[0m | E: 38 | S: 38000 | R: 685.3017 | D: 11.5 s | BR: 5.2853 | ALOSS: -554.4138 | CLOSS: 103.3203 | TLOSS: -0.0146 | TVAL: 0.1788 | AENT: -1.0815
| [33mtrain[0m | E: 39 | S: 39000 | R: 710.5525 | D: 11.7 s | BR: 5.3024 | ALOSS: -555.5338 | CLOSS: 103.5351 | TLOSS: -0.0148 | TVAL: 0.1794 | AENT: -1.0827
| [33mtrain[0m | E: 40 | S: 40000 | R: 739.7554 | D: 11.4 s | BR: 5.2885 | ALOSS: -557.6236 | CLOSS: 133.7514 | TLOSS: -0.0053 | TVAL: 0.1800 | AENT: -1.0295
| [32meval[0m  | E: 40 | S: 40000 | R: 530.3256
| [33mtrain[0m | E: 41 | S: 41000 | R: 338.2450 | D: 16.0 s | BR: 5.2821 | ALOSS: -557.6135 | CLOSS: 86.5533 | TLOSS: -0.0130 | TVAL: 0.1803 | AENT: -1.0719
| [33mtrain[0m | E: 42 | S: 42000 | R: 736.3452 | D: 11.6 s | BR: 5.2534 | ALOSS: -557.4841 | CLOSS: 136.5178 | TLOSS: -0.0306 | TVAL: 0.1816 | AENT: -1.1687
| [33mtrain[0m | E: 43 | S: 43000 | R: 415.8074 | D: 11.6 s | BR: 5.2869 | ALOSS: -559.5643 | CLOSS: 95.4842 | TLOSS: -0.0105 | TVAL: 0.1824 | AENT: -1.0577
| [33mtrain[0m | E: 44 | S: 44000 | R: 276.5697 | D: 11.4 s | BR: 5.2748 | ALOSS: -559.9228 | CLOSS: 101.1764 | TLOSS: -0.0068 | TVAL: 0.1829 | AENT: -1.0370
| [32meval[0m  | E: 44 | S: 44000 | R: 253.4602
| [33mtrain[0m | E: 45 | S: 45000 | R: 548.9240 | D: 16.3 s | BR: 5.2640 | ALOSS: -559.4407 | CLOSS: 111.0021 | TLOSS: -0.0113 | TVAL: 0.1832 | AENT: -1.0616
| [33mtrain[0m | E: 46 | S: 46000 | R: 387.6249 | D: 11.7 s | BR: 5.2745 | ALOSS: -560.9400 | CLOSS: 109.2752 | TLOSS: -0.0179 | TVAL: 0.1838 | AENT: -1.0975
| [33mtrain[0m | E: 47 | S: 47000 | R: 493.2998 | D: 11.4 s | BR: 5.2604 | ALOSS: -563.2036 | CLOSS: 131.8297 | TLOSS: -0.0179 | TVAL: 0.1847 | AENT: -1.0970
| [33mtrain[0m | E: 48 | S: 48000 | R: 520.8919 | D: 11.3 s | BR: 5.2572 | ALOSS: -562.4105 | CLOSS: 98.9914 | TLOSS: -0.0180 | TVAL: 0.1856 | AENT: -1.0968
| [32meval[0m  | E: 48 | S: 48000 | R: 319.1001
| [33mtrain[0m | E: 49 | S: 49000 | R: 161.9902 | D: 16.0 s | BR: 5.2435 | ALOSS: -563.7863 | CLOSS: 153.1235 | TLOSS: -0.0268 | TVAL: 0.1866 | AENT: -1.1436
| [33mtrain[0m | E: 50 | S: 50000 | R: 402.3430 | D: 11.5 s | BR: 5.1925 | ALOSS: -563.3395 | CLOSS: 114.6170 | TLOSS: -0.0368 | TVAL: 0.1881 | AENT: -1.1959
| [33mtrain[0m | E: 51 | S: 51000 | R: 411.3845 | D: 11.7 s | BR: 5.2323 | ALOSS: -564.4173 | CLOSS: 151.3066 | TLOSS: -0.0278 | TVAL: 0.1893 | AENT: -1.1466
| [33mtrain[0m | E: 52 | S: 52000 | R: 391.8557 | D: 11.5 s | BR: 5.2284 | ALOSS: -565.4906 | CLOSS: 127.8687 | TLOSS: -0.0178 | TVAL: 0.1903 | AENT: -1.0937
| [32meval[0m  | E: 52 | S: 52000 | R: 700.3843
| [33mtrain[0m | E: 53 | S: 53000 | R: 436.8530 | D: 15.9 s | BR: 5.1992 | ALOSS: -566.0260 | CLOSS: 148.5351 | TLOSS: -0.0218 | TVAL: 0.1910 | AENT: -1.1143
| [33mtrain[0m | E: 54 | S: 54000 | R: 418.4722 | D: 11.5 s | BR: 5.1894 | ALOSS: -566.9068 | CLOSS: 158.6683 | TLOSS: -0.0313 | TVAL: 0.1922 | AENT: -1.1629
| [33mtrain[0m | E: 55 | S: 55000 | R: 437.6691 | D: 11.7 s | BR: 5.2275 | ALOSS: -566.2388 | CLOSS: 125.2182 | TLOSS: -0.0396 | TVAL: 0.1936 | AENT: -1.2047
| [33mtrain[0m | E: 56 | S: 56000 | R: 663.5122 | D: 11.4 s | BR: 5.1729 | ALOSS: -567.0368 | CLOSS: 168.2326 | TLOSS: -0.0289 | TVAL: 0.1950 | AENT: -1.1480
| [32meval[0m  | E: 56 | S: 56000 | R: 521.8827
| [33mtrain[0m | E: 57 | S: 57000 | R: 623.4152 | D: 15.9 s | BR: 5.1823 | ALOSS: -568.0671 | CLOSS: 140.6893 | TLOSS: -0.0265 | TVAL: 0.1961 | AENT: -1.1354
| [33mtrain[0m | E: 58 | S: 58000 | R: 694.4808 | D: 11.7 s | BR: 5.2022 | ALOSS: -569.5108 | CLOSS: 151.8162 | TLOSS: -0.0260 | TVAL: 0.1971 | AENT: -1.1319
| [33mtrain[0m | E: 59 | S: 59000 | R: 638.4972 | D: 11.9 s | BR: 5.2101 | ALOSS: -570.3304 | CLOSS: 129.2003 | TLOSS: -0.0277 | TVAL: 0.1981 | AENT: -1.1400
| [33mtrain[0m | E: 60 | S: 60000 | R: 732.1281 | D: 11.4 s | BR: 5.2581 | ALOSS: -572.1438 | CLOSS: 157.6998 | TLOSS: -0.0344 | TVAL: 0.1994 | AENT: -1.1725
| [32meval[0m  | E: 60 | S: 60000 | R: 763.0693
| [33mtrain[0m | E: 61 | S: 61000 | R: 698.5341 | D: 15.8 s | BR: 5.2068 | ALOSS: -572.2184 | CLOSS: 131.7359 | TLOSS: -0.0269 | TVAL: 0.2005 | AENT: -1.1344
| [33mtrain[0m | E: 62 | S: 62000 | R: 766.1099 | D: 11.6 s | BR: 5.2488 | ALOSS: -573.1415 | CLOSS: 156.2945 | TLOSS: -0.0377 | TVAL: 0.2017 | AENT: -1.1870
| [33mtrain[0m | E: 63 | S: 63000 | R: 704.0835 | D: 11.5 s | BR: 5.2031 | ALOSS: -573.6942 | CLOSS: 156.5183 | TLOSS: -0.0331 | TVAL: 0.2032 | AENT: -1.1631
| [33mtrain[0m | E: 64 | S: 64000 | R: 753.1198 | D: 11.5 s | BR: 5.1923 | ALOSS: -574.2763 | CLOSS: 168.1892 | TLOSS: -0.0262 | TVAL: 0.2041 | AENT: -1.1282
| [32meval[0m  | E: 64 | S: 64000 | R: 709.8339
| [33mtrain[0m | E: 65 | S: 65000 | R: 515.1829 | D: 16.2 s | BR: 5.2264 | ALOSS: -574.8903 | CLOSS: 133.1157 | TLOSS: -0.0275 | TVAL: 0.2051 | AENT: -1.1341
| [33mtrain[0m | E: 66 | S: 66000 | R: 507.7663 | D: 11.5 s | BR: 5.1715 | ALOSS: -575.1630 | CLOSS: 142.3829 | TLOSS: -0.0327 | TVAL: 0.2063 | AENT: -1.1584
| [33mtrain[0m | E: 67 | S: 67000 | R: 285.7323 | D: 11.5 s | BR: 5.1670 | ALOSS: -576.5071 | CLOSS: 144.8312 | TLOSS: -0.0313 | TVAL: 0.2074 | AENT: -1.1509
| [33mtrain[0m | E: 68 | S: 68000 | R: 568.1513 | D: 11.5 s | BR: 5.1817 | ALOSS: -577.6162 | CLOSS: 117.4284 | TLOSS: -0.0292 | TVAL: 0.2085 | AENT: -1.1398
| [32meval[0m  | E: 68 | S: 68000 | R: 795.7228
| [33mtrain[0m | E: 69 | S: 69000 | R: 607.0808 | D: 15.7 s | BR: 5.1890 | ALOSS: -579.5416 | CLOSS: 130.0106 | TLOSS: -0.0343 | TVAL: 0.2097 | AENT: -1.1636
| [33mtrain[0m | E: 70 | S: 70000 | R: 559.0226 | D: 11.4 s | BR: 5.1715 | ALOSS: -577.9979 | CLOSS: 140.9843 | TLOSS: -0.0265 | TVAL: 0.2109 | AENT: -1.1255
| [33mtrain[0m | E: 71 | S: 71000 | R: 737.0558 | D: 11.4 s | BR: 5.2131 | ALOSS: -579.3668 | CLOSS: 130.9215 | TLOSS: -0.0294 | TVAL: 0.2118 | AENT: -1.1390
| [33mtrain[0m | E: 72 | S: 72000 | R: 555.7231 | D: 11.5 s | BR: 5.1737 | ALOSS: -580.4568 | CLOSS: 118.2286 | TLOSS: -0.0226 | TVAL: 0.2128 | AENT: -1.1060
| [32meval[0m  | E: 72 | S: 72000 | R: 767.3513
| [33mtrain[0m | E: 73 | S: 73000 | R: 601.1208 | D: 15.8 s | BR: 5.1689 | ALOSS: -582.4489 | CLOSS: 147.0628 | TLOSS: -0.0235 | TVAL: 0.2137 | AENT: -1.1100
| [33mtrain[0m | E: 74 | S: 74000 | R: 708.7938 | D: 11.5 s | BR: 5.2178 | ALOSS: -583.6244 | CLOSS: 141.7537 | TLOSS: -0.0222 | TVAL: 0.2145 | AENT: -1.1035
| [33mtrain[0m | E: 75 | S: 75000 | R: 730.8560 | D: 11.6 s | BR: 5.1886 | ALOSS: -584.3130 | CLOSS: 119.5492 | TLOSS: -0.0195 | TVAL: 0.2154 | AENT: -1.0905
| [33mtrain[0m | E: 76 | S: 76000 | R: 713.1066 | D: 11.2 s | BR: 5.2127 | ALOSS: -584.0267 | CLOSS: 124.5870 | TLOSS: -0.0321 | TVAL: 0.2162 | AENT: -1.1484
| [32meval[0m  | E: 76 | S: 76000 | R: 693.0642
| [33mtrain[0m | E: 77 | S: 77000 | R: 772.0655 | D: 15.6 s | BR: 5.2145 | ALOSS: -586.4214 | CLOSS: 134.7787 | TLOSS: -0.0231 | TVAL: 0.2173 | AENT: -1.1063
| [33mtrain[0m | E: 78 | S: 78000 | R: 619.2634 | D: 11.6 s | BR: 5.1361 | ALOSS: -585.5669 | CLOSS: 148.8381 | TLOSS: -0.0223 | TVAL: 0.2181 | AENT: -1.1023
| [33mtrain[0m | E: 79 | S: 79000 | R: 696.8529 | D: 11.5 s | BR: 5.1630 | ALOSS: -585.9078 | CLOSS: 144.8116 | TLOSS: -0.0205 | TVAL: 0.2190 | AENT: -1.0934
| [33mtrain[0m | E: 80 | S: 80000 | R: 423.2687 | D: 11.4 s | BR: 5.1941 | ALOSS: -587.7083 | CLOSS: 126.6643 | TLOSS: -0.0251 | TVAL: 0.2197 | AENT: -1.1141
| [32meval[0m  | E: 80 | S: 80000 | R: 714.3280
| [33mtrain[0m | E: 81 | S: 81000 | R: 478.0578 | D: 15.8 s | BR: 5.2157 | ALOSS: -588.2922 | CLOSS: 107.1988 | TLOSS: -0.0280 | TVAL: 0.2209 | AENT: -1.1267
| [33mtrain[0m | E: 82 | S: 82000 | R: 716.0988 | D: 11.5 s | BR: 5.2046 | ALOSS: -589.4304 | CLOSS: 108.2170 | TLOSS: -0.0175 | TVAL: 0.2218 | AENT: -1.0790
| [33mtrain[0m | E: 83 | S: 83000 | R: 410.9989 | D: 11.7 s | BR: 5.1995 | ALOSS: -590.5906 | CLOSS: 111.7304 | TLOSS: -0.0105 | TVAL: 0.2223 | AENT: -1.0473
| [33mtrain[0m | E: 84 | S: 84000 | R: 758.0761 | D: 11.5 s | BR: 5.2002 | ALOSS: -589.8899 | CLOSS: 130.5476 | TLOSS: -0.0327 | TVAL: 0.2231 | AENT: -1.1465
| [32meval[0m  | E: 84 | S: 84000 | R: 593.7096
| [33mtrain[0m | E: 85 | S: 85000 | R: 639.5852 | D: 16.0 s | BR: 5.1922 | ALOSS: -590.1456 | CLOSS: 134.3650 | TLOSS: -0.0217 | TVAL: 0.2242 | AENT: -1.0969
| [33mtrain[0m | E: 86 | S: 86000 | R: 555.4657 | D: 11.5 s | BR: 5.1575 | ALOSS: -592.3069 | CLOSS: 130.0744 | TLOSS: -0.0083 | TVAL: 0.2247 | AENT: -1.0368
| [33mtrain[0m | E: 87 | S: 87000 | R: 687.6169 | D: 11.8 s | BR: 5.1750 | ALOSS: -592.3316 | CLOSS: 115.5810 | TLOSS: -0.0223 | TVAL: 0.2253 | AENT: -1.0989
| [33mtrain[0m | E: 88 | S: 88000 | R: 560.3652 | D: 11.4 s | BR: 5.1792 | ALOSS: -592.4132 | CLOSS: 118.1587 | TLOSS: -0.0179 | TVAL: 0.2262 | AENT: -1.0791
| [32meval[0m  | E: 88 | S: 88000 | R: 744.2121
| [33mtrain[0m | E: 89 | S: 89000 | R: 630.6487 | D: 15.9 s | BR: 5.1713 | ALOSS: -593.4446 | CLOSS: 105.1551 | TLOSS: -0.0385 | TVAL: 0.2272 | AENT: -1.1694
| [33mtrain[0m | E: 90 | S: 90000 | R: 696.5642 | D: 11.4 s | BR: 5.2040 | ALOSS: -594.6423 | CLOSS: 128.8250 | TLOSS: -0.0357 | TVAL: 0.2287 | AENT: -1.1560
| [33mtrain[0m | E: 91 | S: 91000 | R: 773.2851 | D: 11.4 s | BR: 5.2187 | ALOSS: -594.5106 | CLOSS: 110.6245 | TLOSS: -0.0388 | TVAL: 0.2300 | AENT: -1.1684
| [33mtrain[0m | E: 92 | S: 92000 | R: 721.9184 | D: 11.5 s | BR: 5.1982 | ALOSS: -596.9941 | CLOSS: 117.8027 | TLOSS: -0.0583 | TVAL: 0.2320 | AENT: -1.2513
| [32meval[0m  | E: 92 | S: 92000 | R: 754.0146
| [33mtrain[0m | E: 93 | S: 93000 | R: 618.5305 | D: 15.7 s | BR: 5.1344 | ALOSS: -596.5271 | CLOSS: 109.1089 | TLOSS: -0.0483 | TVAL: 0.2340 | AENT: -1.2064
| [33mtrain[0m | E: 94 | S: 94000 | R: 762.1575 | D: 11.5 s | BR: 5.2086 | ALOSS: -598.2464 | CLOSS: 98.9638 | TLOSS: -0.0412 | TVAL: 0.2355 | AENT: -1.1749
| [33mtrain[0m | E: 95 | S: 95000 | R: 755.1413 | D: 11.6 s | BR: 5.1865 | ALOSS: -598.1994 | CLOSS: 99.1772 | TLOSS: -0.0440 | TVAL: 0.2369 | AENT: -1.1858
| [33mtrain[0m | E: 96 | S: 96000 | R: 751.9400 | D: 11.4 s | BR: 5.2216 | ALOSS: -600.5919 | CLOSS: 78.4618 | TLOSS: -0.0341 | TVAL: 0.2383 | AENT: -1.1431
| [32meval[0m  | E: 96 | S: 96000 | R: 707.6422
| [33mtrain[0m | E: 97 | S: 97000 | R: 761.7960 | D: 15.8 s | BR: 5.1880 | ALOSS: -601.5587 | CLOSS: 85.9847 | TLOSS: -0.0295 | TVAL: 0.2395 | AENT: -1.1231
| [33mtrain[0m | E: 98 | S: 98000 | R: 745.5615 | D: 11.4 s | BR: 5.1367 | ALOSS: -600.7793 | CLOSS: 103.7846 | TLOSS: -0.0360 | TVAL: 0.2406 | AENT: -1.1497
| [33mtrain[0m | E: 99 | S: 99000 | R: 761.0696 | D: 11.5 s | BR: 5.1809 | ALOSS: -602.2062 | CLOSS: 78.9857 | TLOSS: -0.0277 | TVAL: 0.2418 | AENT: -1.1146
| [33mtrain[0m | E: 100 | S: 100000 | R: 571.3879 | D: 11.7 s | BR: 5.2469 | ALOSS: -604.0259 | CLOSS: 83.6761 | TLOSS: -0.0296 | TVAL: 0.2427 | AENT: -1.1219
| [32meval[0m  | E: 100 | S: 100000 | R: 743.3841
| [33mtrain[0m | E: 101 | S: 101000 | R: 714.2470 | D: 16.0 s | BR: 5.1813 | ALOSS: -603.7618 | CLOSS: 92.1118 | TLOSS: -0.0310 | TVAL: 0.2438 | AENT: -1.1270
| [33mtrain[0m | E: 102 | S: 102000 | R: 719.1357 | D: 11.7 s | BR: 5.1880 | ALOSS: -603.4084 | CLOSS: 90.6157 | TLOSS: -0.0257 | TVAL: 0.2450 | AENT: -1.1051
| [33mtrain[0m | E: 103 | S: 103000 | R: 691.8315 | D: 11.6 s | BR: 5.1765 | ALOSS: -604.8342 | CLOSS: 80.1451 | TLOSS: -0.0213 | TVAL: 0.2458 | AENT: -1.0868
| [33mtrain[0m | E: 104 | S: 104000 | R: 736.9597 | D: 11.4 s | BR: 5.1934 | ALOSS: -605.0475 | CLOSS: 85.3325 | TLOSS: -0.0259 | TVAL: 0.2467 | AENT: -1.1052
| [32meval[0m  | E: 104 | S: 104000 | R: 704.9983
| [33mtrain[0m | E: 105 | S: 105000 | R: 727.3643 | D: 15.7 s | BR: 5.2184 | ALOSS: -607.3753 | CLOSS: 69.1721 | TLOSS: -0.0153 | TVAL: 0.2473 | AENT: -1.0617
| [33mtrain[0m | E: 106 | S: 106000 | R: 763.2180 | D: 11.4 s | BR: 5.1989 | ALOSS: -606.5436 | CLOSS: 91.6019 | TLOSS: -0.0257 | TVAL: 0.2480 | AENT: -1.1037
| [33mtrain[0m | E: 107 | S: 107000 | R: 739.9322 | D: 11.5 s | BR: 5.2100 | ALOSS: -608.5213 | CLOSS: 84.2401 | TLOSS: -0.0223 | TVAL: 0.2490 | AENT: -1.0894
| [33mtrain[0m | E: 108 | S: 108000 | R: 747.3548 | D: 11.3 s | BR: 5.2403 | ALOSS: -609.5295 | CLOSS: 102.8980 | TLOSS: -0.0141 | TVAL: 0.2499 | AENT: -1.0563
| [32meval[0m  | E: 108 | S: 108000 | R: 713.6634
| [33mtrain[0m | E: 109 | S: 109000 | R: 743.4001 | D: 15.6 s | BR: 5.2298 | ALOSS: -609.9382 | CLOSS: 97.3241 | TLOSS: -0.0187 | TVAL: 0.2504 | AENT: -1.0749
| [33mtrain[0m | E: 110 | S: 110000 | R: 615.1353 | D: 11.6 s | BR: 5.2316 | ALOSS: -610.8466 | CLOSS: 86.1433 | TLOSS: 0.0065 | TVAL: 0.2506 | AENT: -0.9742
| [33mtrain[0m | E: 111 | S: 111000 | R: 698.9365 | D: 11.5 s | BR: 5.2747 | ALOSS: -612.1951 | CLOSS: 81.8560 | TLOSS: 0.0036 | TVAL: 0.2504 | AENT: -0.9855
| [33mtrain[0m | E: 112 | S: 112000 | R: 747.5976 | D: 11.5 s | BR: 5.2475 | ALOSS: -611.1643 | CLOSS: 90.7474 | TLOSS: 0.0055 | TVAL: 0.2502 | AENT: -0.9779
| [32meval[0m  | E: 112 | S: 112000 | R: 757.3467
| [33mtrain[0m | E: 113 | S: 113000 | R: 736.7440 | D: 15.9 s | BR: 5.1704 | ALOSS: -611.3090 | CLOSS: 79.2360 | TLOSS: -0.0144 | TVAL: 0.2504 | AENT: -1.0573
| [33mtrain[0m | E: 114 | S: 114000 | R: 747.5247 | D: 11.5 s | BR: 5.2361 | ALOSS: -613.3316 | CLOSS: 82.8099 | TLOSS: 0.0046 | TVAL: 0.2505 | AENT: -0.9816
| [33mtrain[0m | E: 115 | S: 115000 | R: 740.6995 | D: 11.4 s | BR: 5.1884 | ALOSS: -613.9903 | CLOSS: 111.5877 | TLOSS: -0.0024 | TVAL: 0.2507 | AENT: -1.0095
| [33mtrain[0m | E: 116 | S: 116000 | R: 699.4318 | D: 11.6 s | BR: 5.2337 | ALOSS: -615.4532 | CLOSS: 79.7584 | TLOSS: 0.0003 | TVAL: 0.2506 | AENT: -0.9987
| [32meval[0m  | E: 116 | S: 116000 | R: 715.8963
| [33mtrain[0m | E: 117 | S: 117000 | R: 729.7002 | D: 15.8 s | BR: 5.2634 | ALOSS: -616.9853 | CLOSS: 70.8402 | TLOSS: -0.0102 | TVAL: 0.2508 | AENT: -1.0408
| [33mtrain[0m | E: 118 | S: 118000 | R: 758.5447 | D: 11.5 s | BR: 5.1862 | ALOSS: -616.7405 | CLOSS: 117.3312 | TLOSS: -0.0076 | TVAL: 0.2512 | AENT: -1.0304
| [33mtrain[0m | E: 119 | S: 119000 | R: 747.8375 | D: 11.5 s | BR: 5.2446 | ALOSS: -616.8799 | CLOSS: 103.6300 | TLOSS: -0.0157 | TVAL: 0.2518 | AENT: -1.0622
| [33mtrain[0m | E: 120 | S: 120000 | R: 717.0264 | D: 11.5 s | BR: 5.2440 | ALOSS: -617.7285 | CLOSS: 68.0780 | TLOSS: -0.0087 | TVAL: 0.2523 | AENT: -1.0343
| [32meval[0m  | E: 120 | S: 120000 | R: 727.7338
| [33mtrain[0m | E: 121 | S: 121000 | R: 755.8500 | D: 15.9 s | BR: 5.2762 | ALOSS: -619.5845 | CLOSS: 73.2421 | TLOSS: -0.0104 | TVAL: 0.2527 | AENT: -1.0410
| [33mtrain[0m | E: 122 | S: 122000 | R: 763.6484 | D: 11.5 s | BR: 5.2387 | ALOSS: -618.9207 | CLOSS: 74.7201 | TLOSS: -0.0074 | TVAL: 0.2531 | AENT: -1.0292
| [33mtrain[0m | E: 123 | S: 123000 | R: 739.8670 | D: 11.5 s | BR: 5.2370 | ALOSS: -620.2943 | CLOSS: 74.9620 | TLOSS: -0.0107 | TVAL: 0.2536 | AENT: -1.0422
| [33mtrain[0m | E: 124 | S: 124000 | R: 736.6484 | D: 11.4 s | BR: 5.1946 | ALOSS: -618.7213 | CLOSS: 98.4203 | TLOSS: -0.0155 | TVAL: 0.2539 | AENT: -1.0612
| [32meval[0m  | E: 124 | S: 124000 | R: 725.3446
| [33mtrain[0m | E: 125 | S: 125000 | R: 739.8396 | D: 15.8 s | BR: 5.2049 | ALOSS: -620.6218 | CLOSS: 117.7456 | TLOSS: 0.0028 | TVAL: 0.2544 | AENT: -0.9888
| [33mtrain[0m | E: 126 | S: 126000 | R: 737.9369 | D: 11.5 s | BR: 5.2679 | ALOSS: -622.0057 | CLOSS: 96.6786 | TLOSS: 0.0032 | TVAL: 0.2542 | AENT: -0.9876
| [33mtrain[0m | E: 127 | S: 127000 | R: 648.4702 | D: 11.4 s | BR: 5.2187 | ALOSS: -623.4230 | CLOSS: 70.8541 | TLOSS: -0.0064 | TVAL: 0.2543 | AENT: -1.0252
| [33mtrain[0m | E: 128 | S: 128000 | R: 766.2396 | D: 11.4 s | BR: 5.2539 | ALOSS: -621.9584 | CLOSS: 85.2061 | TLOSS: -0.0185 | TVAL: 0.2549 | AENT: -1.0727
| [32meval[0m  | E: 128 | S: 128000 | R: 734.5040
| [33mtrain[0m | E: 129 | S: 129000 | R: 739.1374 | D: 15.7 s | BR: 5.2634 | ALOSS: -625.2956 | CLOSS: 89.2773 | TLOSS: -0.0000 | TVAL: 0.2554 | AENT: -1.0002
| [33mtrain[0m | E: 130 | S: 130000 | R: 737.9130 | D: 11.6 s | BR: 5.2266 | ALOSS: -624.8329 | CLOSS: 74.4376 | TLOSS: -0.0011 | TVAL: 0.2553 | AENT: -1.0044
| [33mtrain[0m | E: 131 | S: 131000 | R: 749.6695 | D: 11.5 s | BR: 5.2580 | ALOSS: -625.8425 | CLOSS: 100.2561 | TLOSS: -0.0113 | TVAL: 0.2557 | AENT: -1.0442
| [33mtrain[0m | E: 132 | S: 132000 | R: 763.4201 | D: 11.6 s | BR: 5.2702 | ALOSS: -626.3130 | CLOSS: 92.1146 | TLOSS: 0.0117 | TVAL: 0.2559 | AENT: -0.9544
| [32meval[0m  | E: 132 | S: 132000 | R: 779.4124
| [33mtrain[0m | E: 133 | S: 133000 | R: 732.9683 | D: 15.7 s | BR: 5.2783 | ALOSS: -626.8262 | CLOSS: 70.7126 | TLOSS: 0.0027 | TVAL: 0.2552 | AENT: -0.9895
| [33mtrain[0m | E: 134 | S: 134000 | R: 732.7393 | D: 11.6 s | BR: 5.2523 | ALOSS: -627.9412 | CLOSS: 85.7648 | TLOSS: 0.0049 | TVAL: 0.2552 | AENT: -0.9808
| [33mtrain[0m | E: 135 | S: 135000 | R: 752.0617 | D: 11.5 s | BR: 5.2803 | ALOSS: -629.1854 | CLOSS: 85.2987 | TLOSS: 0.0035 | TVAL: 0.2549 | AENT: -0.9863
| [33mtrain[0m | E: 136 | S: 136000 | R: 684.2832 | D: 11.5 s | BR: 5.2376 | ALOSS: -628.7231 | CLOSS: 115.1388 | TLOSS: 0.0153 | TVAL: 0.2547 | AENT: -0.9398
| [32meval[0m  | E: 136 | S: 136000 | R: 755.0730
| [33mtrain[0m | E: 137 | S: 137000 | R: 635.0375 | D: 16.1 s | BR: 5.2313 | ALOSS: -629.5267 | CLOSS: 78.2124 | TLOSS: 0.0054 | TVAL: 0.2541 | AENT: -0.9786
| [33mtrain[0m | E: 138 | S: 138000 | R: 743.6041 | D: 11.7 s | BR: 5.2165 | ALOSS: -630.2759 | CLOSS: 98.2419 | TLOSS: -0.0073 | TVAL: 0.2540 | AENT: -1.0286
| [33mtrain[0m | E: 139 | S: 139000 | R: 741.0109 | D: 11.6 s | BR: 5.2897 | ALOSS: -631.4016 | CLOSS: 98.3309 | TLOSS: -0.0121 | TVAL: 0.2543 | AENT: -1.0474
| [33mtrain[0m | E: 140 | S: 140000 | R: 756.1191 | D: 11.6 s | BR: 5.3210 | ALOSS: -631.5940 | CLOSS: 87.4350 | TLOSS: 0.0037 | TVAL: 0.2548 | AENT: -0.9855
| [32meval[0m  | E: 140 | S: 140000 | R: 776.9322
| [33mtrain[0m | E: 141 | S: 141000 | R: 759.3784 | D: 15.8 s | BR: 5.2540 | ALOSS: -632.5469 | CLOSS: 87.2644 | TLOSS: -0.0059 | TVAL: 0.2547 | AENT: -1.0232
| [33mtrain[0m | E: 142 | S: 142000 | R: 746.3836 | D: 11.6 s | BR: 5.2750 | ALOSS: -633.2667 | CLOSS: 100.1271 | TLOSS: -0.0041 | TVAL: 0.2550 | AENT: -1.0160
| [33mtrain[0m | E: 143 | S: 143000 | R: 755.0588 | D: 11.5 s | BR: 5.2559 | ALOSS: -633.3030 | CLOSS: 132.3686 | TLOSS: 0.0018 | TVAL: 0.2553 | AENT: -0.9931
| [33mtrain[0m | E: 144 | S: 144000 | R: 734.5822 | D: 11.5 s | BR: 5.2573 | ALOSS: -633.6110 | CLOSS: 83.7241 | TLOSS: 0.0012 | TVAL: 0.2550 | AENT: -0.9954
| [32meval[0m  | E: 144 | S: 144000 | R: 735.2693
| [33mtrain[0m | E: 145 | S: 145000 | R: 746.4604 | D: 15.8 s | BR: 5.3083 | ALOSS: -634.7349 | CLOSS: 106.5022 | TLOSS: -0.0081 | TVAL: 0.2551 | AENT: -1.0317
| [33mtrain[0m | E: 146 | S: 146000 | R: 696.0756 | D: 11.5 s | BR: 5.2640 | ALOSS: -635.2593 | CLOSS: 86.8729 | TLOSS: 0.0030 | TVAL: 0.2553 | AENT: -0.9884
| [33mtrain[0m | E: 147 | S: 147000 | R: 723.0184 | D: 11.5 s | BR: 5.2691 | ALOSS: -636.6348 | CLOSS: 93.0511 | TLOSS: 0.0114 | TVAL: 0.2549 | AENT: -0.9554
| [33mtrain[0m | E: 148 | S: 148000 | R: 754.2679 | D: 11.5 s | BR: 5.2424 | ALOSS: -636.3503 | CLOSS: 91.1273 | TLOSS: 0.0085 | TVAL: 0.2544 | AENT: -0.9665
| [32meval[0m  | E: 148 | S: 148000 | R: 725.1955
| [33mtrain[0m | E: 149 | S: 149000 | R: 728.6735 | D: 15.9 s | BR: 5.2702 | ALOSS: -638.0964 | CLOSS: 95.0777 | TLOSS: 0.0049 | TVAL: 0.2542 | AENT: -0.9805
| [33mtrain[0m | E: 150 | S: 150000 | R: 716.4844 | D: 11.7 s | BR: 5.2880 | ALOSS: -637.8930 | CLOSS: 114.4341 | TLOSS: 0.0053 | TVAL: 0.2539 | AENT: -0.9793
| [33mtrain[0m | E: 151 | S: 151000 | R: 716.4488 | D: 11.6 s | BR: 5.2631 | ALOSS: -639.4381 | CLOSS: 97.6011 | TLOSS: 0.0111 | TVAL: 0.2536 | AENT: -0.9561
| [33mtrain[0m | E: 152 | S: 152000 | R: 752.5617 | D: 11.5 s | BR: 5.3307 | ALOSS: -640.6896 | CLOSS: 114.8488 | TLOSS: 0.0190 | TVAL: 0.2528 | AENT: -0.9250
| [32meval[0m  | E: 152 | S: 152000 | R: 714.9212
| [33mtrain[0m | E: 153 | S: 153000 | R: 718.5549 | D: 15.8 s | BR: 5.2795 | ALOSS: -639.8632 | CLOSS: 98.3594 | TLOSS: 0.0199 | TVAL: 0.2516 | AENT: -0.9211
| [33mtrain[0m | E: 154 | S: 154000 | R: 724.3473 | D: 11.9 s | BR: 5.2543 | ALOSS: -640.7916 | CLOSS: 93.2254 | TLOSS: 0.0136 | TVAL: 0.2510 | AENT: -0.9460
| [33mtrain[0m | E: 155 | S: 155000 | R: 707.5619 | D: 11.7 s | BR: 5.3154 | ALOSS: -642.9293 | CLOSS: 108.9397 | TLOSS: 0.0158 | TVAL: 0.2504 | AENT: -0.9369
| [33mtrain[0m | E: 156 | S: 156000 | R: 708.9904 | D: 11.4 s | BR: 5.2641 | ALOSS: -641.8820 | CLOSS: 91.1758 | TLOSS: 0.0027 | TVAL: 0.2498 | AENT: -0.9893
| [32meval[0m  | E: 156 | S: 156000 | R: 753.3299
| [33mtrain[0m | E: 157 | S: 157000 | R: 708.5489 | D: 16.0 s | BR: 5.2694 | ALOSS: -641.5260 | CLOSS: 102.1908 | TLOSS: 0.0088 | TVAL: 0.2496 | AENT: -0.9648
| [33mtrain[0m | E: 158 | S: 158000 | R: 740.9097 | D: 11.9 s | BR: 5.2473 | ALOSS: -642.3012 | CLOSS: 135.4083 | TLOSS: 0.0093 | TVAL: 0.2491 | AENT: -0.9626
| [33mtrain[0m | E: 159 | S: 159000 | R: 719.3279 | D: 11.6 s | BR: 5.3040 | ALOSS: -645.1043 | CLOSS: 81.5309 | TLOSS: 0.0011 | TVAL: 0.2487 | AENT: -0.9957
| [33mtrain[0m | E: 160 | S: 160000 | R: 766.1020 | D: 11.5 s | BR: 5.2615 | ALOSS: -643.6862 | CLOSS: 98.6873 | TLOSS: 0.0040 | TVAL: 0.2488 | AENT: -0.9841
| [32meval[0m  | E: 160 | S: 160000 | R: 736.1734
| [33mtrain[0m | E: 161 | S: 161000 | R: 745.0323 | D: 16.1 s | BR: 5.3113 | ALOSS: -645.5805 | CLOSS: 90.7332 | TLOSS: 0.0157 | TVAL: 0.2483 | AENT: -0.9366
| [33mtrain[0m | E: 162 | S: 162000 | R: 742.1742 | D: 12.1 s | BR: 5.3139 | ALOSS: -645.8278 | CLOSS: 98.2841 | TLOSS: 0.0170 | TVAL: 0.2475 | AENT: -0.9314
| [33mtrain[0m | E: 163 | S: 163000 | R: 749.4044 | D: 11.6 s | BR: 5.3227 | ALOSS: -646.7565 | CLOSS: 125.6872 | TLOSS: 0.0177 | TVAL: 0.2469 | AENT: -0.9281
| [33mtrain[0m | E: 164 | S: 164000 | R: 676.5994 | D: 11.5 s | BR: 5.3156 | ALOSS: -646.1731 | CLOSS: 84.4765 | TLOSS: 0.0034 | TVAL: 0.2462 | AENT: -0.9863
| [32meval[0m  | E: 164 | S: 164000 | R: 724.5515
| [33mtrain[0m | E: 165 | S: 165000 | R: 718.7072 | D: 15.7 s | BR: 5.3147 | ALOSS: -645.7942 | CLOSS: 86.9307 | TLOSS: 0.0199 | TVAL: 0.2455 | AENT: -0.9190
| [33mtrain[0m | E: 166 | S: 166000 | R: 697.1957 | D: 11.5 s | BR: 5.3189 | ALOSS: -646.6994 | CLOSS: 95.7472 | TLOSS: 0.0141 | TVAL: 0.2447 | AENT: -0.9423
| [33mtrain[0m | E: 167 | S: 167000 | R: 743.2525 | D: 11.5 s | BR: 5.2988 | ALOSS: -646.0568 | CLOSS: 93.0412 | TLOSS: -0.0010 | TVAL: 0.2446 | AENT: -1.0040
| [33mtrain[0m | E: 168 | S: 168000 | R: 711.1769 | D: 11.7 s | BR: 5.3088 | ALOSS: -648.1657 | CLOSS: 110.5843 | TLOSS: 0.0127 | TVAL: 0.2443 | AENT: -0.9478
| [32meval[0m  | E: 168 | S: 168000 | R: 637.6214
| [33mtrain[0m | E: 169 | S: 169000 | R: 711.7130 | D: 15.7 s | BR: 5.3348 | ALOSS: -648.2773 | CLOSS: 116.9651 | TLOSS: 0.0122 | TVAL: 0.2435 | AENT: -0.9498
| [33mtrain[0m | E: 170 | S: 170000 | R: 726.8634 | D: 11.7 s | BR: 5.2979 | ALOSS: -649.1148 | CLOSS: 95.4417 | TLOSS: 0.0158 | TVAL: 0.2430 | AENT: -0.9349
| [33mtrain[0m | E: 171 | S: 171000 | R: 748.8379 | D: 11.5 s | BR: 5.3175 | ALOSS: -649.1348 | CLOSS: 76.2468 | TLOSS: 0.0166 | TVAL: 0.2422 | AENT: -0.9314
| [33mtrain[0m | E: 172 | S: 172000 | R: 728.1996 | D: 11.6 s | BR: 5.2891 | ALOSS: -647.7318 | CLOSS: 90.1527 | TLOSS: 0.0145 | TVAL: 0.2416 | AENT: -0.9398
| [32meval[0m  | E: 172 | S: 172000 | R: 746.0765
| [33mtrain[0m | E: 173 | S: 173000 | R: 727.9289 | D: 15.9 s | BR: 5.3185 | ALOSS: -650.6842 | CLOSS: 90.1881 | TLOSS: 0.0136 | TVAL: 0.2408 | AENT: -0.9434
| [33mtrain[0m | E: 174 | S: 174000 | R: 743.4456 | D: 11.9 s | BR: 5.3222 | ALOSS: -649.9490 | CLOSS: 109.0070 | TLOSS: 0.0214 | TVAL: 0.2400 | AENT: -0.9108
| [33mtrain[0m | E: 175 | S: 175000 | R: 732.0210 | D: 11.5 s | BR: 5.3236 | ALOSS: -651.0497 | CLOSS: 91.7907 | TLOSS: 0.0158 | TVAL: 0.2392 | AENT: -0.9339
| [33mtrain[0m | E: 176 | S: 176000 | R: 719.9509 | D: 11.6 s | BR: 5.2937 | ALOSS: -651.2602 | CLOSS: 106.1439 | TLOSS: 0.0156 | TVAL: 0.2386 | AENT: -0.9346
| [32meval[0m  | E: 176 | S: 176000 | R: 765.6215
| [33mtrain[0m | E: 177 | S: 177000 | R: 713.8968 | D: 15.7 s | BR: 5.3491 | ALOSS: -652.9643 | CLOSS: 85.1792 | TLOSS: 0.0198 | TVAL: 0.2377 | AENT: -0.9168
| [33mtrain[0m | E: 178 | S: 178000 | R: 740.6495 | D: 11.6 s | BR: 5.3475 | ALOSS: -653.4436 | CLOSS: 61.1121 | TLOSS: 0.0196 | TVAL: 0.2368 | AENT: -0.9172
| [33mtrain[0m | E: 179 | S: 179000 | R: 748.2893 | D: 11.5 s | BR: 5.2846 | ALOSS: -653.1809 | CLOSS: 84.9027 | TLOSS: 0.0058 | TVAL: 0.2363 | AENT: -0.9756
| [33mtrain[0m | E: 180 | S: 180000 | R: 756.9859 | D: 11.6 s | BR: 5.2877 | ALOSS: -652.7680 | CLOSS: 91.1706 | TLOSS: 0.0058 | TVAL: 0.2360 | AENT: -0.9755
| [32meval[0m  | E: 180 | S: 180000 | R: 756.7274
| [33mtrain[0m | E: 181 | S: 181000 | R: 718.9178 | D: 15.9 s | BR: 5.3162 | ALOSS: -654.5154 | CLOSS: 93.1968 | TLOSS: 0.0081 | TVAL: 0.2357 | AENT: -0.9657
| [33mtrain[0m | E: 182 | S: 182000 | R: 723.6266 | D: 11.8 s | BR: 5.3423 | ALOSS: -655.0031 | CLOSS: 68.6054 | TLOSS: 0.0103 | TVAL: 0.2352 | AENT: -0.9561
| [33mtrain[0m | E: 183 | S: 183000 | R: 764.3050 | D: 11.8 s | BR: 5.3050 | ALOSS: -654.4137 | CLOSS: 90.0559 | TLOSS: 0.0098 | TVAL: 0.2348 | AENT: -0.9583
| [33mtrain[0m | E: 184 | S: 184000 | R: 726.3493 | D: 11.7 s | BR: 5.3336 | ALOSS: -654.2256 | CLOSS: 115.5276 | TLOSS: 0.0156 | TVAL: 0.2343 | AENT: -0.9335
| [32meval[0m  | E: 184 | S: 184000 | R: 740.2192
| [33mtrain[0m | E: 185 | S: 185000 | R: 716.6931 | D: 15.8 s | BR: 5.3338 | ALOSS: -654.2210 | CLOSS: 72.4126 | TLOSS: 0.0130 | TVAL: 0.2337 | AENT: -0.9443
| [33mtrain[0m | E: 186 | S: 186000 | R: 750.0856 | D: 11.8 s | BR: 5.3531 | ALOSS: -655.4734 | CLOSS: 61.5683 | TLOSS: 0.0132 | TVAL: 0.2330 | AENT: -0.9432
| [33mtrain[0m | E: 187 | S: 187000 | R: 729.6304 | D: 11.7 s | BR: 5.3117 | ALOSS: -654.2210 | CLOSS: 87.2988 | TLOSS: -0.0018 | TVAL: 0.2330 | AENT: -1.0076
| [33mtrain[0m | E: 188 | S: 188000 | R: 725.9459 | D: 12.0 s | BR: 5.3108 | ALOSS: -655.7913 | CLOSS: 77.5579 | TLOSS: 0.0151 | TVAL: 0.2325 | AENT: -0.9349
| [32meval[0m  | E: 188 | S: 188000 | R: 762.4085
| [33mtrain[0m | E: 189 | S: 189000 | R: 744.7875 | D: 15.9 s | BR: 5.3405 | ALOSS: -656.9113 | CLOSS: 103.3732 | TLOSS: 0.0007 | TVAL: 0.2320 | AENT: -0.9970
| [33mtrain[0m | E: 190 | S: 190000 | R: 714.1487 | D: 11.8 s | BR: 5.3438 | ALOSS: -657.2071 | CLOSS: 68.9651 | TLOSS: 0.0061 | TVAL: 0.2320 | AENT: -0.9737
| [33mtrain[0m | E: 191 | S: 191000 | R: 749.0345 | D: 11.7 s | BR: 5.3614 | ALOSS: -657.9764 | CLOSS: 107.4766 | TLOSS: 0.0142 | TVAL: 0.2315 | AENT: -0.9385
| [33mtrain[0m | E: 192 | S: 192000 | R: 731.4216 | D: 12.0 s | BR: 5.3258 | ALOSS: -656.8760 | CLOSS: 73.1981 | TLOSS: 0.0244 | TVAL: 0.2307 | AENT: -0.8943
| [32meval[0m  | E: 192 | S: 192000 | R: 717.6325
| [33mtrain[0m | E: 193 | S: 193000 | R: 714.6186 | D: 15.9 s | BR: 5.3621 | ALOSS: -658.4678 | CLOSS: 83.5036 | TLOSS: 0.0164 | TVAL: 0.2297 | AENT: -0.9286
| [33mtrain[0m | E: 194 | S: 194000 | R: 711.3022 | D: 11.9 s | BR: 5.3673 | ALOSS: -658.1646 | CLOSS: 95.3487 | TLOSS: 0.0163 | TVAL: 0.2290 | AENT: -0.9289
| [33mtrain[0m | E: 195 | S: 195000 | R: 729.7951 | D: 11.7 s | BR: 5.3197 | ALOSS: -657.7998 | CLOSS: 81.3014 | TLOSS: 0.0133 | TVAL: 0.2284 | AENT: -0.9416
| [33mtrain[0m | E: 196 | S: 196000 | R: 764.7714 | D: 12.0 s | BR: 5.3656 | ALOSS: -658.7627 | CLOSS: 93.0690 | TLOSS: 0.0305 | TVAL: 0.2274 | AENT: -0.8658
| [32meval[0m  | E: 196 | S: 196000 | R: 706.6281
| [33mtrain[0m | E: 197 | S: 197000 | R: 746.2639 | D: 16.0 s | BR: 5.3417 | ALOSS: -660.0128 | CLOSS: 80.7913 | TLOSS: 0.0289 | TVAL: 0.2261 | AENT: -0.8721
| [33mtrain[0m | E: 198 | S: 198000 | R: 718.7011 | D: 12.0 s | BR: 5.3421 | ALOSS: -659.3078 | CLOSS: 97.1738 | TLOSS: 0.0226 | TVAL: 0.2251 | AENT: -0.8994
| [33mtrain[0m | E: 199 | S: 199000 | R: 539.4098 | D: 11.8 s | BR: 5.3166 | ALOSS: -658.6217 | CLOSS: 76.2960 | TLOSS: 0.0222 | TVAL: 0.2240 | AENT: -0.9011
| [33mtrain[0m | E: 200 | S: 200000 | R: 733.8853 | D: 12.0 s | BR: 5.3276 | ALOSS: -659.9163 | CLOSS: 99.8954 | TLOSS: 0.0136 | TVAL: 0.2233 | AENT: -0.9392
| [32meval[0m  | E: 200 | S: 200000 | R: 767.5815
| [33mtrain[0m | E: 201 | S: 201000 | R: 743.0470 | D: 16.1 s | BR: 5.3257 | ALOSS: -660.3373 | CLOSS: 44.8259 | TLOSS: -0.0001 | TVAL: 0.2231 | AENT: -1.0003
| [33mtrain[0m | E: 202 | S: 202000 | R: 748.2954 | D: 12.2 s | BR: 5.3446 | ALOSS: -659.9391 | CLOSS: 81.9070 | TLOSS: -0.0006 | TVAL: 0.2231 | AENT: -1.0026
| [33mtrain[0m | E: 203 | S: 203000 | R: 742.4359 | D: 11.9 s | BR: 5.3095 | ALOSS: -660.9922 | CLOSS: 100.8186 | TLOSS: 0.0111 | TVAL: 0.2230 | AENT: -0.9500
| [33mtrain[0m | E: 204 | S: 204000 | R: 743.6501 | D: 11.9 s | BR: 5.3529 | ALOSS: -661.5227 | CLOSS: 56.2022 | TLOSS: 0.0109 | TVAL: 0.2224 | AENT: -0.9510
| [32meval[0m  | E: 204 | S: 204000 | R: 777.7440
| [33mtrain[0m | E: 205 | S: 205000 | R: 779.4020 | D: 16.1 s | BR: 5.3896 | ALOSS: -661.3004 | CLOSS: 67.2287 | TLOSS: -0.0007 | TVAL: 0.2222 | AENT: -1.0032
| [33mtrain[0m | E: 206 | S: 206000 | R: 754.2763 | D: 12.2 s | BR: 5.3410 | ALOSS: -660.9973 | CLOSS: 137.7834 | TLOSS: -0.0123 | TVAL: 0.2225 | AENT: -1.0553
| [33mtrain[0m | E: 207 | S: 207000 | R: 713.7547 | D: 12.0 s | BR: 5.2976 | ALOSS: -661.9576 | CLOSS: 68.7619 | TLOSS: 0.0162 | TVAL: 0.2223 | AENT: -0.9272
| [33mtrain[0m | E: 208 | S: 208000 | R: 727.1220 | D: 12.2 s | BR: 5.3411 | ALOSS: -662.5691 | CLOSS: 71.7962 | TLOSS: 0.0010 | TVAL: 0.2219 | AENT: -0.9957
| [32meval[0m  | E: 208 | S: 208000 | R: 750.7655
| [33mtrain[0m | E: 209 | S: 209000 | R: 721.0328 | D: 16.1 s | BR: 5.3638 | ALOSS: -662.2396 | CLOSS: 84.6675 | TLOSS: 0.0142 | TVAL: 0.2218 | AENT: -0.9358
| [33mtrain[0m | E: 210 | S: 210000 | R: 763.8474 | D: 12.0 s | BR: 5.3302 | ALOSS: -662.8664 | CLOSS: 68.6208 | TLOSS: 0.0033 | TVAL: 0.2213 | AENT: -0.9853
| [33mtrain[0m | E: 211 | S: 211000 | R: 768.6031 | D: 12.1 s | BR: 5.3608 | ALOSS: -663.5075 | CLOSS: 73.7055 | TLOSS: 0.0066 | TVAL: 0.2210 | AENT: -0.9702
| [33mtrain[0m | E: 212 | S: 212000 | R: 725.4949 | D: 12.1 s | BR: 5.3772 | ALOSS: -664.1916 | CLOSS: 117.1601 | TLOSS: 0.0100 | TVAL: 0.2206 | AENT: -0.9549
| [32meval[0m  | E: 212 | S: 212000 | R: 717.2848
| [33mtrain[0m | E: 213 | S: 213000 | R: 717.3272 | D: 16.3 s | BR: 5.3482 | ALOSS: -664.3339 | CLOSS: 66.9703 | TLOSS: 0.0104 | TVAL: 0.2200 | AENT: -0.9530
| [33mtrain[0m | E: 214 | S: 214000 | R: 725.7529 | D: 12.1 s | BR: 5.3940 | ALOSS: -664.9722 | CLOSS: 74.5521 | TLOSS: 0.0098 | TVAL: 0.2198 | AENT: -0.9556
| [33mtrain[0m | E: 215 | S: 215000 | R: 738.5025 | D: 12.3 s | BR: 5.3447 | ALOSS: -664.1229 | CLOSS: 114.3899 | TLOSS: 0.0154 | TVAL: 0.2192 | AENT: -0.9299
| [33mtrain[0m | E: 216 | S: 216000 | R: 754.4174 | D: 12.3 s | BR: 5.3803 | ALOSS: -666.0994 | CLOSS: 83.2134 | TLOSS: 0.0235 | TVAL: 0.2183 | AENT: -0.8924
| [32meval[0m  | E: 216 | S: 216000 | R: 761.3728
| [33mtrain[0m | E: 217 | S: 217000 | R: 709.3291 | D: 16.3 s | BR: 5.3715 | ALOSS: -665.3308 | CLOSS: 93.5400 | TLOSS: 0.0158 | TVAL: 0.2174 | AENT: -0.9273
| [33mtrain[0m | E: 218 | S: 218000 | R: 743.9316 | D: 12.3 s | BR: 5.3145 | ALOSS: -665.5602 | CLOSS: 67.2519 | TLOSS: 0.0233 | TVAL: 0.2166 | AENT: -0.8923
| [33mtrain[0m | E: 219 | S: 219000 | R: 713.2061 | D: 12.4 s | BR: 5.3529 | ALOSS: -664.2119 | CLOSS: 82.7123 | TLOSS: 0.0081 | TVAL: 0.2158 | AENT: -0.9623
| [33mtrain[0m | E: 220 | S: 220000 | R: 719.9935 | D: 12.3 s | BR: 5.4147 | ALOSS: -666.6813 | CLOSS: 75.7850 | TLOSS: 0.0104 | TVAL: 0.2153 | AENT: -0.9516
| [32meval[0m  | E: 220 | S: 220000 | R: 713.1378
| [33mtrain[0m | E: 221 | S: 221000 | R: 765.3197 | D: 16.3 s | BR: 5.3582 | ALOSS: -666.8563 | CLOSS: 103.9010 | TLOSS: 0.0085 | TVAL: 0.2148 | AENT: -0.9604
| [33mtrain[0m | E: 222 | S: 222000 | R: 615.6184 | D: 12.2 s | BR: 5.3431 | ALOSS: -666.5336 | CLOSS: 62.0956 | TLOSS: 0.0203 | TVAL: 0.2144 | AENT: -0.9055
| [33mtrain[0m | E: 223 | S: 223000 | R: 660.6432 | D: 12.5 s | BR: 5.3614 | ALOSS: -667.4196 | CLOSS: 52.1515 | TLOSS: 0.0085 | TVAL: 0.2137 | AENT: -0.9603
| [33mtrain[0m | E: 224 | S: 224000 | R: 685.7819 | D: 12.3 s | BR: 5.3611 | ALOSS: -666.7929 | CLOSS: 53.5179 | TLOSS: 0.0107 | TVAL: 0.2132 | AENT: -0.9500
| [32meval[0m  | E: 224 | S: 224000 | R: 712.1215
| [33mtrain[0m | E: 225 | S: 225000 | R: 715.4724 | D: 16.5 s | BR: 5.3410 | ALOSS: -669.0295 | CLOSS: 52.4027 | TLOSS: 0.0018 | TVAL: 0.2130 | AENT: -0.9916
| [33mtrain[0m | E: 226 | S: 226000 | R: 708.3798 | D: 12.4 s | BR: 5.3530 | ALOSS: -668.1675 | CLOSS: 65.4143 | TLOSS: -0.0033 | TVAL: 0.2129 | AENT: -1.0157
| [33mtrain[0m | E: 227 | S: 227000 | R: 715.7616 | D: 12.5 s | BR: 5.3593 | ALOSS: -669.0740 | CLOSS: 65.9570 | TLOSS: 0.0115 | TVAL: 0.2127 | AENT: -0.9459
| [33mtrain[0m | E: 228 | S: 228000 | R: 753.0467 | D: 12.4 s | BR: 5.3748 | ALOSS: -669.4958 | CLOSS: 59.6582 | TLOSS: 0.0106 | TVAL: 0.2123 | AENT: -0.9499
| [32meval[0m  | E: 228 | S: 228000 | R: 773.7420
| [33mtrain[0m | E: 229 | S: 229000 | R: 759.4100 | D: 16.5 s | BR: 5.3488 | ALOSS: -668.8572 | CLOSS: 64.6379 | TLOSS: 0.0061 | TVAL: 0.2119 | AENT: -0.9712
| [33mtrain[0m | E: 230 | S: 230000 | R: 741.5820 | D: 12.5 s | BR: 5.3945 | ALOSS: -670.1191 | CLOSS: 94.8152 | TLOSS: 0.0061 | TVAL: 0.2117 | AENT: -0.9711
| [33mtrain[0m | E: 231 | S: 231000 | R: 746.6299 | D: 12.7 s | BR: 5.3771 | ALOSS: -670.6002 | CLOSS: 66.9655 | TLOSS: 0.0067 | TVAL: 0.2113 | AENT: -0.9681
| [33mtrain[0m | E: 232 | S: 232000 | R: 760.9492 | D: 12.5 s | BR: 5.4286 | ALOSS: -670.7490 | CLOSS: 62.7852 | TLOSS: 0.0113 | TVAL: 0.2109 | AENT: -0.9467
| [32meval[0m  | E: 232 | S: 232000 | R: 667.6073
| [33mtrain[0m | E: 233 | S: 233000 | R: 763.7987 | D: 16.7 s | BR: 5.3472 | ALOSS: -671.1313 | CLOSS: 79.8940 | TLOSS: 0.0142 | TVAL: 0.2104 | AENT: -0.9323
| [33mtrain[0m | E: 234 | S: 234000 | R: 754.9507 | D: 12.6 s | BR: 5.3661 | ALOSS: -671.2061 | CLOSS: 85.7762 | TLOSS: 0.0206 | TVAL: 0.2095 | AENT: -0.9018
| [33mtrain[0m | E: 235 | S: 235000 | R: 742.9245 | D: 12.8 s | BR: 5.3594 | ALOSS: -672.0728 | CLOSS: 63.3490 | TLOSS: 0.0137 | TVAL: 0.2088 | AENT: -0.9343
| [33mtrain[0m | E: 236 | S: 236000 | R: 769.2810 | D: 12.5 s | BR: 5.3725 | ALOSS: -672.6472 | CLOSS: 97.7753 | TLOSS: 0.0190 | TVAL: 0.2080 | AENT: -0.9086
| [32meval[0m  | E: 236 | S: 236000 | R: 755.1879
| [33mtrain[0m | E: 237 | S: 237000 | R: 745.1127 | D: 16.7 s | BR: 5.3629 | ALOSS: -672.2570 | CLOSS: 93.0413 | TLOSS: 0.0151 | TVAL: 0.2072 | AENT: -0.9273
| [33mtrain[0m | E: 238 | S: 238000 | R: 658.9244 | D: 12.7 s | BR: 5.3682 | ALOSS: -672.5021 | CLOSS: 83.6793 | TLOSS: 0.0201 | TVAL: 0.2066 | AENT: -0.9028
| [33mtrain[0m | E: 239 | S: 239000 | R: 689.7385 | D: 12.8 s | BR: 5.3800 | ALOSS: -673.2319 | CLOSS: 90.8124 | TLOSS: 0.0100 | TVAL: 0.2057 | AENT: -0.9515
Switching to test env
| [33mtrain[0m | E: 240 | S: 240000 | R: 720.4310 | D: 12.5 s | BR: 5.3886 | ALOSS: -673.5346 | CLOSS: 89.0426 | TLOSS: 0.0114 | TVAL: 0.2053 | AENT: -0.9444
| [32meval[0m  | E: 240 | S: 240000 | R: 732.8871
