cartpole_damping_10000_ar8_seed10
workspace: /scratch/yxue/CMID/runs/cartpole_damping_slide_envA_5e-10_envB_5e-1_30000_seed10/sac/10
| [32meval[0m  | E: 0 | S: 0 | R: 0.3181
| [32meval[0m  | E: 4 | S: 4000 | R: 0.3016
| [32meval[0m  | E: 8 | S: 8000 | R: 0.2948
| [33mtrain[0m | E: 9 | S: 9000 | R: 145.8729 | D: 14.0 s | BR: 0.9284 | ALOSS: -1.3894 | CLOSS: 1.2408 | TLOSS: 0.1470 | TVAL: 0.0997 | AENT: 0.4739
| [33mtrain[0m | E: 10 | S: 10000 | R: 97.2333 | D: 10.7 s | BR: 0.9151 | ALOSS: -1.9222 | CLOSS: 0.3357 | TLOSS: 0.1631 | TVAL: 0.0991 | AENT: 0.6460
| [33mtrain[0m | E: 11 | S: 11000 | R: 136.3404 | D: 10.7 s | BR: 0.9625 | ALOSS: -2.5688 | CLOSS: 0.3804 | TLOSS: 0.1537 | TVAL: 0.0985 | AENT: 0.5605
| [33mtrain[0m | E: 12 | S: 12000 | R: 171.7441 | D: 10.6 s | BR: 0.9743 | ALOSS: -3.1319 | CLOSS: 0.5347 | TLOSS: 0.1505 | TVAL: 0.0979 | AENT: 0.5373
| [32meval[0m  | E: 12 | S: 12000 | R: 22.4911
| [33mtrain[0m | E: 13 | S: 13000 | R: 63.2692 | D: 14.1 s | BR: 0.9209 | ALOSS: -3.4743 | CLOSS: 0.5596 | TLOSS: 0.1504 | TVAL: 0.0973 | AENT: 0.5462
| [33mtrain[0m | E: 14 | S: 14000 | R: 79.7758 | D: 10.6 s | BR: 0.8962 | ALOSS: -4.0221 | CLOSS: 1.0182 | TLOSS: 0.1460 | TVAL: 0.0967 | AENT: 0.5092
| [33mtrain[0m | E: 15 | S: 15000 | R: 78.7165 | D: 10.7 s | BR: 0.9224 | ALOSS: -4.6443 | CLOSS: 0.5578 | TLOSS: 0.1263 | TVAL: 0.0962 | AENT: 0.3134
| [33mtrain[0m | E: 16 | S: 16000 | R: 196.7090 | D: 10.6 s | BR: 0.9675 | ALOSS: -5.3924 | CLOSS: 1.4039 | TLOSS: 0.1043 | TVAL: 0.0957 | AENT: 0.0901
| [32meval[0m  | E: 16 | S: 16000 | R: 168.3368
| [33mtrain[0m | E: 17 | S: 17000 | R: 230.0127 | D: 14.2 s | BR: 0.9938 | ALOSS: -6.3737 | CLOSS: 1.6120 | TLOSS: 0.0818 | TVAL: 0.0953 | AENT: -0.1420
| [33mtrain[0m | E: 18 | S: 18000 | R: 156.8762 | D: 10.7 s | BR: 1.0467 | ALOSS: -7.3390 | CLOSS: 1.3211 | TLOSS: 0.0776 | TVAL: 0.0950 | AENT: -0.1834
| [33mtrain[0m | E: 19 | S: 19000 | R: 188.7089 | D: 10.7 s | BR: 1.0557 | ALOSS: -8.2356 | CLOSS: 2.2650 | TLOSS: 0.0616 | TVAL: 0.0947 | AENT: -0.3490
| [33mtrain[0m | E: 20 | S: 20000 | R: 199.0773 | D: 10.5 s | BR: 1.0803 | ALOSS: -9.5049 | CLOSS: 3.5677 | TLOSS: 0.0519 | TVAL: 0.0944 | AENT: -0.4497
| [32meval[0m  | E: 20 | S: 20000 | R: 277.9324
| [33mtrain[0m | E: 21 | S: 21000 | R: 162.2124 | D: 14.1 s | BR: 1.1083 | ALOSS: -10.5591 | CLOSS: 2.1259 | TLOSS: 0.0545 | TVAL: 0.0941 | AENT: -0.4206
| [33mtrain[0m | E: 22 | S: 22000 | R: 201.3244 | D: 10.7 s | BR: 1.1411 | ALOSS: -11.5057 | CLOSS: 3.5354 | TLOSS: 0.0428 | TVAL: 0.0939 | AENT: -0.5445
| [33mtrain[0m | E: 23 | S: 23000 | R: 236.5428 | D: 11.1 s | BR: 1.1528 | ALOSS: -12.5680 | CLOSS: 2.2175 | TLOSS: 0.0374 | TVAL: 0.0937 | AENT: -0.6002
| [33mtrain[0m | E: 24 | S: 24000 | R: 206.9935 | D: 10.9 s | BR: 1.1776 | ALOSS: -13.9604 | CLOSS: 2.7583 | TLOSS: 0.0297 | TVAL: 0.0935 | AENT: -0.6820
| [32meval[0m  | E: 24 | S: 24000 | R: 230.6071
| [33mtrain[0m | E: 25 | S: 25000 | R: 190.2159 | D: 14.8 s | BR: 1.1871 | ALOSS: -14.9597 | CLOSS: 1.8752 | TLOSS: 0.0285 | TVAL: 0.0933 | AENT: -0.6947
| [33mtrain[0m | E: 26 | S: 26000 | R: 248.5108 | D: 10.9 s | BR: 1.2325 | ALOSS: -16.3187 | CLOSS: 2.8395 | TLOSS: 0.0258 | TVAL: 0.0931 | AENT: -0.7232
| [33mtrain[0m | E: 27 | S: 27000 | R: 215.3885 | D: 11.0 s | BR: 1.2523 | ALOSS: -17.5705 | CLOSS: 3.3447 | TLOSS: 0.0264 | TVAL: 0.0930 | AENT: -0.7159
| [33mtrain[0m | E: 28 | S: 28000 | R: 439.8048 | D: 10.9 s | BR: 1.3572 | ALOSS: -19.1661 | CLOSS: 5.6582 | TLOSS: 0.0285 | TVAL: 0.0928 | AENT: -0.6931
| [32meval[0m  | E: 28 | S: 28000 | R: 383.3084
| [33mtrain[0m | E: 29 | S: 29000 | R: 355.1643 | D: 14.5 s | BR: 1.3857 | ALOSS: -20.4566 | CLOSS: 6.6281 | TLOSS: 0.0201 | TVAL: 0.0926 | AENT: -0.7833
| [33mtrain[0m | E: 30 | S: 30000 | R: 326.8586 | D: 10.6 s | BR: 1.4423 | ALOSS: -21.8892 | CLOSS: 4.2399 | TLOSS: 0.0237 | TVAL: 0.0925 | AENT: -0.7433
| [33mtrain[0m | E: 31 | S: 31000 | R: 386.2089 | D: 10.8 s | BR: 1.4930 | ALOSS: -23.0834 | CLOSS: 6.5192 | TLOSS: 0.0241 | TVAL: 0.0923 | AENT: -0.7387
| [33mtrain[0m | E: 32 | S: 32000 | R: 541.4853 | D: 10.5 s | BR: 1.5808 | ALOSS: -24.7995 | CLOSS: 10.3696 | TLOSS: 0.0161 | TVAL: 0.0921 | AENT: -0.8248
| [32meval[0m  | E: 32 | S: 32000 | R: 503.5202
| [33mtrain[0m | E: 33 | S: 33000 | R: 294.0070 | D: 14.2 s | BR: 1.5939 | ALOSS: -26.3808 | CLOSS: 13.7996 | TLOSS: 0.0155 | TVAL: 0.0920 | AENT: -0.8311
| [33mtrain[0m | E: 34 | S: 34000 | R: 493.4892 | D: 10.9 s | BR: 1.6816 | ALOSS: -28.5298 | CLOSS: 21.6875 | TLOSS: 0.0081 | TVAL: 0.0919 | AENT: -0.9115
| [33mtrain[0m | E: 35 | S: 35000 | R: 405.1608 | D: 11.0 s | BR: 1.7363 | ALOSS: -29.8840 | CLOSS: 12.8328 | TLOSS: 0.0099 | TVAL: 0.0918 | AENT: -0.8924
| [33mtrain[0m | E: 36 | S: 36000 | R: 410.6213 | D: 11.2 s | BR: 1.8283 | ALOSS: -31.7876 | CLOSS: 13.2545 | TLOSS: 0.0014 | TVAL: 0.0918 | AENT: -0.9850
| [32meval[0m  | E: 36 | S: 36000 | R: 535.7748
| [33mtrain[0m | E: 37 | S: 37000 | R: 711.2805 | D: 15.3 s | BR: 1.8956 | ALOSS: -34.7446 | CLOSS: 21.9467 | TLOSS: -0.0085 | TVAL: 0.0918 | AENT: -1.0923
| [33mtrain[0m | E: 38 | S: 38000 | R: 441.3904 | D: 11.6 s | BR: 1.9481 | ALOSS: -37.6265 | CLOSS: 17.6225 | TLOSS: -0.0143 | TVAL: 0.0919 | AENT: -1.1557
| [33mtrain[0m | E: 39 | S: 39000 | R: 709.7169 | D: 11.3 s | BR: 2.0077 | ALOSS: -39.8569 | CLOSS: 25.2866 | TLOSS: -0.0227 | TVAL: 0.0921 | AENT: -1.2464
| [33mtrain[0m | E: 40 | S: 40000 | R: 708.8728 | D: 11.2 s | BR: 2.1216 | ALOSS: -43.5714 | CLOSS: 19.1598 | TLOSS: -0.0218 | TVAL: 0.0923 | AENT: -1.2357
| [32meval[0m  | E: 40 | S: 40000 | R: 432.9410
| [33mtrain[0m | E: 41 | S: 41000 | R: 657.8796 | D: 15.4 s | BR: 2.2257 | ALOSS: -46.9189 | CLOSS: 25.4239 | TLOSS: -0.0326 | TVAL: 0.0926 | AENT: -1.3520
| [33mtrain[0m | E: 42 | S: 42000 | R: 657.2744 | D: 11.5 s | BR: 2.2815 | ALOSS: -50.0043 | CLOSS: 32.0465 | TLOSS: -0.0389 | TVAL: 0.0930 | AENT: -1.4180
| [33mtrain[0m | E: 43 | S: 43000 | R: 521.6612 | D: 11.5 s | BR: 2.3304 | ALOSS: -51.9325 | CLOSS: 23.7523 | TLOSS: -0.0400 | TVAL: 0.0934 | AENT: -1.4288
| [33mtrain[0m | E: 44 | S: 44000 | R: 722.9603 | D: 11.2 s | BR: 2.4152 | ALOSS: -55.1824 | CLOSS: 30.9514 | TLOSS: -0.0554 | TVAL: 0.0939 | AENT: -1.5898
| [32meval[0m  | E: 44 | S: 44000 | R: 506.1573
| [33mtrain[0m | E: 45 | S: 45000 | R: 446.9805 | D: 15.4 s | BR: 2.4429 | ALOSS: -58.1407 | CLOSS: 48.6992 | TLOSS: -0.0470 | TVAL: 0.0945 | AENT: -1.4978
| [33mtrain[0m | E: 46 | S: 46000 | R: 540.5197 | D: 11.4 s | BR: 2.4768 | ALOSS: -60.9147 | CLOSS: 31.3677 | TLOSS: -0.0523 | TVAL: 0.0950 | AENT: -1.5501
| [33mtrain[0m | E: 47 | S: 47000 | R: 685.0454 | D: 11.3 s | BR: 2.5277 | ALOSS: -64.4385 | CLOSS: 45.3973 | TLOSS: -0.0590 | TVAL: 0.0956 | AENT: -1.6172
| [33mtrain[0m | E: 48 | S: 48000 | R: 646.5584 | D: 11.2 s | BR: 2.5699 | ALOSS: -67.7228 | CLOSS: 37.6688 | TLOSS: -0.0653 | TVAL: 0.0963 | AENT: -1.6784
| [32meval[0m  | E: 48 | S: 48000 | R: 711.6515
| [33mtrain[0m | E: 49 | S: 49000 | R: 629.1978 | D: 15.3 s | BR: 2.6577 | ALOSS: -70.9240 | CLOSS: 48.1779 | TLOSS: -0.0730 | TVAL: 0.0971 | AENT: -1.7516
| [33mtrain[0m | E: 50 | S: 50000 | R: 631.7327 | D: 11.4 s | BR: 2.6851 | ALOSS: -74.2858 | CLOSS: 33.9765 | TLOSS: -0.0792 | TVAL: 0.0979 | AENT: -1.8092
| [33mtrain[0m | E: 51 | S: 51000 | R: 612.3020 | D: 11.3 s | BR: 2.7729 | ALOSS: -78.0745 | CLOSS: 47.0157 | TLOSS: -0.0754 | TVAL: 0.0987 | AENT: -1.7638
| [33mtrain[0m | E: 52 | S: 52000 | R: 771.2160 | D: 11.4 s | BR: 2.8325 | ALOSS: -81.5101 | CLOSS: 33.5798 | TLOSS: -0.0751 | TVAL: 0.0995 | AENT: -1.7551
| [32meval[0m  | E: 52 | S: 52000 | R: 845.7883
| [33mtrain[0m | E: 53 | S: 53000 | R: 723.3493 | D: 15.5 s | BR: 2.8474 | ALOSS: -85.2602 | CLOSS: 52.7892 | TLOSS: -0.0827 | TVAL: 0.1003 | AENT: -1.8248
| [33mtrain[0m | E: 54 | S: 54000 | R: 714.8282 | D: 11.5 s | BR: 2.9432 | ALOSS: -88.8170 | CLOSS: 54.9960 | TLOSS: -0.0831 | TVAL: 0.1011 | AENT: -1.8217
| [33mtrain[0m | E: 55 | S: 55000 | R: 643.7850 | D: 11.4 s | BR: 2.9883 | ALOSS: -92.8017 | CLOSS: 42.2182 | TLOSS: -0.0790 | TVAL: 0.1019 | AENT: -1.7749
| [33mtrain[0m | E: 56 | S: 56000 | R: 715.3225 | D: 11.4 s | BR: 3.0270 | ALOSS: -95.2797 | CLOSS: 54.6027 | TLOSS: -0.0799 | TVAL: 0.1027 | AENT: -1.7786
| [32meval[0m  | E: 56 | S: 56000 | R: 689.5485
| [33mtrain[0m | E: 57 | S: 57000 | R: 769.6214 | D: 15.3 s | BR: 3.0355 | ALOSS: -98.8641 | CLOSS: 40.0591 | TLOSS: -0.0782 | TVAL: 0.1034 | AENT: -1.7566
| [33mtrain[0m | E: 58 | S: 58000 | R: 784.2099 | D: 11.4 s | BR: 3.0864 | ALOSS: -103.6974 | CLOSS: 33.5133 | TLOSS: -0.0825 | TVAL: 0.1042 | AENT: -1.7918
| [33mtrain[0m | E: 59 | S: 59000 | R: 685.4184 | D: 11.3 s | BR: 3.1617 | ALOSS: -106.8615 | CLOSS: 53.8533 | TLOSS: -0.0755 | TVAL: 0.1049 | AENT: -1.7193
| [33mtrain[0m | E: 60 | S: 60000 | R: 657.4732 | D: 11.2 s | BR: 3.1866 | ALOSS: -111.5261 | CLOSS: 39.4106 | TLOSS: -0.0842 | TVAL: 0.1057 | AENT: -1.7968
| [32meval[0m  | E: 60 | S: 60000 | R: 775.5238
| [33mtrain[0m | E: 61 | S: 61000 | R: 674.1576 | D: 15.3 s | BR: 3.2857 | ALOSS: -115.3412 | CLOSS: 67.0309 | TLOSS: -0.0869 | TVAL: 0.1065 | AENT: -1.8160
| [33mtrain[0m | E: 62 | S: 62000 | R: 715.7957 | D: 11.8 s | BR: 3.2536 | ALOSS: -119.0555 | CLOSS: 54.3376 | TLOSS: -0.0977 | TVAL: 0.1073 | AENT: -1.9102
| [33mtrain[0m | E: 63 | S: 63000 | R: 663.1147 | D: 11.6 s | BR: 3.3292 | ALOSS: -124.0239 | CLOSS: 41.1316 | TLOSS: -0.0883 | TVAL: 0.1082 | AENT: -1.8163
| [33mtrain[0m | E: 64 | S: 64000 | R: 685.6729 | D: 11.3 s | BR: 3.3060 | ALOSS: -127.0935 | CLOSS: 65.1960 | TLOSS: -0.0960 | TVAL: 0.1090 | AENT: -1.8810
| [32meval[0m  | E: 64 | S: 64000 | R: 585.8996
| [33mtrain[0m | E: 65 | S: 65000 | R: 586.1207 | D: 15.3 s | BR: 3.3895 | ALOSS: -131.2931 | CLOSS: 42.9163 | TLOSS: -0.0862 | TVAL: 0.1098 | AENT: -1.7853
| [33mtrain[0m | E: 66 | S: 66000 | R: 644.2625 | D: 11.6 s | BR: 3.3860 | ALOSS: -134.8905 | CLOSS: 47.8718 | TLOSS: -0.0890 | TVAL: 0.1106 | AENT: -1.8048
| [33mtrain[0m | E: 67 | S: 67000 | R: 670.4678 | D: 11.4 s | BR: 3.4195 | ALOSS: -138.7006 | CLOSS: 42.7308 | TLOSS: -0.0845 | TVAL: 0.1114 | AENT: -1.7585
| [33mtrain[0m | E: 68 | S: 68000 | R: 730.3025 | D: 11.5 s | BR: 3.4437 | ALOSS: -141.9348 | CLOSS: 46.3072 | TLOSS: -0.0826 | TVAL: 0.1121 | AENT: -1.7373
| [32meval[0m  | E: 68 | S: 68000 | R: 697.7774
| [33mtrain[0m | E: 69 | S: 69000 | R: 743.8531 | D: 15.5 s | BR: 3.4863 | ALOSS: -145.1736 | CLOSS: 55.6820 | TLOSS: -0.0949 | TVAL: 0.1129 | AENT: -1.8412
| [33mtrain[0m | E: 70 | S: 70000 | R: 597.3205 | D: 11.8 s | BR: 3.5018 | ALOSS: -149.6528 | CLOSS: 33.9053 | TLOSS: -0.0849 | TVAL: 0.1137 | AENT: -1.7467
| [33mtrain[0m | E: 71 | S: 71000 | R: 709.2210 | D: 11.5 s | BR: 3.5295 | ALOSS: -154.2362 | CLOSS: 47.0780 | TLOSS: -0.0899 | TVAL: 0.1145 | AENT: -1.7855
| [33mtrain[0m | E: 72 | S: 72000 | R: 715.2799 | D: 11.5 s | BR: 3.6033 | ALOSS: -157.1731 | CLOSS: 41.7454 | TLOSS: -0.0876 | TVAL: 0.1152 | AENT: -1.7601
| [32meval[0m  | E: 72 | S: 72000 | R: 837.6822
| [33mtrain[0m | E: 73 | S: 73000 | R: 716.5544 | D: 15.6 s | BR: 3.6051 | ALOSS: -161.1361 | CLOSS: 55.4212 | TLOSS: -0.0858 | TVAL: 0.1160 | AENT: -1.7394
| [33mtrain[0m | E: 74 | S: 74000 | R: 762.9989 | D: 11.6 s | BR: 3.6224 | ALOSS: -164.6854 | CLOSS: 44.5763 | TLOSS: -0.0793 | TVAL: 0.1167 | AENT: -1.6792
| [33mtrain[0m | E: 75 | S: 75000 | R: 732.3694 | D: 11.6 s | BR: 3.6732 | ALOSS: -167.9272 | CLOSS: 38.0872 | TLOSS: -0.0810 | TVAL: 0.1174 | AENT: -1.6898
| [33mtrain[0m | E: 76 | S: 76000 | R: 736.4069 | D: 11.5 s | BR: 3.6820 | ALOSS: -171.5079 | CLOSS: 36.2896 | TLOSS: -0.0791 | TVAL: 0.1181 | AENT: -1.6698
| [32meval[0m  | E: 76 | S: 76000 | R: 823.4307
| [33mtrain[0m | E: 77 | S: 77000 | R: 799.5625 | D: 15.6 s | BR: 3.7390 | ALOSS: -175.4603 | CLOSS: 51.8166 | TLOSS: -0.0818 | TVAL: 0.1189 | AENT: -1.6879
| [33mtrain[0m | E: 78 | S: 78000 | R: 829.6848 | D: 11.4 s | BR: 3.7773 | ALOSS: -178.9051 | CLOSS: 37.8352 | TLOSS: -0.0790 | TVAL: 0.1196 | AENT: -1.6606
| [33mtrain[0m | E: 79 | S: 79000 | R: 789.3519 | D: 11.3 s | BR: 3.8139 | ALOSS: -182.8688 | CLOSS: 32.3846 | TLOSS: -0.0762 | TVAL: 0.1203 | AENT: -1.6330
| [33mtrain[0m | E: 80 | S: 80000 | R: 824.7739 | D: 11.2 s | BR: 3.8732 | ALOSS: -185.1284 | CLOSS: 41.0755 | TLOSS: -0.0699 | TVAL: 0.1210 | AENT: -1.5781
| [32meval[0m  | E: 80 | S: 80000 | R: 840.6794
| [33mtrain[0m | E: 81 | S: 81000 | R: 803.8352 | D: 15.3 s | BR: 3.8427 | ALOSS: -188.7541 | CLOSS: 39.3173 | TLOSS: -0.0725 | TVAL: 0.1216 | AENT: -1.5961
| [33mtrain[0m | E: 82 | S: 82000 | R: 812.0624 | D: 11.5 s | BR: 3.9333 | ALOSS: -192.9862 | CLOSS: 32.4787 | TLOSS: -0.0725 | TVAL: 0.1223 | AENT: -1.5930
| [33mtrain[0m | E: 83 | S: 83000 | R: 840.6145 | D: 11.4 s | BR: 3.9227 | ALOSS: -196.2090 | CLOSS: 49.9269 | TLOSS: -0.0733 | TVAL: 0.1230 | AENT: -1.5956
| [33mtrain[0m | E: 84 | S: 84000 | R: 815.1513 | D: 11.5 s | BR: 3.9620 | ALOSS: -198.7375 | CLOSS: 41.4606 | TLOSS: -0.0719 | TVAL: 0.1237 | AENT: -1.5809
| [32meval[0m  | E: 84 | S: 84000 | R: 792.7488
| [33mtrain[0m | E: 85 | S: 85000 | R: 825.7905 | D: 15.3 s | BR: 4.0523 | ALOSS: -202.8873 | CLOSS: 29.7286 | TLOSS: -0.0635 | TVAL: 0.1244 | AENT: -1.5107
| [33mtrain[0m | E: 86 | S: 86000 | R: 801.4227 | D: 11.3 s | BR: 4.0038 | ALOSS: -205.2746 | CLOSS: 26.4184 | TLOSS: -0.0691 | TVAL: 0.1250 | AENT: -1.5526
| [33mtrain[0m | E: 87 | S: 87000 | R: 810.6942 | D: 11.3 s | BR: 4.0647 | ALOSS: -209.4629 | CLOSS: 37.3873 | TLOSS: -0.0594 | TVAL: 0.1257 | AENT: -1.4729
| [33mtrain[0m | E: 88 | S: 88000 | R: 820.1927 | D: 11.6 s | BR: 4.0851 | ALOSS: -212.1940 | CLOSS: 37.0672 | TLOSS: -0.0534 | TVAL: 0.1262 | AENT: -1.4230
| [32meval[0m  | E: 88 | S: 88000 | R: 812.0090
| [33mtrain[0m | E: 89 | S: 89000 | R: 783.5032 | D: 15.5 s | BR: 4.1144 | ALOSS: -215.4641 | CLOSS: 38.3646 | TLOSS: -0.0537 | TVAL: 0.1268 | AENT: -1.4237
| [33mtrain[0m | E: 90 | S: 90000 | R: 811.5640 | D: 11.4 s | BR: 4.0880 | ALOSS: -217.5007 | CLOSS: 31.6406 | TLOSS: -0.0615 | TVAL: 0.1274 | AENT: -1.4826
| [33mtrain[0m | E: 91 | S: 91000 | R: 794.6113 | D: 11.3 s | BR: 4.1540 | ALOSS: -221.3140 | CLOSS: 26.0910 | TLOSS: -0.0536 | TVAL: 0.1280 | AENT: -1.4188
| [33mtrain[0m | E: 92 | S: 92000 | R: 782.3183 | D: 11.3 s | BR: 4.2073 | ALOSS: -224.3478 | CLOSS: 32.7881 | TLOSS: -0.0590 | TVAL: 0.1286 | AENT: -1.4591
| [32meval[0m  | E: 92 | S: 92000 | R: 817.4921
| [33mtrain[0m | E: 93 | S: 93000 | R: 818.3738 | D: 15.2 s | BR: 4.1703 | ALOSS: -228.1391 | CLOSS: 49.7083 | TLOSS: -0.0663 | TVAL: 0.1293 | AENT: -1.5128
| [33mtrain[0m | E: 94 | S: 94000 | R: 707.8923 | D: 11.6 s | BR: 4.2304 | ALOSS: -230.9876 | CLOSS: 30.3002 | TLOSS: -0.0592 | TVAL: 0.1300 | AENT: -1.4550
| [33mtrain[0m | E: 95 | S: 95000 | R: 795.3941 | D: 11.3 s | BR: 4.2728 | ALOSS: -234.0155 | CLOSS: 35.0492 | TLOSS: -0.0529 | TVAL: 0.1306 | AENT: -1.4053
| [33mtrain[0m | E: 96 | S: 96000 | R: 833.9298 | D: 11.2 s | BR: 4.2723 | ALOSS: -236.1905 | CLOSS: 25.4779 | TLOSS: -0.0560 | TVAL: 0.1313 | AENT: -1.4266
| [32meval[0m  | E: 96 | S: 96000 | R: 825.8687
| [33mtrain[0m | E: 97 | S: 97000 | R: 798.4124 | D: 15.4 s | BR: 4.2639 | ALOSS: -239.4514 | CLOSS: 37.6543 | TLOSS: -0.0638 | TVAL: 0.1319 | AENT: -1.4838
| [33mtrain[0m | E: 98 | S: 98000 | R: 784.7211 | D: 11.6 s | BR: 4.3437 | ALOSS: -243.3729 | CLOSS: 30.2299 | TLOSS: -0.0602 | TVAL: 0.1327 | AENT: -1.4534
| [33mtrain[0m | E: 99 | S: 99000 | R: 824.8412 | D: 11.1 s | BR: 4.3046 | ALOSS: -245.9556 | CLOSS: 29.4012 | TLOSS: -0.0589 | TVAL: 0.1334 | AENT: -1.4414
| [33mtrain[0m | E: 100 | S: 100000 | R: 818.3676 | D: 11.4 s | BR: 4.3358 | ALOSS: -249.7147 | CLOSS: 35.9843 | TLOSS: -0.0572 | TVAL: 0.1341 | AENT: -1.4263
| [32meval[0m  | E: 100 | S: 100000 | R: 814.3892
| [33mtrain[0m | E: 101 | S: 101000 | R: 818.8479 | D: 15.3 s | BR: 4.3651 | ALOSS: -251.9876 | CLOSS: 35.9493 | TLOSS: -0.0506 | TVAL: 0.1347 | AENT: -1.3759
| [33mtrain[0m | E: 102 | S: 102000 | R: 810.0991 | D: 11.3 s | BR: 4.3559 | ALOSS: -254.6424 | CLOSS: 33.5341 | TLOSS: -0.0437 | TVAL: 0.1354 | AENT: -1.3227
| [33mtrain[0m | E: 103 | S: 103000 | R: 769.3187 | D: 11.3 s | BR: 4.4264 | ALOSS: -258.0351 | CLOSS: 25.2097 | TLOSS: -0.0464 | TVAL: 0.1359 | AENT: -1.3418
| [33mtrain[0m | E: 104 | S: 104000 | R: 818.0842 | D: 11.6 s | BR: 4.4499 | ALOSS: -261.3287 | CLOSS: 29.5388 | TLOSS: -0.0533 | TVAL: 0.1365 | AENT: -1.3901
| [32meval[0m  | E: 104 | S: 104000 | R: 761.1899
| [33mtrain[0m | E: 105 | S: 105000 | R: 814.8956 | D: 15.3 s | BR: 4.4675 | ALOSS: -264.1956 | CLOSS: 37.5692 | TLOSS: -0.0457 | TVAL: 0.1372 | AENT: -1.3331
| [33mtrain[0m | E: 106 | S: 106000 | R: 808.3215 | D: 11.5 s | BR: 4.4597 | ALOSS: -266.7386 | CLOSS: 30.6831 | TLOSS: -0.0546 | TVAL: 0.1378 | AENT: -1.3959
| [33mtrain[0m | E: 107 | S: 107000 | R: 802.7173 | D: 11.2 s | BR: 4.5064 | ALOSS: -270.1175 | CLOSS: 25.6510 | TLOSS: -0.0479 | TVAL: 0.1385 | AENT: -1.3460
| [33mtrain[0m | E: 108 | S: 108000 | R: 818.8616 | D: 11.2 s | BR: 4.5357 | ALOSS: -273.0271 | CLOSS: 25.4814 | TLOSS: -0.0475 | TVAL: 0.1392 | AENT: -1.3412
| [32meval[0m  | E: 108 | S: 108000 | R: 816.4249
| [33mtrain[0m | E: 109 | S: 109000 | R: 794.9995 | D: 15.3 s | BR: 4.5784 | ALOSS: -275.5945 | CLOSS: 26.4567 | TLOSS: -0.0458 | TVAL: 0.1398 | AENT: -1.3272
| [33mtrain[0m | E: 110 | S: 110000 | R: 816.9953 | D: 11.9 s | BR: 4.5435 | ALOSS: -278.5303 | CLOSS: 28.3250 | TLOSS: -0.0518 | TVAL: 0.1405 | AENT: -1.3689
| [33mtrain[0m | E: 111 | S: 111000 | R: 816.8857 | D: 11.8 s | BR: 4.5445 | ALOSS: -281.2154 | CLOSS: 57.4999 | TLOSS: -0.0561 | TVAL: 0.1412 | AENT: -1.3967
| [33mtrain[0m | E: 112 | S: 112000 | R: 734.2910 | D: 11.6 s | BR: 4.5678 | ALOSS: -282.2863 | CLOSS: 23.1973 | TLOSS: -0.0444 | TVAL: 0.1420 | AENT: -1.3125
| [32meval[0m  | E: 112 | S: 112000 | R: 766.9202
| [33mtrain[0m | E: 113 | S: 113000 | R: 807.0669 | D: 15.6 s | BR: 4.6113 | ALOSS: -286.5524 | CLOSS: 22.0249 | TLOSS: -0.0436 | TVAL: 0.1427 | AENT: -1.3054
| [33mtrain[0m | E: 114 | S: 114000 | R: 810.0081 | D: 11.5 s | BR: 4.6023 | ALOSS: -288.0801 | CLOSS: 28.6473 | TLOSS: -0.0463 | TVAL: 0.1433 | AENT: -1.3231
| [33mtrain[0m | E: 115 | S: 115000 | R: 788.2705 | D: 11.2 s | BR: 4.6437 | ALOSS: -292.3828 | CLOSS: 24.0699 | TLOSS: -0.0411 | TVAL: 0.1439 | AENT: -1.2853
| [33mtrain[0m | E: 116 | S: 116000 | R: 831.3454 | D: 11.5 s | BR: 4.6397 | ALOSS: -294.6043 | CLOSS: 21.6867 | TLOSS: -0.0454 | TVAL: 0.1446 | AENT: -1.3138
| [32meval[0m  | E: 116 | S: 116000 | R: 801.2131
| [33mtrain[0m | E: 117 | S: 117000 | R: 814.5805 | D: 15.6 s | BR: 4.6229 | ALOSS: -297.0459 | CLOSS: 27.3034 | TLOSS: -0.0392 | TVAL: 0.1453 | AENT: -1.2698
| [33mtrain[0m | E: 118 | S: 118000 | R: 824.0901 | D: 11.5 s | BR: 4.6742 | ALOSS: -300.5174 | CLOSS: 24.8364 | TLOSS: -0.0467 | TVAL: 0.1459 | AENT: -1.3202
| [33mtrain[0m | E: 119 | S: 119000 | R: 824.6363 | D: 11.4 s | BR: 4.6745 | ALOSS: -302.8876 | CLOSS: 22.5065 | TLOSS: -0.0411 | TVAL: 0.1466 | AENT: -1.2803
| [33mtrain[0m | E: 120 | S: 120000 | R: 731.7803 | D: 11.5 s | BR: 4.7523 | ALOSS: -306.4464 | CLOSS: 22.1949 | TLOSS: -0.0416 | TVAL: 0.1473 | AENT: -1.2822
| [32meval[0m  | E: 120 | S: 120000 | R: 848.4238
| [33mtrain[0m | E: 121 | S: 121000 | R: 812.9738 | D: 15.4 s | BR: 4.7107 | ALOSS: -308.4363 | CLOSS: 21.9226 | TLOSS: -0.0420 | TVAL: 0.1480 | AENT: -1.2838
| [33mtrain[0m | E: 122 | S: 122000 | R: 832.3847 | D: 11.3 s | BR: 4.7358 | ALOSS: -309.3490 | CLOSS: 28.3596 | TLOSS: -0.0394 | TVAL: 0.1487 | AENT: -1.2652
| [33mtrain[0m | E: 123 | S: 123000 | R: 819.8328 | D: 11.3 s | BR: 4.7221 | ALOSS: -312.4000 | CLOSS: 23.0814 | TLOSS: -0.0369 | TVAL: 0.1493 | AENT: -1.2470
| [33mtrain[0m | E: 124 | S: 124000 | R: 841.1887 | D: 11.5 s | BR: 4.7766 | ALOSS: -315.9419 | CLOSS: 27.1868 | TLOSS: -0.0408 | TVAL: 0.1500 | AENT: -1.2721
| [32meval[0m  | E: 124 | S: 124000 | R: 753.7397
| [33mtrain[0m | E: 125 | S: 125000 | R: 816.9515 | D: 15.2 s | BR: 4.7685 | ALOSS: -318.3105 | CLOSS: 21.2245 | TLOSS: -0.0449 | TVAL: 0.1507 | AENT: -1.2982
| [33mtrain[0m | E: 126 | S: 126000 | R: 794.4705 | D: 11.5 s | BR: 4.7884 | ALOSS: -321.5799 | CLOSS: 19.5824 | TLOSS: -0.0474 | TVAL: 0.1515 | AENT: -1.3128
| [33mtrain[0m | E: 127 | S: 127000 | R: 787.9436 | D: 11.3 s | BR: 4.8215 | ALOSS: -324.7329 | CLOSS: 36.5078 | TLOSS: -0.0533 | TVAL: 0.1524 | AENT: -1.3497
| [33mtrain[0m | E: 128 | S: 128000 | R: 673.6546 | D: 11.4 s | BR: 4.8200 | ALOSS: -326.7277 | CLOSS: 24.0581 | TLOSS: -0.0248 | TVAL: 0.1532 | AENT: -1.1616
| [32meval[0m  | E: 128 | S: 128000 | R: 830.9825
| [33mtrain[0m | E: 129 | S: 129000 | R: 791.5324 | D: 15.4 s | BR: 4.8190 | ALOSS: -328.3539 | CLOSS: 23.0830 | TLOSS: -0.0264 | TVAL: 0.1536 | AENT: -1.1718
| [33mtrain[0m | E: 130 | S: 130000 | R: 786.5690 | D: 11.4 s | BR: 4.8047 | ALOSS: -330.3809 | CLOSS: 26.1511 | TLOSS: -0.0232 | TVAL: 0.1541 | AENT: -1.1508
| [33mtrain[0m | E: 131 | S: 131000 | R: 817.3159 | D: 11.3 s | BR: 4.8162 | ALOSS: -333.5490 | CLOSS: 16.0097 | TLOSS: -0.0276 | TVAL: 0.1546 | AENT: -1.1787
| [33mtrain[0m | E: 132 | S: 132000 | R: 808.5391 | D: 11.6 s | BR: 4.8118 | ALOSS: -335.6789 | CLOSS: 22.0112 | TLOSS: -0.0267 | TVAL: 0.1551 | AENT: -1.1719
| [32meval[0m  | E: 132 | S: 132000 | R: 839.8228
| [33mtrain[0m | E: 133 | S: 133000 | R: 814.5317 | D: 15.6 s | BR: 4.8187 | ALOSS: -337.6632 | CLOSS: 33.2324 | TLOSS: -0.0270 | TVAL: 0.1556 | AENT: -1.1738
| [33mtrain[0m | E: 134 | S: 134000 | R: 778.4806 | D: 11.6 s | BR: 4.8525 | ALOSS: -340.8788 | CLOSS: 20.4305 | TLOSS: -0.0143 | TVAL: 0.1560 | AENT: -1.0918
| [33mtrain[0m | E: 135 | S: 135000 | R: 826.4376 | D: 11.6 s | BR: 4.8824 | ALOSS: -342.8906 | CLOSS: 43.3091 | TLOSS: -0.0342 | TVAL: 0.1565 | AENT: -1.2187
| [33mtrain[0m | E: 136 | S: 136000 | R: 800.5764 | D: 11.9 s | BR: 4.9015 | ALOSS: -344.1022 | CLOSS: 29.3165 | TLOSS: -0.0262 | TVAL: 0.1572 | AENT: -1.1666
| [32meval[0m  | E: 136 | S: 136000 | R: 743.6035
| [33mtrain[0m | E: 137 | S: 137000 | R: 697.6707 | D: 15.7 s | BR: 4.8744 | ALOSS: -346.2345 | CLOSS: 21.7200 | TLOSS: -0.0231 | TVAL: 0.1577 | AENT: -1.1466
| [33mtrain[0m | E: 138 | S: 138000 | R: 795.7997 | D: 11.6 s | BR: 4.9412 | ALOSS: -349.2082 | CLOSS: 21.3161 | TLOSS: -0.0432 | TVAL: 0.1584 | AENT: -1.2724
| [33mtrain[0m | E: 139 | S: 139000 | R: 806.1045 | D: 11.6 s | BR: 4.9410 | ALOSS: -352.4879 | CLOSS: 23.2071 | TLOSS: -0.0465 | TVAL: 0.1595 | AENT: -1.2916
| [33mtrain[0m | E: 140 | S: 140000 | R: 797.2800 | D: 11.6 s | BR: 4.9786 | ALOSS: -354.9056 | CLOSS: 25.1109 | TLOSS: -0.0406 | TVAL: 0.1604 | AENT: -1.2535
| [32meval[0m  | E: 140 | S: 140000 | R: 819.6862
| [33mtrain[0m | E: 141 | S: 141000 | R: 789.2052 | D: 15.7 s | BR: 4.9735 | ALOSS: -356.9751 | CLOSS: 15.3158 | TLOSS: -0.0341 | TVAL: 0.1611 | AENT: -1.2117
| [33mtrain[0m | E: 142 | S: 142000 | R: 822.2812 | D: 11.7 s | BR: 4.9619 | ALOSS: -359.5454 | CLOSS: 17.5229 | TLOSS: -0.0327 | TVAL: 0.1619 | AENT: -1.2021
| [33mtrain[0m | E: 143 | S: 143000 | R: 828.4615 | D: 11.3 s | BR: 5.0000 | ALOSS: -362.1482 | CLOSS: 25.3727 | TLOSS: -0.0357 | TVAL: 0.1627 | AENT: -1.2196
| [33mtrain[0m | E: 144 | S: 144000 | R: 826.9191 | D: 11.5 s | BR: 4.9435 | ALOSS: -363.7387 | CLOSS: 20.5547 | TLOSS: -0.0426 | TVAL: 0.1636 | AENT: -1.2602
| [32meval[0m  | E: 144 | S: 144000 | R: 854.9423
| [33mtrain[0m | E: 145 | S: 145000 | R: 823.6507 | D: 15.5 s | BR: 4.9854 | ALOSS: -366.3683 | CLOSS: 21.2402 | TLOSS: -0.0318 | TVAL: 0.1644 | AENT: -1.1936
| [33mtrain[0m | E: 146 | S: 146000 | R: 825.6843 | D: 11.6 s | BR: 5.0061 | ALOSS: -369.0521 | CLOSS: 34.0512 | TLOSS: -0.0356 | TVAL: 0.1652 | AENT: -1.2158
| [33mtrain[0m | E: 147 | S: 147000 | R: 820.0806 | D: 11.3 s | BR: 4.9754 | ALOSS: -370.3963 | CLOSS: 24.8649 | TLOSS: -0.0289 | TVAL: 0.1659 | AENT: -1.1742
| [33mtrain[0m | E: 148 | S: 148000 | R: 816.5646 | D: 11.6 s | BR: 5.0022 | ALOSS: -373.8478 | CLOSS: 27.9290 | TLOSS: -0.0260 | TVAL: 0.1666 | AENT: -1.1561
| [32meval[0m  | E: 148 | S: 148000 | R: 852.5684
| [33mtrain[0m | E: 149 | S: 149000 | R: 838.9304 | D: 15.6 s | BR: 5.0188 | ALOSS: -376.8603 | CLOSS: 39.4176 | TLOSS: -0.0192 | TVAL: 0.1671 | AENT: -1.1147
| [33mtrain[0m | E: 150 | S: 150000 | R: 737.3517 | D: 11.4 s | BR: 5.0452 | ALOSS: -378.5384 | CLOSS: 24.2003 | TLOSS: -0.0146 | TVAL: 0.1675 | AENT: -1.0872
| [33mtrain[0m | E: 151 | S: 151000 | R: 788.0244 | D: 11.4 s | BR: 5.0538 | ALOSS: -380.9682 | CLOSS: 29.3302 | TLOSS: -0.0160 | TVAL: 0.1679 | AENT: -1.0956
| [33mtrain[0m | E: 152 | S: 152000 | R: 785.8745 | D: 11.8 s | BR: 5.0324 | ALOSS: -381.9328 | CLOSS: 14.3980 | TLOSS: -0.0109 | TVAL: 0.1683 | AENT: -1.0645
| [32meval[0m  | E: 152 | S: 152000 | R: 843.6063
| [33mtrain[0m | E: 153 | S: 153000 | R: 817.8614 | D: 15.4 s | BR: 5.0455 | ALOSS: -383.5037 | CLOSS: 16.1733 | TLOSS: -0.0085 | TVAL: 0.1685 | AENT: -1.0502
| [33mtrain[0m | E: 154 | S: 154000 | R: 834.0087 | D: 11.6 s | BR: 5.1006 | ALOSS: -386.9135 | CLOSS: 24.4508 | TLOSS: -0.0083 | TVAL: 0.1687 | AENT: -1.0492
| [33mtrain[0m | E: 155 | S: 155000 | R: 826.9043 | D: 11.3 s | BR: 5.0953 | ALOSS: -389.0642 | CLOSS: 19.4281 | TLOSS: -0.0023 | TVAL: 0.1688 | AENT: -1.0134
| [33mtrain[0m | E: 156 | S: 156000 | R: 835.6663 | D: 11.6 s | BR: 5.1258 | ALOSS: -391.7103 | CLOSS: 23.3576 | TLOSS: -0.0058 | TVAL: 0.1690 | AENT: -1.0343
| [32meval[0m  | E: 156 | S: 156000 | R: 834.0199
| [33mtrain[0m | E: 157 | S: 157000 | R: 833.2697 | D: 15.6 s | BR: 5.0906 | ALOSS: -393.3449 | CLOSS: 18.3352 | TLOSS: -0.0084 | TVAL: 0.1692 | AENT: -1.0495
| [33mtrain[0m | E: 158 | S: 158000 | R: 829.3231 | D: 11.7 s | BR: 5.1573 | ALOSS: -396.0446 | CLOSS: 20.1100 | TLOSS: -0.0177 | TVAL: 0.1695 | AENT: -1.1043
| [33mtrain[0m | E: 159 | S: 159000 | R: 831.6046 | D: 11.1 s | BR: 5.1453 | ALOSS: -397.0880 | CLOSS: 37.5141 | TLOSS: -0.0243 | TVAL: 0.1702 | AENT: -1.1430
| [33mtrain[0m | E: 160 | S: 160000 | R: 594.2811 | D: 11.4 s | BR: 5.1460 | ALOSS: -400.2829 | CLOSS: 30.6359 | TLOSS: -0.0112 | TVAL: 0.1706 | AENT: -1.0654
| [32meval[0m  | E: 160 | S: 160000 | R: 819.1042
| [33mtrain[0m | E: 161 | S: 161000 | R: 774.8922 | D: 15.2 s | BR: 5.1699 | ALOSS: -401.9272 | CLOSS: 16.7890 | TLOSS: -0.0160 | TVAL: 0.1711 | AENT: -1.0934
| [33mtrain[0m | E: 162 | S: 162000 | R: 827.9230 | D: 11.6 s | BR: 5.1648 | ALOSS: -403.8882 | CLOSS: 19.6557 | TLOSS: -0.0161 | TVAL: 0.1715 | AENT: -1.0936
| [33mtrain[0m | E: 163 | S: 163000 | R: 833.7726 | D: 11.1 s | BR: 5.2079 | ALOSS: -406.6475 | CLOSS: 20.9486 | TLOSS: -0.0045 | TVAL: 0.1719 | AENT: -1.0261
| [33mtrain[0m | E: 164 | S: 164000 | R: 830.1825 | D: 11.3 s | BR: 5.1670 | ALOSS: -407.9244 | CLOSS: 18.4625 | TLOSS: -0.0118 | TVAL: 0.1721 | AENT: -1.0684
| [32meval[0m  | E: 164 | S: 164000 | R: 817.8147
| [33mtrain[0m | E: 165 | S: 165000 | R: 834.8917 | D: 15.3 s | BR: 5.1488 | ALOSS: -409.9280 | CLOSS: 18.2331 | TLOSS: -0.0188 | TVAL: 0.1726 | AENT: -1.1088
| [33mtrain[0m | E: 166 | S: 166000 | R: 820.2795 | D: 11.3 s | BR: 5.2049 | ALOSS: -412.5187 | CLOSS: 20.4787 | TLOSS: -0.0178 | TVAL: 0.1732 | AENT: -1.1030
| [33mtrain[0m | E: 167 | S: 167000 | R: 848.9952 | D: 11.2 s | BR: 5.2063 | ALOSS: -414.3222 | CLOSS: 32.0480 | TLOSS: -0.0164 | TVAL: 0.1738 | AENT: -1.0942
| [33mtrain[0m | E: 168 | S: 168000 | R: 829.6353 | D: 11.7 s | BR: 5.2493 | ALOSS: -417.2151 | CLOSS: 25.0174 | TLOSS: -0.0093 | TVAL: 0.1744 | AENT: -1.0532
| [32meval[0m  | E: 168 | S: 168000 | R: 783.8198
| [33mtrain[0m | E: 169 | S: 169000 | R: 806.5544 | D: 15.7 s | BR: 5.1843 | ALOSS: -417.1719 | CLOSS: 20.9184 | TLOSS: -0.0135 | TVAL: 0.1746 | AENT: -1.0773
| [33mtrain[0m | E: 170 | S: 170000 | R: 826.1991 | D: 11.5 s | BR: 5.2142 | ALOSS: -419.3092 | CLOSS: 16.3898 | TLOSS: -0.0134 | TVAL: 0.1751 | AENT: -1.0768
| [33mtrain[0m | E: 171 | S: 171000 | R: 843.2441 | D: 11.2 s | BR: 5.2242 | ALOSS: -421.6092 | CLOSS: 19.9520 | TLOSS: -0.0145 | TVAL: 0.1756 | AENT: -1.0826
| [33mtrain[0m | E: 172 | S: 172000 | R: 842.5872 | D: 11.3 s | BR: 5.2388 | ALOSS: -422.4853 | CLOSS: 23.0903 | TLOSS: -0.0182 | TVAL: 0.1761 | AENT: -1.1033
| [32meval[0m  | E: 172 | S: 172000 | R: 829.7770
| [33mtrain[0m | E: 173 | S: 173000 | R: 754.4835 | D: 15.5 s | BR: 5.2562 | ALOSS: -425.7361 | CLOSS: 20.8972 | TLOSS: -0.0067 | TVAL: 0.1766 | AENT: -1.0381
| [33mtrain[0m | E: 174 | S: 174000 | R: 838.0811 | D: 11.4 s | BR: 5.2298 | ALOSS: -427.6999 | CLOSS: 30.2883 | TLOSS: -0.0110 | TVAL: 0.1769 | AENT: -1.0619
| [33mtrain[0m | E: 175 | S: 175000 | R: 826.4818 | D: 11.4 s | BR: 5.2597 | ALOSS: -431.0340 | CLOSS: 20.8422 | TLOSS: -0.0051 | TVAL: 0.1772 | AENT: -1.0287
| [33mtrain[0m | E: 176 | S: 176000 | R: 837.3674 | D: 11.7 s | BR: 5.2552 | ALOSS: -431.7051 | CLOSS: 25.9725 | TLOSS: -0.0052 | TVAL: 0.1774 | AENT: -1.0292
| [32meval[0m  | E: 176 | S: 176000 | R: 865.6771
| [33mtrain[0m | E: 177 | S: 177000 | R: 813.9810 | D: 15.3 s | BR: 5.3073 | ALOSS: -434.9778 | CLOSS: 24.2972 | TLOSS: 0.0055 | TVAL: 0.1775 | AENT: -0.9688
| [33mtrain[0m | E: 178 | S: 178000 | R: 810.2190 | D: 11.6 s | BR: 5.2515 | ALOSS: -436.2874 | CLOSS: 16.9423 | TLOSS: -0.0002 | TVAL: 0.1775 | AENT: -1.0011
| [33mtrain[0m | E: 179 | S: 179000 | R: 834.9619 | D: 11.2 s | BR: 5.3040 | ALOSS: -438.1016 | CLOSS: 34.1598 | TLOSS: -0.0018 | TVAL: 0.1773 | AENT: -1.0099
| [33mtrain[0m | E: 180 | S: 180000 | R: 820.9048 | D: 11.6 s | BR: 5.2307 | ALOSS: -438.8969 | CLOSS: 36.7410 | TLOSS: -0.0138 | TVAL: 0.1775 | AENT: -1.0777
| [32meval[0m  | E: 180 | S: 180000 | R: 812.0583
| [33mtrain[0m | E: 181 | S: 181000 | R: 779.6548 | D: 15.4 s | BR: 5.3018 | ALOSS: -442.2808 | CLOSS: 21.4687 | TLOSS: 0.0062 | TVAL: 0.1778 | AENT: -0.9653
| [33mtrain[0m | E: 182 | S: 182000 | R: 835.3287 | D: 11.7 s | BR: 5.3000 | ALOSS: -443.3280 | CLOSS: 31.1742 | TLOSS: -0.0053 | TVAL: 0.1777 | AENT: -1.0297
| [33mtrain[0m | E: 183 | S: 183000 | R: 836.5168 | D: 11.4 s | BR: 5.3365 | ALOSS: -446.0521 | CLOSS: 36.4093 | TLOSS: 0.0012 | TVAL: 0.1778 | AENT: -0.9935
| [33mtrain[0m | E: 184 | S: 184000 | R: 793.2525 | D: 11.9 s | BR: 5.3525 | ALOSS: -447.0395 | CLOSS: 16.6633 | TLOSS: 0.0030 | TVAL: 0.1777 | AENT: -0.9833
| [32meval[0m  | E: 184 | S: 184000 | R: 849.8854
| [33mtrain[0m | E: 185 | S: 185000 | R: 830.3461 | D: 15.6 s | BR: 5.3604 | ALOSS: -449.6828 | CLOSS: 21.6075 | TLOSS: -0.0009 | TVAL: 0.1776 | AENT: -1.0048
| [33mtrain[0m | E: 186 | S: 186000 | R: 824.4871 | D: 11.4 s | BR: 5.3200 | ALOSS: -450.4887 | CLOSS: 17.9537 | TLOSS: 0.0053 | TVAL: 0.1777 | AENT: -0.9700
| [33mtrain[0m | E: 187 | S: 187000 | R: 844.5757 | D: 11.2 s | BR: 5.3645 | ALOSS: -453.9278 | CLOSS: 21.0319 | TLOSS: 0.0085 | TVAL: 0.1774 | AENT: -0.9522
| [33mtrain[0m | E: 188 | S: 188000 | R: 833.1069 | D: 11.8 s | BR: 5.3996 | ALOSS: -455.0557 | CLOSS: 57.5833 | TLOSS: -0.0011 | TVAL: 0.1771 | AENT: -1.0061
| [32meval[0m  | E: 188 | S: 188000 | R: 665.8551
| [33mtrain[0m | E: 189 | S: 189000 | R: 782.7895 | D: 15.6 s | BR: 5.3574 | ALOSS: -455.8626 | CLOSS: 21.9457 | TLOSS: -0.0050 | TVAL: 0.1774 | AENT: -1.0283
| [33mtrain[0m | E: 190 | S: 190000 | R: 826.6596 | D: 11.5 s | BR: 5.3096 | ALOSS: -456.0852 | CLOSS: 21.9842 | TLOSS: 0.0043 | TVAL: 0.1772 | AENT: -0.9759
| [33mtrain[0m | E: 191 | S: 191000 | R: 825.7425 | D: 11.3 s | BR: 5.3548 | ALOSS: -458.9728 | CLOSS: 24.6706 | TLOSS: 0.0056 | TVAL: 0.1772 | AENT: -0.9683
| [33mtrain[0m | E: 192 | S: 192000 | R: 846.2136 | D: 11.5 s | BR: 5.3551 | ALOSS: -460.7028 | CLOSS: 20.3946 | TLOSS: 0.0117 | TVAL: 0.1767 | AENT: -0.9341
| [32meval[0m  | E: 192 | S: 192000 | R: 857.6085
| [33mtrain[0m | E: 193 | S: 193000 | R: 835.3623 | D: 15.7 s | BR: 5.3807 | ALOSS: -463.9797 | CLOSS: 26.2774 | TLOSS: 0.0111 | TVAL: 0.1763 | AENT: -0.9370
| [33mtrain[0m | E: 194 | S: 194000 | R: 817.0765 | D: 11.6 s | BR: 5.3685 | ALOSS: -464.3769 | CLOSS: 24.5111 | TLOSS: 0.0044 | TVAL: 0.1759 | AENT: -0.9747
| [33mtrain[0m | E: 195 | S: 195000 | R: 830.5781 | D: 11.5 s | BR: 5.4036 | ALOSS: -466.1525 | CLOSS: 16.8074 | TLOSS: 0.0037 | TVAL: 0.1758 | AENT: -0.9788
| [33mtrain[0m | E: 196 | S: 196000 | R: 817.7831 | D: 11.6 s | BR: 5.3721 | ALOSS: -467.5769 | CLOSS: 15.7038 | TLOSS: 0.0131 | TVAL: 0.1754 | AENT: -0.9253
| [32meval[0m  | E: 196 | S: 196000 | R: 846.5176
| [33mtrain[0m | E: 197 | S: 197000 | R: 826.1582 | D: 15.5 s | BR: 5.4350 | ALOSS: -469.6119 | CLOSS: 14.3101 | TLOSS: 0.0134 | TVAL: 0.1748 | AENT: -0.9233
| [33mtrain[0m | E: 198 | S: 198000 | R: 830.9640 | D: 11.6 s | BR: 5.3932 | ALOSS: -470.7296 | CLOSS: 24.3456 | TLOSS: 0.0003 | TVAL: 0.1746 | AENT: -0.9983
| [33mtrain[0m | E: 199 | S: 199000 | R: 837.9623 | D: 11.3 s | BR: 5.4332 | ALOSS: -474.2311 | CLOSS: 26.1321 | TLOSS: 0.0266 | TVAL: 0.1741 | AENT: -0.8472
| [33mtrain[0m | E: 200 | S: 200000 | R: 839.4382 | D: 11.8 s | BR: 5.4078 | ALOSS: -474.1321 | CLOSS: 17.0565 | TLOSS: 0.0125 | TVAL: 0.1731 | AENT: -0.9281
| [32meval[0m  | E: 200 | S: 200000 | R: 837.9572
| [33mtrain[0m | E: 201 | S: 201000 | R: 830.9752 | D: 15.7 s | BR: 5.4396 | ALOSS: -475.5863 | CLOSS: 25.5904 | TLOSS: 0.0105 | TVAL: 0.1726 | AENT: -0.9392
| [33mtrain[0m | E: 202 | S: 202000 | R: 811.9346 | D: 11.6 s | BR: 5.4303 | ALOSS: -478.4760 | CLOSS: 21.3575 | TLOSS: 0.0107 | TVAL: 0.1722 | AENT: -0.9380
| [33mtrain[0m | E: 203 | S: 203000 | R: 851.1299 | D: 11.3 s | BR: 5.3908 | ALOSS: -477.6690 | CLOSS: 30.8693 | TLOSS: 0.0185 | TVAL: 0.1716 | AENT: -0.8924
| [33mtrain[0m | E: 204 | S: 204000 | R: 837.6048 | D: 11.6 s | BR: 5.4196 | ALOSS: -480.4530 | CLOSS: 12.5864 | TLOSS: 0.0187 | TVAL: 0.1708 | AENT: -0.8908
| [32meval[0m  | E: 204 | S: 204000 | R: 851.2423
| [33mtrain[0m | E: 205 | S: 205000 | R: 843.2568 | D: 15.6 s | BR: 5.4180 | ALOSS: -481.5595 | CLOSS: 22.8525 | TLOSS: 0.0161 | TVAL: 0.1701 | AENT: -0.9051
| [33mtrain[0m | E: 206 | S: 206000 | R: 805.9004 | D: 11.4 s | BR: 5.4068 | ALOSS: -483.3647 | CLOSS: 57.5612 | TLOSS: 0.0022 | TVAL: 0.1698 | AENT: -0.9868
| [33mtrain[0m | E: 207 | S: 207000 | R: 758.8467 | D: 11.2 s | BR: 5.4814 | ALOSS: -486.7729 | CLOSS: 19.7939 | TLOSS: 0.0112 | TVAL: 0.1696 | AENT: -0.9337
| [33mtrain[0m | E: 208 | S: 208000 | R: 791.6973 | D: 11.4 s | BR: 5.4682 | ALOSS: -487.0551 | CLOSS: 14.3906 | TLOSS: 0.0109 | TVAL: 0.1690 | AENT: -0.9356
| [32meval[0m  | E: 208 | S: 208000 | R: 811.4329
| [33mtrain[0m | E: 209 | S: 209000 | R: 828.0537 | D: 15.4 s | BR: 5.5032 | ALOSS: -489.7017 | CLOSS: 36.5233 | TLOSS: 0.0117 | TVAL: 0.1685 | AENT: -0.9303
| [33mtrain[0m | E: 210 | S: 210000 | R: 828.6119 | D: 11.3 s | BR: 5.4552 | ALOSS: -490.4186 | CLOSS: 22.2175 | TLOSS: 0.0063 | TVAL: 0.1681 | AENT: -0.9624
| [33mtrain[0m | E: 211 | S: 211000 | R: 835.0910 | D: 11.2 s | BR: 5.5017 | ALOSS: -492.5162 | CLOSS: 18.3628 | TLOSS: 0.0117 | TVAL: 0.1678 | AENT: -0.9301
| [33mtrain[0m | E: 212 | S: 212000 | R: 833.1804 | D: 11.4 s | BR: 5.4828 | ALOSS: -493.9320 | CLOSS: 15.9057 | TLOSS: 0.0140 | TVAL: 0.1673 | AENT: -0.9164
| [32meval[0m  | E: 212 | S: 212000 | R: 853.9776
| [33mtrain[0m | E: 213 | S: 213000 | R: 827.3881 | D: 15.4 s | BR: 5.5461 | ALOSS: -496.1081 | CLOSS: 17.8681 | TLOSS: 0.0168 | TVAL: 0.1667 | AENT: -0.8993
| [33mtrain[0m | E: 214 | S: 214000 | R: 838.0506 | D: 11.3 s | BR: 5.5239 | ALOSS: -497.8279 | CLOSS: 19.1957 | TLOSS: 0.0100 | TVAL: 0.1661 | AENT: -0.9398
| [33mtrain[0m | E: 215 | S: 215000 | R: 827.0872 | D: 11.2 s | BR: 5.5641 | ALOSS: -500.0358 | CLOSS: 19.4615 | TLOSS: 0.0128 | TVAL: 0.1656 | AENT: -0.9228
| [33mtrain[0m | E: 216 | S: 216000 | R: 835.9587 | D: 11.3 s | BR: 5.5035 | ALOSS: -501.0415 | CLOSS: 37.8207 | TLOSS: 0.0065 | TVAL: 0.1652 | AENT: -0.9607
| [32meval[0m  | E: 216 | S: 216000 | R: 767.7734
| [33mtrain[0m | E: 217 | S: 217000 | R: 798.6503 | D: 15.5 s | BR: 5.4823 | ALOSS: -500.2355 | CLOSS: 26.3267 | TLOSS: 0.0112 | TVAL: 0.1648 | AENT: -0.9318
| [33mtrain[0m | E: 218 | S: 218000 | R: 824.1457 | D: 11.2 s | BR: 5.5147 | ALOSS: -502.3449 | CLOSS: 15.4642 | TLOSS: 0.0057 | TVAL: 0.1644 | AENT: -0.9651
| [33mtrain[0m | E: 219 | S: 219000 | R: 820.7919 | D: 11.2 s | BR: 5.5165 | ALOSS: -504.3172 | CLOSS: 19.3337 | TLOSS: 0.0070 | TVAL: 0.1642 | AENT: -0.9575
| [33mtrain[0m | E: 220 | S: 220000 | R: 814.7921 | D: 11.4 s | BR: 5.4924 | ALOSS: -505.6124 | CLOSS: 24.1171 | TLOSS: 0.0055 | TVAL: 0.1639 | AENT: -0.9662
| [32meval[0m  | E: 220 | S: 220000 | R: 834.1623
| [33mtrain[0m | E: 221 | S: 221000 | R: 808.7058 | D: 15.3 s | BR: 5.4930 | ALOSS: -507.7451 | CLOSS: 15.0177 | TLOSS: 0.0114 | TVAL: 0.1636 | AENT: -0.9305
| [33mtrain[0m | E: 222 | S: 222000 | R: 836.8719 | D: 11.3 s | BR: 5.4954 | ALOSS: -508.9997 | CLOSS: 22.0429 | TLOSS: 0.0139 | TVAL: 0.1631 | AENT: -0.9147
| [33mtrain[0m | E: 223 | S: 223000 | R: 833.8234 | D: 11.2 s | BR: 5.5258 | ALOSS: -510.0884 | CLOSS: 24.5629 | TLOSS: 0.0120 | TVAL: 0.1624 | AENT: -0.9259
| [33mtrain[0m | E: 224 | S: 224000 | R: 796.1946 | D: 11.4 s | BR: 5.5278 | ALOSS: -511.6205 | CLOSS: 26.9316 | TLOSS: 0.0087 | TVAL: 0.1619 | AENT: -0.9465
| [32meval[0m  | E: 224 | S: 224000 | R: 855.6813
| [33mtrain[0m | E: 225 | S: 225000 | R: 813.0120 | D: 15.6 s | BR: 5.5261 | ALOSS: -513.2627 | CLOSS: 14.7630 | TLOSS: 0.0135 | TVAL: 0.1614 | AENT: -0.9162
| [33mtrain[0m | E: 226 | S: 226000 | R: 818.5191 | D: 11.4 s | BR: 5.5958 | ALOSS: -516.0581 | CLOSS: 34.1127 | TLOSS: 0.0182 | TVAL: 0.1608 | AENT: -0.8871
| [33mtrain[0m | E: 227 | S: 227000 | R: 823.2998 | D: 11.2 s | BR: 5.5531 | ALOSS: -516.6380 | CLOSS: 19.0389 | TLOSS: 0.0024 | TVAL: 0.1604 | AENT: -0.9847
| [33mtrain[0m | E: 228 | S: 228000 | R: 846.7914 | D: 11.6 s | BR: 5.5911 | ALOSS: -518.9601 | CLOSS: 30.8038 | TLOSS: 0.0065 | TVAL: 0.1602 | AENT: -0.9596
| [32meval[0m  | E: 228 | S: 228000 | R: 799.2614
| [33mtrain[0m | E: 229 | S: 229000 | R: 827.1195 | D: 15.4 s | BR: 5.6104 | ALOSS: -519.9376 | CLOSS: 25.1770 | TLOSS: 0.0084 | TVAL: 0.1599 | AENT: -0.9474
| [33mtrain[0m | E: 230 | S: 230000 | R: 812.6184 | D: 11.3 s | BR: 5.6101 | ALOSS: -520.7744 | CLOSS: 19.9884 | TLOSS: 0.0038 | TVAL: 0.1596 | AENT: -0.9759
| [33mtrain[0m | E: 231 | S: 231000 | R: 816.6910 | D: 11.2 s | BR: 5.5732 | ALOSS: -520.8380 | CLOSS: 29.1939 | TLOSS: 0.0104 | TVAL: 0.1593 | AENT: -0.9345
| [33mtrain[0m | E: 232 | S: 232000 | R: 829.3038 | D: 11.7 s | BR: 5.6153 | ALOSS: -522.9313 | CLOSS: 18.9484 | TLOSS: 0.0046 | TVAL: 0.1590 | AENT: -0.9709
| [32meval[0m  | E: 232 | S: 232000 | R: 847.4408
| [33mtrain[0m | E: 233 | S: 233000 | R: 809.1099 | D: 15.6 s | BR: 5.5566 | ALOSS: -523.2088 | CLOSS: 25.0148 | TLOSS: 0.0055 | TVAL: 0.1587 | AENT: -0.9655
| [33mtrain[0m | E: 234 | S: 234000 | R: 815.9411 | D: 11.4 s | BR: 5.5693 | ALOSS: -525.1353 | CLOSS: 26.2071 | TLOSS: 0.0154 | TVAL: 0.1584 | AENT: -0.9025
| [33mtrain[0m | E: 235 | S: 235000 | R: 825.6542 | D: 11.3 s | BR: 5.5979 | ALOSS: -526.4741 | CLOSS: 11.6238 | TLOSS: 0.0139 | TVAL: 0.1577 | AENT: -0.9117
| [33mtrain[0m | E: 236 | S: 236000 | R: 831.0359 | D: 11.6 s | BR: 5.6000 | ALOSS: -528.2078 | CLOSS: 11.6741 | TLOSS: 0.0039 | TVAL: 0.1573 | AENT: -0.9750
| [32meval[0m  | E: 236 | S: 236000 | R: 860.0572
| [33mtrain[0m | E: 237 | S: 237000 | R: 848.4475 | D: 15.8 s | BR: 5.5876 | ALOSS: -528.7746 | CLOSS: 20.1424 | TLOSS: -0.0002 | TVAL: 0.1572 | AENT: -1.0015
| [33mtrain[0m | E: 238 | S: 238000 | R: 840.6470 | D: 11.3 s | BR: 5.6148 | ALOSS: -530.9704 | CLOSS: 23.8751 | TLOSS: 0.0076 | TVAL: 0.1572 | AENT: -0.9513
| [33mtrain[0m | E: 239 | S: 239000 | R: 835.7937 | D: 11.1 s | BR: 5.6094 | ALOSS: -532.4912 | CLOSS: 21.4667 | TLOSS: 0.0017 | TVAL: 0.1569 | AENT: -0.9892
Switching to test env
| [33mtrain[0m | E: 240 | S: 240000 | R: 847.6793 | D: 11.7 s | BR: 5.5936 | ALOSS: -533.4478 | CLOSS: 22.8417 | TLOSS: -0.0014 | TVAL: 0.1569 | AENT: -1.0087
| [32meval[0m  | E: 240 | S: 240000 | R: 857.8712
Change envA => envB
| [33mtrain[0m | E: 241 | S: 0 | R: 832.6914 | D: 00.0 s | BR: 5.6023 | ALOSS: -530.4089 | CLOSS: 14.7956 | TLOSS: -0.0360 | TVAL: 0.1569 | AENT: -1.2297
| [32meval[0m  | E: 0 | S: 0 | R: 845.1199
| [32meval[0m  | E: 4 | S: 4000 | R: 863.3856
| [32meval[0m  | E: 8 | S: 8000 | R: 848.5083
| [33mtrain[0m | E: 9 | S: 9000 | R: 833.0715 | D: 15.6 s | BR: 5.6259 | ALOSS: -545.6121 | CLOSS: 22.1414 | TLOSS: 0.0187 | TVAL: 0.1540 | AENT: -0.8784
| [33mtrain[0m | E: 10 | S: 10000 | R: 838.0769 | D: 11.7 s | BR: 5.6356 | ALOSS: -547.2123 | CLOSS: 29.5823 | TLOSS: 0.0169 | TVAL: 0.1532 | AENT: -0.8898
| [33mtrain[0m | E: 11 | S: 11000 | R: 824.3782 | D: 11.3 s | BR: 5.6307 | ALOSS: -548.5875 | CLOSS: 21.1896 | TLOSS: 0.0112 | TVAL: 0.1526 | AENT: -0.9266
| [33mtrain[0m | E: 12 | S: 12000 | R: 821.7214 | D: 11.7 s | BR: 5.6415 | ALOSS: -549.2373 | CLOSS: 24.0255 | TLOSS: 0.0056 | TVAL: 0.1523 | AENT: -0.9634
| [32meval[0m  | E: 12 | S: 12000 | R: 825.7197
| [33mtrain[0m | E: 13 | S: 13000 | R: 847.6015 | D: 15.4 s | BR: 5.6790 | ALOSS: -551.7801 | CLOSS: 23.2217 | TLOSS: 0.0134 | TVAL: 0.1519 | AENT: -0.9116
| [33mtrain[0m | E: 14 | S: 14000 | R: 834.1773 | D: 11.5 s | BR: 5.6963 | ALOSS: -552.7943 | CLOSS: 16.1817 | TLOSS: 0.0065 | TVAL: 0.1513 | AENT: -0.9573
| [33mtrain[0m | E: 15 | S: 15000 | R: 832.8541 | D: 11.2 s | BR: 5.6818 | ALOSS: -553.9613 | CLOSS: 43.2925 | TLOSS: 0.0087 | TVAL: 0.1512 | AENT: -0.9424
| [33mtrain[0m | E: 16 | S: 16000 | R: 834.1234 | D: 11.7 s | BR: 5.6785 | ALOSS: -556.1616 | CLOSS: 16.1909 | TLOSS: 0.0034 | TVAL: 0.1507 | AENT: -0.9776
| [32meval[0m  | E: 16 | S: 16000 | R: 864.8579
| [33mtrain[0m | E: 17 | S: 17000 | R: 760.7624 | D: 15.4 s | BR: 5.7012 | ALOSS: -557.0227 | CLOSS: 17.0316 | TLOSS: 0.0112 | TVAL: 0.1504 | AENT: -0.9259
| [33mtrain[0m | E: 18 | S: 18000 | R: 765.8469 | D: 11.7 s | BR: 5.6871 | ALOSS: -557.9089 | CLOSS: 28.9167 | TLOSS: 0.0158 | TVAL: 0.1499 | AENT: -0.8944
| [33mtrain[0m | E: 19 | S: 19000 | R: 803.4162 | D: 11.2 s | BR: 5.6786 | ALOSS: -559.3259 | CLOSS: 31.1642 | TLOSS: 0.0210 | TVAL: 0.1491 | AENT: -0.8593
| [33mtrain[0m | E: 20 | S: 20000 | R: 822.4997 | D: 11.6 s | BR: 5.6604 | ALOSS: -559.2192 | CLOSS: 13.1498 | TLOSS: 0.0200 | TVAL: 0.1482 | AENT: -0.8648
| [32meval[0m  | E: 20 | S: 20000 | R: 863.5266
| [33mtrain[0m | E: 21 | S: 21000 | R: 811.4119 | D: 15.5 s | BR: 5.6840 | ALOSS: -560.6930 | CLOSS: 23.6927 | TLOSS: 0.0198 | TVAL: 0.1474 | AENT: -0.8659
| [33mtrain[0m | E: 22 | S: 22000 | R: 844.2958 | D: 11.4 s | BR: 5.7291 | ALOSS: -562.3981 | CLOSS: 35.5665 | TLOSS: -0.0060 | TVAL: 0.1472 | AENT: -1.0408
| [33mtrain[0m | E: 23 | S: 23000 | R: 807.9265 | D: 11.2 s | BR: 5.6841 | ALOSS: -563.0139 | CLOSS: 17.9849 | TLOSS: 0.0194 | TVAL: 0.1468 | AENT: -0.8682
| [33mtrain[0m | E: 24 | S: 24000 | R: 815.6057 | D: 11.7 s | BR: 5.7253 | ALOSS: -564.5502 | CLOSS: 12.0434 | TLOSS: 0.0130 | TVAL: 0.1463 | AENT: -0.9110
| [32meval[0m  | E: 24 | S: 24000 | R: 867.6240
| [33mtrain[0m | E: 25 | S: 25000 | R: 835.8920 | D: 15.5 s | BR: 5.7141 | ALOSS: -564.8495 | CLOSS: 17.3067 | TLOSS: 0.0045 | TVAL: 0.1458 | AENT: -0.9689
| [33mtrain[0m | E: 26 | S: 26000 | R: 847.6501 | D: 11.6 s | BR: 5.7017 | ALOSS: -565.4257 | CLOSS: 15.3864 | TLOSS: -0.0030 | TVAL: 0.1457 | AENT: -1.0204
| [33mtrain[0m | E: 27 | S: 27000 | R: 849.4338 | D: 11.3 s | BR: 5.7491 | ALOSS: -568.1865 | CLOSS: 32.6462 | TLOSS: -0.0007 | TVAL: 0.1458 | AENT: -1.0045
| [33mtrain[0m | E: 28 | S: 28000 | R: 859.9047 | D: 11.5 s | BR: 5.7177 | ALOSS: -568.4769 | CLOSS: 21.4046 | TLOSS: -0.0040 | TVAL: 0.1459 | AENT: -1.0274
| [32meval[0m  | E: 28 | S: 28000 | R: 865.9171
| [33mtrain[0m | E: 29 | S: 29000 | R: 848.7864 | D: 15.5 s | BR: 5.6951 | ALOSS: -568.7881 | CLOSS: 20.1522 | TLOSS: -0.0041 | TVAL: 0.1461 | AENT: -1.0281
| [33mtrain[0m | E: 30 | S: 30000 | R: 852.8444 | D: 11.6 s | BR: 5.7731 | ALOSS: -571.1979 | CLOSS: 10.3941 | TLOSS: 0.0042 | TVAL: 0.1461 | AENT: -0.9710
| [33mtrain[0m | E: 31 | S: 31000 | R: 846.4081 | D: 11.2 s | BR: 5.7069 | ALOSS: -571.9971 | CLOSS: 20.9865 | TLOSS: 0.0057 | TVAL: 0.1459 | AENT: -0.9611
| [33mtrain[0m | E: 32 | S: 32000 | R: 846.9242 | D: 11.4 s | BR: 5.7499 | ALOSS: -572.5584 | CLOSS: 15.5424 | TLOSS: 0.0082 | TVAL: 0.1456 | AENT: -0.9436
| [32meval[0m  | E: 32 | S: 32000 | R: 836.8763
| [33mtrain[0m | E: 33 | S: 33000 | R: 846.9474 | D: 15.3 s | BR: 5.7375 | ALOSS: -574.1410 | CLOSS: 11.5504 | TLOSS: 0.0010 | TVAL: 0.1453 | AENT: -0.9933
| [33mtrain[0m | E: 34 | S: 34000 | R: 854.0864 | D: 11.4 s | BR: 5.7472 | ALOSS: -575.3243 | CLOSS: 18.9924 | TLOSS: -0.0028 | TVAL: 0.1454 | AENT: -1.0191
| [33mtrain[0m | E: 35 | S: 35000 | R: 854.3300 | D: 11.3 s | BR: 5.7317 | ALOSS: -576.5650 | CLOSS: 15.4746 | TLOSS: 0.0031 | TVAL: 0.1455 | AENT: -0.9785
| [33mtrain[0m | E: 36 | S: 36000 | R: 832.1883 | D: 11.7 s | BR: 5.7678 | ALOSS: -577.6358 | CLOSS: 13.8055 | TLOSS: -0.0061 | TVAL: 0.1454 | AENT: -1.0423
| [32meval[0m  | E: 36 | S: 36000 | R: 840.3513
| [33mtrain[0m | E: 37 | S: 37000 | R: 849.1783 | D: 15.5 s | BR: 5.7165 | ALOSS: -578.3953 | CLOSS: 18.3409 | TLOSS: -0.0043 | TVAL: 0.1457 | AENT: -1.0295
| [33mtrain[0m | E: 38 | S: 38000 | R: 855.7550 | D: 11.7 s | BR: 5.7618 | ALOSS: -580.4294 | CLOSS: 13.6622 | TLOSS: 0.0037 | TVAL: 0.1457 | AENT: -0.9749
| [33mtrain[0m | E: 39 | S: 39000 | R: 826.1122 | D: 11.3 s | BR: 5.7649 | ALOSS: -581.6730 | CLOSS: 17.1553 | TLOSS: 0.0105 | TVAL: 0.1454 | AENT: -0.9281
| [33mtrain[0m | E: 40 | S: 40000 | R: 857.8053 | D: 11.8 s | BR: 5.7615 | ALOSS: -582.4119 | CLOSS: 21.1467 | TLOSS: 0.0127 | TVAL: 0.1449 | AENT: -0.9123
| [32meval[0m  | E: 40 | S: 40000 | R: 861.3956
| [33mtrain[0m | E: 41 | S: 41000 | R: 828.6498 | D: 15.5 s | BR: 5.7594 | ALOSS: -583.6848 | CLOSS: 21.4450 | TLOSS: 0.0071 | TVAL: 0.1445 | AENT: -0.9511
| [33mtrain[0m | E: 42 | S: 42000 | R: 848.4708 | D: 11.5 s | BR: 5.7913 | ALOSS: -585.6299 | CLOSS: 14.9602 | TLOSS: 0.0041 | TVAL: 0.1441 | AENT: -0.9713
| [33mtrain[0m | E: 43 | S: 43000 | R: 857.1209 | D: 11.3 s | BR: 5.7806 | ALOSS: -587.2361 | CLOSS: 12.9797 | TLOSS: 0.0062 | TVAL: 0.1440 | AENT: -0.9567
| [33mtrain[0m | E: 44 | S: 44000 | R: 851.2154 | D: 11.6 s | BR: 5.7715 | ALOSS: -586.8258 | CLOSS: 13.5608 | TLOSS: 0.0020 | TVAL: 0.1437 | AENT: -0.9863
| [32meval[0m  | E: 44 | S: 44000 | R: 840.7435
| [33mtrain[0m | E: 45 | S: 45000 | R: 851.6359 | D: 15.6 s | BR: 5.7475 | ALOSS: -588.4510 | CLOSS: 11.5899 | TLOSS: 0.0041 | TVAL: 0.1436 | AENT: -0.9716
| [33mtrain[0m | E: 46 | S: 46000 | R: 848.0685 | D: 11.4 s | BR: 5.7969 | ALOSS: -589.2914 | CLOSS: 24.2780 | TLOSS: 0.0109 | TVAL: 0.1433 | AENT: -0.9239
| [33mtrain[0m | E: 47 | S: 47000 | R: 803.5402 | D: 11.3 s | BR: 5.7779 | ALOSS: -590.2038 | CLOSS: 25.8539 | TLOSS: 0.0059 | TVAL: 0.1429 | AENT: -0.9588
| [33mtrain[0m | E: 48 | S: 48000 | R: 816.0852 | D: 11.7 s | BR: 5.8204 | ALOSS: -591.3989 | CLOSS: 20.8067 | TLOSS: 0.0226 | TVAL: 0.1421 | AENT: -0.8412
| [32meval[0m  | E: 48 | S: 48000 | R: 799.2876
| [33mtrain[0m | E: 49 | S: 49000 | R: 842.5606 | D: 15.6 s | BR: 5.7843 | ALOSS: -592.2167 | CLOSS: 12.5140 | TLOSS: 0.0177 | TVAL: 0.1413 | AENT: -0.8744
| [33mtrain[0m | E: 50 | S: 50000 | R: 842.4072 | D: 11.7 s | BR: 5.8391 | ALOSS: -593.4819 | CLOSS: 16.7237 | TLOSS: 0.0169 | TVAL: 0.1405 | AENT: -0.8799
| [33mtrain[0m | E: 51 | S: 51000 | R: 841.8241 | D: 11.3 s | BR: 5.7859 | ALOSS: -594.1057 | CLOSS: 19.1989 | TLOSS: 0.0158 | TVAL: 0.1399 | AENT: -0.8871
| [33mtrain[0m | E: 52 | S: 52000 | R: 800.6114 | D: 11.5 s | BR: 5.7808 | ALOSS: -594.9282 | CLOSS: 22.0105 | TLOSS: 0.0156 | TVAL: 0.1392 | AENT: -0.8877
| [32meval[0m  | E: 52 | S: 52000 | R: 871.5449
| [33mtrain[0m | E: 53 | S: 53000 | R: 844.1961 | D: 15.5 s | BR: 5.8262 | ALOSS: -596.7780 | CLOSS: 14.2034 | TLOSS: 0.0115 | TVAL: 0.1385 | AENT: -0.9169
| [33mtrain[0m | E: 54 | S: 54000 | R: 851.8750 | D: 11.6 s | BR: 5.8071 | ALOSS: -596.6189 | CLOSS: 13.2042 | TLOSS: 0.0090 | TVAL: 0.1382 | AENT: -0.9346
| [33mtrain[0m | E: 55 | S: 55000 | R: 829.1443 | D: 11.3 s | BR: 5.7938 | ALOSS: -598.1686 | CLOSS: 18.4863 | TLOSS: 0.0103 | TVAL: 0.1378 | AENT: -0.9254
| [33mtrain[0m | E: 56 | S: 56000 | R: 835.4709 | D: 11.6 s | BR: 5.8128 | ALOSS: -599.1337 | CLOSS: 21.0581 | TLOSS: 0.0043 | TVAL: 0.1375 | AENT: -0.9684
| [32meval[0m  | E: 56 | S: 56000 | R: 765.6255
| [33mtrain[0m | E: 57 | S: 57000 | R: 825.1455 | D: 15.9 s | BR: 5.7700 | ALOSS: -598.8390 | CLOSS: 14.8388 | TLOSS: 0.0078 | TVAL: 0.1371 | AENT: -0.9431
| [33mtrain[0m | E: 58 | S: 58000 | R: 830.7658 | D: 11.4 s | BR: 5.8454 | ALOSS: -599.8274 | CLOSS: 13.4795 | TLOSS: 0.0013 | TVAL: 0.1370 | AENT: -0.9904
| [33mtrain[0m | E: 59 | S: 59000 | R: 849.5560 | D: 11.2 s | BR: 5.8329 | ALOSS: -601.8189 | CLOSS: 18.0322 | TLOSS: 0.0087 | TVAL: 0.1367 | AENT: -0.9368
| [33mtrain[0m | E: 60 | S: 60000 | R: 835.2144 | D: 11.5 s | BR: 5.8130 | ALOSS: -602.1634 | CLOSS: 17.8488 | TLOSS: 0.0042 | TVAL: 0.1365 | AENT: -0.9692
| [32meval[0m  | E: 60 | S: 60000 | R: 867.6193
| [33mtrain[0m | E: 61 | S: 61000 | R: 844.6577 | D: 15.7 s | BR: 5.8144 | ALOSS: -603.2967 | CLOSS: 14.1651 | TLOSS: 0.0077 | TVAL: 0.1363 | AENT: -0.9437
| [33mtrain[0m | E: 62 | S: 62000 | R: 849.6101 | D: 11.5 s | BR: 5.8123 | ALOSS: -604.5360 | CLOSS: 15.6486 | TLOSS: -0.0015 | TVAL: 0.1363 | AENT: -1.0110
| [33mtrain[0m | E: 63 | S: 63000 | R: 850.3006 | D: 11.2 s | BR: 5.8472 | ALOSS: -606.0037 | CLOSS: 13.7635 | TLOSS: 0.0067 | TVAL: 0.1360 | AENT: -0.9507
| [33mtrain[0m | E: 64 | S: 64000 | R: 850.2479 | D: 11.4 s | BR: 5.8361 | ALOSS: -606.5659 | CLOSS: 23.6987 | TLOSS: 0.0049 | TVAL: 0.1357 | AENT: -0.9640
| [32meval[0m  | E: 64 | S: 64000 | R: 866.7851
| [33mtrain[0m | E: 65 | S: 65000 | R: 853.1394 | D: 15.8 s | BR: 5.8476 | ALOSS: -607.6330 | CLOSS: 28.0120 | TLOSS: 0.0013 | TVAL: 0.1355 | AENT: -0.9907
| [33mtrain[0m | E: 66 | S: 66000 | R: 841.9068 | D: 11.4 s | BR: 5.8433 | ALOSS: -609.1867 | CLOSS: 15.6903 | TLOSS: 0.0173 | TVAL: 0.1353 | AENT: -0.8719
| [33mtrain[0m | E: 67 | S: 67000 | R: 846.5106 | D: 11.3 s | BR: 5.8634 | ALOSS: -610.3842 | CLOSS: 15.6509 | TLOSS: 0.0078 | TVAL: 0.1346 | AENT: -0.9418
| [33mtrain[0m | E: 68 | S: 68000 | R: 855.3064 | D: 11.6 s | BR: 5.8776 | ALOSS: -611.5033 | CLOSS: 32.9660 | TLOSS: 0.0077 | TVAL: 0.1344 | AENT: -0.9429
| [32meval[0m  | E: 68 | S: 68000 | R: 869.6802
| [33mtrain[0m | E: 69 | S: 69000 | R: 845.4390 | D: 15.5 s | BR: 5.9017 | ALOSS: -613.1691 | CLOSS: 23.0534 | TLOSS: 0.0219 | TVAL: 0.1338 | AENT: -0.8366
| [33mtrain[0m | E: 70 | S: 70000 | R: 821.6279 | D: 11.6 s | BR: 5.8673 | ALOSS: -612.9798 | CLOSS: 16.1586 | TLOSS: 0.0206 | TVAL: 0.1329 | AENT: -0.8448
| [33mtrain[0m | E: 71 | S: 71000 | R: 844.6868 | D: 11.1 s | BR: 5.8569 | ALOSS: -614.0328 | CLOSS: 17.9765 | TLOSS: 0.0085 | TVAL: 0.1323 | AENT: -0.9360
| [33mtrain[0m | E: 72 | S: 72000 | R: 808.4740 | D: 11.5 s | BR: 5.8825 | ALOSS: -613.5206 | CLOSS: 21.2946 | TLOSS: 0.0076 | TVAL: 0.1318 | AENT: -0.9422
| [32meval[0m  | E: 72 | S: 72000 | R: 845.2829
| [33mtrain[0m | E: 73 | S: 73000 | R: 823.0039 | D: 15.5 s | BR: 5.8530 | ALOSS: -613.4871 | CLOSS: 12.0530 | TLOSS: 0.0050 | TVAL: 0.1316 | AENT: -0.9620
| [33mtrain[0m | E: 74 | S: 74000 | R: 826.6773 | D: 11.5 s | BR: 5.8545 | ALOSS: -613.7224 | CLOSS: 15.6121 | TLOSS: -0.0013 | TVAL: 0.1316 | AENT: -1.0100
| [33mtrain[0m | E: 75 | S: 75000 | R: 808.6199 | D: 11.2 s | BR: 5.8657 | ALOSS: -615.3598 | CLOSS: 17.1559 | TLOSS: 0.0098 | TVAL: 0.1315 | AENT: -0.9258
| [33mtrain[0m | E: 76 | S: 76000 | R: 851.6838 | D: 11.6 s | BR: 5.8419 | ALOSS: -615.3254 | CLOSS: 18.4407 | TLOSS: 0.0062 | TVAL: 0.1311 | AENT: -0.9525
| [32meval[0m  | E: 76 | S: 76000 | R: 840.8747
| [33mtrain[0m | E: 77 | S: 77000 | R: 848.3400 | D: 15.5 s | BR: 5.8787 | ALOSS: -616.5615 | CLOSS: 13.4794 | TLOSS: -0.0027 | TVAL: 0.1311 | AENT: -1.0206
| [33mtrain[0m | E: 78 | S: 78000 | R: 734.5309 | D: 11.6 s | BR: 5.8925 | ALOSS: -618.2727 | CLOSS: 14.8989 | TLOSS: 0.0035 | TVAL: 0.1310 | AENT: -0.9730
| [33mtrain[0m | E: 79 | S: 79000 | R: 839.4267 | D: 11.4 s | BR: 5.8800 | ALOSS: -619.8170 | CLOSS: 26.2133 | TLOSS: -0.0012 | TVAL: 0.1310 | AENT: -1.0093
| [33mtrain[0m | E: 80 | S: 80000 | R: 851.3230 | D: 11.8 s | BR: 5.9070 | ALOSS: -621.8371 | CLOSS: 31.5718 | TLOSS: 0.0028 | TVAL: 0.1310 | AENT: -0.9788
| [32meval[0m  | E: 80 | S: 80000 | R: 770.7962
| [33mtrain[0m | E: 81 | S: 81000 | R: 720.0221 | D: 15.8 s | BR: 5.8971 | ALOSS: -621.3618 | CLOSS: 32.5777 | TLOSS: 0.0200 | TVAL: 0.1304 | AENT: -0.8465
| [33mtrain[0m | E: 82 | S: 82000 | R: 843.5778 | D: 11.4 s | BR: 5.9018 | ALOSS: -621.8488 | CLOSS: 14.9227 | TLOSS: 0.0086 | TVAL: 0.1300 | AENT: -0.9339
| [33mtrain[0m | E: 83 | S: 83000 | R: 800.3608 | D: 11.4 s | BR: 5.8828 | ALOSS: -622.0195 | CLOSS: 14.8969 | TLOSS: 0.0062 | TVAL: 0.1297 | AENT: -0.9521
| [33mtrain[0m | E: 84 | S: 84000 | R: 827.3213 | D: 11.5 s | BR: 5.8588 | ALOSS: -622.0633 | CLOSS: 21.7390 | TLOSS: 0.0029 | TVAL: 0.1293 | AENT: -0.9775
| [32meval[0m  | E: 84 | S: 84000 | R: 862.7658
| [33mtrain[0m | E: 85 | S: 85000 | R: 849.5762 | D: 15.8 s | BR: 5.8524 | ALOSS: -623.7333 | CLOSS: 28.0193 | TLOSS: -0.0013 | TVAL: 0.1293 | AENT: -1.0098
| [33mtrain[0m | E: 86 | S: 86000 | R: 815.3428 | D: 11.3 s | BR: 5.9131 | ALOSS: -623.9173 | CLOSS: 17.7637 | TLOSS: 0.0023 | TVAL: 0.1294 | AENT: -0.9822
| [33mtrain[0m | E: 87 | S: 87000 | R: 826.8004 | D: 11.3 s | BR: 5.8820 | ALOSS: -623.4816 | CLOSS: 15.6522 | TLOSS: 0.0048 | TVAL: 0.1292 | AENT: -0.9626
| [33mtrain[0m | E: 88 | S: 88000 | R: 826.4705 | D: 11.6 s | BR: 5.8959 | ALOSS: -624.2844 | CLOSS: 16.6618 | TLOSS: 0.0055 | TVAL: 0.1289 | AENT: -0.9570
| [32meval[0m  | E: 88 | S: 88000 | R: 858.2828
| [33mtrain[0m | E: 89 | S: 89000 | R: 836.8720 | D: 15.7 s | BR: 5.9241 | ALOSS: -626.0892 | CLOSS: 15.4538 | TLOSS: 0.0044 | TVAL: 0.1287 | AENT: -0.9660
| [33mtrain[0m | E: 90 | S: 90000 | R: 850.1938 | D: 11.2 s | BR: 5.8994 | ALOSS: -626.4824 | CLOSS: 17.6829 | TLOSS: -0.0051 | TVAL: 0.1287 | AENT: -1.0400
| [33mtrain[0m | E: 91 | S: 91000 | R: 807.1546 | D: 11.4 s | BR: 5.9065 | ALOSS: -628.1377 | CLOSS: 25.9903 | TLOSS: -0.0114 | TVAL: 0.1291 | AENT: -1.0880
| [33mtrain[0m | E: 92 | S: 92000 | R: 851.5701 | D: 11.7 s | BR: 5.9424 | ALOSS: -628.2372 | CLOSS: 24.9109 | TLOSS: 0.0011 | TVAL: 0.1293 | AENT: -0.9913
| [32meval[0m  | E: 92 | S: 92000 | R: 807.9834
| [33mtrain[0m | E: 93 | S: 93000 | R: 838.5773 | D: 15.7 s | BR: 5.9327 | ALOSS: -628.6998 | CLOSS: 13.3933 | TLOSS: 0.0014 | TVAL: 0.1293 | AENT: -0.9890
| [33mtrain[0m | E: 94 | S: 94000 | R: 811.1761 | D: 11.4 s | BR: 5.9204 | ALOSS: -630.3587 | CLOSS: 18.7641 | TLOSS: -0.0005 | TVAL: 0.1292 | AENT: -1.0038
| [33mtrain[0m | E: 95 | S: 95000 | R: 756.1744 | D: 11.3 s | BR: 5.9102 | ALOSS: -631.2993 | CLOSS: 42.1177 | TLOSS: -0.0056 | TVAL: 0.1294 | AENT: -1.0432
| [33mtrain[0m | E: 96 | S: 96000 | R: 845.7625 | D: 11.5 s | BR: 5.9293 | ALOSS: -631.7412 | CLOSS: 21.2702 | TLOSS: 0.0141 | TVAL: 0.1292 | AENT: -0.8908
| [32meval[0m  | E: 96 | S: 96000 | R: 797.5574
| [33mtrain[0m | E: 97 | S: 97000 | R: 835.1476 | D: 15.7 s | BR: 5.9255 | ALOSS: -632.0205 | CLOSS: 11.3992 | TLOSS: 0.0073 | TVAL: 0.1287 | AENT: -0.9435
| [33mtrain[0m | E: 98 | S: 98000 | R: 829.7465 | D: 11.4 s | BR: 5.9410 | ALOSS: -633.1066 | CLOSS: 14.4915 | TLOSS: -0.0024 | TVAL: 0.1286 | AENT: -1.0183
| [33mtrain[0m | E: 99 | S: 99000 | R: 803.2348 | D: 11.3 s | BR: 5.9399 | ALOSS: -633.9018 | CLOSS: 15.5026 | TLOSS: -0.0055 | TVAL: 0.1288 | AENT: -1.0428
| [33mtrain[0m | E: 100 | S: 100000 | R: 738.0164 | D: 11.5 s | BR: 5.9797 | ALOSS: -636.0405 | CLOSS: 10.0181 | TLOSS: 0.0024 | TVAL: 0.1288 | AENT: -0.9815
| [32meval[0m  | E: 100 | S: 100000 | R: 861.5361
| [33mtrain[0m | E: 101 | S: 101000 | R: 833.3939 | D: 15.6 s | BR: 5.9033 | ALOSS: -634.7390 | CLOSS: 24.6356 | TLOSS: -0.0045 | TVAL: 0.1289 | AENT: -1.0351
| [33mtrain[0m | E: 102 | S: 102000 | R: 854.8862 | D: 11.5 s | BR: 5.9104 | ALOSS: -635.8716 | CLOSS: 17.4352 | TLOSS: -0.0009 | TVAL: 0.1291 | AENT: -1.0072
| [33mtrain[0m | E: 103 | S: 103000 | R: 845.2460 | D: 11.4 s | BR: 5.9513 | ALOSS: -636.9933 | CLOSS: 22.0620 | TLOSS: 0.0037 | TVAL: 0.1290 | AENT: -0.9715
| [33mtrain[0m | E: 104 | S: 104000 | R: 806.5910 | D: 11.6 s | BR: 5.9178 | ALOSS: -636.9006 | CLOSS: 36.8443 | TLOSS: 0.0052 | TVAL: 0.1288 | AENT: -0.9595
| [32meval[0m  | E: 104 | S: 104000 | R: 803.1503
| [33mtrain[0m | E: 105 | S: 105000 | R: 823.1095 | D: 15.4 s | BR: 5.9172 | ALOSS: -637.2973 | CLOSS: 21.5232 | TLOSS: -0.0022 | TVAL: 0.1287 | AENT: -1.0171
| [33mtrain[0m | E: 106 | S: 106000 | R: 813.2657 | D: 11.3 s | BR: 5.9197 | ALOSS: -638.2113 | CLOSS: 45.0185 | TLOSS: -0.0107 | TVAL: 0.1289 | AENT: -1.0833
| [33mtrain[0m | E: 107 | S: 107000 | R: 829.6266 | D: 11.3 s | BR: 5.9062 | ALOSS: -637.7534 | CLOSS: 12.3332 | TLOSS: -0.0049 | TVAL: 0.1293 | AENT: -1.0375
| [33mtrain[0m | E: 108 | S: 108000 | R: 857.2675 | D: 11.6 s | BR: 5.9470 | ALOSS: -639.2976 | CLOSS: 13.0218 | TLOSS: -0.0026 | TVAL: 0.1295 | AENT: -1.0204
| [32meval[0m  | E: 108 | S: 108000 | R: 832.1174
| [33mtrain[0m | E: 109 | S: 109000 | R: 831.7262 | D: 15.5 s | BR: 5.9418 | ALOSS: -639.3135 | CLOSS: 8.8205 | TLOSS: -0.0086 | TVAL: 0.1298 | AENT: -1.0662
| [33mtrain[0m | E: 110 | S: 110000 | R: 845.8307 | D: 11.4 s | BR: 5.9585 | ALOSS: -641.4199 | CLOSS: 13.6138 | TLOSS: 0.0022 | TVAL: 0.1300 | AENT: -0.9832
| [33mtrain[0m | E: 111 | S: 111000 | R: 859.2025 | D: 11.4 s | BR: 5.9317 | ALOSS: -641.1865 | CLOSS: 24.3249 | TLOSS: -0.0036 | TVAL: 0.1300 | AENT: -1.0279
| [33mtrain[0m | E: 112 | S: 112000 | R: 841.7757 | D: 11.6 s | BR: 5.9227 | ALOSS: -642.8374 | CLOSS: 11.2731 | TLOSS: 0.0029 | TVAL: 0.1301 | AENT: -0.9776
| [32meval[0m  | E: 112 | S: 112000 | R: 865.8642
| [33mtrain[0m | E: 113 | S: 113000 | R: 810.9711 | D: 15.4 s | BR: 5.9307 | ALOSS: -645.0387 | CLOSS: 25.0482 | TLOSS: 0.0075 | TVAL: 0.1297 | AENT: -0.9422
| [33mtrain[0m | E: 114 | S: 114000 | R: 848.0226 | D: 11.5 s | BR: 5.9440 | ALOSS: -644.7015 | CLOSS: 11.1633 | TLOSS: 0.0105 | TVAL: 0.1292 | AENT: -0.9185
| [33mtrain[0m | E: 115 | S: 115000 | R: 837.8071 | D: 11.5 s | BR: 5.9219 | ALOSS: -644.3660 | CLOSS: 12.9975 | TLOSS: 0.0024 | TVAL: 0.1290 | AENT: -0.9813
| [33mtrain[0m | E: 116 | S: 116000 | R: 847.6138 | D: 11.5 s | BR: 5.9589 | ALOSS: -645.5316 | CLOSS: 16.2273 | TLOSS: -0.0025 | TVAL: 0.1290 | AENT: -1.0195
| [32meval[0m  | E: 116 | S: 116000 | R: 858.6539
| [33mtrain[0m | E: 117 | S: 117000 | R: 815.8021 | D: 15.4 s | BR: 6.0039 | ALOSS: -646.1840 | CLOSS: 12.7040 | TLOSS: 0.0067 | TVAL: 0.1289 | AENT: -0.9477
| [33mtrain[0m | E: 118 | S: 118000 | R: 860.6429 | D: 11.5 s | BR: 5.9834 | ALOSS: -646.0710 | CLOSS: 15.5409 | TLOSS: 0.0019 | TVAL: 0.1288 | AENT: -0.9851
| [33mtrain[0m | E: 119 | S: 119000 | R: 854.4547 | D: 11.6 s | BR: 5.9403 | ALOSS: -645.3932 | CLOSS: 10.6209 | TLOSS: 0.0005 | TVAL: 0.1286 | AENT: -0.9964
| [33mtrain[0m | E: 120 | S: 120000 | R: 842.0435 | D: 11.8 s | BR: 5.9423 | ALOSS: -646.6641 | CLOSS: 12.2525 | TLOSS: 0.0010 | TVAL: 0.1286 | AENT: -0.9919
| [32meval[0m  | E: 120 | S: 120000 | R: 872.1955
| [33mtrain[0m | E: 121 | S: 121000 | R: 851.1365 | D: 15.4 s | BR: 5.9420 | ALOSS: -647.6029 | CLOSS: 22.3312 | TLOSS: 0.0072 | TVAL: 0.1285 | AENT: -0.9441
| [33mtrain[0m | E: 122 | S: 122000 | R: 860.1269 | D: 11.3 s | BR: 5.9531 | ALOSS: -649.5368 | CLOSS: 13.4341 | TLOSS: 0.0074 | TVAL: 0.1281 | AENT: -0.9423
| [33mtrain[0m | E: 123 | S: 123000 | R: 847.4230 | D: 11.7 s | BR: 5.9337 | ALOSS: -648.8516 | CLOSS: 16.1389 | TLOSS: 0.0018 | TVAL: 0.1279 | AENT: -0.9859
| [33mtrain[0m | E: 124 | S: 124000 | R: 856.5981 | D: 11.9 s | BR: 5.9751 | ALOSS: -650.5348 | CLOSS: 15.9333 | TLOSS: -0.0014 | TVAL: 0.1279 | AENT: -1.0113
| [32meval[0m  | E: 124 | S: 124000 | R: 870.8435
| [33mtrain[0m | E: 125 | S: 125000 | R: 818.0924 | D: 15.7 s | BR: 5.9624 | ALOSS: -652.1802 | CLOSS: 19.0603 | TLOSS: -0.0015 | TVAL: 0.1279 | AENT: -1.0116
| [33mtrain[0m | E: 126 | S: 126000 | R: 732.2823 | D: 11.3 s | BR: 5.9911 | ALOSS: -652.5171 | CLOSS: 26.5184 | TLOSS: 0.0031 | TVAL: 0.1279 | AENT: -0.9756
| [33mtrain[0m | E: 127 | S: 127000 | R: 853.3303 | D: 11.5 s | BR: 5.9478 | ALOSS: -652.8261 | CLOSS: 31.5454 | TLOSS: 0.0106 | TVAL: 0.1274 | AENT: -0.9169
| [33mtrain[0m | E: 128 | S: 128000 | R: 817.7608 | D: 11.6 s | BR: 5.9499 | ALOSS: -653.7713 | CLOSS: 58.2227 | TLOSS: -0.0020 | TVAL: 0.1274 | AENT: -1.0154
| [32meval[0m  | E: 128 | S: 128000 | R: 740.4751
| [33mtrain[0m | E: 129 | S: 129000 | R: 681.2646 | D: 15.4 s | BR: 6.0235 | ALOSS: -654.3178 | CLOSS: 38.3696 | TLOSS: -0.0101 | TVAL: 0.1276 | AENT: -1.0789
| [33mtrain[0m | E: 130 | S: 130000 | R: 823.4560 | D: 11.3 s | BR: 5.9384 | ALOSS: -655.0856 | CLOSS: 21.7782 | TLOSS: 0.0119 | TVAL: 0.1277 | AENT: -0.9065
| [33mtrain[0m | E: 131 | S: 131000 | R: 745.3544 | D: 11.6 s | BR: 5.9499 | ALOSS: -655.1924 | CLOSS: 9.5651 | TLOSS: 0.0061 | TVAL: 0.1271 | AENT: -0.9522
| [33mtrain[0m | E: 132 | S: 132000 | R: 739.9626 | D: 11.6 s | BR: 5.9730 | ALOSS: -655.1874 | CLOSS: 11.3328 | TLOSS: -0.0012 | TVAL: 0.1269 | AENT: -1.0091
| [32meval[0m  | E: 132 | S: 132000 | R: 856.8279
| [33mtrain[0m | E: 133 | S: 133000 | R: 856.2852 | D: 15.5 s | BR: 5.9948 | ALOSS: -656.7174 | CLOSS: 9.4363 | TLOSS: 0.0117 | TVAL: 0.1268 | AENT: -0.9077
| [33mtrain[0m | E: 134 | S: 134000 | R: 863.2800 | D: 11.5 s | BR: 5.9746 | ALOSS: -656.1803 | CLOSS: 13.9091 | TLOSS: 0.0029 | TVAL: 0.1264 | AENT: -0.9768
| [33mtrain[0m | E: 135 | S: 135000 | R: 844.2370 | D: 11.7 s | BR: 6.0356 | ALOSS: -657.9786 | CLOSS: 12.5299 | TLOSS: 0.0063 | TVAL: 0.1262 | AENT: -0.9500
| [33mtrain[0m | E: 136 | S: 136000 | R: 854.4151 | D: 11.7 s | BR: 5.9526 | ALOSS: -656.6105 | CLOSS: 11.9453 | TLOSS: -0.0041 | TVAL: 0.1260 | AENT: -1.0322
| [32meval[0m  | E: 136 | S: 136000 | R: 807.9620
| [33mtrain[0m | E: 137 | S: 137000 | R: 849.3092 | D: 15.5 s | BR: 5.9882 | ALOSS: -658.3910 | CLOSS: 13.2513 | TLOSS: -0.0055 | TVAL: 0.1264 | AENT: -1.0436
| [33mtrain[0m | E: 138 | S: 138000 | R: 828.4956 | D: 11.3 s | BR: 5.9724 | ALOSS: -658.2028 | CLOSS: 20.7669 | TLOSS: -0.0006 | TVAL: 0.1265 | AENT: -1.0044
| [33mtrain[0m | E: 139 | S: 139000 | R: 847.2477 | D: 11.6 s | BR: 5.9594 | ALOSS: -658.7580 | CLOSS: 23.2437 | TLOSS: -0.0080 | TVAL: 0.1266 | AENT: -1.0631
| [33mtrain[0m | E: 140 | S: 140000 | R: 839.8815 | D: 11.5 s | BR: 5.9708 | ALOSS: -658.9590 | CLOSS: 10.4719 | TLOSS: -0.0055 | TVAL: 0.1271 | AENT: -1.0436
| [32meval[0m  | E: 140 | S: 140000 | R: 857.9251
| [33mtrain[0m | E: 141 | S: 141000 | R: 827.5676 | D: 15.4 s | BR: 5.9848 | ALOSS: -659.6225 | CLOSS: 14.2418 | TLOSS: 0.0036 | TVAL: 0.1271 | AENT: -0.9720
| [33mtrain[0m | E: 142 | S: 142000 | R: 850.4905 | D: 11.2 s | BR: 5.9925 | ALOSS: -660.6476 | CLOSS: 15.5797 | TLOSS: 0.0018 | TVAL: 0.1270 | AENT: -0.9857
| [33mtrain[0m | E: 143 | S: 143000 | R: 807.0734 | D: 11.6 s | BR: 5.9960 | ALOSS: -660.6312 | CLOSS: 14.9711 | TLOSS: -0.0011 | TVAL: 0.1269 | AENT: -1.0089
| [33mtrain[0m | E: 144 | S: 144000 | R: 843.6897 | D: 11.6 s | BR: 5.9944 | ALOSS: -660.9660 | CLOSS: 13.2794 | TLOSS: -0.0003 | TVAL: 0.1269 | AENT: -1.0027
| [32meval[0m  | E: 144 | S: 144000 | R: 867.1075
| [33mtrain[0m | E: 145 | S: 145000 | R: 852.8188 | D: 15.4 s | BR: 6.0110 | ALOSS: -662.0845 | CLOSS: 13.6642 | TLOSS: -0.0036 | TVAL: 0.1270 | AENT: -1.0281
| [33mtrain[0m | E: 146 | S: 146000 | R: 848.3585 | D: 11.3 s | BR: 5.9994 | ALOSS: -662.4142 | CLOSS: 10.3700 | TLOSS: -0.0019 | TVAL: 0.1272 | AENT: -1.0153
| [33mtrain[0m | E: 147 | S: 147000 | R: 854.3274 | D: 11.8 s | BR: 6.0111 | ALOSS: -663.2276 | CLOSS: 11.0081 | TLOSS: -0.0061 | TVAL: 0.1273 | AENT: -1.0478
| [33mtrain[0m | E: 148 | S: 148000 | R: 858.2034 | D: 11.7 s | BR: 6.0279 | ALOSS: -663.4599 | CLOSS: 11.9850 | TLOSS: -0.0071 | TVAL: 0.1278 | AENT: -1.0556
| [32meval[0m  | E: 148 | S: 148000 | R: 873.4072
| [33mtrain[0m | E: 149 | S: 149000 | R: 858.7643 | D: 15.5 s | BR: 6.0476 | ALOSS: -664.7155 | CLOSS: 16.7252 | TLOSS: -0.0032 | TVAL: 0.1281 | AENT: -1.0250
| [33mtrain[0m | E: 150 | S: 150000 | R: 865.9401 | D: 11.3 s | BR: 6.0358 | ALOSS: -664.5889 | CLOSS: 11.7060 | TLOSS: -0.0071 | TVAL: 0.1282 | AENT: -1.0552
| [33mtrain[0m | E: 151 | S: 151000 | R: 866.2436 | D: 11.7 s | BR: 6.0283 | ALOSS: -666.2186 | CLOSS: 14.5990 | TLOSS: -0.0075 | TVAL: 0.1287 | AENT: -1.0582
| [33mtrain[0m | E: 152 | S: 152000 | R: 853.4071 | D: 11.7 s | BR: 6.0111 | ALOSS: -665.4989 | CLOSS: 18.5171 | TLOSS: -0.0064 | TVAL: 0.1291 | AENT: -1.0495
| [32meval[0m  | E: 152 | S: 152000 | R: 852.2724
| [33mtrain[0m | E: 153 | S: 153000 | R: 836.6019 | D: 15.4 s | BR: 5.9827 | ALOSS: -665.9926 | CLOSS: 19.9519 | TLOSS: -0.0000 | TVAL: 0.1291 | AENT: -1.0002
| [33mtrain[0m | E: 154 | S: 154000 | R: 836.3687 | D: 11.3 s | BR: 6.0115 | ALOSS: -666.1015 | CLOSS: 10.3990 | TLOSS: -0.0020 | TVAL: 0.1291 | AENT: -1.0157
| [33mtrain[0m | E: 155 | S: 155000 | R: 862.0685 | D: 11.7 s | BR: 6.0527 | ALOSS: -667.4758 | CLOSS: 32.3384 | TLOSS: -0.0131 | TVAL: 0.1296 | AENT: -1.1010
| [33mtrain[0m | E: 156 | S: 156000 | R: 829.0913 | D: 11.7 s | BR: 6.0261 | ALOSS: -668.4898 | CLOSS: 31.0700 | TLOSS: -0.0045 | TVAL: 0.1300 | AENT: -1.0346
| [32meval[0m  | E: 156 | S: 156000 | R: 814.0967
| [33mtrain[0m | E: 157 | S: 157000 | R: 857.3509 | D: 15.5 s | BR: 6.0326 | ALOSS: -669.2879 | CLOSS: 21.9903 | TLOSS: -0.0067 | TVAL: 0.1304 | AENT: -1.0513
| [33mtrain[0m | E: 158 | S: 158000 | R: 813.8437 | D: 11.4 s | BR: 6.0111 | ALOSS: -668.0957 | CLOSS: 14.5458 | TLOSS: 0.0094 | TVAL: 0.1303 | AENT: -0.9279
| [33mtrain[0m | E: 159 | S: 159000 | R: 838.9353 | D: 11.6 s | BR: 6.0471 | ALOSS: -669.4122 | CLOSS: 9.9955 | TLOSS: 0.0046 | TVAL: 0.1299 | AENT: -0.9643
| [33mtrain[0m | E: 160 | S: 160000 | R: 843.0784 | D: 11.6 s | BR: 6.0273 | ALOSS: -669.9559 | CLOSS: 9.0575 | TLOSS: 0.0116 | TVAL: 0.1295 | AENT: -0.9102
| [32meval[0m  | E: 160 | S: 160000 | R: 871.6471
| [33mtrain[0m | E: 161 | S: 161000 | R: 852.7114 | D: 15.5 s | BR: 6.0316 | ALOSS: -670.6808 | CLOSS: 18.2116 | TLOSS: 0.0055 | TVAL: 0.1291 | AENT: -0.9572
| [33mtrain[0m | E: 162 | S: 162000 | R: 855.0826 | D: 11.4 s | BR: 6.0516 | ALOSS: -670.5924 | CLOSS: 20.5131 | TLOSS: 0.0061 | TVAL: 0.1287 | AENT: -0.9524
| [33mtrain[0m | E: 163 | S: 163000 | R: 832.0147 | D: 11.6 s | BR: 6.0306 | ALOSS: -670.5920 | CLOSS: 22.2267 | TLOSS: 0.0013 | TVAL: 0.1286 | AENT: -0.9899
| [33mtrain[0m | E: 164 | S: 164000 | R: 828.0405 | D: 11.6 s | BR: 6.0300 | ALOSS: -670.3291 | CLOSS: 11.4888 | TLOSS: 0.0009 | TVAL: 0.1285 | AENT: -0.9928
| [32meval[0m  | E: 164 | S: 164000 | R: 875.1960
| [33mtrain[0m | E: 165 | S: 165000 | R: 775.1550 | D: 15.6 s | BR: 6.0390 | ALOSS: -672.3547 | CLOSS: 12.8454 | TLOSS: 0.0017 | TVAL: 0.1285 | AENT: -0.9871
| [33mtrain[0m | E: 166 | S: 166000 | R: 849.8960 | D: 11.5 s | BR: 6.0234 | ALOSS: -671.8046 | CLOSS: 11.3692 | TLOSS: 0.0011 | TVAL: 0.1285 | AENT: -0.9913
| [33mtrain[0m | E: 167 | S: 167000 | R: 852.7672 | D: 11.7 s | BR: 6.0541 | ALOSS: -672.9685 | CLOSS: 13.0643 | TLOSS: 0.0011 | TVAL: 0.1284 | AENT: -0.9915
| [33mtrain[0m | E: 168 | S: 168000 | R: 854.9998 | D: 11.8 s | BR: 6.0543 | ALOSS: -674.0969 | CLOSS: 10.9469 | TLOSS: 0.0051 | TVAL: 0.1283 | AENT: -0.9599
| [32meval[0m  | E: 168 | S: 168000 | R: 872.4311
| [33mtrain[0m | E: 169 | S: 169000 | R: 856.2378 | D: 15.6 s | BR: 6.0788 | ALOSS: -674.7348 | CLOSS: 12.4899 | TLOSS: -0.0012 | TVAL: 0.1281 | AENT: -1.0093
| [33mtrain[0m | E: 170 | S: 170000 | R: 858.8624 | D: 11.5 s | BR: 6.0474 | ALOSS: -674.7182 | CLOSS: 9.7705 | TLOSS: -0.0068 | TVAL: 0.1282 | AENT: -1.0531
| [33mtrain[0m | E: 171 | S: 171000 | R: 861.9133 | D: 11.9 s | BR: 6.0874 | ALOSS: -675.5297 | CLOSS: 14.5256 | TLOSS: -0.0062 | TVAL: 0.1287 | AENT: -1.0484
| [33mtrain[0m | E: 172 | S: 172000 | R: 863.2596 | D: 11.8 s | BR: 6.0678 | ALOSS: -676.5350 | CLOSS: 11.5399 | TLOSS: 0.0018 | TVAL: 0.1289 | AENT: -0.9857
| [32meval[0m  | E: 172 | S: 172000 | R: 863.2092
| [33mtrain[0m | E: 173 | S: 173000 | R: 859.0477 | D: 15.6 s | BR: 6.0974 | ALOSS: -677.8924 | CLOSS: 9.3753 | TLOSS: 0.0054 | TVAL: 0.1286 | AENT: -0.9581
| [33mtrain[0m | E: 174 | S: 174000 | R: 861.6479 | D: 11.7 s | BR: 6.0760 | ALOSS: -677.4899 | CLOSS: 16.8166 | TLOSS: 0.0019 | TVAL: 0.1283 | AENT: -0.9850
| [33mtrain[0m | E: 175 | S: 175000 | R: 863.2170 | D: 11.9 s | BR: 6.0750 | ALOSS: -678.2085 | CLOSS: 10.5461 | TLOSS: 0.0005 | TVAL: 0.1283 | AENT: -0.9965
| [33mtrain[0m | E: 176 | S: 176000 | R: 847.6655 | D: 11.9 s | BR: 6.0348 | ALOSS: -678.0104 | CLOSS: 14.0327 | TLOSS: -0.0025 | TVAL: 0.1285 | AENT: -1.0192
| [32meval[0m  | E: 176 | S: 176000 | R: 864.8722
| [33mtrain[0m | E: 177 | S: 177000 | R: 835.9025 | D: 15.7 s | BR: 6.0529 | ALOSS: -678.8255 | CLOSS: 9.9167 | TLOSS: -0.0037 | TVAL: 0.1285 | AENT: -1.0288
| [33mtrain[0m | E: 178 | S: 178000 | R: 839.3005 | D: 11.7 s | BR: 6.0484 | ALOSS: -678.3456 | CLOSS: 11.0297 | TLOSS: -0.0076 | TVAL: 0.1288 | AENT: -1.0587
| [33mtrain[0m | E: 179 | S: 179000 | R: 860.9700 | D: 11.9 s | BR: 6.0135 | ALOSS: -678.4921 | CLOSS: 11.5700 | TLOSS: -0.0115 | TVAL: 0.1293 | AENT: -1.0892
| [33mtrain[0m | E: 180 | S: 180000 | R: 857.8308 | D: 11.9 s | BR: 6.0753 | ALOSS: -680.7027 | CLOSS: 12.0156 | TLOSS: 0.0031 | TVAL: 0.1296 | AENT: -0.9758
| [32meval[0m  | E: 180 | S: 180000 | R: 875.7826
| [33mtrain[0m | E: 181 | S: 181000 | R: 852.4367 | D: 15.7 s | BR: 6.0446 | ALOSS: -681.3057 | CLOSS: 15.9579 | TLOSS: -0.0076 | TVAL: 0.1297 | AENT: -1.0587
| [33mtrain[0m | E: 182 | S: 182000 | R: 856.7776 | D: 11.9 s | BR: 6.0554 | ALOSS: -682.0539 | CLOSS: 22.6411 | TLOSS: 0.0017 | TVAL: 0.1299 | AENT: -0.9867
| [33mtrain[0m | E: 183 | S: 183000 | R: 851.8961 | D: 12.0 s | BR: 6.0574 | ALOSS: -681.5679 | CLOSS: 19.2805 | TLOSS: 0.0030 | TVAL: 0.1297 | AENT: -0.9768
| [33mtrain[0m | E: 184 | S: 184000 | R: 845.6835 | D: 11.8 s | BR: 6.0783 | ALOSS: -682.0886 | CLOSS: 14.9285 | TLOSS: 0.0040 | TVAL: 0.1295 | AENT: -0.9687
| [32meval[0m  | E: 184 | S: 184000 | R: 877.4794
| [33mtrain[0m | E: 185 | S: 185000 | R: 862.5774 | D: 15.8 s | BR: 6.1034 | ALOSS: -683.3991 | CLOSS: 11.0332 | TLOSS: 0.0072 | TVAL: 0.1292 | AENT: -0.9445
| [33mtrain[0m | E: 186 | S: 186000 | R: 859.6792 | D: 12.0 s | BR: 6.0457 | ALOSS: -682.4521 | CLOSS: 8.3106 | TLOSS: 0.0080 | TVAL: 0.1288 | AENT: -0.9380
| [33mtrain[0m | E: 187 | S: 187000 | R: 862.9838 | D: 12.1 s | BR: 6.1204 | ALOSS: -683.8233 | CLOSS: 9.8538 | TLOSS: 0.0091 | TVAL: 0.1284 | AENT: -0.9294
| [33mtrain[0m | E: 188 | S: 188000 | R: 864.6741 | D: 11.9 s | BR: 6.0993 | ALOSS: -684.5339 | CLOSS: 10.9575 | TLOSS: 0.0080 | TVAL: 0.1280 | AENT: -0.9371
| [32meval[0m  | E: 188 | S: 188000 | R: 857.8761
| [33mtrain[0m | E: 189 | S: 189000 | R: 854.8315 | D: 15.9 s | BR: 6.0482 | ALOSS: -685.1333 | CLOSS: 11.7560 | TLOSS: 0.0111 | TVAL: 0.1275 | AENT: -0.9133
| [33mtrain[0m | E: 190 | S: 190000 | R: 860.3959 | D: 12.0 s | BR: 6.1033 | ALOSS: -686.0111 | CLOSS: 25.0815 | TLOSS: 0.0089 | TVAL: 0.1269 | AENT: -0.9300
| [33mtrain[0m | E: 191 | S: 191000 | R: 843.0908 | D: 12.3 s | BR: 6.0732 | ALOSS: -685.9476 | CLOSS: 14.5021 | TLOSS: 0.0092 | TVAL: 0.1265 | AENT: -0.9274
| [33mtrain[0m | E: 192 | S: 192000 | R: 848.2542 | D: 12.0 s | BR: 6.0775 | ALOSS: -686.3700 | CLOSS: 17.2322 | TLOSS: 0.0065 | TVAL: 0.1261 | AENT: -0.9487
| [32meval[0m  | E: 192 | S: 192000 | R: 866.7412
| [33mtrain[0m | E: 193 | S: 193000 | R: 830.2762 | D: 16.0 s | BR: 6.0881 | ALOSS: -686.7565 | CLOSS: 8.9143 | TLOSS: 0.0126 | TVAL: 0.1256 | AENT: -0.9001
| [33mtrain[0m | E: 194 | S: 194000 | R: 854.6374 | D: 12.1 s | BR: 6.1129 | ALOSS: -686.7439 | CLOSS: 11.8798 | TLOSS: 0.0046 | TVAL: 0.1251 | AENT: -0.9636
| [33mtrain[0m | E: 195 | S: 195000 | R: 850.3959 | D: 12.2 s | BR: 6.0597 | ALOSS: -686.2916 | CLOSS: 16.7116 | TLOSS: -0.0013 | TVAL: 0.1251 | AENT: -1.0107
| [33mtrain[0m | E: 196 | S: 196000 | R: 841.0564 | D: 12.1 s | BR: 6.1079 | ALOSS: -687.5404 | CLOSS: 14.4860 | TLOSS: -0.0020 | TVAL: 0.1252 | AENT: -1.0163
| [32meval[0m  | E: 196 | S: 196000 | R: 872.7662
| [33mtrain[0m | E: 197 | S: 197000 | R: 858.4954 | D: 16.0 s | BR: 6.0788 | ALOSS: -687.3687 | CLOSS: 17.8479 | TLOSS: -0.0015 | TVAL: 0.1253 | AENT: -1.0116
| [33mtrain[0m | E: 198 | S: 198000 | R: 861.4702 | D: 12.2 s | BR: 6.0898 | ALOSS: -688.8492 | CLOSS: 13.0405 | TLOSS: 0.0128 | TVAL: 0.1250 | AENT: -0.8978
| [33mtrain[0m | E: 199 | S: 199000 | R: 841.6625 | D: 12.2 s | BR: 6.0966 | ALOSS: -689.7643 | CLOSS: 16.2751 | TLOSS: 0.0127 | TVAL: 0.1244 | AENT: -0.8977
| [33mtrain[0m | E: 200 | S: 200000 | R: 833.8922 | D: 12.2 s | BR: 6.0991 | ALOSS: -690.5117 | CLOSS: 7.8782 | TLOSS: 0.0119 | TVAL: 0.1238 | AENT: -0.9043
| [32meval[0m  | E: 200 | S: 200000 | R: 875.1198
| [33mtrain[0m | E: 201 | S: 201000 | R: 852.6044 | D: 16.1 s | BR: 6.1205 | ALOSS: -691.2318 | CLOSS: 15.4250 | TLOSS: 0.0079 | TVAL: 0.1234 | AENT: -0.9358
| [33mtrain[0m | E: 202 | S: 202000 | R: 856.3961 | D: 12.3 s | BR: 6.1119 | ALOSS: -691.4232 | CLOSS: 16.0822 | TLOSS: 0.0138 | TVAL: 0.1227 | AENT: -0.8878
| [33mtrain[0m | E: 203 | S: 203000 | R: 856.0919 | D: 12.3 s | BR: 6.0831 | ALOSS: -690.6624 | CLOSS: 17.2871 | TLOSS: 0.0129 | TVAL: 0.1222 | AENT: -0.8946
| [33mtrain[0m | E: 204 | S: 204000 | R: 853.3822 | D: 12.2 s | BR: 6.1580 | ALOSS: -691.6582 | CLOSS: 15.4539 | TLOSS: 0.0038 | TVAL: 0.1219 | AENT: -0.9691
| [32meval[0m  | E: 204 | S: 204000 | R: 837.4393
| [33mtrain[0m | E: 205 | S: 205000 | R: 843.6271 | D: 16.3 s | BR: 6.1047 | ALOSS: -691.0569 | CLOSS: 12.1451 | TLOSS: 0.0133 | TVAL: 0.1214 | AENT: -0.8901
| [33mtrain[0m | E: 206 | S: 206000 | R: 857.7694 | D: 12.4 s | BR: 6.1326 | ALOSS: -692.5397 | CLOSS: 19.2200 | TLOSS: -0.0002 | TVAL: 0.1210 | AENT: -1.0019
| [33mtrain[0m | E: 207 | S: 207000 | R: 814.8288 | D: 12.4 s | BR: 6.1541 | ALOSS: -692.8321 | CLOSS: 9.0615 | TLOSS: 0.0054 | TVAL: 0.1210 | AENT: -0.9556
| [33mtrain[0m | E: 208 | S: 208000 | R: 839.0311 | D: 12.4 s | BR: 6.1159 | ALOSS: -692.0486 | CLOSS: 20.7424 | TLOSS: 0.0067 | TVAL: 0.1208 | AENT: -0.9448
| [32meval[0m  | E: 208 | S: 208000 | R: 856.2735
| [33mtrain[0m | E: 209 | S: 209000 | R: 813.1921 | D: 16.4 s | BR: 6.1634 | ALOSS: -694.0563 | CLOSS: 11.7238 | TLOSS: 0.0191 | TVAL: 0.1201 | AENT: -0.8409
| [33mtrain[0m | E: 210 | S: 210000 | R: 847.2118 | D: 12.3 s | BR: 6.1057 | ALOSS: -693.1986 | CLOSS: 13.1837 | TLOSS: 0.0139 | TVAL: 0.1194 | AENT: -0.8837
| [33mtrain[0m | E: 211 | S: 211000 | R: 813.3375 | D: 12.5 s | BR: 6.0904 | ALOSS: -693.3993 | CLOSS: 12.8624 | TLOSS: 0.0091 | TVAL: 0.1189 | AENT: -0.9238
| [33mtrain[0m | E: 212 | S: 212000 | R: 852.5872 | D: 12.5 s | BR: 6.1090 | ALOSS: -693.5681 | CLOSS: 14.8388 | TLOSS: 0.0079 | TVAL: 0.1186 | AENT: -0.9335
| [32meval[0m  | E: 212 | S: 212000 | R: 863.3876
| [33mtrain[0m | E: 213 | S: 213000 | R: 850.8263 | D: 16.5 s | BR: 6.1419 | ALOSS: -695.3526 | CLOSS: 16.8284 | TLOSS: 0.0121 | TVAL: 0.1182 | AENT: -0.8979
| [33mtrain[0m | E: 214 | S: 214000 | R: 838.6415 | D: 12.5 s | BR: 6.0875 | ALOSS: -694.8735 | CLOSS: 17.0440 | TLOSS: 0.0090 | TVAL: 0.1177 | AENT: -0.9236
| [33mtrain[0m | E: 215 | S: 215000 | R: 856.6305 | D: 12.6 s | BR: 6.0901 | ALOSS: -695.8257 | CLOSS: 35.7708 | TLOSS: 0.0000 | TVAL: 0.1175 | AENT: -0.9998
| [33mtrain[0m | E: 216 | S: 216000 | R: 784.0632 | D: 12.7 s | BR: 6.1412 | ALOSS: -697.3145 | CLOSS: 10.0126 | TLOSS: 0.0021 | TVAL: 0.1175 | AENT: -0.9825
| [32meval[0m  | E: 216 | S: 216000 | R: 859.4320
| [33mtrain[0m | E: 217 | S: 217000 | R: 751.8041 | D: 16.6 s | BR: 6.1146 | ALOSS: -697.1376 | CLOSS: 13.9890 | TLOSS: 0.0064 | TVAL: 0.1172 | AENT: -0.9450
| [33mtrain[0m | E: 218 | S: 218000 | R: 850.6014 | D: 12.6 s | BR: 6.1254 | ALOSS: -696.8952 | CLOSS: 11.7602 | TLOSS: 0.0020 | TVAL: 0.1170 | AENT: -0.9830
| [33mtrain[0m | E: 219 | S: 219000 | R: 862.3295 | D: 12.8 s | BR: 6.1389 | ALOSS: -697.8151 | CLOSS: 8.4572 | TLOSS: 0.0027 | TVAL: 0.1169 | AENT: -0.9770
| [33mtrain[0m | E: 220 | S: 220000 | R: 855.2525 | D: 12.9 s | BR: 6.1645 | ALOSS: -698.2488 | CLOSS: 11.4669 | TLOSS: -0.0029 | TVAL: 0.1170 | AENT: -1.0251
| [32meval[0m  | E: 220 | S: 220000 | R: 863.9182
| [33mtrain[0m | E: 221 | S: 221000 | R: 843.7837 | D: 16.6 s | BR: 6.1421 | ALOSS: -698.0177 | CLOSS: 10.8270 | TLOSS: -0.0007 | TVAL: 0.1171 | AENT: -1.0062
| [33mtrain[0m | E: 222 | S: 222000 | R: 849.9681 | D: 12.7 s | BR: 6.1405 | ALOSS: -699.0530 | CLOSS: 13.8308 | TLOSS: -0.0018 | TVAL: 0.1171 | AENT: -1.0154
| [33mtrain[0m | E: 223 | S: 223000 | R: 858.2705 | D: 12.9 s | BR: 6.1438 | ALOSS: -700.2188 | CLOSS: 21.3150 | TLOSS: -0.0076 | TVAL: 0.1173 | AENT: -1.0647
| [33mtrain[0m | E: 224 | S: 224000 | R: 829.4142 | D: 12.8 s | BR: 6.1078 | ALOSS: -698.7615 | CLOSS: 13.8027 | TLOSS: 0.0003 | TVAL: 0.1176 | AENT: -0.9975
| [32meval[0m  | E: 224 | S: 224000 | R: 842.4988
| [33mtrain[0m | E: 225 | S: 225000 | R: 844.3314 | D: 16.8 s | BR: 6.1362 | ALOSS: -698.9845 | CLOSS: 10.0072 | TLOSS: 0.0099 | TVAL: 0.1172 | AENT: -0.9154
| [33mtrain[0m | E: 226 | S: 226000 | R: 838.6068 | D: 12.9 s | BR: 6.1335 | ALOSS: -699.0004 | CLOSS: 10.8179 | TLOSS: -0.0020 | TVAL: 0.1170 | AENT: -1.0168
| [33mtrain[0m | E: 227 | S: 227000 | R: 860.9199 | D: 13.0 s | BR: 6.1132 | ALOSS: -698.8601 | CLOSS: 28.9678 | TLOSS: -0.0023 | TVAL: 0.1172 | AENT: -1.0198
| [33mtrain[0m | E: 228 | S: 228000 | R: 821.0353 | D: 13.0 s | BR: 6.1365 | ALOSS: -700.2259 | CLOSS: 12.5056 | TLOSS: 0.0038 | TVAL: 0.1171 | AENT: -0.9672
| [32meval[0m  | E: 228 | S: 228000 | R: 863.4474
| [33mtrain[0m | E: 229 | S: 229000 | R: 823.0724 | D: 16.7 s | BR: 6.1622 | ALOSS: -700.9239 | CLOSS: 7.8014 | TLOSS: 0.0039 | TVAL: 0.1169 | AENT: -0.9666
| [33mtrain[0m | E: 230 | S: 230000 | R: 859.2842 | D: 13.1 s | BR: 6.1569 | ALOSS: -701.0203 | CLOSS: 11.2689 | TLOSS: -0.0046 | TVAL: 0.1169 | AENT: -1.0396
| [33mtrain[0m | E: 231 | S: 231000 | R: 859.8021 | D: 13.2 s | BR: 6.1563 | ALOSS: -701.5217 | CLOSS: 12.2053 | TLOSS: -0.0056 | TVAL: 0.1172 | AENT: -1.0480
| [33mtrain[0m | E: 232 | S: 232000 | R: 858.4264 | D: 13.1 s | BR: 6.1583 | ALOSS: -701.9931 | CLOSS: 61.6865 | TLOSS: -0.0005 | TVAL: 0.1174 | AENT: -1.0043
| [32meval[0m  | E: 232 | S: 232000 | R: 839.1905
| [33mtrain[0m | E: 233 | S: 233000 | R: 840.0781 | D: 17.0 s | BR: 6.1640 | ALOSS: -701.6438 | CLOSS: 11.8113 | TLOSS: 0.0059 | TVAL: 0.1172 | AENT: -0.9497
| [33mtrain[0m | E: 234 | S: 234000 | R: 842.5321 | D: 13.2 s | BR: 6.1319 | ALOSS: -701.4851 | CLOSS: 11.8295 | TLOSS: 0.0027 | TVAL: 0.1170 | AENT: -0.9767
| [33mtrain[0m | E: 235 | S: 235000 | R: 857.6843 | D: 13.3 s | BR: 6.1750 | ALOSS: -702.0788 | CLOSS: 8.6010 | TLOSS: -0.0023 | TVAL: 0.1170 | AENT: -1.0200
| [33mtrain[0m | E: 236 | S: 236000 | R: 859.4282 | D: 13.1 s | BR: 6.1561 | ALOSS: -702.8807 | CLOSS: 10.6613 | TLOSS: -0.0095 | TVAL: 0.1173 | AENT: -1.0813
| [32meval[0m  | E: 236 | S: 236000 | R: 874.5775
| [33mtrain[0m | E: 237 | S: 237000 | R: 855.5162 | D: 16.8 s | BR: 6.1595 | ALOSS: -702.0756 | CLOSS: 11.4981 | TLOSS: -0.0061 | TVAL: 0.1177 | AENT: -1.0521
| [33mtrain[0m | E: 238 | S: 238000 | R: 862.1334 | D: 13.0 s | BR: 6.1606 | ALOSS: -703.3849 | CLOSS: 10.2105 | TLOSS: -0.0089 | TVAL: 0.1180 | AENT: -1.0752
| [33mtrain[0m | E: 239 | S: 239000 | R: 858.5530 | D: 13.1 s | BR: 6.1938 | ALOSS: -703.8994 | CLOSS: 9.7252 | TLOSS: -0.0040 | TVAL: 0.1184 | AENT: -1.0337
Switching to test env
| [33mtrain[0m | E: 240 | S: 240000 | R: 864.7425 | D: 13.1 s | BR: 6.1571 | ALOSS: -704.3250 | CLOSS: 8.6042 | TLOSS: -0.0024 | TVAL: 0.1185 | AENT: -1.0205
| [32meval[0m  | E: 240 | S: 240000 | R: 869.3729
