cartpole_damping_10000_ar8_seed10
workspace: /scratch/yxue/CMID/runs/cartpole_damping_slide_envA_5e-10_envB_5e-1_30000_seed0/sac/0
| [32meval[0m  | E: 0 | S: 0 | R: 0.6869
| [32meval[0m  | E: 4 | S: 4000 | R: 0.6764
| [32meval[0m  | E: 8 | S: 8000 | R: 0.6769
| [33mtrain[0m | E: 9 | S: 9000 | R: 57.4112 | D: 13.6 s | BR: 0.9334 | ALOSS: -1.2832 | CLOSS: 1.2401 | TLOSS: 0.1499 | TVAL: 0.0997 | AENT: 0.5031
| [33mtrain[0m | E: 10 | S: 10000 | R: 195.7221 | D: 10.6 s | BR: 1.0173 | ALOSS: -1.9310 | CLOSS: 0.6782 | TLOSS: 0.1637 | TVAL: 0.0991 | AENT: 0.6517
| [33mtrain[0m | E: 11 | S: 11000 | R: 203.5758 | D: 10.6 s | BR: 1.0428 | ALOSS: -2.3977 | CLOSS: 0.7798 | TLOSS: 0.1621 | TVAL: 0.0985 | AENT: 0.6458
| [33mtrain[0m | E: 12 | S: 12000 | R: 117.6698 | D: 10.5 s | BR: 1.0124 | ALOSS: -2.8662 | CLOSS: 0.4146 | TLOSS: 0.1611 | TVAL: 0.0979 | AENT: 0.6465
| [32meval[0m  | E: 12 | S: 12000 | R: 42.6005
| [33mtrain[0m | E: 13 | S: 13000 | R: 32.0079 | D: 14.0 s | BR: 0.9677 | ALOSS: -3.3382 | CLOSS: 0.6729 | TLOSS: 0.1589 | TVAL: 0.0973 | AENT: 0.6342
| [33mtrain[0m | E: 14 | S: 14000 | R: 151.9236 | D: 10.6 s | BR: 1.0181 | ALOSS: -4.1154 | CLOSS: 1.1585 | TLOSS: 0.1564 | TVAL: 0.0967 | AENT: 0.6177
| [33mtrain[0m | E: 15 | S: 15000 | R: 220.0265 | D: 10.6 s | BR: 1.0402 | ALOSS: -4.8240 | CLOSS: 1.9320 | TLOSS: 0.1500 | TVAL: 0.0961 | AENT: 0.5609
| [33mtrain[0m | E: 16 | S: 16000 | R: 194.8068 | D: 10.5 s | BR: 1.1022 | ALOSS: -5.7836 | CLOSS: 2.1499 | TLOSS: 0.1346 | TVAL: 0.0956 | AENT: 0.4083
| [32meval[0m  | E: 16 | S: 16000 | R: 171.7143
| [33mtrain[0m | E: 17 | S: 17000 | R: 186.3777 | D: 14.0 s | BR: 1.0952 | ALOSS: -6.4298 | CLOSS: 1.6298 | TLOSS: 0.1362 | TVAL: 0.0950 | AENT: 0.4327
| [33mtrain[0m | E: 18 | S: 18000 | R: 189.6399 | D: 10.6 s | BR: 1.1379 | ALOSS: -7.2119 | CLOSS: 2.4474 | TLOSS: 0.1079 | TVAL: 0.0946 | AENT: 0.1410
| [33mtrain[0m | E: 19 | S: 19000 | R: 209.3782 | D: 10.6 s | BR: 1.2205 | ALOSS: -8.5582 | CLOSS: 4.0800 | TLOSS: 0.0963 | TVAL: 0.0942 | AENT: 0.0226
| [33mtrain[0m | E: 20 | S: 20000 | R: 331.4611 | D: 10.5 s | BR: 1.2420 | ALOSS: -9.6291 | CLOSS: 2.4120 | TLOSS: 0.0862 | TVAL: 0.0938 | AENT: -0.0809
| [32meval[0m  | E: 20 | S: 20000 | R: 284.3481
| [33mtrain[0m | E: 21 | S: 21000 | R: 155.7193 | D: 13.9 s | BR: 1.2700 | ALOSS: -10.7788 | CLOSS: 4.7656 | TLOSS: 0.0780 | TVAL: 0.0934 | AENT: -0.1657
| [33mtrain[0m | E: 22 | S: 22000 | R: 223.7377 | D: 10.6 s | BR: 1.2708 | ALOSS: -12.2393 | CLOSS: 4.1282 | TLOSS: 0.0697 | TVAL: 0.0931 | AENT: -0.2513
| [33mtrain[0m | E: 23 | S: 23000 | R: 186.7622 | D: 10.7 s | BR: 1.2891 | ALOSS: -13.3534 | CLOSS: 3.9586 | TLOSS: 0.0606 | TVAL: 0.0928 | AENT: -0.3465
| [33mtrain[0m | E: 24 | S: 24000 | R: 254.8671 | D: 10.9 s | BR: 1.3491 | ALOSS: -15.1128 | CLOSS: 5.5411 | TLOSS: 0.0525 | TVAL: 0.0925 | AENT: -0.4327
| [32meval[0m  | E: 24 | S: 24000 | R: 175.2677
| [33mtrain[0m | E: 25 | S: 25000 | R: 436.7750 | D: 14.7 s | BR: 1.4042 | ALOSS: -16.6389 | CLOSS: 6.7682 | TLOSS: 0.0368 | TVAL: 0.0923 | AENT: -0.6016
| [33mtrain[0m | E: 26 | S: 26000 | R: 205.6571 | D: 11.0 s | BR: 1.4110 | ALOSS: -17.6350 | CLOSS: 11.8007 | TLOSS: 0.0168 | TVAL: 0.0922 | AENT: -0.8175
| [33mtrain[0m | E: 27 | S: 27000 | R: 235.1952 | D: 10.8 s | BR: 1.4295 | ALOSS: -18.7784 | CLOSS: 10.5383 | TLOSS: 0.0231 | TVAL: 0.0921 | AENT: -0.7493
| [33mtrain[0m | E: 28 | S: 28000 | R: 381.2849 | D: 10.8 s | BR: 1.5236 | ALOSS: -21.0024 | CLOSS: 10.7700 | TLOSS: 0.0042 | TVAL: 0.0920 | AENT: -0.9542
| [32meval[0m  | E: 28 | S: 28000 | R: 668.1266
| [33mtrain[0m | E: 29 | S: 29000 | R: 325.8197 | D: 14.5 s | BR: 1.5515 | ALOSS: -22.4915 | CLOSS: 12.7676 | TLOSS: -0.0142 | TVAL: 0.0920 | AENT: -1.1546
| [33mtrain[0m | E: 30 | S: 30000 | R: 389.1362 | D: 10.6 s | BR: 1.6138 | ALOSS: -25.0043 | CLOSS: 12.2382 | TLOSS: -0.0219 | TVAL: 0.0921 | AENT: -1.2373
| [33mtrain[0m | E: 31 | S: 31000 | R: 651.9852 | D: 10.6 s | BR: 1.7392 | ALOSS: -27.6173 | CLOSS: 19.8133 | TLOSS: -0.0195 | TVAL: 0.0922 | AENT: -1.2116
| [33mtrain[0m | E: 32 | S: 32000 | R: 419.8251 | D: 10.7 s | BR: 1.8054 | ALOSS: -29.8820 | CLOSS: 14.7969 | TLOSS: -0.0290 | TVAL: 0.0924 | AENT: -1.3141
| [32meval[0m  | E: 32 | S: 32000 | R: 516.2978
| [33mtrain[0m | E: 33 | S: 33000 | R: 501.9964 | D: 13.9 s | BR: 1.8547 | ALOSS: -31.7765 | CLOSS: 21.4236 | TLOSS: -0.0252 | TVAL: 0.0926 | AENT: -1.2724
| [33mtrain[0m | E: 34 | S: 34000 | R: 405.5056 | D: 10.6 s | BR: 1.8858 | ALOSS: -34.0311 | CLOSS: 32.0276 | TLOSS: -0.0379 | TVAL: 0.0928 | AENT: -1.4084
| [33mtrain[0m | E: 35 | S: 35000 | R: 576.3448 | D: 10.9 s | BR: 1.9578 | ALOSS: -36.9573 | CLOSS: 30.5526 | TLOSS: -0.0352 | TVAL: 0.0931 | AENT: -1.3779
| [33mtrain[0m | E: 36 | S: 36000 | R: 451.8386 | D: 10.9 s | BR: 2.0347 | ALOSS: -39.8306 | CLOSS: 28.7640 | TLOSS: -0.0422 | TVAL: 0.0934 | AENT: -1.4517
| [32meval[0m  | E: 36 | S: 36000 | R: 508.0440
| [33mtrain[0m | E: 37 | S: 37000 | R: 619.4382 | D: 15.3 s | BR: 2.1045 | ALOSS: -42.4210 | CLOSS: 27.9288 | TLOSS: -0.0600 | TVAL: 0.0938 | AENT: -1.6397
| [33mtrain[0m | E: 38 | S: 38000 | R: 648.2719 | D: 11.1 s | BR: 2.2005 | ALOSS: -45.6722 | CLOSS: 36.9387 | TLOSS: -0.0490 | TVAL: 0.0942 | AENT: -1.5201
| [33mtrain[0m | E: 39 | S: 39000 | R: 705.6398 | D: 11.6 s | BR: 2.2766 | ALOSS: -49.4653 | CLOSS: 34.7236 | TLOSS: -0.0556 | TVAL: 0.0946 | AENT: -1.5871
| [33mtrain[0m | E: 40 | S: 40000 | R: 710.2296 | D: 11.3 s | BR: 2.3737 | ALOSS: -52.5600 | CLOSS: 35.1051 | TLOSS: -0.0575 | TVAL: 0.0951 | AENT: -1.6051
| [32meval[0m  | E: 40 | S: 40000 | R: 634.4839
| [33mtrain[0m | E: 41 | S: 41000 | R: 671.9563 | D: 15.1 s | BR: 2.4365 | ALOSS: -55.7570 | CLOSS: 43.8125 | TLOSS: -0.0525 | TVAL: 0.0955 | AENT: -1.5491
| [33mtrain[0m | E: 42 | S: 42000 | R: 462.7953 | D: 11.2 s | BR: 2.4515 | ALOSS: -59.0416 | CLOSS: 38.0594 | TLOSS: -0.0592 | TVAL: 0.0960 | AENT: -1.6164
| [33mtrain[0m | E: 43 | S: 43000 | R: 708.6987 | D: 11.5 s | BR: 2.5412 | ALOSS: -62.2326 | CLOSS: 38.3518 | TLOSS: -0.0554 | TVAL: 0.0965 | AENT: -1.5746
| [33mtrain[0m | E: 44 | S: 44000 | R: 727.7374 | D: 11.4 s | BR: 2.6122 | ALOSS: -65.5088 | CLOSS: 63.1186 | TLOSS: -0.0504 | TVAL: 0.0970 | AENT: -1.5194
| [32meval[0m  | E: 44 | S: 44000 | R: 585.2635
| [33mtrain[0m | E: 45 | S: 45000 | R: 412.8221 | D: 15.2 s | BR: 2.6350 | ALOSS: -68.4806 | CLOSS: 53.9597 | TLOSS: -0.0571 | TVAL: 0.0974 | AENT: -1.5857
| [33mtrain[0m | E: 46 | S: 46000 | R: 519.9569 | D: 11.2 s | BR: 2.6868 | ALOSS: -73.4087 | CLOSS: 71.9454 | TLOSS: -0.0596 | TVAL: 0.0980 | AENT: -1.6084
| [33mtrain[0m | E: 47 | S: 47000 | R: 618.4476 | D: 11.4 s | BR: 2.7483 | ALOSS: -77.3469 | CLOSS: 60.3486 | TLOSS: -0.0709 | TVAL: 0.0985 | AENT: -1.7199
| [33mtrain[0m | E: 48 | S: 48000 | R: 714.0651 | D: 11.3 s | BR: 2.8205 | ALOSS: -80.2893 | CLOSS: 67.2302 | TLOSS: -0.0772 | TVAL: 0.0992 | AENT: -1.7781
| [32meval[0m  | E: 48 | S: 48000 | R: 500.8058
| [33mtrain[0m | E: 49 | S: 49000 | R: 699.6911 | D: 15.2 s | BR: 2.8531 | ALOSS: -83.4027 | CLOSS: 59.6444 | TLOSS: -0.0703 | TVAL: 0.0999 | AENT: -1.7035
| [33mtrain[0m | E: 50 | S: 50000 | R: 628.0540 | D: 11.1 s | BR: 2.9097 | ALOSS: -88.5320 | CLOSS: 73.9230 | TLOSS: -0.0765 | TVAL: 0.1006 | AENT: -1.7608
| [33mtrain[0m | E: 51 | S: 51000 | R: 680.6126 | D: 11.4 s | BR: 2.9551 | ALOSS: -91.1298 | CLOSS: 74.4996 | TLOSS: -0.0800 | TVAL: 0.1012 | AENT: -1.7906
| [33mtrain[0m | E: 52 | S: 52000 | R: 585.6892 | D: 11.2 s | BR: 2.9534 | ALOSS: -95.5476 | CLOSS: 69.6611 | TLOSS: -0.0764 | TVAL: 0.1020 | AENT: -1.7497
| [32meval[0m  | E: 52 | S: 52000 | R: 706.9519
| [33mtrain[0m | E: 53 | S: 53000 | R: 714.3062 | D: 15.4 s | BR: 3.0219 | ALOSS: -99.9542 | CLOSS: 62.3748 | TLOSS: -0.0920 | TVAL: 0.1027 | AENT: -1.8955
| [33mtrain[0m | E: 54 | S: 54000 | R: 734.4105 | D: 11.4 s | BR: 3.0641 | ALOSS: -103.5239 | CLOSS: 65.8167 | TLOSS: -0.0872 | TVAL: 0.1035 | AENT: -1.8428
| [33mtrain[0m | E: 55 | S: 55000 | R: 740.7339 | D: 11.5 s | BR: 3.1515 | ALOSS: -107.7128 | CLOSS: 62.5155 | TLOSS: -0.0870 | TVAL: 0.1042 | AENT: -1.8347
| [33mtrain[0m | E: 56 | S: 56000 | R: 819.1679 | D: 11.3 s | BR: 3.1772 | ALOSS: -112.7304 | CLOSS: 61.9810 | TLOSS: -0.0890 | TVAL: 0.1050 | AENT: -1.8477
| [32meval[0m  | E: 56 | S: 56000 | R: 771.5507
| [33mtrain[0m | E: 57 | S: 57000 | R: 774.3609 | D: 15.4 s | BR: 3.2647 | ALOSS: -117.9604 | CLOSS: 68.4910 | TLOSS: -0.0884 | TVAL: 0.1058 | AENT: -1.8359
| [33mtrain[0m | E: 58 | S: 58000 | R: 780.9847 | D: 11.1 s | BR: 3.2933 | ALOSS: -121.8899 | CLOSS: 54.8849 | TLOSS: -0.0914 | TVAL: 0.1066 | AENT: -1.8577
| [33mtrain[0m | E: 59 | S: 59000 | R: 767.9151 | D: 11.4 s | BR: 3.3870 | ALOSS: -126.3013 | CLOSS: 61.1840 | TLOSS: -0.0916 | TVAL: 0.1073 | AENT: -1.8535
| [33mtrain[0m | E: 60 | S: 60000 | R: 789.6037 | D: 11.2 s | BR: 3.4077 | ALOSS: -130.8752 | CLOSS: 58.5698 | TLOSS: -0.0965 | TVAL: 0.1081 | AENT: -1.8919
| [32meval[0m  | E: 60 | S: 60000 | R: 702.8031
| [33mtrain[0m | E: 61 | S: 61000 | R: 725.0989 | D: 15.2 s | BR: 3.4219 | ALOSS: -134.5678 | CLOSS: 58.7816 | TLOSS: -0.0912 | TVAL: 0.1089 | AENT: -1.8375
| [33mtrain[0m | E: 62 | S: 62000 | R: 624.5896 | D: 11.1 s | BR: 3.4648 | ALOSS: -139.7315 | CLOSS: 59.6099 | TLOSS: -0.1004 | TVAL: 0.1097 | AENT: -1.9149
| [33mtrain[0m | E: 63 | S: 63000 | R: 685.2324 | D: 11.7 s | BR: 3.4932 | ALOSS: -143.5948 | CLOSS: 57.6777 | TLOSS: -0.0880 | TVAL: 0.1105 | AENT: -1.7964
| [33mtrain[0m | E: 64 | S: 64000 | R: 744.5340 | D: 11.6 s | BR: 3.5741 | ALOSS: -147.8743 | CLOSS: 52.7246 | TLOSS: -0.0866 | TVAL: 0.1113 | AENT: -1.7787
| [32meval[0m  | E: 64 | S: 64000 | R: 774.7866
| [33mtrain[0m | E: 65 | S: 65000 | R: 712.5173 | D: 15.3 s | BR: 3.5907 | ALOSS: -152.2854 | CLOSS: 47.6035 | TLOSS: -0.0909 | TVAL: 0.1120 | AENT: -1.8121
| [33mtrain[0m | E: 66 | S: 66000 | R: 792.2845 | D: 11.1 s | BR: 3.5748 | ALOSS: -155.8445 | CLOSS: 44.5965 | TLOSS: -0.0910 | TVAL: 0.1127 | AENT: -1.8070
| [33mtrain[0m | E: 67 | S: 67000 | R: 751.9565 | D: 11.6 s | BR: 3.6807 | ALOSS: -159.3268 | CLOSS: 44.6483 | TLOSS: -0.0947 | TVAL: 0.1135 | AENT: -1.8344
| [33mtrain[0m | E: 68 | S: 68000 | R: 694.2146 | D: 11.5 s | BR: 3.6748 | ALOSS: -164.1076 | CLOSS: 57.6485 | TLOSS: -0.0957 | TVAL: 0.1143 | AENT: -1.8376
| [32meval[0m  | E: 68 | S: 68000 | R: 436.9594
| [33mtrain[0m | E: 69 | S: 69000 | R: 552.3748 | D: 15.6 s | BR: 3.6845 | ALOSS: -167.9204 | CLOSS: 46.9351 | TLOSS: -0.0947 | TVAL: 0.1151 | AENT: -1.8233
| [33mtrain[0m | E: 70 | S: 70000 | R: 668.6767 | D: 11.3 s | BR: 3.7238 | ALOSS: -171.5275 | CLOSS: 41.5452 | TLOSS: -0.0897 | TVAL: 0.1158 | AENT: -1.7741
| [33mtrain[0m | E: 71 | S: 71000 | R: 721.8564 | D: 11.8 s | BR: 3.7595 | ALOSS: -176.1381 | CLOSS: 42.6894 | TLOSS: -0.0843 | TVAL: 0.1166 | AENT: -1.7228
| [33mtrain[0m | E: 72 | S: 72000 | R: 647.2894 | D: 11.6 s | BR: 3.7515 | ALOSS: -179.1237 | CLOSS: 43.4667 | TLOSS: -0.0800 | TVAL: 0.1173 | AENT: -1.6822
| [32meval[0m  | E: 72 | S: 72000 | R: 730.0855
| [33mtrain[0m | E: 73 | S: 73000 | R: 546.6939 | D: 15.6 s | BR: 3.7482 | ALOSS: -182.9484 | CLOSS: 34.2764 | TLOSS: -0.0725 | TVAL: 0.1179 | AENT: -1.6150
| [33mtrain[0m | E: 74 | S: 74000 | R: 556.6508 | D: 11.4 s | BR: 3.7920 | ALOSS: -184.9220 | CLOSS: 32.0476 | TLOSS: -0.0736 | TVAL: 0.1185 | AENT: -1.6213
| [33mtrain[0m | E: 75 | S: 75000 | R: 738.4168 | D: 11.5 s | BR: 3.8119 | ALOSS: -188.9749 | CLOSS: 34.4316 | TLOSS: -0.0721 | TVAL: 0.1192 | AENT: -1.6047
| [33mtrain[0m | E: 76 | S: 76000 | R: 695.8209 | D: 11.6 s | BR: 3.8383 | ALOSS: -192.6036 | CLOSS: 29.5818 | TLOSS: -0.0641 | TVAL: 0.1198 | AENT: -1.5350
| [32meval[0m  | E: 76 | S: 76000 | R: 630.0077
| [33mtrain[0m | E: 77 | S: 77000 | R: 725.7631 | D: 15.5 s | BR: 3.8667 | ALOSS: -196.2443 | CLOSS: 36.8427 | TLOSS: -0.0591 | TVAL: 0.1203 | AENT: -1.4910
| [33mtrain[0m | E: 78 | S: 78000 | R: 639.2698 | D: 11.4 s | BR: 3.8472 | ALOSS: -198.8280 | CLOSS: 26.6251 | TLOSS: -0.0653 | TVAL: 0.1209 | AENT: -1.5405
| [33mtrain[0m | E: 79 | S: 79000 | R: 623.3048 | D: 11.4 s | BR: 3.8589 | ALOSS: -202.5042 | CLOSS: 29.4441 | TLOSS: -0.0568 | TVAL: 0.1214 | AENT: -1.4678
| [33mtrain[0m | E: 80 | S: 80000 | R: 660.5000 | D: 11.2 s | BR: 3.9118 | ALOSS: -205.4445 | CLOSS: 30.5451 | TLOSS: -0.0622 | TVAL: 0.1220 | AENT: -1.5098
| [32meval[0m  | E: 80 | S: 80000 | R: 716.5636
| [33mtrain[0m | E: 81 | S: 81000 | R: 714.3736 | D: 15.4 s | BR: 3.8925 | ALOSS: -207.8114 | CLOSS: 30.7552 | TLOSS: -0.0525 | TVAL: 0.1226 | AENT: -1.4280
| [33mtrain[0m | E: 82 | S: 82000 | R: 715.2262 | D: 11.2 s | BR: 3.9554 | ALOSS: -210.9126 | CLOSS: 25.0551 | TLOSS: -0.0513 | TVAL: 0.1230 | AENT: -1.4166
| [33mtrain[0m | E: 83 | S: 83000 | R: 747.8578 | D: 11.6 s | BR: 3.9525 | ALOSS: -213.3580 | CLOSS: 22.2579 | TLOSS: -0.0438 | TVAL: 0.1235 | AENT: -1.3546
| [33mtrain[0m | E: 84 | S: 84000 | R: 751.0900 | D: 11.3 s | BR: 4.0195 | ALOSS: -216.5521 | CLOSS: 23.3551 | TLOSS: -0.0503 | TVAL: 0.1240 | AENT: -1.4054
| [32meval[0m  | E: 84 | S: 84000 | R: 731.6716
| [33mtrain[0m | E: 85 | S: 85000 | R: 746.0225 | D: 15.5 s | BR: 4.0240 | ALOSS: -219.0110 | CLOSS: 29.7016 | TLOSS: -0.0483 | TVAL: 0.1245 | AENT: -1.3879
| [33mtrain[0m | E: 86 | S: 86000 | R: 719.5390 | D: 11.1 s | BR: 4.0658 | ALOSS: -223.1305 | CLOSS: 30.6069 | TLOSS: -0.0421 | TVAL: 0.1250 | AENT: -1.3369
| [33mtrain[0m | E: 87 | S: 87000 | R: 779.2033 | D: 11.3 s | BR: 4.0862 | ALOSS: -225.8069 | CLOSS: 22.7883 | TLOSS: -0.0444 | TVAL: 0.1255 | AENT: -1.3542
| [33mtrain[0m | E: 88 | S: 88000 | R: 808.8658 | D: 11.3 s | BR: 4.1087 | ALOSS: -228.4575 | CLOSS: 25.4569 | TLOSS: -0.0436 | TVAL: 0.1260 | AENT: -1.3464
| [32meval[0m  | E: 88 | S: 88000 | R: 828.9008
| [33mtrain[0m | E: 89 | S: 89000 | R: 762.7207 | D: 15.6 s | BR: 4.1479 | ALOSS: -231.3748 | CLOSS: 23.0348 | TLOSS: -0.0418 | TVAL: 0.1264 | AENT: -1.3308
| [33mtrain[0m | E: 90 | S: 90000 | R: 805.4533 | D: 11.3 s | BR: 4.1534 | ALOSS: -234.3745 | CLOSS: 22.5071 | TLOSS: -0.0472 | TVAL: 0.1269 | AENT: -1.3717
| [33mtrain[0m | E: 91 | S: 91000 | R: 811.2363 | D: 11.3 s | BR: 4.1959 | ALOSS: -237.3603 | CLOSS: 23.8093 | TLOSS: -0.0491 | TVAL: 0.1275 | AENT: -1.3853
| [33mtrain[0m | E: 92 | S: 92000 | R: 812.2472 | D: 11.3 s | BR: 4.1965 | ALOSS: -240.2104 | CLOSS: 21.8676 | TLOSS: -0.0588 | TVAL: 0.1282 | AENT: -1.4591
| [32meval[0m  | E: 92 | S: 92000 | R: 851.0291
| [33mtrain[0m | E: 93 | S: 93000 | R: 835.1009 | D: 15.3 s | BR: 4.2496 | ALOSS: -243.3139 | CLOSS: 32.3256 | TLOSS: -0.0474 | TVAL: 0.1288 | AENT: -1.3683
| [33mtrain[0m | E: 94 | S: 94000 | R: 809.4012 | D: 11.0 s | BR: 4.2429 | ALOSS: -245.6735 | CLOSS: 25.6735 | TLOSS: -0.0417 | TVAL: 0.1294 | AENT: -1.3224
| [33mtrain[0m | E: 95 | S: 95000 | R: 804.0441 | D: 11.5 s | BR: 4.2154 | ALOSS: -248.5367 | CLOSS: 21.2175 | TLOSS: -0.0392 | TVAL: 0.1299 | AENT: -1.3018
| [33mtrain[0m | E: 96 | S: 96000 | R: 821.9279 | D: 11.4 s | BR: 4.2880 | ALOSS: -251.6226 | CLOSS: 27.1924 | TLOSS: -0.0392 | TVAL: 0.1304 | AENT: -1.3010
| [32meval[0m  | E: 96 | S: 96000 | R: 822.6120
| [33mtrain[0m | E: 97 | S: 97000 | R: 802.3508 | D: 15.2 s | BR: 4.3137 | ALOSS: -255.0601 | CLOSS: 22.8378 | TLOSS: -0.0433 | TVAL: 0.1309 | AENT: -1.3310
| [33mtrain[0m | E: 98 | S: 98000 | R: 839.2785 | D: 11.2 s | BR: 4.3772 | ALOSS: -258.2887 | CLOSS: 25.3447 | TLOSS: -0.0422 | TVAL: 0.1315 | AENT: -1.3212
| [33mtrain[0m | E: 99 | S: 99000 | R: 837.4379 | D: 11.6 s | BR: 4.3846 | ALOSS: -261.6222 | CLOSS: 22.2667 | TLOSS: -0.0468 | TVAL: 0.1321 | AENT: -1.3541
| [33mtrain[0m | E: 100 | S: 100000 | R: 827.1717 | D: 11.2 s | BR: 4.3664 | ALOSS: -262.8757 | CLOSS: 62.7275 | TLOSS: -0.0478 | TVAL: 0.1328 | AENT: -1.3603
| [32meval[0m  | E: 100 | S: 100000 | R: 779.5673
| [33mtrain[0m | E: 101 | S: 101000 | R: 809.6921 | D: 15.5 s | BR: 4.3972 | ALOSS: -265.9172 | CLOSS: 26.0951 | TLOSS: -0.0548 | TVAL: 0.1335 | AENT: -1.4108
| [33mtrain[0m | E: 102 | S: 102000 | R: 825.1688 | D: 11.1 s | BR: 4.4516 | ALOSS: -269.4950 | CLOSS: 17.4422 | TLOSS: -0.0520 | TVAL: 0.1342 | AENT: -1.3877
| [33mtrain[0m | E: 103 | S: 103000 | R: 847.3014 | D: 11.2 s | BR: 4.4620 | ALOSS: -271.8815 | CLOSS: 29.8825 | TLOSS: -0.0468 | TVAL: 0.1349 | AENT: -1.3468
| [33mtrain[0m | E: 104 | S: 104000 | R: 829.8025 | D: 11.4 s | BR: 4.4717 | ALOSS: -274.7426 | CLOSS: 25.3308 | TLOSS: -0.0389 | TVAL: 0.1355 | AENT: -1.2870
| [32meval[0m  | E: 104 | S: 104000 | R: 844.1398
| [33mtrain[0m | E: 105 | S: 105000 | R: 837.2813 | D: 15.6 s | BR: 4.4911 | ALOSS: -277.9181 | CLOSS: 26.6394 | TLOSS: -0.0463 | TVAL: 0.1361 | AENT: -1.3398
| [33mtrain[0m | E: 106 | S: 106000 | R: 843.5412 | D: 11.2 s | BR: 4.5427 | ALOSS: -280.9393 | CLOSS: 24.3623 | TLOSS: -0.0469 | TVAL: 0.1369 | AENT: -1.3428
| [33mtrain[0m | E: 107 | S: 107000 | R: 827.5555 | D: 11.4 s | BR: 4.5286 | ALOSS: -283.1248 | CLOSS: 23.4250 | TLOSS: -0.0477 | TVAL: 0.1376 | AENT: -1.3467
| [33mtrain[0m | E: 108 | S: 108000 | R: 824.4488 | D: 11.3 s | BR: 4.5474 | ALOSS: -285.6631 | CLOSS: 21.1023 | TLOSS: -0.0550 | TVAL: 0.1383 | AENT: -1.3973
| [32meval[0m  | E: 108 | S: 108000 | R: 840.8757
| [33mtrain[0m | E: 109 | S: 109000 | R: 826.7002 | D: 15.2 s | BR: 4.5632 | ALOSS: -289.5343 | CLOSS: 21.7929 | TLOSS: -0.0518 | TVAL: 0.1391 | AENT: -1.3724
| [33mtrain[0m | E: 110 | S: 110000 | R: 836.6407 | D: 11.1 s | BR: 4.5805 | ALOSS: -291.9290 | CLOSS: 34.0584 | TLOSS: -0.0491 | TVAL: 0.1400 | AENT: -1.3505
| [33mtrain[0m | E: 111 | S: 111000 | R: 812.1775 | D: 11.5 s | BR: 4.6287 | ALOSS: -294.9287 | CLOSS: 23.5609 | TLOSS: -0.0610 | TVAL: 0.1408 | AENT: -1.4336
| [33mtrain[0m | E: 112 | S: 112000 | R: 827.6594 | D: 12.2 s | BR: 4.6603 | ALOSS: -298.2333 | CLOSS: 27.3757 | TLOSS: -0.0463 | TVAL: 0.1416 | AENT: -1.3272
| [32meval[0m  | E: 112 | S: 112000 | R: 811.2484
| [33mtrain[0m | E: 113 | S: 113000 | R: 843.7754 | D: 15.5 s | BR: 4.6486 | ALOSS: -300.2511 | CLOSS: 35.2089 | TLOSS: -0.0556 | TVAL: 0.1425 | AENT: -1.3905
| [33mtrain[0m | E: 114 | S: 114000 | R: 827.3264 | D: 11.4 s | BR: 4.6720 | ALOSS: -302.8864 | CLOSS: 33.0106 | TLOSS: -0.0449 | TVAL: 0.1433 | AENT: -1.3137
| [33mtrain[0m | E: 115 | S: 115000 | R: 808.9887 | D: 11.4 s | BR: 4.6651 | ALOSS: -305.3968 | CLOSS: 38.8045 | TLOSS: -0.0387 | TVAL: 0.1439 | AENT: -1.2691
| [33mtrain[0m | E: 116 | S: 116000 | R: 823.6992 | D: 11.4 s | BR: 4.7237 | ALOSS: -309.3627 | CLOSS: 25.2979 | TLOSS: -0.0416 | TVAL: 0.1445 | AENT: -1.2881
| [32meval[0m  | E: 116 | S: 116000 | R: 813.9761
| [33mtrain[0m | E: 117 | S: 117000 | R: 828.2602 | D: 15.5 s | BR: 4.7097 | ALOSS: -310.8102 | CLOSS: 25.0339 | TLOSS: -0.0497 | TVAL: 0.1453 | AENT: -1.3418
| [33mtrain[0m | E: 118 | S: 118000 | R: 827.2311 | D: 11.5 s | BR: 4.7724 | ALOSS: -314.3886 | CLOSS: 24.9231 | TLOSS: -0.0524 | TVAL: 0.1461 | AENT: -1.3583
| [33mtrain[0m | E: 119 | S: 119000 | R: 817.4190 | D: 11.4 s | BR: 4.7117 | ALOSS: -315.4412 | CLOSS: 29.6019 | TLOSS: -0.0484 | TVAL: 0.1469 | AENT: -1.3293
| [33mtrain[0m | E: 120 | S: 120000 | R: 814.5876 | D: 11.5 s | BR: 4.7777 | ALOSS: -319.2405 | CLOSS: 26.2087 | TLOSS: -0.0510 | TVAL: 0.1478 | AENT: -1.3447
| [32meval[0m  | E: 120 | S: 120000 | R: 838.8223
| [33mtrain[0m | E: 121 | S: 121000 | R: 820.7787 | D: 15.5 s | BR: 4.7458 | ALOSS: -321.9653 | CLOSS: 23.0508 | TLOSS: -0.0600 | TVAL: 0.1487 | AENT: -1.4034
| [33mtrain[0m | E: 122 | S: 122000 | R: 839.8492 | D: 11.2 s | BR: 4.7772 | ALOSS: -324.1091 | CLOSS: 37.0055 | TLOSS: -0.0392 | TVAL: 0.1496 | AENT: -1.2620
| [33mtrain[0m | E: 123 | S: 123000 | R: 824.8446 | D: 11.2 s | BR: 4.8122 | ALOSS: -328.3455 | CLOSS: 26.2058 | TLOSS: -0.0278 | TVAL: 0.1501 | AENT: -1.1853
| [33mtrain[0m | E: 124 | S: 124000 | R: 836.3522 | D: 11.3 s | BR: 4.8031 | ALOSS: -330.8345 | CLOSS: 25.1133 | TLOSS: -0.0396 | TVAL: 0.1507 | AENT: -1.2626
| [32meval[0m  | E: 124 | S: 124000 | R: 846.3643
| [33mtrain[0m | E: 125 | S: 125000 | R: 840.5519 | D: 15.4 s | BR: 4.8592 | ALOSS: -333.3254 | CLOSS: 27.9784 | TLOSS: -0.0381 | TVAL: 0.1514 | AENT: -1.2519
| [33mtrain[0m | E: 126 | S: 126000 | R: 838.5859 | D: 11.0 s | BR: 4.8421 | ALOSS: -335.5053 | CLOSS: 27.0788 | TLOSS: -0.0471 | TVAL: 0.1521 | AENT: -1.3093
| [33mtrain[0m | E: 127 | S: 127000 | R: 836.7291 | D: 11.3 s | BR: 4.8286 | ALOSS: -336.6071 | CLOSS: 56.5536 | TLOSS: -0.0409 | TVAL: 0.1530 | AENT: -1.2677
| [33mtrain[0m | E: 128 | S: 128000 | R: 654.0907 | D: 11.5 s | BR: 4.8411 | ALOSS: -339.6338 | CLOSS: 23.9023 | TLOSS: -0.0424 | TVAL: 0.1537 | AENT: -1.2756
| [32meval[0m  | E: 128 | S: 128000 | R: 824.2523
| [33mtrain[0m | E: 129 | S: 129000 | R: 813.5814 | D: 15.5 s | BR: 4.8790 | ALOSS: -342.4568 | CLOSS: 32.9326 | TLOSS: -0.0357 | TVAL: 0.1545 | AENT: -1.2315
| [33mtrain[0m | E: 130 | S: 130000 | R: 810.8837 | D: 11.2 s | BR: 4.8799 | ALOSS: -344.7983 | CLOSS: 24.2760 | TLOSS: -0.0420 | TVAL: 0.1552 | AENT: -1.2710
| [33mtrain[0m | E: 131 | S: 131000 | R: 823.8158 | D: 11.3 s | BR: 4.8871 | ALOSS: -347.5490 | CLOSS: 24.8275 | TLOSS: -0.0445 | TVAL: 0.1560 | AENT: -1.2852
| [33mtrain[0m | E: 132 | S: 132000 | R: 839.8746 | D: 11.6 s | BR: 4.9290 | ALOSS: -350.6022 | CLOSS: 20.4278 | TLOSS: -0.0574 | TVAL: 0.1570 | AENT: -1.3658
| [32meval[0m  | E: 132 | S: 132000 | R: 862.9193
| [33mtrain[0m | E: 133 | S: 133000 | R: 851.4488 | D: 15.6 s | BR: 4.9222 | ALOSS: -352.5897 | CLOSS: 27.2156 | TLOSS: -0.0548 | TVAL: 0.1580 | AENT: -1.3469
| [33mtrain[0m | E: 134 | S: 134000 | R: 840.6795 | D: 11.5 s | BR: 4.9929 | ALOSS: -356.5563 | CLOSS: 34.2987 | TLOSS: -0.0513 | TVAL: 0.1590 | AENT: -1.3225
| [33mtrain[0m | E: 135 | S: 135000 | R: 825.4970 | D: 11.4 s | BR: 4.9855 | ALOSS: -358.5601 | CLOSS: 29.7261 | TLOSS: -0.0432 | TVAL: 0.1599 | AENT: -1.2701
| [33mtrain[0m | E: 136 | S: 136000 | R: 829.4312 | D: 11.7 s | BR: 5.0080 | ALOSS: -361.0395 | CLOSS: 18.1516 | TLOSS: -0.0412 | TVAL: 0.1607 | AENT: -1.2562
| [32meval[0m  | E: 136 | S: 136000 | R: 860.2557
| [33mtrain[0m | E: 137 | S: 137000 | R: 834.1901 | D: 15.9 s | BR: 5.0000 | ALOSS: -363.8713 | CLOSS: 20.2262 | TLOSS: -0.0515 | TVAL: 0.1616 | AENT: -1.3185
| [33mtrain[0m | E: 138 | S: 138000 | R: 847.5830 | D: 11.6 s | BR: 5.0490 | ALOSS: -366.7169 | CLOSS: 25.0802 | TLOSS: -0.0392 | TVAL: 0.1625 | AENT: -1.2414
| [33mtrain[0m | E: 139 | S: 139000 | R: 834.8135 | D: 11.4 s | BR: 4.9815 | ALOSS: -368.5006 | CLOSS: 24.6403 | TLOSS: -0.0337 | TVAL: 0.1632 | AENT: -1.2066
| [33mtrain[0m | E: 140 | S: 140000 | R: 819.1707 | D: 11.7 s | BR: 5.0284 | ALOSS: -371.0959 | CLOSS: 24.5523 | TLOSS: -0.0367 | TVAL: 0.1639 | AENT: -1.2241
| [32meval[0m  | E: 140 | S: 140000 | R: 862.9533
| [33mtrain[0m | E: 141 | S: 141000 | R: 828.6578 | D: 15.5 s | BR: 5.0604 | ALOSS: -373.7189 | CLOSS: 19.2794 | TLOSS: -0.0268 | TVAL: 0.1645 | AENT: -1.1629
| [33mtrain[0m | E: 142 | S: 142000 | R: 839.9733 | D: 11.6 s | BR: 5.0573 | ALOSS: -376.4120 | CLOSS: 21.4053 | TLOSS: -0.0423 | TVAL: 0.1652 | AENT: -1.2561
| [33mtrain[0m | E: 143 | S: 143000 | R: 840.3222 | D: 11.5 s | BR: 5.0600 | ALOSS: -379.0125 | CLOSS: 20.8043 | TLOSS: -0.0437 | TVAL: 0.1661 | AENT: -1.2631
| [33mtrain[0m | E: 144 | S: 144000 | R: 845.4107 | D: 11.5 s | BR: 5.1074 | ALOSS: -381.0581 | CLOSS: 21.4391 | TLOSS: -0.0436 | TVAL: 0.1671 | AENT: -1.2611
| [32meval[0m  | E: 144 | S: 144000 | R: 868.6936
| [33mtrain[0m | E: 145 | S: 145000 | R: 832.0755 | D: 15.5 s | BR: 5.1071 | ALOSS: -383.6615 | CLOSS: 21.4666 | TLOSS: -0.0298 | TVAL: 0.1678 | AENT: -1.1778
| [33mtrain[0m | E: 146 | S: 146000 | R: 855.5226 | D: 11.4 s | BR: 5.0859 | ALOSS: -385.4526 | CLOSS: 24.1127 | TLOSS: -0.0301 | TVAL: 0.1685 | AENT: -1.1790
| [33mtrain[0m | E: 147 | S: 147000 | R: 826.1153 | D: 11.4 s | BR: 5.1020 | ALOSS: -387.1393 | CLOSS: 20.2534 | TLOSS: -0.0307 | TVAL: 0.1691 | AENT: -1.1814
| [33mtrain[0m | E: 148 | S: 148000 | R: 838.8999 | D: 11.5 s | BR: 5.1301 | ALOSS: -390.4749 | CLOSS: 20.0427 | TLOSS: -0.0215 | TVAL: 0.1698 | AENT: -1.1270
| [32meval[0m  | E: 148 | S: 148000 | R: 839.1843
| [33mtrain[0m | E: 149 | S: 149000 | R: 853.9833 | D: 15.4 s | BR: 5.1118 | ALOSS: -392.6084 | CLOSS: 17.7999 | TLOSS: -0.0217 | TVAL: 0.1702 | AENT: -1.1278
| [33mtrain[0m | E: 150 | S: 150000 | R: 829.8498 | D: 11.4 s | BR: 5.1293 | ALOSS: -395.3264 | CLOSS: 18.8856 | TLOSS: -0.0246 | TVAL: 0.1708 | AENT: -1.1441
| [33mtrain[0m | E: 151 | S: 151000 | R: 843.3633 | D: 11.3 s | BR: 5.1325 | ALOSS: -397.3889 | CLOSS: 22.1162 | TLOSS: -0.0224 | TVAL: 0.1713 | AENT: -1.1310
| [33mtrain[0m | E: 152 | S: 152000 | R: 846.5398 | D: 11.5 s | BR: 5.1386 | ALOSS: -398.9143 | CLOSS: 23.8148 | TLOSS: -0.0226 | TVAL: 0.1719 | AENT: -1.1317
| [32meval[0m  | E: 152 | S: 152000 | R: 808.8009
| [33mtrain[0m | E: 153 | S: 153000 | R: 819.6418 | D: 15.6 s | BR: 5.1714 | ALOSS: -401.9574 | CLOSS: 22.3185 | TLOSS: -0.0223 | TVAL: 0.1724 | AENT: -1.1294
| [33mtrain[0m | E: 154 | S: 154000 | R: 806.2487 | D: 11.4 s | BR: 5.1904 | ALOSS: -403.3116 | CLOSS: 15.6580 | TLOSS: -0.0143 | TVAL: 0.1728 | AENT: -1.0828
| [33mtrain[0m | E: 155 | S: 155000 | R: 832.3401 | D: 11.3 s | BR: 5.1924 | ALOSS: -405.3499 | CLOSS: 16.1010 | TLOSS: -0.0246 | TVAL: 0.1734 | AENT: -1.1418
| [33mtrain[0m | E: 156 | S: 156000 | R: 839.9601 | D: 11.6 s | BR: 5.1799 | ALOSS: -407.1474 | CLOSS: 18.7629 | TLOSS: -0.0292 | TVAL: 0.1740 | AENT: -1.1675
| [32meval[0m  | E: 156 | S: 156000 | R: 862.6813
| [33mtrain[0m | E: 157 | S: 157000 | R: 854.7836 | D: 15.5 s | BR: 5.2445 | ALOSS: -410.6813 | CLOSS: 18.3222 | TLOSS: -0.0346 | TVAL: 0.1749 | AENT: -1.1977
| [33mtrain[0m | E: 158 | S: 158000 | R: 857.2700 | D: 11.5 s | BR: 5.2007 | ALOSS: -411.9774 | CLOSS: 25.8946 | TLOSS: -0.0126 | TVAL: 0.1756 | AENT: -1.0719
| [33mtrain[0m | E: 159 | S: 159000 | R: 824.4487 | D: 11.5 s | BR: 5.2158 | ALOSS: -413.9612 | CLOSS: 18.5354 | TLOSS: -0.0187 | TVAL: 0.1760 | AENT: -1.1064
| [33mtrain[0m | E: 160 | S: 160000 | R: 846.6738 | D: 11.4 s | BR: 5.2384 | ALOSS: -416.6478 | CLOSS: 23.4551 | TLOSS: -0.0089 | TVAL: 0.1764 | AENT: -1.0504
| [32meval[0m  | E: 160 | S: 160000 | R: 838.9221
| [33mtrain[0m | E: 161 | S: 161000 | R: 844.4128 | D: 15.2 s | BR: 5.2281 | ALOSS: -417.2399 | CLOSS: 25.4539 | TLOSS: -0.0077 | TVAL: 0.1766 | AENT: -1.0434
| [33mtrain[0m | E: 162 | S: 162000 | R: 836.4339 | D: 11.0 s | BR: 5.1905 | ALOSS: -419.2265 | CLOSS: 19.0034 | TLOSS: -0.0090 | TVAL: 0.1768 | AENT: -1.0511
| [33mtrain[0m | E: 163 | S: 163000 | R: 819.8272 | D: 11.3 s | BR: 5.2953 | ALOSS: -422.5725 | CLOSS: 15.7209 | TLOSS: -0.0110 | TVAL: 0.1771 | AENT: -1.0623
| [33mtrain[0m | E: 164 | S: 164000 | R: 841.4596 | D: 11.5 s | BR: 5.2707 | ALOSS: -423.4481 | CLOSS: 27.3984 | TLOSS: -0.0047 | TVAL: 0.1775 | AENT: -1.0263
| [32meval[0m  | E: 164 | S: 164000 | R: 816.3863
| [33mtrain[0m | E: 165 | S: 165000 | R: 829.0509 | D: 15.1 s | BR: 5.2919 | ALOSS: -426.4548 | CLOSS: 14.9233 | TLOSS: -0.0163 | TVAL: 0.1776 | AENT: -1.0917
| [33mtrain[0m | E: 166 | S: 166000 | R: 843.2384 | D: 11.2 s | BR: 5.2847 | ALOSS: -428.2831 | CLOSS: 16.6873 | TLOSS: -0.0089 | TVAL: 0.1780 | AENT: -1.0499
| [33mtrain[0m | E: 167 | S: 167000 | R: 835.3897 | D: 11.2 s | BR: 5.2822 | ALOSS: -430.8370 | CLOSS: 15.0424 | TLOSS: 0.0039 | TVAL: 0.1783 | AENT: -0.9783
| [33mtrain[0m | E: 168 | S: 168000 | R: 846.3830 | D: 11.4 s | BR: 5.2968 | ALOSS: -432.2559 | CLOSS: 14.4050 | TLOSS: -0.0055 | TVAL: 0.1782 | AENT: -1.0308
| [32meval[0m  | E: 168 | S: 168000 | R: 843.8744
| [33mtrain[0m | E: 169 | S: 169000 | R: 857.2456 | D: 15.4 s | BR: 5.2849 | ALOSS: -433.2708 | CLOSS: 28.7161 | TLOSS: -0.0094 | TVAL: 0.1785 | AENT: -1.0525
| [33mtrain[0m | E: 170 | S: 170000 | R: 840.6225 | D: 11.7 s | BR: 5.2939 | ALOSS: -436.0978 | CLOSS: 16.3414 | TLOSS: -0.0116 | TVAL: 0.1787 | AENT: -1.0648
| [33mtrain[0m | E: 171 | S: 171000 | R: 843.8449 | D: 11.5 s | BR: 5.3451 | ALOSS: -438.0320 | CLOSS: 12.9626 | TLOSS: -0.0146 | TVAL: 0.1792 | AENT: -1.0814
| [33mtrain[0m | E: 172 | S: 172000 | R: 848.7904 | D: 11.4 s | BR: 5.3386 | ALOSS: -440.2147 | CLOSS: 17.6068 | TLOSS: -0.0267 | TVAL: 0.1799 | AENT: -1.1482
| [32meval[0m  | E: 172 | S: 172000 | R: 868.9007
| [33mtrain[0m | E: 173 | S: 173000 | R: 847.6231 | D: 15.2 s | BR: 5.3565 | ALOSS: -442.0131 | CLOSS: 22.2327 | TLOSS: -0.0011 | TVAL: 0.1804 | AENT: -1.0059
| [33mtrain[0m | E: 174 | S: 174000 | R: 848.2319 | D: 11.2 s | BR: 5.3467 | ALOSS: -443.5132 | CLOSS: 19.3034 | TLOSS: -0.0009 | TVAL: 0.1805 | AENT: -1.0052
| [33mtrain[0m | E: 175 | S: 175000 | R: 840.7602 | D: 11.4 s | BR: 5.3384 | ALOSS: -445.1393 | CLOSS: 18.5295 | TLOSS: -0.0016 | TVAL: 0.1805 | AENT: -1.0086
| [33mtrain[0m | E: 176 | S: 176000 | R: 843.2052 | D: 11.6 s | BR: 5.3902 | ALOSS: -447.6752 | CLOSS: 25.6790 | TLOSS: -0.0001 | TVAL: 0.1805 | AENT: -1.0007
| [32meval[0m  | E: 176 | S: 176000 | R: 793.1085
| [33mtrain[0m | E: 177 | S: 177000 | R: 831.9325 | D: 15.7 s | BR: 5.3680 | ALOSS: -449.1984 | CLOSS: 18.5141 | TLOSS: -0.0160 | TVAL: 0.1808 | AENT: -1.0883
| [33mtrain[0m | E: 178 | S: 178000 | R: 834.0029 | D: 11.4 s | BR: 5.3908 | ALOSS: -451.2499 | CLOSS: 20.3191 | TLOSS: -0.0060 | TVAL: 0.1812 | AENT: -1.0332
| [33mtrain[0m | E: 179 | S: 179000 | R: 819.8140 | D: 11.3 s | BR: 5.3883 | ALOSS: -453.8261 | CLOSS: 28.9710 | TLOSS: -0.0033 | TVAL: 0.1815 | AENT: -1.0182
| [33mtrain[0m | E: 180 | S: 180000 | R: 727.2066 | D: 11.6 s | BR: 5.4109 | ALOSS: -454.9130 | CLOSS: 18.1413 | TLOSS: -0.0197 | TVAL: 0.1818 | AENT: -1.1081
| [32meval[0m  | E: 180 | S: 180000 | R: 853.7069
| [33mtrain[0m | E: 181 | S: 181000 | R: 815.0677 | D: 15.5 s | BR: 5.3991 | ALOSS: -456.5633 | CLOSS: 25.1218 | TLOSS: 0.0010 | TVAL: 0.1822 | AENT: -0.9945
| [33mtrain[0m | E: 182 | S: 182000 | R: 841.0853 | D: 11.3 s | BR: 5.3957 | ALOSS: -458.2221 | CLOSS: 20.3090 | TLOSS: -0.0058 | TVAL: 0.1824 | AENT: -1.0319
| [33mtrain[0m | E: 183 | S: 183000 | R: 836.2276 | D: 11.5 s | BR: 5.4457 | ALOSS: -460.6927 | CLOSS: 13.5301 | TLOSS: 0.0009 | TVAL: 0.1824 | AENT: -0.9949
| [33mtrain[0m | E: 184 | S: 184000 | R: 838.7869 | D: 11.8 s | BR: 5.4139 | ALOSS: -462.5081 | CLOSS: 18.0614 | TLOSS: -0.0103 | TVAL: 0.1826 | AENT: -1.0563
| [32meval[0m  | E: 184 | S: 184000 | R: 858.1047
| [33mtrain[0m | E: 185 | S: 185000 | R: 839.9819 | D: 15.8 s | BR: 5.4394 | ALOSS: -464.4985 | CLOSS: 18.0999 | TLOSS: -0.0091 | TVAL: 0.1829 | AENT: -1.0499
| [33mtrain[0m | E: 186 | S: 186000 | R: 839.6138 | D: 11.5 s | BR: 5.4577 | ALOSS: -467.3564 | CLOSS: 16.9752 | TLOSS: 0.0086 | TVAL: 0.1831 | AENT: -0.9530
| [33mtrain[0m | E: 187 | S: 187000 | R: 841.8745 | D: 11.3 s | BR: 5.3975 | ALOSS: -467.7663 | CLOSS: 18.5726 | TLOSS: -0.0101 | TVAL: 0.1830 | AENT: -1.0552
| [33mtrain[0m | E: 188 | S: 188000 | R: 848.4503 | D: 11.5 s | BR: 5.4537 | ALOSS: -470.1442 | CLOSS: 19.0976 | TLOSS: -0.0057 | TVAL: 0.1833 | AENT: -1.0308
| [32meval[0m  | E: 188 | S: 188000 | R: 817.1777
| [33mtrain[0m | E: 189 | S: 189000 | R: 815.1577 | D: 15.7 s | BR: 5.4840 | ALOSS: -471.4121 | CLOSS: 20.0169 | TLOSS: -0.0008 | TVAL: 0.1836 | AENT: -1.0041
| [33mtrain[0m | E: 190 | S: 190000 | R: 835.7909 | D: 11.4 s | BR: 5.4528 | ALOSS: -473.8036 | CLOSS: 15.2540 | TLOSS: 0.0059 | TVAL: 0.1834 | AENT: -0.9676
| [33mtrain[0m | E: 191 | S: 191000 | R: 825.9273 | D: 11.5 s | BR: 5.4524 | ALOSS: -475.4436 | CLOSS: 16.1863 | TLOSS: 0.0008 | TVAL: 0.1833 | AENT: -0.9956
| [33mtrain[0m | E: 192 | S: 192000 | R: 831.9227 | D: 11.4 s | BR: 5.4916 | ALOSS: -477.4530 | CLOSS: 19.2265 | TLOSS: 0.0065 | TVAL: 0.1832 | AENT: -0.9646
| [32meval[0m  | E: 192 | S: 192000 | R: 853.1786
| [33mtrain[0m | E: 193 | S: 193000 | R: 844.1469 | D: 15.4 s | BR: 5.5036 | ALOSS: -479.7988 | CLOSS: 19.3982 | TLOSS: 0.0152 | TVAL: 0.1827 | AENT: -0.9169
| [33mtrain[0m | E: 194 | S: 194000 | R: 854.5573 | D: 11.3 s | BR: 5.4392 | ALOSS: -479.7038 | CLOSS: 30.1860 | TLOSS: 0.0156 | TVAL: 0.1821 | AENT: -0.9143
| [33mtrain[0m | E: 195 | S: 195000 | R: 814.2876 | D: 11.5 s | BR: 5.4735 | ALOSS: -481.7648 | CLOSS: 14.7964 | TLOSS: 0.0204 | TVAL: 0.1811 | AENT: -0.8873
| [33mtrain[0m | E: 196 | S: 196000 | R: 837.8083 | D: 11.8 s | BR: 5.5334 | ALOSS: -483.9867 | CLOSS: 16.4303 | TLOSS: 0.0055 | TVAL: 0.1807 | AENT: -0.9696
| [32meval[0m  | E: 196 | S: 196000 | R: 842.6801
| [33mtrain[0m | E: 197 | S: 197000 | R: 832.9242 | D: 15.6 s | BR: 5.4826 | ALOSS: -485.4952 | CLOSS: 18.4526 | TLOSS: 0.0105 | TVAL: 0.1802 | AENT: -0.9416
| [33mtrain[0m | E: 198 | S: 198000 | R: 844.3544 | D: 11.3 s | BR: 5.5551 | ALOSS: -488.2832 | CLOSS: 17.2232 | TLOSS: 0.0052 | TVAL: 0.1799 | AENT: -0.9709
| [33mtrain[0m | E: 199 | S: 199000 | R: 849.0650 | D: 11.5 s | BR: 5.5226 | ALOSS: -489.3828 | CLOSS: 14.5398 | TLOSS: -0.0056 | TVAL: 0.1800 | AENT: -1.0313
| [33mtrain[0m | E: 200 | S: 200000 | R: 846.0764 | D: 11.7 s | BR: 5.5044 | ALOSS: -489.8838 | CLOSS: 29.2504 | TLOSS: 0.0208 | TVAL: 0.1798 | AENT: -0.8843
| [32meval[0m  | E: 200 | S: 200000 | R: 865.7278
| [33mtrain[0m | E: 201 | S: 201000 | R: 831.8835 | D: 15.7 s | BR: 5.5028 | ALOSS: -491.6889 | CLOSS: 18.8623 | TLOSS: 0.0161 | TVAL: 0.1788 | AENT: -0.9101
| [33mtrain[0m | E: 202 | S: 202000 | R: 808.8123 | D: 11.5 s | BR: 5.5315 | ALOSS: -494.1411 | CLOSS: 15.9491 | TLOSS: 0.0090 | TVAL: 0.1782 | AENT: -0.9496
| [33mtrain[0m | E: 203 | S: 203000 | R: 827.5698 | D: 11.5 s | BR: 5.5282 | ALOSS: -495.5763 | CLOSS: 16.1658 | TLOSS: 0.0023 | TVAL: 0.1780 | AENT: -0.9868
| [33mtrain[0m | E: 204 | S: 204000 | R: 849.6941 | D: 11.8 s | BR: 5.5716 | ALOSS: -497.4668 | CLOSS: 18.7503 | TLOSS: 0.0119 | TVAL: 0.1778 | AENT: -0.9333
| [32meval[0m  | E: 204 | S: 204000 | R: 865.9915
| [33mtrain[0m | E: 205 | S: 205000 | R: 840.1426 | D: 15.6 s | BR: 5.5523 | ALOSS: -499.0111 | CLOSS: 22.3054 | TLOSS: -0.0007 | TVAL: 0.1775 | AENT: -1.0041
| [33mtrain[0m | E: 206 | S: 206000 | R: 840.2952 | D: 11.2 s | BR: 5.5482 | ALOSS: -500.2685 | CLOSS: 13.3818 | TLOSS: 0.0174 | TVAL: 0.1772 | AENT: -0.9015
| [33mtrain[0m | E: 207 | S: 207000 | R: 810.1891 | D: 11.5 s | BR: 5.5494 | ALOSS: -501.2709 | CLOSS: 18.2210 | TLOSS: 0.0003 | TVAL: 0.1767 | AENT: -0.9985
| [33mtrain[0m | E: 208 | S: 208000 | R: 856.4679 | D: 11.4 s | BR: 5.5732 | ALOSS: -503.4785 | CLOSS: 11.3189 | TLOSS: 0.0040 | TVAL: 0.1767 | AENT: -0.9772
| [32meval[0m  | E: 208 | S: 208000 | R: 866.4237
| [33mtrain[0m | E: 209 | S: 209000 | R: 846.1180 | D: 15.2 s | BR: 5.5982 | ALOSS: -505.7513 | CLOSS: 13.9191 | TLOSS: -0.0054 | TVAL: 0.1767 | AENT: -1.0305
| [33mtrain[0m | E: 210 | S: 210000 | R: 846.9179 | D: 11.2 s | BR: 5.5678 | ALOSS: -505.5726 | CLOSS: 17.3678 | TLOSS: -0.0141 | TVAL: 0.1771 | AENT: -1.0794
| [33mtrain[0m | E: 211 | S: 211000 | R: 857.2040 | D: 11.1 s | BR: 5.5867 | ALOSS: -507.6909 | CLOSS: 13.5529 | TLOSS: -0.0004 | TVAL: 0.1775 | AENT: -1.0020
| [33mtrain[0m | E: 212 | S: 212000 | R: 848.0611 | D: 11.4 s | BR: 5.6095 | ALOSS: -510.0530 | CLOSS: 18.8879 | TLOSS: 0.0068 | TVAL: 0.1774 | AENT: -0.9614
| [32meval[0m  | E: 212 | S: 212000 | R: 857.7682
| [33mtrain[0m | E: 213 | S: 213000 | R: 837.5649 | D: 15.3 s | BR: 5.6083 | ALOSS: -511.5262 | CLOSS: 15.8908 | TLOSS: 0.0016 | TVAL: 0.1770 | AENT: -0.9910
| [33mtrain[0m | E: 214 | S: 214000 | R: 840.3409 | D: 11.1 s | BR: 5.6499 | ALOSS: -514.0357 | CLOSS: 12.6958 | TLOSS: 0.0056 | TVAL: 0.1769 | AENT: -0.9682
| [33mtrain[0m | E: 215 | S: 215000 | R: 839.3200 | D: 11.3 s | BR: 5.6203 | ALOSS: -515.2588 | CLOSS: 20.2663 | TLOSS: -0.0100 | TVAL: 0.1770 | AENT: -1.0568
| [33mtrain[0m | E: 216 | S: 216000 | R: 840.4002 | D: 11.3 s | BR: 5.6549 | ALOSS: -516.6157 | CLOSS: 28.5895 | TLOSS: -0.0034 | TVAL: 0.1775 | AENT: -1.0195
| [32meval[0m  | E: 216 | S: 216000 | R: 820.1562
| [33mtrain[0m | E: 217 | S: 217000 | R: 835.0919 | D: 15.3 s | BR: 5.6070 | ALOSS: -517.4227 | CLOSS: 12.8739 | TLOSS: 0.0236 | TVAL: 0.1768 | AENT: -0.8664
| [33mtrain[0m | E: 218 | S: 218000 | R: 842.5227 | D: 11.2 s | BR: 5.5980 | ALOSS: -518.9495 | CLOSS: 23.3627 | TLOSS: 0.0065 | TVAL: 0.1762 | AENT: -0.9632
| [33mtrain[0m | E: 219 | S: 219000 | R: 833.9465 | D: 11.2 s | BR: 5.6289 | ALOSS: -521.4133 | CLOSS: 17.1015 | TLOSS: 0.0175 | TVAL: 0.1757 | AENT: -0.9004
| [33mtrain[0m | E: 220 | S: 220000 | R: 841.0787 | D: 11.3 s | BR: 5.6337 | ALOSS: -522.9039 | CLOSS: 19.1313 | TLOSS: 0.0005 | TVAL: 0.1753 | AENT: -0.9972
| [32meval[0m  | E: 220 | S: 220000 | R: 869.4933
| [33mtrain[0m | E: 221 | S: 221000 | R: 851.2168 | D: 15.3 s | BR: 5.6815 | ALOSS: -524.1663 | CLOSS: 19.0588 | TLOSS: 0.0154 | TVAL: 0.1748 | AENT: -0.9122
| [33mtrain[0m | E: 222 | S: 222000 | R: 841.3441 | D: 11.0 s | BR: 5.6556 | ALOSS: -524.7012 | CLOSS: 15.0778 | TLOSS: 0.0107 | TVAL: 0.1744 | AENT: -0.9388
| [33mtrain[0m | E: 223 | S: 223000 | R: 822.9971 | D: 11.2 s | BR: 5.6449 | ALOSS: -526.7801 | CLOSS: 15.1123 | TLOSS: 0.0017 | TVAL: 0.1740 | AENT: -0.9904
| [33mtrain[0m | E: 224 | S: 224000 | R: 844.4090 | D: 11.3 s | BR: 5.6671 | ALOSS: -528.7382 | CLOSS: 14.5127 | TLOSS: 0.0046 | TVAL: 0.1738 | AENT: -0.9738
| [32meval[0m  | E: 224 | S: 224000 | R: 859.7733
| [33mtrain[0m | E: 225 | S: 225000 | R: 856.6416 | D: 15.3 s | BR: 5.6340 | ALOSS: -529.8687 | CLOSS: 14.0245 | TLOSS: 0.0134 | TVAL: 0.1735 | AENT: -0.9229
| [33mtrain[0m | E: 226 | S: 226000 | R: 842.6522 | D: 11.1 s | BR: 5.6472 | ALOSS: -530.4364 | CLOSS: 15.8562 | TLOSS: 0.0012 | TVAL: 0.1731 | AENT: -0.9928
| [33mtrain[0m | E: 227 | S: 227000 | R: 855.1382 | D: 11.4 s | BR: 5.6592 | ALOSS: -532.0761 | CLOSS: 14.9519 | TLOSS: 0.0028 | TVAL: 0.1731 | AENT: -0.9840
| [33mtrain[0m | E: 228 | S: 228000 | R: 831.8176 | D: 11.5 s | BR: 5.6743 | ALOSS: -533.3780 | CLOSS: 24.8617 | TLOSS: -0.0056 | TVAL: 0.1731 | AENT: -1.0321
| [32meval[0m  | E: 228 | S: 228000 | R: 862.9560
| [33mtrain[0m | E: 229 | S: 229000 | R: 846.4143 | D: 15.5 s | BR: 5.6598 | ALOSS: -535.4252 | CLOSS: 23.4285 | TLOSS: 0.0218 | TVAL: 0.1728 | AENT: -0.8740
| [33mtrain[0m | E: 230 | S: 230000 | R: 846.8221 | D: 11.2 s | BR: 5.6986 | ALOSS: -537.8158 | CLOSS: 18.2059 | TLOSS: 0.0184 | TVAL: 0.1719 | AENT: -0.8929
| [33mtrain[0m | E: 231 | S: 231000 | R: 834.7474 | D: 11.3 s | BR: 5.7001 | ALOSS: -538.8231 | CLOSS: 20.9739 | TLOSS: 0.0282 | TVAL: 0.1708 | AENT: -0.8351
| [33mtrain[0m | E: 232 | S: 232000 | R: 847.5786 | D: 11.3 s | BR: 5.6666 | ALOSS: -539.6248 | CLOSS: 18.0604 | TLOSS: 0.0240 | TVAL: 0.1698 | AENT: -0.8587
| [32meval[0m  | E: 232 | S: 232000 | R: 860.0463
| [33mtrain[0m | E: 233 | S: 233000 | R: 834.1323 | D: 15.4 s | BR: 5.7144 | ALOSS: -541.7560 | CLOSS: 13.7890 | TLOSS: 0.0133 | TVAL: 0.1689 | AENT: -0.9212
| [33mtrain[0m | E: 234 | S: 234000 | R: 853.2290 | D: 11.4 s | BR: 5.6846 | ALOSS: -541.8020 | CLOSS: 13.5409 | TLOSS: 0.0057 | TVAL: 0.1685 | AENT: -0.9660
| [33mtrain[0m | E: 235 | S: 235000 | R: 823.4591 | D: 11.5 s | BR: 5.6935 | ALOSS: -543.1914 | CLOSS: 14.6910 | TLOSS: 0.0090 | TVAL: 0.1682 | AENT: -0.9465
| [33mtrain[0m | E: 236 | S: 236000 | R: 780.1892 | D: 11.5 s | BR: 5.7136 | ALOSS: -544.7705 | CLOSS: 18.6407 | TLOSS: 0.0043 | TVAL: 0.1679 | AENT: -0.9743
| [32meval[0m  | E: 236 | S: 236000 | R: 753.8654
| [33mtrain[0m | E: 237 | S: 237000 | R: 824.8197 | D: 15.5 s | BR: 5.6595 | ALOSS: -544.7586 | CLOSS: 16.5523 | TLOSS: 0.0183 | TVAL: 0.1673 | AENT: -0.8909
| [33mtrain[0m | E: 238 | S: 238000 | R: 835.0246 | D: 11.4 s | BR: 5.7073 | ALOSS: -547.1887 | CLOSS: 12.0035 | TLOSS: 0.0085 | TVAL: 0.1668 | AENT: -0.9490
| [33mtrain[0m | E: 239 | S: 239000 | R: 824.0834 | D: 11.5 s | BR: 5.7097 | ALOSS: -548.6932 | CLOSS: 13.4180 | TLOSS: 0.0094 | TVAL: 0.1664 | AENT: -0.9432
Switching to test env
| [33mtrain[0m | E: 240 | S: 240000 | R: 832.6870 | D: 11.5 s | BR: 5.7290 | ALOSS: -549.6900 | CLOSS: 15.6316 | TLOSS: 0.0036 | TVAL: 0.1662 | AENT: -0.9786
| [32meval[0m  | E: 240 | S: 240000 | R: 849.6466
Change envA => envB
| [33mtrain[0m | E: 241 | S: 0 | R: 852.6009 | D: 00.0 s | BR: 5.7458 | ALOSS: -545.6764 | CLOSS: 17.1627 | TLOSS: -0.0197 | TVAL: 0.1661 | AENT: -1.1184
| [32meval[0m  | E: 0 | S: 0 | R: 864.0057
| [32meval[0m  | E: 4 | S: 4000 | R: 821.0919
| [32meval[0m  | E: 8 | S: 8000 | R: 787.1471
| [33mtrain[0m | E: 9 | S: 9000 | R: 794.9303 | D: 15.4 s | BR: 5.7475 | ALOSS: -560.7871 | CLOSS: 16.2775 | TLOSS: 0.0122 | TVAL: 0.1637 | AENT: -0.9252
| [33mtrain[0m | E: 10 | S: 10000 | R: 770.0020 | D: 11.4 s | BR: 5.7097 | ALOSS: -561.2955 | CLOSS: 23.0639 | TLOSS: 0.0075 | TVAL: 0.1632 | AENT: -0.9541
| [33mtrain[0m | E: 11 | S: 11000 | R: 802.6542 | D: 11.6 s | BR: 5.7738 | ALOSS: -563.0735 | CLOSS: 16.9552 | TLOSS: -0.0003 | TVAL: 0.1631 | AENT: -1.0019
| [33mtrain[0m | E: 12 | S: 12000 | R: 757.0479 | D: 11.7 s | BR: 5.7879 | ALOSS: -564.2014 | CLOSS: 14.5321 | TLOSS: 0.0105 | TVAL: 0.1627 | AENT: -0.9358
| [32meval[0m  | E: 12 | S: 12000 | R: 832.1174
| [33mtrain[0m | E: 13 | S: 13000 | R: 851.1985 | D: 15.6 s | BR: 5.7709 | ALOSS: -564.7472 | CLOSS: 14.6556 | TLOSS: 0.0021 | TVAL: 0.1626 | AENT: -0.9869
| [33mtrain[0m | E: 14 | S: 14000 | R: 822.7449 | D: 11.4 s | BR: 5.7672 | ALOSS: -565.7145 | CLOSS: 36.8473 | TLOSS: 0.0062 | TVAL: 0.1624 | AENT: -0.9618
| [33mtrain[0m | E: 15 | S: 15000 | R: 621.7066 | D: 11.3 s | BR: 5.7732 | ALOSS: -567.0642 | CLOSS: 12.4836 | TLOSS: 0.0260 | TVAL: 0.1617 | AENT: -0.8389
| [33mtrain[0m | E: 16 | S: 16000 | R: 818.6750 | D: 11.5 s | BR: 5.7269 | ALOSS: -568.0361 | CLOSS: 16.4985 | TLOSS: 0.0184 | TVAL: 0.1607 | AENT: -0.8855
| [32meval[0m  | E: 16 | S: 16000 | R: 806.5296
| [33mtrain[0m | E: 17 | S: 17000 | R: 830.9660 | D: 15.5 s | BR: 5.7600 | ALOSS: -569.5107 | CLOSS: 18.6387 | TLOSS: 0.0057 | TVAL: 0.1602 | AENT: -0.9643
| [33mtrain[0m | E: 18 | S: 18000 | R: 830.9006 | D: 11.4 s | BR: 5.7787 | ALOSS: -570.6392 | CLOSS: 11.7653 | TLOSS: 0.0001 | TVAL: 0.1600 | AENT: -0.9991
| [33mtrain[0m | E: 19 | S: 19000 | R: 856.0712 | D: 11.3 s | BR: 5.8184 | ALOSS: -572.6832 | CLOSS: 18.1622 | TLOSS: 0.0019 | TVAL: 0.1600 | AENT: -0.9879
| [33mtrain[0m | E: 20 | S: 20000 | R: 852.7774 | D: 11.8 s | BR: 5.7443 | ALOSS: -571.8720 | CLOSS: 26.5609 | TLOSS: 0.0260 | TVAL: 0.1597 | AENT: -0.8368
| [32meval[0m  | E: 20 | S: 20000 | R: 861.8299
| [33mtrain[0m | E: 21 | S: 21000 | R: 786.9301 | D: 15.5 s | BR: 5.7947 | ALOSS: -573.5200 | CLOSS: 12.4218 | TLOSS: 0.0123 | TVAL: 0.1587 | AENT: -0.9222
| [33mtrain[0m | E: 22 | S: 22000 | R: 836.8561 | D: 11.3 s | BR: 5.8022 | ALOSS: -574.9843 | CLOSS: 24.4885 | TLOSS: 0.0171 | TVAL: 0.1581 | AENT: -0.8917
| [33mtrain[0m | E: 23 | S: 23000 | R: 853.1131 | D: 11.3 s | BR: 5.7669 | ALOSS: -575.8058 | CLOSS: 11.8400 | TLOSS: 0.0127 | TVAL: 0.1575 | AENT: -0.9196
| [33mtrain[0m | E: 24 | S: 24000 | R: 837.0646 | D: 11.4 s | BR: 5.7637 | ALOSS: -577.0690 | CLOSS: 15.9061 | TLOSS: 0.0130 | TVAL: 0.1570 | AENT: -0.9173
| [32meval[0m  | E: 24 | S: 24000 | R: 839.7297
| [33mtrain[0m | E: 25 | S: 25000 | R: 827.0079 | D: 15.4 s | BR: 5.8336 | ALOSS: -579.4613 | CLOSS: 21.4987 | TLOSS: 0.0161 | TVAL: 0.1564 | AENT: -0.8968
| [33mtrain[0m | E: 26 | S: 26000 | R: 838.0505 | D: 11.5 s | BR: 5.7867 | ALOSS: -579.1105 | CLOSS: 10.9699 | TLOSS: 0.0324 | TVAL: 0.1555 | AENT: -0.7916
| [33mtrain[0m | E: 27 | S: 27000 | R: 819.2167 | D: 11.3 s | BR: 5.7758 | ALOSS: -579.5656 | CLOSS: 11.3489 | TLOSS: 0.0129 | TVAL: 0.1546 | AENT: -0.9164
| [33mtrain[0m | E: 28 | S: 28000 | R: 849.3919 | D: 11.6 s | BR: 5.8252 | ALOSS: -581.4756 | CLOSS: 16.4011 | TLOSS: 0.0081 | TVAL: 0.1543 | AENT: -0.9471
| [32meval[0m  | E: 28 | S: 28000 | R: 855.4392
| [33mtrain[0m | E: 29 | S: 29000 | R: 794.6748 | D: 15.4 s | BR: 5.7971 | ALOSS: -582.4929 | CLOSS: 17.9280 | TLOSS: 0.0147 | TVAL: 0.1537 | AENT: -0.9041
| [33mtrain[0m | E: 30 | S: 30000 | R: 818.0947 | D: 11.4 s | BR: 5.7784 | ALOSS: -582.7162 | CLOSS: 16.1211 | TLOSS: 0.0069 | TVAL: 0.1532 | AENT: -0.9549
| [33mtrain[0m | E: 31 | S: 31000 | R: 844.0736 | D: 11.4 s | BR: 5.8135 | ALOSS: -584.0232 | CLOSS: 14.8382 | TLOSS: 0.0100 | TVAL: 0.1530 | AENT: -0.9347
| [33mtrain[0m | E: 32 | S: 32000 | R: 846.6977 | D: 11.6 s | BR: 5.8584 | ALOSS: -585.7140 | CLOSS: 17.9395 | TLOSS: 0.0113 | TVAL: 0.1526 | AENT: -0.9262
| [32meval[0m  | E: 32 | S: 32000 | R: 864.5543
| [33mtrain[0m | E: 33 | S: 33000 | R: 852.0689 | D: 15.2 s | BR: 5.8631 | ALOSS: -587.3670 | CLOSS: 14.9409 | TLOSS: 0.0193 | TVAL: 0.1519 | AENT: -0.8730
| [33mtrain[0m | E: 34 | S: 34000 | R: 847.1098 | D: 11.3 s | BR: 5.8115 | ALOSS: -587.5522 | CLOSS: 29.5546 | TLOSS: -0.0012 | TVAL: 0.1516 | AENT: -1.0081
| [33mtrain[0m | E: 35 | S: 35000 | R: 728.3543 | D: 11.3 s | BR: 5.8256 | ALOSS: -588.7503 | CLOSS: 9.1094 | TLOSS: 0.0229 | TVAL: 0.1512 | AENT: -0.8485
| [33mtrain[0m | E: 36 | S: 36000 | R: 831.1439 | D: 11.4 s | BR: 5.8197 | ALOSS: -589.7744 | CLOSS: 12.6137 | TLOSS: 0.0184 | TVAL: 0.1504 | AENT: -0.8780
| [32meval[0m  | E: 36 | S: 36000 | R: 856.9595
| [33mtrain[0m | E: 37 | S: 37000 | R: 848.1346 | D: 15.5 s | BR: 5.8182 | ALOSS: -590.2865 | CLOSS: 16.6053 | TLOSS: 0.0096 | TVAL: 0.1499 | AENT: -0.9360
| [33mtrain[0m | E: 38 | S: 38000 | R: 846.4521 | D: 11.5 s | BR: 5.8517 | ALOSS: -592.6179 | CLOSS: 12.5238 | TLOSS: 0.0177 | TVAL: 0.1494 | AENT: -0.8816
| [33mtrain[0m | E: 39 | S: 39000 | R: 826.4982 | D: 11.3 s | BR: 5.8733 | ALOSS: -592.9649 | CLOSS: 12.5331 | TLOSS: 0.0052 | TVAL: 0.1489 | AENT: -0.9653
| [33mtrain[0m | E: 40 | S: 40000 | R: 830.1438 | D: 11.6 s | BR: 5.8414 | ALOSS: -593.6773 | CLOSS: 16.1060 | TLOSS: 0.0043 | TVAL: 0.1489 | AENT: -0.9708
| [32meval[0m  | E: 40 | S: 40000 | R: 829.9416
| [33mtrain[0m | E: 41 | S: 41000 | R: 827.5216 | D: 15.6 s | BR: 5.8556 | ALOSS: -594.9222 | CLOSS: 20.5505 | TLOSS: 0.0090 | TVAL: 0.1486 | AENT: -0.9392
| [33mtrain[0m | E: 42 | S: 42000 | R: 848.7772 | D: 11.5 s | BR: 5.8753 | ALOSS: -596.1112 | CLOSS: 17.7391 | TLOSS: 0.0109 | TVAL: 0.1481 | AENT: -0.9262
| [33mtrain[0m | E: 43 | S: 43000 | R: 831.5433 | D: 11.4 s | BR: 5.7994 | ALOSS: -596.7638 | CLOSS: 9.7105 | TLOSS: 0.0108 | TVAL: 0.1476 | AENT: -0.9267
| [33mtrain[0m | E: 44 | S: 44000 | R: 853.6255 | D: 11.6 s | BR: 5.8744 | ALOSS: -599.1928 | CLOSS: 9.7722 | TLOSS: 0.0066 | TVAL: 0.1473 | AENT: -0.9551
| [32meval[0m  | E: 44 | S: 44000 | R: 864.0192
| [33mtrain[0m | E: 45 | S: 45000 | R: 849.8524 | D: 15.5 s | BR: 5.8845 | ALOSS: -599.3937 | CLOSS: 15.8845 | TLOSS: -0.0088 | TVAL: 0.1473 | AENT: -1.0594
| [33mtrain[0m | E: 46 | S: 46000 | R: 856.5646 | D: 11.3 s | BR: 5.8403 | ALOSS: -600.4774 | CLOSS: 15.5391 | TLOSS: 0.0092 | TVAL: 0.1475 | AENT: -0.9375
| [33mtrain[0m | E: 47 | S: 47000 | R: 858.2754 | D: 11.5 s | BR: 5.8662 | ALOSS: -601.7816 | CLOSS: 13.4724 | TLOSS: 0.0301 | TVAL: 0.1467 | AENT: -0.7945
| [33mtrain[0m | E: 48 | S: 48000 | R: 845.9488 | D: 11.4 s | BR: 5.8227 | ALOSS: -601.8917 | CLOSS: 10.9157 | TLOSS: 0.0063 | TVAL: 0.1459 | AENT: -0.9568
| [32meval[0m  | E: 48 | S: 48000 | R: 861.0309
| [33mtrain[0m | E: 49 | S: 49000 | R: 842.5004 | D: 15.6 s | BR: 5.8802 | ALOSS: -603.5115 | CLOSS: 12.4166 | TLOSS: 0.0030 | TVAL: 0.1457 | AENT: -0.9796
| [33mtrain[0m | E: 50 | S: 50000 | R: 849.0145 | D: 11.4 s | BR: 5.8781 | ALOSS: -603.9317 | CLOSS: 16.5574 | TLOSS: 0.0054 | TVAL: 0.1456 | AENT: -0.9627
| [33mtrain[0m | E: 51 | S: 51000 | R: 836.0809 | D: 11.4 s | BR: 5.8633 | ALOSS: -604.3908 | CLOSS: 22.8232 | TLOSS: 0.0070 | TVAL: 0.1453 | AENT: -0.9520
| [33mtrain[0m | E: 52 | S: 52000 | R: 836.7280 | D: 11.7 s | BR: 5.8953 | ALOSS: -606.5914 | CLOSS: 15.6424 | TLOSS: 0.0149 | TVAL: 0.1449 | AENT: -0.8975
| [32meval[0m  | E: 52 | S: 52000 | R: 869.8726
| [33mtrain[0m | E: 53 | S: 53000 | R: 828.6689 | D: 15.4 s | BR: 5.8951 | ALOSS: -607.1684 | CLOSS: 10.8237 | TLOSS: 0.0081 | TVAL: 0.1444 | AENT: -0.9436
| [33mtrain[0m | E: 54 | S: 54000 | R: 848.9427 | D: 11.3 s | BR: 5.9224 | ALOSS: -607.9914 | CLOSS: 24.3641 | TLOSS: 0.0077 | TVAL: 0.1442 | AENT: -0.9464
| [33mtrain[0m | E: 55 | S: 55000 | R: 853.9637 | D: 11.4 s | BR: 5.8921 | ALOSS: -608.6369 | CLOSS: 23.7899 | TLOSS: 0.0180 | TVAL: 0.1436 | AENT: -0.8745
| [33mtrain[0m | E: 56 | S: 56000 | R: 767.4787 | D: 11.6 s | BR: 5.8979 | ALOSS: -609.6099 | CLOSS: 12.5476 | TLOSS: 0.0082 | TVAL: 0.1430 | AENT: -0.9429
| [32meval[0m  | E: 56 | S: 56000 | R: 863.9741
| [33mtrain[0m | E: 57 | S: 57000 | R: 851.3391 | D: 15.6 s | BR: 5.8890 | ALOSS: -611.2531 | CLOSS: 10.2821 | TLOSS: 0.0121 | TVAL: 0.1427 | AENT: -0.9149
| [33mtrain[0m | E: 58 | S: 58000 | R: 845.1840 | D: 11.4 s | BR: 5.9014 | ALOSS: -611.7319 | CLOSS: 11.1518 | TLOSS: 0.0157 | TVAL: 0.1421 | AENT: -0.8897
| [33mtrain[0m | E: 59 | S: 59000 | R: 837.9398 | D: 11.8 s | BR: 5.9086 | ALOSS: -612.3060 | CLOSS: 65.5714 | TLOSS: 0.0123 | TVAL: 0.1416 | AENT: -0.9134
| [33mtrain[0m | E: 60 | S: 60000 | R: 801.6861 | D: 11.4 s | BR: 5.8882 | ALOSS: -613.0387 | CLOSS: 23.5533 | TLOSS: -0.0197 | TVAL: 0.1418 | AENT: -1.1388
| [32meval[0m  | E: 60 | S: 60000 | R: 623.1589
| [33mtrain[0m | E: 61 | S: 61000 | R: 329.2761 | D: 15.3 s | BR: 5.9145 | ALOSS: -613.6711 | CLOSS: 16.5398 | TLOSS: -0.0245 | TVAL: 0.1426 | AENT: -1.1718
| [33mtrain[0m | E: 62 | S: 62000 | R: 758.9732 | D: 11.4 s | BR: 5.8713 | ALOSS: -612.8418 | CLOSS: 15.5439 | TLOSS: -0.0090 | TVAL: 0.1432 | AENT: -1.0630
| [33mtrain[0m | E: 63 | S: 63000 | R: 832.9405 | D: 11.6 s | BR: 5.8864 | ALOSS: -614.0211 | CLOSS: 14.5671 | TLOSS: -0.0176 | TVAL: 0.1437 | AENT: -1.1229
| [33mtrain[0m | E: 64 | S: 64000 | R: 858.8660 | D: 11.5 s | BR: 5.9074 | ALOSS: -614.6659 | CLOSS: 19.5132 | TLOSS: -0.0044 | TVAL: 0.1442 | AENT: -1.0306
| [32meval[0m  | E: 64 | S: 64000 | R: 800.7176
| [33mtrain[0m | E: 65 | S: 65000 | R: 845.4248 | D: 15.2 s | BR: 5.8779 | ALOSS: -616.2287 | CLOSS: 27.5732 | TLOSS: 0.0075 | TVAL: 0.1440 | AENT: -0.9483
| [33mtrain[0m | E: 66 | S: 66000 | R: 841.0894 | D: 11.4 s | BR: 5.9194 | ALOSS: -617.3846 | CLOSS: 20.8837 | TLOSS: 0.0201 | TVAL: 0.1435 | AENT: -0.8601
| [33mtrain[0m | E: 67 | S: 67000 | R: 778.4882 | D: 11.6 s | BR: 5.9123 | ALOSS: -617.7798 | CLOSS: 7.3228 | TLOSS: 0.0055 | TVAL: 0.1430 | AENT: -0.9615
| [33mtrain[0m | E: 68 | S: 68000 | R: 860.3242 | D: 11.3 s | BR: 5.9046 | ALOSS: -618.4525 | CLOSS: 17.8652 | TLOSS: -0.0010 | TVAL: 0.1430 | AENT: -1.0073
| [32meval[0m  | E: 68 | S: 68000 | R: 869.2024
| [33mtrain[0m | E: 69 | S: 69000 | R: 844.6967 | D: 15.5 s | BR: 5.8831 | ALOSS: -618.4571 | CLOSS: 19.3902 | TLOSS: 0.0049 | TVAL: 0.1428 | AENT: -0.9654
| [33mtrain[0m | E: 70 | S: 70000 | R: 855.6359 | D: 11.4 s | BR: 5.9119 | ALOSS: -620.3382 | CLOSS: 12.6968 | TLOSS: 0.0009 | TVAL: 0.1428 | AENT: -0.9936
| [33mtrain[0m | E: 71 | S: 71000 | R: 846.7172 | D: 11.4 s | BR: 5.8866 | ALOSS: -620.8721 | CLOSS: 12.3648 | TLOSS: -0.0024 | TVAL: 0.1427 | AENT: -1.0170
| [33mtrain[0m | E: 72 | S: 72000 | R: 856.4580 | D: 11.6 s | BR: 5.9418 | ALOSS: -622.1619 | CLOSS: 23.0908 | TLOSS: 0.0017 | TVAL: 0.1429 | AENT: -0.9881
| [32meval[0m  | E: 72 | S: 72000 | R: 813.4772
| [33mtrain[0m | E: 73 | S: 73000 | R: 832.9179 | D: 15.3 s | BR: 5.8892 | ALOSS: -622.5968 | CLOSS: 27.4990 | TLOSS: 0.0086 | TVAL: 0.1425 | AENT: -0.9393
| [33mtrain[0m | E: 74 | S: 74000 | R: 841.0738 | D: 11.3 s | BR: 5.9176 | ALOSS: -624.8399 | CLOSS: 17.9013 | TLOSS: 0.0104 | TVAL: 0.1423 | AENT: -0.9269
| [33mtrain[0m | E: 75 | S: 75000 | R: 792.3414 | D: 11.3 s | BR: 5.9475 | ALOSS: -624.7544 | CLOSS: 15.6423 | TLOSS: 0.0192 | TVAL: 0.1416 | AENT: -0.8647
| [33mtrain[0m | E: 76 | S: 76000 | R: 811.9497 | D: 11.5 s | BR: 5.9375 | ALOSS: -625.4244 | CLOSS: 13.6674 | TLOSS: 0.0155 | TVAL: 0.1409 | AENT: -0.8901
| [32meval[0m  | E: 76 | S: 76000 | R: 869.7717
| [33mtrain[0m | E: 77 | S: 77000 | R: 793.4057 | D: 15.3 s | BR: 5.9294 | ALOSS: -626.3042 | CLOSS: 14.3762 | TLOSS: 0.0026 | TVAL: 0.1405 | AENT: -0.9817
| [33mtrain[0m | E: 78 | S: 78000 | R: 831.4998 | D: 11.4 s | BR: 5.8679 | ALOSS: -626.1846 | CLOSS: 16.5317 | TLOSS: -0.0026 | TVAL: 0.1405 | AENT: -1.0188
| [33mtrain[0m | E: 79 | S: 79000 | R: 838.9268 | D: 11.4 s | BR: 5.9315 | ALOSS: -628.2332 | CLOSS: 25.3369 | TLOSS: -0.0048 | TVAL: 0.1407 | AENT: -1.0343
| [33mtrain[0m | E: 80 | S: 80000 | R: 805.6795 | D: 11.5 s | BR: 5.8902 | ALOSS: -628.8876 | CLOSS: 19.5978 | TLOSS: 0.0050 | TVAL: 0.1407 | AENT: -0.9644
| [32meval[0m  | E: 80 | S: 80000 | R: 840.1285
| [33mtrain[0m | E: 81 | S: 81000 | R: 787.2526 | D: 15.5 s | BR: 5.9340 | ALOSS: -629.4285 | CLOSS: 11.9292 | TLOSS: 0.0027 | TVAL: 0.1406 | AENT: -0.9811
| [33mtrain[0m | E: 82 | S: 82000 | R: 845.4329 | D: 11.6 s | BR: 5.9597 | ALOSS: -631.1571 | CLOSS: 11.6330 | TLOSS: 0.0045 | TVAL: 0.1404 | AENT: -0.9683
| [33mtrain[0m | E: 83 | S: 83000 | R: 844.6123 | D: 11.7 s | BR: 5.9470 | ALOSS: -631.2598 | CLOSS: 16.3724 | TLOSS: 0.0015 | TVAL: 0.1403 | AENT: -0.9896
| [33mtrain[0m | E: 84 | S: 84000 | R: 847.4135 | D: 11.3 s | BR: 5.9346 | ALOSS: -631.6994 | CLOSS: 26.4630 | TLOSS: 0.0084 | TVAL: 0.1404 | AENT: -0.9401
| [32meval[0m  | E: 84 | S: 84000 | R: 762.8662
| [33mtrain[0m | E: 85 | S: 85000 | R: 520.4705 | D: 15.5 s | BR: 5.9251 | ALOSS: -631.9539 | CLOSS: 12.7086 | TLOSS: 0.0041 | TVAL: 0.1399 | AENT: -0.9705
| [33mtrain[0m | E: 86 | S: 86000 | R: 851.2830 | D: 11.3 s | BR: 5.9462 | ALOSS: -633.0004 | CLOSS: 13.2751 | TLOSS: 0.0046 | TVAL: 0.1397 | AENT: -0.9673
| [33mtrain[0m | E: 87 | S: 87000 | R: 854.9113 | D: 11.8 s | BR: 5.9092 | ALOSS: -633.8987 | CLOSS: 13.6940 | TLOSS: -0.0029 | TVAL: 0.1396 | AENT: -1.0208
| [33mtrain[0m | E: 88 | S: 88000 | R: 850.3907 | D: 11.2 s | BR: 5.9465 | ALOSS: -634.4323 | CLOSS: 11.1911 | TLOSS: 0.0052 | TVAL: 0.1396 | AENT: -0.9629
| [32meval[0m  | E: 88 | S: 88000 | R: 850.5424
| [33mtrain[0m | E: 89 | S: 89000 | R: 846.4105 | D: 15.4 s | BR: 5.9717 | ALOSS: -635.9467 | CLOSS: 15.3147 | TLOSS: 0.0038 | TVAL: 0.1395 | AENT: -0.9725
| [33mtrain[0m | E: 90 | S: 90000 | R: 858.1873 | D: 11.5 s | BR: 5.9667 | ALOSS: -636.2395 | CLOSS: 8.6561 | TLOSS: 0.0004 | TVAL: 0.1393 | AENT: -0.9975
| [33mtrain[0m | E: 91 | S: 91000 | R: 856.2734 | D: 11.5 s | BR: 5.9497 | ALOSS: -637.0709 | CLOSS: 13.3571 | TLOSS: -0.0077 | TVAL: 0.1395 | AENT: -1.0550
| [33mtrain[0m | E: 92 | S: 92000 | R: 839.1737 | D: 11.2 s | BR: 5.9195 | ALOSS: -637.8107 | CLOSS: 52.0576 | TLOSS: -0.0021 | TVAL: 0.1398 | AENT: -1.0152
| [32meval[0m  | E: 92 | S: 92000 | R: 711.1207
| [33mtrain[0m | E: 93 | S: 93000 | R: 731.3361 | D: 15.4 s | BR: 5.9291 | ALOSS: -638.2431 | CLOSS: 10.5832 | TLOSS: -0.0083 | TVAL: 0.1400 | AENT: -1.0591
| [33mtrain[0m | E: 94 | S: 94000 | R: 772.2468 | D: 11.6 s | BR: 5.9731 | ALOSS: -638.7569 | CLOSS: 9.4291 | TLOSS: 0.0012 | TVAL: 0.1400 | AENT: -0.9916
| [33mtrain[0m | E: 95 | S: 95000 | R: 839.3381 | D: 11.6 s | BR: 5.9714 | ALOSS: -639.8224 | CLOSS: 17.5993 | TLOSS: 0.0063 | TVAL: 0.1399 | AENT: -0.9553
| [33mtrain[0m | E: 96 | S: 96000 | R: 843.2638 | D: 11.2 s | BR: 5.9446 | ALOSS: -639.6625 | CLOSS: 10.6571 | TLOSS: -0.0019 | TVAL: 0.1398 | AENT: -1.0136
| [32meval[0m  | E: 96 | S: 96000 | R: 859.5116
| [33mtrain[0m | E: 97 | S: 97000 | R: 852.2327 | D: 15.4 s | BR: 5.9565 | ALOSS: -640.6611 | CLOSS: 12.2930 | TLOSS: -0.0077 | TVAL: 0.1400 | AENT: -1.0553
| [33mtrain[0m | E: 98 | S: 98000 | R: 844.7395 | D: 11.4 s | BR: 5.9361 | ALOSS: -640.8827 | CLOSS: 10.3330 | TLOSS: -0.0004 | TVAL: 0.1401 | AENT: -1.0031
| [33mtrain[0m | E: 99 | S: 99000 | R: 855.3973 | D: 11.5 s | BR: 5.9157 | ALOSS: -641.3707 | CLOSS: 11.8395 | TLOSS: -0.0017 | TVAL: 0.1403 | AENT: -1.0121
| [33mtrain[0m | E: 100 | S: 100000 | R: 858.5018 | D: 11.2 s | BR: 5.9552 | ALOSS: -642.9318 | CLOSS: 23.3600 | TLOSS: 0.0013 | TVAL: 0.1403 | AENT: -0.9908
| [32meval[0m  | E: 100 | S: 100000 | R: 868.9863
| [33mtrain[0m | E: 101 | S: 101000 | R: 855.4073 | D: 15.2 s | BR: 5.9792 | ALOSS: -643.9709 | CLOSS: 12.4877 | TLOSS: -0.0008 | TVAL: 0.1403 | AENT: -1.0054
| [33mtrain[0m | E: 102 | S: 102000 | R: 847.2360 | D: 11.3 s | BR: 5.9510 | ALOSS: -644.2059 | CLOSS: 13.1958 | TLOSS: 0.0102 | TVAL: 0.1400 | AENT: -0.9275
| [33mtrain[0m | E: 103 | S: 103000 | R: 847.1733 | D: 11.5 s | BR: 5.9862 | ALOSS: -645.6488 | CLOSS: 16.5759 | TLOSS: -0.0071 | TVAL: 0.1399 | AENT: -1.0508
| [33mtrain[0m | E: 104 | S: 104000 | R: 827.4829 | D: 11.3 s | BR: 6.0187 | ALOSS: -646.8261 | CLOSS: 10.8765 | TLOSS: 0.0117 | TVAL: 0.1399 | AENT: -0.9166
| [32meval[0m  | E: 104 | S: 104000 | R: 865.2963
| [33mtrain[0m | E: 105 | S: 105000 | R: 827.8386 | D: 15.3 s | BR: 5.9428 | ALOSS: -646.7316 | CLOSS: 12.2105 | TLOSS: -0.0012 | TVAL: 0.1396 | AENT: -1.0083
| [33mtrain[0m | E: 106 | S: 106000 | R: 844.6967 | D: 11.4 s | BR: 5.9874 | ALOSS: -647.9998 | CLOSS: 10.4483 | TLOSS: -0.0045 | TVAL: 0.1397 | AENT: -1.0325
| [33mtrain[0m | E: 107 | S: 107000 | R: 844.2531 | D: 11.3 s | BR: 6.0464 | ALOSS: -649.4605 | CLOSS: 10.9631 | TLOSS: 0.0019 | TVAL: 0.1399 | AENT: -0.9867
| [33mtrain[0m | E: 108 | S: 108000 | R: 839.9755 | D: 11.2 s | BR: 5.9777 | ALOSS: -648.1729 | CLOSS: 19.8645 | TLOSS: 0.0062 | TVAL: 0.1397 | AENT: -0.9557
| [32meval[0m  | E: 108 | S: 108000 | R: 715.6558
| [33mtrain[0m | E: 109 | S: 109000 | R: 835.9972 | D: 15.2 s | BR: 5.9887 | ALOSS: -650.1547 | CLOSS: 19.2539 | TLOSS: 0.0172 | TVAL: 0.1391 | AENT: -0.8765
| [33mtrain[0m | E: 110 | S: 110000 | R: 841.1448 | D: 11.4 s | BR: 5.9791 | ALOSS: -650.6574 | CLOSS: 13.2672 | TLOSS: 0.0073 | TVAL: 0.1384 | AENT: -0.9471
| [33mtrain[0m | E: 111 | S: 111000 | R: 853.1463 | D: 11.3 s | BR: 5.9917 | ALOSS: -651.3072 | CLOSS: 19.3818 | TLOSS: 0.0072 | TVAL: 0.1382 | AENT: -0.9475
| [33mtrain[0m | E: 112 | S: 112000 | R: 841.7254 | D: 11.1 s | BR: 5.9747 | ALOSS: -652.2803 | CLOSS: 21.3339 | TLOSS: 0.0072 | TVAL: 0.1379 | AENT: -0.9481
| [32meval[0m  | E: 112 | S: 112000 | R: 862.9627
| [33mtrain[0m | E: 113 | S: 113000 | R: 753.2391 | D: 15.2 s | BR: 6.0157 | ALOSS: -653.8056 | CLOSS: 14.1690 | TLOSS: 0.0110 | TVAL: 0.1374 | AENT: -0.9197
| [33mtrain[0m | E: 114 | S: 114000 | R: 840.3518 | D: 11.3 s | BR: 6.0269 | ALOSS: -653.6456 | CLOSS: 10.9229 | TLOSS: 0.0245 | TVAL: 0.1366 | AENT: -0.8206
| [33mtrain[0m | E: 115 | S: 115000 | R: 860.0795 | D: 11.2 s | BR: 5.9923 | ALOSS: -653.5752 | CLOSS: 9.1532 | TLOSS: 0.0094 | TVAL: 0.1359 | AENT: -0.9308
| [33mtrain[0m | E: 116 | S: 116000 | R: 857.4494 | D: 11.4 s | BR: 6.0046 | ALOSS: -654.2600 | CLOSS: 13.0904 | TLOSS: 0.0007 | TVAL: 0.1356 | AENT: -0.9951
| [32meval[0m  | E: 116 | S: 116000 | R: 851.1815
| [33mtrain[0m | E: 117 | S: 117000 | R: 854.0266 | D: 15.4 s | BR: 5.9903 | ALOSS: -654.6966 | CLOSS: 11.4717 | TLOSS: 0.0017 | TVAL: 0.1356 | AENT: -0.9876
| [33mtrain[0m | E: 118 | S: 118000 | R: 854.1269 | D: 11.3 s | BR: 6.0368 | ALOSS: -655.4479 | CLOSS: 9.8275 | TLOSS: -0.0030 | TVAL: 0.1356 | AENT: -1.0223
| [33mtrain[0m | E: 119 | S: 119000 | R: 853.1728 | D: 11.3 s | BR: 6.0160 | ALOSS: -655.1208 | CLOSS: 9.5980 | TLOSS: -0.0142 | TVAL: 0.1360 | AENT: -1.1045
| [33mtrain[0m | E: 120 | S: 120000 | R: 862.3128 | D: 11.4 s | BR: 5.9765 | ALOSS: -656.3566 | CLOSS: 10.4284 | TLOSS: -0.0040 | TVAL: 0.1364 | AENT: -1.0296
| [32meval[0m  | E: 120 | S: 120000 | R: 866.9836
| [33mtrain[0m | E: 121 | S: 121000 | R: 853.7998 | D: 15.4 s | BR: 5.9744 | ALOSS: -655.8266 | CLOSS: 13.5625 | TLOSS: -0.0169 | TVAL: 0.1369 | AENT: -1.1235
| [33mtrain[0m | E: 122 | S: 122000 | R: 860.2292 | D: 11.7 s | BR: 5.9864 | ALOSS: -657.4157 | CLOSS: 13.1842 | TLOSS: 0.0069 | TVAL: 0.1372 | AENT: -0.9497
| [33mtrain[0m | E: 123 | S: 123000 | R: 850.5454 | D: 11.3 s | BR: 5.9980 | ALOSS: -657.8505 | CLOSS: 23.0695 | TLOSS: 0.0009 | TVAL: 0.1370 | AENT: -0.9934
| [33mtrain[0m | E: 124 | S: 124000 | R: 852.3065 | D: 11.2 s | BR: 6.0240 | ALOSS: -658.9423 | CLOSS: 10.6282 | TLOSS: 0.0056 | TVAL: 0.1369 | AENT: -0.9590
| [32meval[0m  | E: 124 | S: 124000 | R: 873.2109
| [33mtrain[0m | E: 125 | S: 125000 | R: 850.0321 | D: 15.4 s | BR: 6.0163 | ALOSS: -658.9670 | CLOSS: 11.5230 | TLOSS: 0.0003 | TVAL: 0.1366 | AENT: -0.9977
| [33mtrain[0m | E: 126 | S: 126000 | R: 835.0672 | D: 11.9 s | BR: 5.9685 | ALOSS: -658.6866 | CLOSS: 16.4208 | TLOSS: -0.0009 | TVAL: 0.1368 | AENT: -1.0064
| [33mtrain[0m | E: 127 | S: 127000 | R: 830.2019 | D: 11.6 s | BR: 6.0241 | ALOSS: -659.9680 | CLOSS: 14.6425 | TLOSS: 0.0067 | TVAL: 0.1366 | AENT: -0.9507
| [33mtrain[0m | E: 128 | S: 128000 | R: 861.5168 | D: 11.2 s | BR: 6.0471 | ALOSS: -661.1524 | CLOSS: 9.8264 | TLOSS: 0.0050 | TVAL: 0.1362 | AENT: -0.9634
| [32meval[0m  | E: 128 | S: 128000 | R: 870.2492
| [33mtrain[0m | E: 129 | S: 129000 | R: 855.2454 | D: 15.3 s | BR: 6.0331 | ALOSS: -661.8759 | CLOSS: 14.5014 | TLOSS: -0.0071 | TVAL: 0.1363 | AENT: -1.0524
| [33mtrain[0m | E: 130 | S: 130000 | R: 846.8924 | D: 11.5 s | BR: 6.0281 | ALOSS: -661.6128 | CLOSS: 11.3482 | TLOSS: -0.0091 | TVAL: 0.1368 | AENT: -1.0665
| [33mtrain[0m | E: 131 | S: 131000 | R: 852.7235 | D: 11.3 s | BR: 6.0178 | ALOSS: -662.9490 | CLOSS: 10.0056 | TLOSS: -0.0105 | TVAL: 0.1372 | AENT: -1.0763
| [33mtrain[0m | E: 132 | S: 132000 | R: 824.5937 | D: 11.2 s | BR: 6.0613 | ALOSS: -663.5687 | CLOSS: 8.6257 | TLOSS: -0.0028 | TVAL: 0.1376 | AENT: -1.0206
| [32meval[0m  | E: 132 | S: 132000 | R: 867.7418
| [33mtrain[0m | E: 133 | S: 133000 | R: 860.7531 | D: 15.3 s | BR: 6.0289 | ALOSS: -663.6303 | CLOSS: 28.9670 | TLOSS: -0.0064 | TVAL: 0.1377 | AENT: -1.0465
| [33mtrain[0m | E: 134 | S: 134000 | R: 836.5583 | D: 11.5 s | BR: 6.0517 | ALOSS: -663.6859 | CLOSS: 12.6502 | TLOSS: 0.0081 | TVAL: 0.1377 | AENT: -0.9411
| [33mtrain[0m | E: 135 | S: 135000 | R: 825.5450 | D: 11.3 s | BR: 6.0396 | ALOSS: -664.0631 | CLOSS: 19.9076 | TLOSS: 0.0012 | TVAL: 0.1375 | AENT: -0.9910
| [33mtrain[0m | E: 136 | S: 136000 | R: 807.7004 | D: 11.4 s | BR: 6.0388 | ALOSS: -665.1287 | CLOSS: 10.4330 | TLOSS: 0.0053 | TVAL: 0.1373 | AENT: -0.9614
| [32meval[0m  | E: 136 | S: 136000 | R: 872.0871
| [33mtrain[0m | E: 137 | S: 137000 | R: 852.5543 | D: 15.5 s | BR: 6.0608 | ALOSS: -666.3499 | CLOSS: 9.7746 | TLOSS: 0.0077 | TVAL: 0.1369 | AENT: -0.9437
| [33mtrain[0m | E: 138 | S: 138000 | R: 856.3853 | D: 11.5 s | BR: 6.0424 | ALOSS: -666.3663 | CLOSS: 8.6670 | TLOSS: -0.0032 | TVAL: 0.1369 | AENT: -1.0235
| [33mtrain[0m | E: 139 | S: 139000 | R: 843.4581 | D: 11.4 s | BR: 6.0826 | ALOSS: -667.3112 | CLOSS: 11.4515 | TLOSS: -0.0053 | TVAL: 0.1372 | AENT: -1.0384
| [33mtrain[0m | E: 140 | S: 140000 | R: 854.1737 | D: 11.3 s | BR: 6.0628 | ALOSS: -668.2363 | CLOSS: 9.7616 | TLOSS: 0.0032 | TVAL: 0.1372 | AENT: -0.9770
| [32meval[0m  | E: 140 | S: 140000 | R: 853.8820
| [33mtrain[0m | E: 141 | S: 141000 | R: 855.3208 | D: 15.3 s | BR: 6.0459 | ALOSS: -668.7806 | CLOSS: 13.7959 | TLOSS: 0.0029 | TVAL: 0.1370 | AENT: -0.9792
| [33mtrain[0m | E: 142 | S: 142000 | R: 849.7866 | D: 11.4 s | BR: 6.0328 | ALOSS: -668.3417 | CLOSS: 9.0589 | TLOSS: 0.0062 | TVAL: 0.1367 | AENT: -0.9544
| [33mtrain[0m | E: 143 | S: 143000 | R: 850.2961 | D: 11.4 s | BR: 6.0396 | ALOSS: -668.9877 | CLOSS: 17.8047 | TLOSS: 0.0049 | TVAL: 0.1366 | AENT: -0.9642
| [33mtrain[0m | E: 144 | S: 144000 | R: 851.8175 | D: 11.3 s | BR: 6.0924 | ALOSS: -670.4227 | CLOSS: 14.8712 | TLOSS: 0.0118 | TVAL: 0.1361 | AENT: -0.9130
| [32meval[0m  | E: 144 | S: 144000 | R: 875.7968
| [33mtrain[0m | E: 145 | S: 145000 | R: 856.2046 | D: 15.4 s | BR: 6.0510 | ALOSS: -670.8544 | CLOSS: 11.2326 | TLOSS: 0.0003 | TVAL: 0.1358 | AENT: -0.9979
| [33mtrain[0m | E: 146 | S: 146000 | R: 847.0245 | D: 11.5 s | BR: 6.0365 | ALOSS: -670.9028 | CLOSS: 9.3485 | TLOSS: -0.0054 | TVAL: 0.1360 | AENT: -1.0401
| [33mtrain[0m | E: 147 | S: 147000 | R: 860.4181 | D: 11.4 s | BR: 6.0833 | ALOSS: -672.2809 | CLOSS: 8.3952 | TLOSS: -0.0001 | TVAL: 0.1360 | AENT: -1.0009
| [33mtrain[0m | E: 148 | S: 148000 | R: 862.1065 | D: 11.3 s | BR: 6.0919 | ALOSS: -672.3961 | CLOSS: 9.5798 | TLOSS: -0.0024 | TVAL: 0.1362 | AENT: -1.0176
| [32meval[0m  | E: 148 | S: 148000 | R: 872.1314
| [33mtrain[0m | E: 149 | S: 149000 | R: 854.7321 | D: 15.5 s | BR: 6.0826 | ALOSS: -672.8028 | CLOSS: 11.7985 | TLOSS: 0.0061 | TVAL: 0.1361 | AENT: -0.9555
| [33mtrain[0m | E: 150 | S: 150000 | R: 861.3615 | D: 11.6 s | BR: 6.0713 | ALOSS: -673.4546 | CLOSS: 16.3623 | TLOSS: 0.0172 | TVAL: 0.1354 | AENT: -0.8728
| [33mtrain[0m | E: 151 | S: 151000 | R: 831.9655 | D: 11.4 s | BR: 6.0780 | ALOSS: -674.0710 | CLOSS: 18.7471 | TLOSS: 0.0099 | TVAL: 0.1349 | AENT: -0.9266
| [33mtrain[0m | E: 152 | S: 152000 | R: 843.3635 | D: 11.3 s | BR: 6.0598 | ALOSS: -674.5747 | CLOSS: 10.6765 | TLOSS: 0.0079 | TVAL: 0.1344 | AENT: -0.9412
| [32meval[0m  | E: 152 | S: 152000 | R: 842.3281
| [33mtrain[0m | E: 153 | S: 153000 | R: 854.0945 | D: 15.3 s | BR: 6.0681 | ALOSS: -675.5188 | CLOSS: 10.6223 | TLOSS: 0.0108 | TVAL: 0.1340 | AENT: -0.9191
| [33mtrain[0m | E: 154 | S: 154000 | R: 852.9336 | D: 11.7 s | BR: 6.0832 | ALOSS: -675.6924 | CLOSS: 14.9659 | TLOSS: 0.0047 | TVAL: 0.1336 | AENT: -0.9651
| [33mtrain[0m | E: 155 | S: 155000 | R: 855.3354 | D: 11.3 s | BR: 6.0764 | ALOSS: -676.5938 | CLOSS: 22.0139 | TLOSS: 0.0080 | TVAL: 0.1333 | AENT: -0.9399
| [33mtrain[0m | E: 156 | S: 156000 | R: 761.3924 | D: 11.4 s | BR: 6.0462 | ALOSS: -676.2562 | CLOSS: 11.3069 | TLOSS: 0.0216 | TVAL: 0.1327 | AENT: -0.8371
| [32meval[0m  | E: 156 | S: 156000 | R: 859.6081
| [33mtrain[0m | E: 157 | S: 157000 | R: 791.8874 | D: 15.4 s | BR: 6.1366 | ALOSS: -678.3014 | CLOSS: 15.8521 | TLOSS: 0.0135 | TVAL: 0.1318 | AENT: -0.8977
| [33mtrain[0m | E: 158 | S: 158000 | R: 833.4431 | D: 11.6 s | BR: 6.1129 | ALOSS: -678.5956 | CLOSS: 12.2716 | TLOSS: 0.0115 | TVAL: 0.1312 | AENT: -0.9127
| [33mtrain[0m | E: 159 | S: 159000 | R: 854.4485 | D: 11.5 s | BR: 6.0880 | ALOSS: -678.6445 | CLOSS: 10.6244 | TLOSS: 0.0110 | TVAL: 0.1308 | AENT: -0.9162
| [33mtrain[0m | E: 160 | S: 160000 | R: 855.2552 | D: 11.4 s | BR: 6.1127 | ALOSS: -679.5357 | CLOSS: 10.6944 | TLOSS: 0.0113 | TVAL: 0.1303 | AENT: -0.9136
| [32meval[0m  | E: 160 | S: 160000 | R: 857.0068
| [33mtrain[0m | E: 161 | S: 161000 | R: 855.2414 | D: 15.5 s | BR: 6.0671 | ALOSS: -678.9382 | CLOSS: 10.2724 | TLOSS: 0.0064 | TVAL: 0.1299 | AENT: -0.9511
| [33mtrain[0m | E: 162 | S: 162000 | R: 854.9331 | D: 11.5 s | BR: 6.0829 | ALOSS: -679.9449 | CLOSS: 23.1989 | TLOSS: 0.0065 | TVAL: 0.1297 | AENT: -0.9501
| [33mtrain[0m | E: 163 | S: 163000 | R: 826.7735 | D: 11.4 s | BR: 6.0786 | ALOSS: -680.1148 | CLOSS: 17.1936 | TLOSS: 0.0167 | TVAL: 0.1291 | AENT: -0.8703
| [33mtrain[0m | E: 164 | S: 164000 | R: 810.6643 | D: 11.4 s | BR: 6.1030 | ALOSS: -680.6005 | CLOSS: 10.3922 | TLOSS: 0.0100 | TVAL: 0.1285 | AENT: -0.9222
| [32meval[0m  | E: 164 | S: 164000 | R: 867.5691
| [33mtrain[0m | E: 165 | S: 165000 | R: 851.4406 | D: 15.4 s | BR: 6.0680 | ALOSS: -680.7097 | CLOSS: 17.8392 | TLOSS: 0.0092 | TVAL: 0.1281 | AENT: -0.9279
| [33mtrain[0m | E: 166 | S: 166000 | R: 848.5015 | D: 11.5 s | BR: 6.1512 | ALOSS: -681.7853 | CLOSS: 11.8513 | TLOSS: 0.0125 | TVAL: 0.1277 | AENT: -0.9022
| [33mtrain[0m | E: 167 | S: 167000 | R: 817.4155 | D: 11.4 s | BR: 6.0854 | ALOSS: -682.5487 | CLOSS: 15.8940 | TLOSS: 0.0051 | TVAL: 0.1272 | AENT: -0.9601
| [33mtrain[0m | E: 168 | S: 168000 | R: 855.8680 | D: 11.5 s | BR: 6.0803 | ALOSS: -682.5872 | CLOSS: 11.7289 | TLOSS: 0.0009 | TVAL: 0.1272 | AENT: -0.9928
| [32meval[0m  | E: 168 | S: 168000 | R: 858.2702
| [33mtrain[0m | E: 169 | S: 169000 | R: 860.1505 | D: 15.5 s | BR: 6.0950 | ALOSS: -683.1122 | CLOSS: 17.5203 | TLOSS: 0.0103 | TVAL: 0.1269 | AENT: -0.9189
| [33mtrain[0m | E: 170 | S: 170000 | R: 817.1495 | D: 11.6 s | BR: 6.1070 | ALOSS: -683.0766 | CLOSS: 11.2603 | TLOSS: 0.0089 | TVAL: 0.1264 | AENT: -0.9295
| [33mtrain[0m | E: 171 | S: 171000 | R: 854.7691 | D: 11.5 s | BR: 6.1187 | ALOSS: -683.0990 | CLOSS: 10.5615 | TLOSS: 0.0037 | TVAL: 0.1263 | AENT: -0.9703
| [33mtrain[0m | E: 172 | S: 172000 | R: 856.1567 | D: 11.5 s | BR: 6.1101 | ALOSS: -683.8930 | CLOSS: 16.4806 | TLOSS: 0.0017 | TVAL: 0.1261 | AENT: -0.9868
| [32meval[0m  | E: 172 | S: 172000 | R: 846.6411
| [33mtrain[0m | E: 173 | S: 173000 | R: 837.8040 | D: 15.5 s | BR: 6.0945 | ALOSS: -684.1243 | CLOSS: 12.2451 | TLOSS: 0.0059 | TVAL: 0.1260 | AENT: -0.9532
| [33mtrain[0m | E: 174 | S: 174000 | R: 838.3529 | D: 11.6 s | BR: 6.1243 | ALOSS: -684.9528 | CLOSS: 8.3314 | TLOSS: 0.0095 | TVAL: 0.1256 | AENT: -0.9246
| [33mtrain[0m | E: 175 | S: 175000 | R: 860.3728 | D: 11.5 s | BR: 6.1133 | ALOSS: -685.4227 | CLOSS: 25.7703 | TLOSS: 0.0141 | TVAL: 0.1251 | AENT: -0.8876
| [33mtrain[0m | E: 176 | S: 176000 | R: 794.6835 | D: 11.5 s | BR: 6.1012 | ALOSS: -685.2582 | CLOSS: 17.6002 | TLOSS: 0.0202 | TVAL: 0.1243 | AENT: -0.8375
| [32meval[0m  | E: 176 | S: 176000 | R: 868.3717
| [33mtrain[0m | E: 177 | S: 177000 | R: 829.8405 | D: 15.7 s | BR: 6.0822 | ALOSS: -685.3420 | CLOSS: 11.9672 | TLOSS: 0.0172 | TVAL: 0.1235 | AENT: -0.8607
| [33mtrain[0m | E: 178 | S: 178000 | R: 811.9604 | D: 11.7 s | BR: 6.1325 | ALOSS: -686.1761 | CLOSS: 10.1492 | TLOSS: 0.0072 | TVAL: 0.1230 | AENT: -0.9418
| [33mtrain[0m | E: 179 | S: 179000 | R: 840.6917 | D: 11.6 s | BR: 6.1398 | ALOSS: -686.4528 | CLOSS: 15.4911 | TLOSS: -0.0020 | TVAL: 0.1230 | AENT: -1.0164
| [33mtrain[0m | E: 180 | S: 180000 | R: 830.1493 | D: 11.6 s | BR: 6.1377 | ALOSS: -687.4402 | CLOSS: 12.7731 | TLOSS: 0.0082 | TVAL: 0.1229 | AENT: -0.9329
| [32meval[0m  | E: 180 | S: 180000 | R: 873.2262
| [33mtrain[0m | E: 181 | S: 181000 | R: 817.1384 | D: 15.7 s | BR: 6.0857 | ALOSS: -686.7360 | CLOSS: 12.1620 | TLOSS: -0.0033 | TVAL: 0.1227 | AENT: -1.0271
| [33mtrain[0m | E: 182 | S: 182000 | R: 849.7156 | D: 11.7 s | BR: 6.1381 | ALOSS: -687.9682 | CLOSS: 9.7770 | TLOSS: -0.0021 | TVAL: 0.1228 | AENT: -1.0167
| [33mtrain[0m | E: 183 | S: 183000 | R: 838.6949 | D: 11.6 s | BR: 6.1085 | ALOSS: -688.2847 | CLOSS: 16.3449 | TLOSS: 0.0022 | TVAL: 0.1229 | AENT: -0.9820
| [33mtrain[0m | E: 184 | S: 184000 | R: 848.0476 | D: 11.6 s | BR: 6.1328 | ALOSS: -689.5278 | CLOSS: 10.6788 | TLOSS: 0.0057 | TVAL: 0.1226 | AENT: -0.9535
| [32meval[0m  | E: 184 | S: 184000 | R: 862.0637
| [33mtrain[0m | E: 185 | S: 185000 | R: 860.6403 | D: 15.9 s | BR: 6.1519 | ALOSS: -689.7373 | CLOSS: 12.6585 | TLOSS: -0.0014 | TVAL: 0.1225 | AENT: -1.0113
| [33mtrain[0m | E: 186 | S: 186000 | R: 857.4581 | D: 11.7 s | BR: 6.1214 | ALOSS: -690.2683 | CLOSS: 22.6016 | TLOSS: -0.0009 | TVAL: 0.1227 | AENT: -1.0074
| [33mtrain[0m | E: 187 | S: 187000 | R: 825.1270 | D: 11.6 s | BR: 6.1062 | ALOSS: -689.9713 | CLOSS: 10.1874 | TLOSS: 0.0090 | TVAL: 0.1225 | AENT: -0.9264
| [33mtrain[0m | E: 188 | S: 188000 | R: 820.8349 | D: 11.6 s | BR: 6.1382 | ALOSS: -689.9243 | CLOSS: 8.1695 | TLOSS: 0.0076 | TVAL: 0.1221 | AENT: -0.9374
| [32meval[0m  | E: 188 | S: 188000 | R: 874.8472
| [33mtrain[0m | E: 189 | S: 189000 | R: 843.4164 | D: 15.9 s | BR: 6.1123 | ALOSS: -690.2395 | CLOSS: 8.4641 | TLOSS: 0.0016 | TVAL: 0.1219 | AENT: -0.9867
| [33mtrain[0m | E: 190 | S: 190000 | R: 727.1531 | D: 11.8 s | BR: 6.1307 | ALOSS: -691.0806 | CLOSS: 7.6682 | TLOSS: -0.0043 | TVAL: 0.1219 | AENT: -1.0349
| [33mtrain[0m | E: 191 | S: 191000 | R: 860.8216 | D: 11.7 s | BR: 6.1630 | ALOSS: -692.2055 | CLOSS: 14.9634 | TLOSS: 0.0062 | TVAL: 0.1219 | AENT: -0.9492
| [33mtrain[0m | E: 192 | S: 192000 | R: 856.9152 | D: 11.6 s | BR: 6.1544 | ALOSS: -691.8580 | CLOSS: 11.1046 | TLOSS: 0.0021 | TVAL: 0.1217 | AENT: -0.9825
| [32meval[0m  | E: 192 | S: 192000 | R: 841.6026
| [33mtrain[0m | E: 193 | S: 193000 | R: 854.7583 | D: 15.9 s | BR: 6.1795 | ALOSS: -692.3507 | CLOSS: 15.6934 | TLOSS: 0.0075 | TVAL: 0.1215 | AENT: -0.9379
| [33mtrain[0m | E: 194 | S: 194000 | R: 840.5901 | D: 12.0 s | BR: 6.0878 | ALOSS: -691.6861 | CLOSS: 9.4422 | TLOSS: -0.0052 | TVAL: 0.1213 | AENT: -1.0429
| [33mtrain[0m | E: 195 | S: 195000 | R: 863.8571 | D: 11.8 s | BR: 6.1447 | ALOSS: -693.6645 | CLOSS: 14.4190 | TLOSS: 0.0007 | TVAL: 0.1216 | AENT: -0.9939
| [33mtrain[0m | E: 196 | S: 196000 | R: 853.3717 | D: 11.7 s | BR: 6.1564 | ALOSS: -694.5527 | CLOSS: 8.8779 | TLOSS: 0.0098 | TVAL: 0.1212 | AENT: -0.9193
| [32meval[0m  | E: 196 | S: 196000 | R: 861.9635
| [33mtrain[0m | E: 197 | S: 197000 | R: 847.7127 | D: 16.1 s | BR: 6.1020 | ALOSS: -693.6589 | CLOSS: 9.1429 | TLOSS: -0.0052 | TVAL: 0.1211 | AENT: -1.0432
| [33mtrain[0m | E: 198 | S: 198000 | R: 861.3506 | D: 11.9 s | BR: 6.1246 | ALOSS: -693.6278 | CLOSS: 8.4307 | TLOSS: -0.0001 | TVAL: 0.1213 | AENT: -1.0012
| [33mtrain[0m | E: 199 | S: 199000 | R: 848.0869 | D: 11.9 s | BR: 6.1716 | ALOSS: -694.0235 | CLOSS: 11.6330 | TLOSS: -0.0173 | TVAL: 0.1217 | AENT: -1.1419
| [33mtrain[0m | E: 200 | S: 200000 | R: 852.8906 | D: 11.8 s | BR: 6.1679 | ALOSS: -694.6234 | CLOSS: 10.8904 | TLOSS: -0.0029 | TVAL: 0.1222 | AENT: -1.0236
| [32meval[0m  | E: 200 | S: 200000 | R: 870.4569
| [33mtrain[0m | E: 201 | S: 201000 | R: 863.6814 | D: 16.1 s | BR: 6.1567 | ALOSS: -695.3824 | CLOSS: 10.5542 | TLOSS: -0.0049 | TVAL: 0.1224 | AENT: -1.0400
| [33mtrain[0m | E: 202 | S: 202000 | R: 860.8080 | D: 11.9 s | BR: 6.1500 | ALOSS: -695.0498 | CLOSS: 12.2560 | TLOSS: -0.0013 | TVAL: 0.1225 | AENT: -1.0105
| [33mtrain[0m | E: 203 | S: 203000 | R: 861.7278 | D: 12.0 s | BR: 6.1388 | ALOSS: -695.7337 | CLOSS: 10.7537 | TLOSS: -0.0003 | TVAL: 0.1225 | AENT: -1.0022
| [33mtrain[0m | E: 204 | S: 204000 | R: 856.5705 | D: 11.9 s | BR: 6.1449 | ALOSS: -695.9813 | CLOSS: 22.9167 | TLOSS: 0.0107 | TVAL: 0.1225 | AENT: -0.9123
| [32meval[0m  | E: 204 | S: 204000 | R: 869.2247
| [33mtrain[0m | E: 205 | S: 205000 | R: 762.5445 | D: 16.1 s | BR: 6.1147 | ALOSS: -696.2760 | CLOSS: 8.8175 | TLOSS: 0.0066 | TVAL: 0.1219 | AENT: -0.9458
| [33mtrain[0m | E: 206 | S: 206000 | R: 856.1078 | D: 12.0 s | BR: 6.1505 | ALOSS: -697.1178 | CLOSS: 31.0117 | TLOSS: 0.0052 | TVAL: 0.1217 | AENT: -0.9571
| [33mtrain[0m | E: 207 | S: 207000 | R: 832.6475 | D: 12.1 s | BR: 6.1630 | ALOSS: -697.5224 | CLOSS: 8.4223 | TLOSS: 0.0002 | TVAL: 0.1215 | AENT: -0.9981
| [33mtrain[0m | E: 208 | S: 208000 | R: 839.9737 | D: 12.1 s | BR: 6.1520 | ALOSS: -697.8154 | CLOSS: 14.6183 | TLOSS: 0.0049 | TVAL: 0.1214 | AENT: -0.9596
| [32meval[0m  | E: 208 | S: 208000 | R: 860.0228
| [33mtrain[0m | E: 209 | S: 209000 | R: 836.4822 | D: 16.3 s | BR: 6.1767 | ALOSS: -698.7918 | CLOSS: 10.0768 | TLOSS: 0.0081 | TVAL: 0.1212 | AENT: -0.9334
| [33mtrain[0m | E: 210 | S: 210000 | R: 855.1667 | D: 12.1 s | BR: 6.1775 | ALOSS: -698.8904 | CLOSS: 9.4047 | TLOSS: 0.0007 | TVAL: 0.1209 | AENT: -0.9942
| [33mtrain[0m | E: 211 | S: 211000 | R: 852.7912 | D: 12.2 s | BR: 6.2250 | ALOSS: -699.5676 | CLOSS: 9.4564 | TLOSS: -0.0029 | TVAL: 0.1209 | AENT: -1.0239
| [33mtrain[0m | E: 212 | S: 212000 | R: 855.3101 | D: 12.1 s | BR: 6.1860 | ALOSS: -699.9579 | CLOSS: 24.0208 | TLOSS: 0.0009 | TVAL: 0.1210 | AENT: -0.9924
| [32meval[0m  | E: 212 | S: 212000 | R: 851.8957
| [33mtrain[0m | E: 213 | S: 213000 | R: 756.4308 | D: 16.3 s | BR: 6.1625 | ALOSS: -699.5410 | CLOSS: 14.5929 | TLOSS: 0.0050 | TVAL: 0.1208 | AENT: -0.9590
| [33mtrain[0m | E: 214 | S: 214000 | R: 836.9866 | D: 12.2 s | BR: 6.1876 | ALOSS: -700.0430 | CLOSS: 12.9682 | TLOSS: -0.0133 | TVAL: 0.1211 | AENT: -1.1102
| [33mtrain[0m | E: 215 | S: 215000 | R: 820.8426 | D: 12.3 s | BR: 6.1593 | ALOSS: -699.5675 | CLOSS: 12.8779 | TLOSS: -0.0032 | TVAL: 0.1214 | AENT: -1.0262
| [33mtrain[0m | E: 216 | S: 216000 | R: 856.1419 | D: 12.3 s | BR: 6.1937 | ALOSS: -700.4855 | CLOSS: 10.0113 | TLOSS: -0.0004 | TVAL: 0.1215 | AENT: -1.0031
| [32meval[0m  | E: 216 | S: 216000 | R: 861.2556
| [33mtrain[0m | E: 217 | S: 217000 | R: 864.4088 | D: 16.4 s | BR: 6.1426 | ALOSS: -700.0216 | CLOSS: 12.6271 | TLOSS: -0.0009 | TVAL: 0.1215 | AENT: -1.0074
| [33mtrain[0m | E: 218 | S: 218000 | R: 840.2134 | D: 12.4 s | BR: 6.1511 | ALOSS: -700.8560 | CLOSS: 18.2407 | TLOSS: 0.0078 | TVAL: 0.1214 | AENT: -0.9354
| [33mtrain[0m | E: 219 | S: 219000 | R: 688.8030 | D: 12.4 s | BR: 6.1728 | ALOSS: -700.9248 | CLOSS: 11.5043 | TLOSS: -0.0035 | TVAL: 0.1211 | AENT: -1.0292
| [33mtrain[0m | E: 220 | S: 220000 | R: 851.2140 | D: 12.4 s | BR: 6.1990 | ALOSS: -702.1045 | CLOSS: 15.1848 | TLOSS: 0.0029 | TVAL: 0.1213 | AENT: -0.9764
| [32meval[0m  | E: 220 | S: 220000 | R: 862.6003
| [33mtrain[0m | E: 221 | S: 221000 | R: 847.7669 | D: 16.5 s | BR: 6.1824 | ALOSS: -701.0012 | CLOSS: 12.1132 | TLOSS: -0.0002 | TVAL: 0.1212 | AENT: -1.0019
| [33mtrain[0m | E: 222 | S: 222000 | R: 868.5131 | D: 12.4 s | BR: 6.1462 | ALOSS: -701.7899 | CLOSS: 15.9853 | TLOSS: -0.0049 | TVAL: 0.1214 | AENT: -1.0407
| [33mtrain[0m | E: 223 | S: 223000 | R: 854.0625 | D: 12.7 s | BR: 6.1508 | ALOSS: -702.1772 | CLOSS: 10.4780 | TLOSS: -0.0003 | TVAL: 0.1215 | AENT: -1.0027
| [33mtrain[0m | E: 224 | S: 224000 | R: 840.7445 | D: 12.5 s | BR: 6.1776 | ALOSS: -702.9321 | CLOSS: 7.9784 | TLOSS: -0.0021 | TVAL: 0.1215 | AENT: -1.0172
| [32meval[0m  | E: 224 | S: 224000 | R: 863.5464
| [33mtrain[0m | E: 225 | S: 225000 | R: 849.6989 | D: 16.5 s | BR: 6.1722 | ALOSS: -703.0927 | CLOSS: 14.4544 | TLOSS: -0.0052 | TVAL: 0.1218 | AENT: -1.0431
| [33mtrain[0m | E: 226 | S: 226000 | R: 826.9563 | D: 12.5 s | BR: 6.1595 | ALOSS: -703.1322 | CLOSS: 7.4383 | TLOSS: -0.0047 | TVAL: 0.1219 | AENT: -1.0389
| [33mtrain[0m | E: 227 | S: 227000 | R: 857.2488 | D: 12.7 s | BR: 6.1468 | ALOSS: -703.3866 | CLOSS: 7.8629 | TLOSS: 0.0008 | TVAL: 0.1221 | AENT: -0.9932
| [33mtrain[0m | E: 228 | S: 228000 | R: 851.3475 | D: 12.6 s | BR: 6.1853 | ALOSS: -704.7262 | CLOSS: 13.5611 | TLOSS: 0.0044 | TVAL: 0.1220 | AENT: -0.9637
| [32meval[0m  | E: 228 | S: 228000 | R: 859.2174
| [33mtrain[0m | E: 229 | S: 229000 | R: 828.0260 | D: 16.5 s | BR: 6.1807 | ALOSS: -704.8561 | CLOSS: 6.8279 | TLOSS: 0.0059 | TVAL: 0.1216 | AENT: -0.9513
| [33mtrain[0m | E: 230 | S: 230000 | R: 851.4513 | D: 12.7 s | BR: 6.1775 | ALOSS: -705.3084 | CLOSS: 13.1321 | TLOSS: 0.0017 | TVAL: 0.1215 | AENT: -0.9863
| [33mtrain[0m | E: 231 | S: 231000 | R: 844.4995 | D: 12.9 s | BR: 6.1918 | ALOSS: -706.2692 | CLOSS: 13.2773 | TLOSS: 0.0141 | TVAL: 0.1211 | AENT: -0.8838
| [33mtrain[0m | E: 232 | S: 232000 | R: 843.7453 | D: 12.6 s | BR: 6.1851 | ALOSS: -705.7814 | CLOSS: 22.6525 | TLOSS: 0.0057 | TVAL: 0.1206 | AENT: -0.9531
| [32meval[0m  | E: 232 | S: 232000 | R: 840.7509
| [33mtrain[0m | E: 233 | S: 233000 | R: 844.6457 | D: 16.8 s | BR: 6.1921 | ALOSS: -705.9036 | CLOSS: 9.3907 | TLOSS: 0.0096 | TVAL: 0.1203 | AENT: -0.9202
| [33mtrain[0m | E: 234 | S: 234000 | R: 820.8108 | D: 12.9 s | BR: 6.1771 | ALOSS: -706.5706 | CLOSS: 11.4012 | TLOSS: -0.0009 | TVAL: 0.1199 | AENT: -1.0079
| [33mtrain[0m | E: 235 | S: 235000 | R: 851.0199 | D: 13.0 s | BR: 6.1802 | ALOSS: -706.6848 | CLOSS: 10.6830 | TLOSS: 0.0005 | TVAL: 0.1200 | AENT: -0.9956
| [33mtrain[0m | E: 236 | S: 236000 | R: 839.2035 | D: 12.8 s | BR: 6.1723 | ALOSS: -706.2373 | CLOSS: 8.5716 | TLOSS: -0.0081 | TVAL: 0.1202 | AENT: -1.0675
| [32meval[0m  | E: 236 | S: 236000 | R: 863.6444
| [33mtrain[0m | E: 237 | S: 237000 | R: 863.5469 | D: 16.9 s | BR: 6.1927 | ALOSS: -707.2712 | CLOSS: 10.8572 | TLOSS: -0.0068 | TVAL: 0.1205 | AENT: -1.0563
| [33mtrain[0m | E: 238 | S: 238000 | R: 852.7184 | D: 13.0 s | BR: 6.1851 | ALOSS: -707.7234 | CLOSS: 15.4645 | TLOSS: 0.0008 | TVAL: 0.1207 | AENT: -0.9931
| [33mtrain[0m | E: 239 | S: 239000 | R: 850.9226 | D: 13.1 s | BR: 6.2001 | ALOSS: -708.7749 | CLOSS: 9.7005 | TLOSS: 0.0030 | TVAL: 0.1206 | AENT: -0.9754
Switching to test env
| [33mtrain[0m | E: 240 | S: 240000 | R: 842.6396 | D: 13.0 s | BR: 6.2137 | ALOSS: -708.5286 | CLOSS: 15.8404 | TLOSS: 0.0042 | TVAL: 0.1205 | AENT: -0.9653
| [32meval[0m  | E: 240 | S: 240000 | R: 870.1932
