cartpole_damping_10000_ar8_seed10
workspace: /scratch/yxue/CMID/runs/cartpole_damping_slide_envA_5e-10_envB_10_30000_seed0/sac/0
| [32meval[0m  | E: 0 | S: 0 | R: 0.6869
| [32meval[0m  | E: 4 | S: 4000 | R: 0.6764
| [32meval[0m  | E: 8 | S: 8000 | R: 0.6769
| [33mtrain[0m | E: 9 | S: 9000 | R: 57.4112 | D: 13.9 s | BR: 0.9334 | ALOSS: -1.2832 | CLOSS: 1.2401 | TLOSS: 0.1499 | TVAL: 0.0997 | AENT: 0.5031
| [33mtrain[0m | E: 10 | S: 10000 | R: 195.7221 | D: 10.5 s | BR: 1.0173 | ALOSS: -1.9310 | CLOSS: 0.6782 | TLOSS: 0.1637 | TVAL: 0.0991 | AENT: 0.6517
| [33mtrain[0m | E: 11 | S: 11000 | R: 203.5758 | D: 10.5 s | BR: 1.0428 | ALOSS: -2.3977 | CLOSS: 0.7798 | TLOSS: 0.1621 | TVAL: 0.0985 | AENT: 0.6458
| [33mtrain[0m | E: 12 | S: 12000 | R: 117.6698 | D: 10.4 s | BR: 1.0124 | ALOSS: -2.8662 | CLOSS: 0.4146 | TLOSS: 0.1611 | TVAL: 0.0979 | AENT: 0.6465
| [32meval[0m  | E: 12 | S: 12000 | R: 42.6005
| [33mtrain[0m | E: 13 | S: 13000 | R: 32.0079 | D: 13.8 s | BR: 0.9677 | ALOSS: -3.3382 | CLOSS: 0.6729 | TLOSS: 0.1589 | TVAL: 0.0973 | AENT: 0.6342
| [33mtrain[0m | E: 14 | S: 14000 | R: 151.9236 | D: 10.5 s | BR: 1.0181 | ALOSS: -4.1154 | CLOSS: 1.1585 | TLOSS: 0.1564 | TVAL: 0.0967 | AENT: 0.6177
| [33mtrain[0m | E: 15 | S: 15000 | R: 220.0265 | D: 10.5 s | BR: 1.0402 | ALOSS: -4.8240 | CLOSS: 1.9320 | TLOSS: 0.1500 | TVAL: 0.0961 | AENT: 0.5609
| [33mtrain[0m | E: 16 | S: 16000 | R: 194.8068 | D: 10.4 s | BR: 1.1022 | ALOSS: -5.7836 | CLOSS: 2.1499 | TLOSS: 0.1346 | TVAL: 0.0956 | AENT: 0.4083
| [32meval[0m  | E: 16 | S: 16000 | R: 171.7143
| [33mtrain[0m | E: 17 | S: 17000 | R: 186.3777 | D: 13.9 s | BR: 1.0952 | ALOSS: -6.4298 | CLOSS: 1.6298 | TLOSS: 0.1362 | TVAL: 0.0950 | AENT: 0.4327
| [33mtrain[0m | E: 18 | S: 18000 | R: 189.6399 | D: 10.5 s | BR: 1.1379 | ALOSS: -7.2119 | CLOSS: 2.4474 | TLOSS: 0.1079 | TVAL: 0.0946 | AENT: 0.1410
| [33mtrain[0m | E: 19 | S: 19000 | R: 209.3782 | D: 10.5 s | BR: 1.2205 | ALOSS: -8.5582 | CLOSS: 4.0800 | TLOSS: 0.0963 | TVAL: 0.0942 | AENT: 0.0226
| [33mtrain[0m | E: 20 | S: 20000 | R: 331.4611 | D: 10.4 s | BR: 1.2420 | ALOSS: -9.6291 | CLOSS: 2.4120 | TLOSS: 0.0862 | TVAL: 0.0938 | AENT: -0.0809
| [32meval[0m  | E: 20 | S: 20000 | R: 284.3481
| [33mtrain[0m | E: 21 | S: 21000 | R: 155.7193 | D: 13.8 s | BR: 1.2700 | ALOSS: -10.7788 | CLOSS: 4.7656 | TLOSS: 0.0780 | TVAL: 0.0934 | AENT: -0.1657
| [33mtrain[0m | E: 22 | S: 22000 | R: 223.7377 | D: 10.4 s | BR: 1.2708 | ALOSS: -12.2393 | CLOSS: 4.1282 | TLOSS: 0.0697 | TVAL: 0.0931 | AENT: -0.2513
| [33mtrain[0m | E: 23 | S: 23000 | R: 186.7622 | D: 10.5 s | BR: 1.2891 | ALOSS: -13.3534 | CLOSS: 3.9586 | TLOSS: 0.0606 | TVAL: 0.0928 | AENT: -0.3465
| [33mtrain[0m | E: 24 | S: 24000 | R: 254.8671 | D: 10.4 s | BR: 1.3491 | ALOSS: -15.1128 | CLOSS: 5.5411 | TLOSS: 0.0525 | TVAL: 0.0925 | AENT: -0.4327
| [32meval[0m  | E: 24 | S: 24000 | R: 175.2677
| [33mtrain[0m | E: 25 | S: 25000 | R: 436.7750 | D: 13.8 s | BR: 1.4042 | ALOSS: -16.6389 | CLOSS: 6.7682 | TLOSS: 0.0368 | TVAL: 0.0923 | AENT: -0.6016
| [33mtrain[0m | E: 26 | S: 26000 | R: 205.6571 | D: 10.5 s | BR: 1.4110 | ALOSS: -17.6350 | CLOSS: 11.8007 | TLOSS: 0.0168 | TVAL: 0.0922 | AENT: -0.8175
| [33mtrain[0m | E: 27 | S: 27000 | R: 235.1952 | D: 10.5 s | BR: 1.4295 | ALOSS: -18.7784 | CLOSS: 10.5383 | TLOSS: 0.0231 | TVAL: 0.0921 | AENT: -0.7493
| [33mtrain[0m | E: 28 | S: 28000 | R: 381.2849 | D: 10.4 s | BR: 1.5236 | ALOSS: -21.0024 | CLOSS: 10.7700 | TLOSS: 0.0042 | TVAL: 0.0920 | AENT: -0.9542
| [32meval[0m  | E: 28 | S: 28000 | R: 668.1266
| [33mtrain[0m | E: 29 | S: 29000 | R: 325.8197 | D: 13.8 s | BR: 1.5515 | ALOSS: -22.4915 | CLOSS: 12.7676 | TLOSS: -0.0142 | TVAL: 0.0920 | AENT: -1.1546
| [33mtrain[0m | E: 30 | S: 30000 | R: 389.1362 | D: 10.4 s | BR: 1.6138 | ALOSS: -25.0043 | CLOSS: 12.2382 | TLOSS: -0.0219 | TVAL: 0.0921 | AENT: -1.2373
| [33mtrain[0m | E: 31 | S: 31000 | R: 651.9852 | D: 10.5 s | BR: 1.7392 | ALOSS: -27.6173 | CLOSS: 19.8133 | TLOSS: -0.0195 | TVAL: 0.0922 | AENT: -1.2116
| [33mtrain[0m | E: 32 | S: 32000 | R: 419.8251 | D: 10.4 s | BR: 1.8054 | ALOSS: -29.8820 | CLOSS: 14.7969 | TLOSS: -0.0290 | TVAL: 0.0924 | AENT: -1.3141
| [32meval[0m  | E: 32 | S: 32000 | R: 516.2978
| [33mtrain[0m | E: 33 | S: 33000 | R: 501.9964 | D: 13.8 s | BR: 1.8547 | ALOSS: -31.7765 | CLOSS: 21.4236 | TLOSS: -0.0252 | TVAL: 0.0926 | AENT: -1.2724
| [33mtrain[0m | E: 34 | S: 34000 | R: 405.5056 | D: 10.4 s | BR: 1.8858 | ALOSS: -34.0311 | CLOSS: 32.0276 | TLOSS: -0.0379 | TVAL: 0.0928 | AENT: -1.4084
| [33mtrain[0m | E: 35 | S: 35000 | R: 576.3448 | D: 10.5 s | BR: 1.9578 | ALOSS: -36.9573 | CLOSS: 30.5526 | TLOSS: -0.0352 | TVAL: 0.0931 | AENT: -1.3779
| [33mtrain[0m | E: 36 | S: 36000 | R: 451.8386 | D: 10.3 s | BR: 2.0347 | ALOSS: -39.8306 | CLOSS: 28.7640 | TLOSS: -0.0422 | TVAL: 0.0934 | AENT: -1.4517
| [32meval[0m  | E: 36 | S: 36000 | R: 508.0440
| [33mtrain[0m | E: 37 | S: 37000 | R: 619.4382 | D: 13.7 s | BR: 2.1045 | ALOSS: -42.4210 | CLOSS: 27.9288 | TLOSS: -0.0600 | TVAL: 0.0938 | AENT: -1.6397
| [33mtrain[0m | E: 38 | S: 38000 | R: 648.2719 | D: 10.4 s | BR: 2.2005 | ALOSS: -45.6722 | CLOSS: 36.9387 | TLOSS: -0.0490 | TVAL: 0.0942 | AENT: -1.5201
| [33mtrain[0m | E: 39 | S: 39000 | R: 705.6398 | D: 10.4 s | BR: 2.2766 | ALOSS: -49.4653 | CLOSS: 34.7236 | TLOSS: -0.0556 | TVAL: 0.0946 | AENT: -1.5871
| [33mtrain[0m | E: 40 | S: 40000 | R: 710.2296 | D: 10.4 s | BR: 2.3737 | ALOSS: -52.5600 | CLOSS: 35.1051 | TLOSS: -0.0575 | TVAL: 0.0951 | AENT: -1.6051
| [32meval[0m  | E: 40 | S: 40000 | R: 634.4839
| [33mtrain[0m | E: 41 | S: 41000 | R: 671.9563 | D: 13.7 s | BR: 2.4365 | ALOSS: -55.7570 | CLOSS: 43.8125 | TLOSS: -0.0525 | TVAL: 0.0955 | AENT: -1.5491
| [33mtrain[0m | E: 42 | S: 42000 | R: 462.7953 | D: 10.3 s | BR: 2.4515 | ALOSS: -59.0416 | CLOSS: 38.0594 | TLOSS: -0.0592 | TVAL: 0.0960 | AENT: -1.6164
| [33mtrain[0m | E: 43 | S: 43000 | R: 708.6987 | D: 10.4 s | BR: 2.5412 | ALOSS: -62.2326 | CLOSS: 38.3518 | TLOSS: -0.0554 | TVAL: 0.0965 | AENT: -1.5746
| [33mtrain[0m | E: 44 | S: 44000 | R: 727.7374 | D: 10.4 s | BR: 2.6122 | ALOSS: -65.5088 | CLOSS: 63.1186 | TLOSS: -0.0504 | TVAL: 0.0970 | AENT: -1.5194
| [32meval[0m  | E: 44 | S: 44000 | R: 585.2635
| [33mtrain[0m | E: 45 | S: 45000 | R: 412.8221 | D: 13.7 s | BR: 2.6350 | ALOSS: -68.4806 | CLOSS: 53.9597 | TLOSS: -0.0571 | TVAL: 0.0974 | AENT: -1.5857
| [33mtrain[0m | E: 46 | S: 46000 | R: 519.9569 | D: 10.3 s | BR: 2.6868 | ALOSS: -73.4087 | CLOSS: 71.9454 | TLOSS: -0.0596 | TVAL: 0.0980 | AENT: -1.6084
| [33mtrain[0m | E: 47 | S: 47000 | R: 618.4476 | D: 10.4 s | BR: 2.7483 | ALOSS: -77.3469 | CLOSS: 60.3486 | TLOSS: -0.0709 | TVAL: 0.0985 | AENT: -1.7199
| [33mtrain[0m | E: 48 | S: 48000 | R: 714.0651 | D: 10.3 s | BR: 2.8205 | ALOSS: -80.2893 | CLOSS: 67.2302 | TLOSS: -0.0772 | TVAL: 0.0992 | AENT: -1.7781
| [32meval[0m  | E: 48 | S: 48000 | R: 500.8058
| [33mtrain[0m | E: 49 | S: 49000 | R: 699.6911 | D: 13.7 s | BR: 2.8531 | ALOSS: -83.4027 | CLOSS: 59.6444 | TLOSS: -0.0703 | TVAL: 0.0999 | AENT: -1.7035
| [33mtrain[0m | E: 50 | S: 50000 | R: 628.0540 | D: 10.4 s | BR: 2.9097 | ALOSS: -88.5320 | CLOSS: 73.9230 | TLOSS: -0.0765 | TVAL: 0.1006 | AENT: -1.7608
| [33mtrain[0m | E: 51 | S: 51000 | R: 680.6126 | D: 10.4 s | BR: 2.9551 | ALOSS: -91.1298 | CLOSS: 74.4996 | TLOSS: -0.0800 | TVAL: 0.1012 | AENT: -1.7906
| [33mtrain[0m | E: 52 | S: 52000 | R: 585.6892 | D: 10.3 s | BR: 2.9534 | ALOSS: -95.5476 | CLOSS: 69.6611 | TLOSS: -0.0764 | TVAL: 0.1020 | AENT: -1.7497
| [32meval[0m  | E: 52 | S: 52000 | R: 706.9519
| [33mtrain[0m | E: 53 | S: 53000 | R: 714.3062 | D: 13.7 s | BR: 3.0219 | ALOSS: -99.9542 | CLOSS: 62.3748 | TLOSS: -0.0920 | TVAL: 0.1027 | AENT: -1.8955
| [33mtrain[0m | E: 54 | S: 54000 | R: 734.4105 | D: 10.3 s | BR: 3.0641 | ALOSS: -103.5239 | CLOSS: 65.8167 | TLOSS: -0.0872 | TVAL: 0.1035 | AENT: -1.8428
| [33mtrain[0m | E: 55 | S: 55000 | R: 740.7339 | D: 10.3 s | BR: 3.1515 | ALOSS: -107.7128 | CLOSS: 62.5155 | TLOSS: -0.0870 | TVAL: 0.1042 | AENT: -1.8347
| [33mtrain[0m | E: 56 | S: 56000 | R: 819.1679 | D: 10.2 s | BR: 3.1772 | ALOSS: -112.7304 | CLOSS: 61.9810 | TLOSS: -0.0890 | TVAL: 0.1050 | AENT: -1.8477
| [32meval[0m  | E: 56 | S: 56000 | R: 771.5507
| [33mtrain[0m | E: 57 | S: 57000 | R: 774.3609 | D: 13.6 s | BR: 3.2647 | ALOSS: -117.9604 | CLOSS: 68.4910 | TLOSS: -0.0884 | TVAL: 0.1058 | AENT: -1.8359
| [33mtrain[0m | E: 58 | S: 58000 | R: 780.9847 | D: 10.3 s | BR: 3.2933 | ALOSS: -121.8899 | CLOSS: 54.8849 | TLOSS: -0.0914 | TVAL: 0.1066 | AENT: -1.8577
| [33mtrain[0m | E: 59 | S: 59000 | R: 767.9151 | D: 10.3 s | BR: 3.3870 | ALOSS: -126.3013 | CLOSS: 61.1840 | TLOSS: -0.0916 | TVAL: 0.1073 | AENT: -1.8535
| [33mtrain[0m | E: 60 | S: 60000 | R: 789.6037 | D: 10.3 s | BR: 3.4077 | ALOSS: -130.8752 | CLOSS: 58.5698 | TLOSS: -0.0965 | TVAL: 0.1081 | AENT: -1.8919
| [32meval[0m  | E: 60 | S: 60000 | R: 702.8031
| [33mtrain[0m | E: 61 | S: 61000 | R: 725.0989 | D: 13.7 s | BR: 3.4219 | ALOSS: -134.5678 | CLOSS: 58.7816 | TLOSS: -0.0912 | TVAL: 0.1089 | AENT: -1.8375
| [33mtrain[0m | E: 62 | S: 62000 | R: 624.5896 | D: 10.4 s | BR: 3.4648 | ALOSS: -139.7315 | CLOSS: 59.6099 | TLOSS: -0.1004 | TVAL: 0.1097 | AENT: -1.9149
| [33mtrain[0m | E: 63 | S: 63000 | R: 685.2324 | D: 10.4 s | BR: 3.4932 | ALOSS: -143.5948 | CLOSS: 57.6777 | TLOSS: -0.0880 | TVAL: 0.1105 | AENT: -1.7964
| [33mtrain[0m | E: 64 | S: 64000 | R: 744.5340 | D: 10.3 s | BR: 3.5741 | ALOSS: -147.8743 | CLOSS: 52.7246 | TLOSS: -0.0866 | TVAL: 0.1113 | AENT: -1.7787
| [32meval[0m  | E: 64 | S: 64000 | R: 774.7866
| [33mtrain[0m | E: 65 | S: 65000 | R: 712.5173 | D: 13.7 s | BR: 3.5907 | ALOSS: -152.2854 | CLOSS: 47.6035 | TLOSS: -0.0909 | TVAL: 0.1120 | AENT: -1.8121
| [33mtrain[0m | E: 66 | S: 66000 | R: 792.2845 | D: 10.3 s | BR: 3.5748 | ALOSS: -155.8445 | CLOSS: 44.5965 | TLOSS: -0.0910 | TVAL: 0.1127 | AENT: -1.8070
| [33mtrain[0m | E: 67 | S: 67000 | R: 751.9565 | D: 10.4 s | BR: 3.6807 | ALOSS: -159.3268 | CLOSS: 44.6483 | TLOSS: -0.0947 | TVAL: 0.1135 | AENT: -1.8344
| [33mtrain[0m | E: 68 | S: 68000 | R: 694.2146 | D: 10.3 s | BR: 3.6748 | ALOSS: -164.1076 | CLOSS: 57.6485 | TLOSS: -0.0957 | TVAL: 0.1143 | AENT: -1.8376
| [32meval[0m  | E: 68 | S: 68000 | R: 436.9594
| [33mtrain[0m | E: 69 | S: 69000 | R: 552.3748 | D: 13.6 s | BR: 3.6845 | ALOSS: -167.9204 | CLOSS: 46.9351 | TLOSS: -0.0947 | TVAL: 0.1151 | AENT: -1.8233
| [33mtrain[0m | E: 70 | S: 70000 | R: 668.6767 | D: 10.3 s | BR: 3.7238 | ALOSS: -171.5275 | CLOSS: 41.5452 | TLOSS: -0.0897 | TVAL: 0.1158 | AENT: -1.7741
| [33mtrain[0m | E: 71 | S: 71000 | R: 721.8564 | D: 10.4 s | BR: 3.7595 | ALOSS: -176.1381 | CLOSS: 42.6894 | TLOSS: -0.0843 | TVAL: 0.1166 | AENT: -1.7228
| [33mtrain[0m | E: 72 | S: 72000 | R: 647.2894 | D: 10.3 s | BR: 3.7515 | ALOSS: -179.1237 | CLOSS: 43.4667 | TLOSS: -0.0800 | TVAL: 0.1173 | AENT: -1.6822
| [32meval[0m  | E: 72 | S: 72000 | R: 730.0855
| [33mtrain[0m | E: 73 | S: 73000 | R: 546.6939 | D: 13.6 s | BR: 3.7482 | ALOSS: -182.9484 | CLOSS: 34.2764 | TLOSS: -0.0725 | TVAL: 0.1179 | AENT: -1.6150
| [33mtrain[0m | E: 74 | S: 74000 | R: 556.6508 | D: 10.3 s | BR: 3.7920 | ALOSS: -184.9220 | CLOSS: 32.0476 | TLOSS: -0.0736 | TVAL: 0.1185 | AENT: -1.6213
| [33mtrain[0m | E: 75 | S: 75000 | R: 738.4168 | D: 10.4 s | BR: 3.8119 | ALOSS: -188.9749 | CLOSS: 34.4316 | TLOSS: -0.0721 | TVAL: 0.1192 | AENT: -1.6047
| [33mtrain[0m | E: 76 | S: 76000 | R: 695.8209 | D: 10.3 s | BR: 3.8383 | ALOSS: -192.6036 | CLOSS: 29.5818 | TLOSS: -0.0641 | TVAL: 0.1198 | AENT: -1.5350
| [32meval[0m  | E: 76 | S: 76000 | R: 630.0077
| [33mtrain[0m | E: 77 | S: 77000 | R: 725.7631 | D: 13.7 s | BR: 3.8667 | ALOSS: -196.2443 | CLOSS: 36.8427 | TLOSS: -0.0591 | TVAL: 0.1203 | AENT: -1.4910
| [33mtrain[0m | E: 78 | S: 78000 | R: 639.2698 | D: 10.3 s | BR: 3.8472 | ALOSS: -198.8280 | CLOSS: 26.6251 | TLOSS: -0.0653 | TVAL: 0.1209 | AENT: -1.5405
| [33mtrain[0m | E: 79 | S: 79000 | R: 623.3048 | D: 10.4 s | BR: 3.8589 | ALOSS: -202.5042 | CLOSS: 29.4441 | TLOSS: -0.0568 | TVAL: 0.1214 | AENT: -1.4678
| [33mtrain[0m | E: 80 | S: 80000 | R: 660.5000 | D: 10.3 s | BR: 3.9118 | ALOSS: -205.4445 | CLOSS: 30.5451 | TLOSS: -0.0622 | TVAL: 0.1220 | AENT: -1.5098
| [32meval[0m  | E: 80 | S: 80000 | R: 716.5636
| [33mtrain[0m | E: 81 | S: 81000 | R: 714.3736 | D: 13.7 s | BR: 3.8925 | ALOSS: -207.8114 | CLOSS: 30.7552 | TLOSS: -0.0525 | TVAL: 0.1226 | AENT: -1.4280
| [33mtrain[0m | E: 82 | S: 82000 | R: 715.2262 | D: 10.3 s | BR: 3.9554 | ALOSS: -210.9126 | CLOSS: 25.0551 | TLOSS: -0.0513 | TVAL: 0.1230 | AENT: -1.4166
| [33mtrain[0m | E: 83 | S: 83000 | R: 747.8578 | D: 10.4 s | BR: 3.9525 | ALOSS: -213.3580 | CLOSS: 22.2579 | TLOSS: -0.0438 | TVAL: 0.1235 | AENT: -1.3546
| [33mtrain[0m | E: 84 | S: 84000 | R: 751.0900 | D: 10.3 s | BR: 4.0195 | ALOSS: -216.5521 | CLOSS: 23.3551 | TLOSS: -0.0503 | TVAL: 0.1240 | AENT: -1.4054
| [32meval[0m  | E: 84 | S: 84000 | R: 731.6716
| [33mtrain[0m | E: 85 | S: 85000 | R: 746.0225 | D: 13.6 s | BR: 4.0240 | ALOSS: -219.0110 | CLOSS: 29.7016 | TLOSS: -0.0483 | TVAL: 0.1245 | AENT: -1.3879
| [33mtrain[0m | E: 86 | S: 86000 | R: 719.5390 | D: 10.3 s | BR: 4.0658 | ALOSS: -223.1305 | CLOSS: 30.6069 | TLOSS: -0.0421 | TVAL: 0.1250 | AENT: -1.3369
| [33mtrain[0m | E: 87 | S: 87000 | R: 779.2033 | D: 10.4 s | BR: 4.0862 | ALOSS: -225.8069 | CLOSS: 22.7883 | TLOSS: -0.0444 | TVAL: 0.1255 | AENT: -1.3542
| [33mtrain[0m | E: 88 | S: 88000 | R: 808.8658 | D: 10.3 s | BR: 4.1087 | ALOSS: -228.4575 | CLOSS: 25.4569 | TLOSS: -0.0436 | TVAL: 0.1260 | AENT: -1.3464
| [32meval[0m  | E: 88 | S: 88000 | R: 828.9008
| [33mtrain[0m | E: 89 | S: 89000 | R: 762.7207 | D: 13.7 s | BR: 4.1479 | ALOSS: -231.3748 | CLOSS: 23.0348 | TLOSS: -0.0418 | TVAL: 0.1264 | AENT: -1.3308
| [33mtrain[0m | E: 90 | S: 90000 | R: 805.4533 | D: 10.3 s | BR: 4.1534 | ALOSS: -234.3745 | CLOSS: 22.5071 | TLOSS: -0.0472 | TVAL: 0.1269 | AENT: -1.3717
| [33mtrain[0m | E: 91 | S: 91000 | R: 811.2363 | D: 10.4 s | BR: 4.1959 | ALOSS: -237.3603 | CLOSS: 23.8093 | TLOSS: -0.0491 | TVAL: 0.1275 | AENT: -1.3853
| [33mtrain[0m | E: 92 | S: 92000 | R: 812.2472 | D: 10.4 s | BR: 4.1965 | ALOSS: -240.2104 | CLOSS: 21.8676 | TLOSS: -0.0588 | TVAL: 0.1282 | AENT: -1.4591
| [32meval[0m  | E: 92 | S: 92000 | R: 851.0291
| [33mtrain[0m | E: 93 | S: 93000 | R: 835.1009 | D: 13.7 s | BR: 4.2496 | ALOSS: -243.3139 | CLOSS: 32.3256 | TLOSS: -0.0474 | TVAL: 0.1288 | AENT: -1.3683
| [33mtrain[0m | E: 94 | S: 94000 | R: 809.4012 | D: 10.4 s | BR: 4.2429 | ALOSS: -245.6735 | CLOSS: 25.6735 | TLOSS: -0.0417 | TVAL: 0.1294 | AENT: -1.3224
| [33mtrain[0m | E: 95 | S: 95000 | R: 804.0441 | D: 10.4 s | BR: 4.2154 | ALOSS: -248.5367 | CLOSS: 21.2175 | TLOSS: -0.0392 | TVAL: 0.1299 | AENT: -1.3018
| [33mtrain[0m | E: 96 | S: 96000 | R: 821.9279 | D: 10.3 s | BR: 4.2880 | ALOSS: -251.6226 | CLOSS: 27.1924 | TLOSS: -0.0392 | TVAL: 0.1304 | AENT: -1.3010
| [32meval[0m  | E: 96 | S: 96000 | R: 822.6120
| [33mtrain[0m | E: 97 | S: 97000 | R: 802.3508 | D: 13.8 s | BR: 4.3137 | ALOSS: -255.0601 | CLOSS: 22.8378 | TLOSS: -0.0433 | TVAL: 0.1309 | AENT: -1.3310
| [33mtrain[0m | E: 98 | S: 98000 | R: 839.2785 | D: 10.4 s | BR: 4.3772 | ALOSS: -258.2887 | CLOSS: 25.3447 | TLOSS: -0.0422 | TVAL: 0.1315 | AENT: -1.3212
| [33mtrain[0m | E: 99 | S: 99000 | R: 837.4379 | D: 10.4 s | BR: 4.3846 | ALOSS: -261.6222 | CLOSS: 22.2667 | TLOSS: -0.0468 | TVAL: 0.1321 | AENT: -1.3541
| [33mtrain[0m | E: 100 | S: 100000 | R: 827.1717 | D: 10.3 s | BR: 4.3664 | ALOSS: -262.8757 | CLOSS: 62.7275 | TLOSS: -0.0478 | TVAL: 0.1328 | AENT: -1.3603
| [32meval[0m  | E: 100 | S: 100000 | R: 779.5673
| [33mtrain[0m | E: 101 | S: 101000 | R: 809.6921 | D: 13.7 s | BR: 4.3972 | ALOSS: -265.9172 | CLOSS: 26.0951 | TLOSS: -0.0548 | TVAL: 0.1335 | AENT: -1.4108
| [33mtrain[0m | E: 102 | S: 102000 | R: 825.1688 | D: 10.4 s | BR: 4.4516 | ALOSS: -269.4950 | CLOSS: 17.4422 | TLOSS: -0.0520 | TVAL: 0.1342 | AENT: -1.3877
| [33mtrain[0m | E: 103 | S: 103000 | R: 847.3014 | D: 10.5 s | BR: 4.4620 | ALOSS: -271.8815 | CLOSS: 29.8825 | TLOSS: -0.0468 | TVAL: 0.1349 | AENT: -1.3468
| [33mtrain[0m | E: 104 | S: 104000 | R: 829.8025 | D: 10.3 s | BR: 4.4717 | ALOSS: -274.7426 | CLOSS: 25.3308 | TLOSS: -0.0389 | TVAL: 0.1355 | AENT: -1.2870
| [32meval[0m  | E: 104 | S: 104000 | R: 844.1398
| [33mtrain[0m | E: 105 | S: 105000 | R: 837.2813 | D: 13.7 s | BR: 4.4911 | ALOSS: -277.9181 | CLOSS: 26.6394 | TLOSS: -0.0463 | TVAL: 0.1361 | AENT: -1.3398
| [33mtrain[0m | E: 106 | S: 106000 | R: 843.5412 | D: 10.3 s | BR: 4.5427 | ALOSS: -280.9393 | CLOSS: 24.3623 | TLOSS: -0.0469 | TVAL: 0.1369 | AENT: -1.3428
| [33mtrain[0m | E: 107 | S: 107000 | R: 827.5555 | D: 10.4 s | BR: 4.5286 | ALOSS: -283.1248 | CLOSS: 23.4250 | TLOSS: -0.0477 | TVAL: 0.1376 | AENT: -1.3467
| [33mtrain[0m | E: 108 | S: 108000 | R: 824.4488 | D: 10.3 s | BR: 4.5474 | ALOSS: -285.6631 | CLOSS: 21.1023 | TLOSS: -0.0550 | TVAL: 0.1383 | AENT: -1.3973
| [32meval[0m  | E: 108 | S: 108000 | R: 840.8757
| [33mtrain[0m | E: 109 | S: 109000 | R: 826.7002 | D: 13.7 s | BR: 4.5632 | ALOSS: -289.5343 | CLOSS: 21.7929 | TLOSS: -0.0518 | TVAL: 0.1391 | AENT: -1.3724
| [33mtrain[0m | E: 110 | S: 110000 | R: 836.6407 | D: 10.3 s | BR: 4.5805 | ALOSS: -291.9290 | CLOSS: 34.0584 | TLOSS: -0.0491 | TVAL: 0.1400 | AENT: -1.3505
| [33mtrain[0m | E: 111 | S: 111000 | R: 812.1775 | D: 10.3 s | BR: 4.6287 | ALOSS: -294.9287 | CLOSS: 23.5609 | TLOSS: -0.0610 | TVAL: 0.1408 | AENT: -1.4336
| [33mtrain[0m | E: 112 | S: 112000 | R: 827.6594 | D: 10.2 s | BR: 4.6603 | ALOSS: -298.2333 | CLOSS: 27.3757 | TLOSS: -0.0463 | TVAL: 0.1416 | AENT: -1.3272
| [32meval[0m  | E: 112 | S: 112000 | R: 811.2484
| [33mtrain[0m | E: 113 | S: 113000 | R: 843.7754 | D: 13.6 s | BR: 4.6486 | ALOSS: -300.2511 | CLOSS: 35.2089 | TLOSS: -0.0556 | TVAL: 0.1425 | AENT: -1.3905
| [33mtrain[0m | E: 114 | S: 114000 | R: 827.3264 | D: 10.3 s | BR: 4.6720 | ALOSS: -302.8864 | CLOSS: 33.0106 | TLOSS: -0.0449 | TVAL: 0.1433 | AENT: -1.3137
| [33mtrain[0m | E: 115 | S: 115000 | R: 808.9887 | D: 10.4 s | BR: 4.6651 | ALOSS: -305.3968 | CLOSS: 38.8045 | TLOSS: -0.0387 | TVAL: 0.1439 | AENT: -1.2691
| [33mtrain[0m | E: 116 | S: 116000 | R: 823.6992 | D: 10.3 s | BR: 4.7237 | ALOSS: -309.3627 | CLOSS: 25.2979 | TLOSS: -0.0416 | TVAL: 0.1445 | AENT: -1.2881
| [32meval[0m  | E: 116 | S: 116000 | R: 813.9761
| [33mtrain[0m | E: 117 | S: 117000 | R: 828.2602 | D: 13.6 s | BR: 4.7097 | ALOSS: -310.8102 | CLOSS: 25.0339 | TLOSS: -0.0497 | TVAL: 0.1453 | AENT: -1.3418
| [33mtrain[0m | E: 118 | S: 118000 | R: 827.2311 | D: 10.3 s | BR: 4.7724 | ALOSS: -314.3886 | CLOSS: 24.9231 | TLOSS: -0.0524 | TVAL: 0.1461 | AENT: -1.3583
| [33mtrain[0m | E: 119 | S: 119000 | R: 817.4190 | D: 10.4 s | BR: 4.7117 | ALOSS: -315.4412 | CLOSS: 29.6019 | TLOSS: -0.0484 | TVAL: 0.1469 | AENT: -1.3293
| [33mtrain[0m | E: 120 | S: 120000 | R: 814.5876 | D: 10.3 s | BR: 4.7777 | ALOSS: -319.2405 | CLOSS: 26.2087 | TLOSS: -0.0510 | TVAL: 0.1478 | AENT: -1.3447
| [32meval[0m  | E: 120 | S: 120000 | R: 838.8223
| [33mtrain[0m | E: 121 | S: 121000 | R: 820.7787 | D: 13.7 s | BR: 4.7458 | ALOSS: -321.9653 | CLOSS: 23.0508 | TLOSS: -0.0600 | TVAL: 0.1487 | AENT: -1.4034
| [33mtrain[0m | E: 122 | S: 122000 | R: 839.8492 | D: 10.3 s | BR: 4.7772 | ALOSS: -324.1091 | CLOSS: 37.0055 | TLOSS: -0.0392 | TVAL: 0.1496 | AENT: -1.2620
| [33mtrain[0m | E: 123 | S: 123000 | R: 824.8446 | D: 10.3 s | BR: 4.8122 | ALOSS: -328.3455 | CLOSS: 26.2058 | TLOSS: -0.0278 | TVAL: 0.1501 | AENT: -1.1853
| [33mtrain[0m | E: 124 | S: 124000 | R: 836.3522 | D: 10.3 s | BR: 4.8031 | ALOSS: -330.8345 | CLOSS: 25.1133 | TLOSS: -0.0396 | TVAL: 0.1507 | AENT: -1.2626
| [32meval[0m  | E: 124 | S: 124000 | R: 846.3643
| [33mtrain[0m | E: 125 | S: 125000 | R: 840.5519 | D: 13.6 s | BR: 4.8592 | ALOSS: -333.3254 | CLOSS: 27.9784 | TLOSS: -0.0381 | TVAL: 0.1514 | AENT: -1.2519
| [33mtrain[0m | E: 126 | S: 126000 | R: 838.5859 | D: 10.3 s | BR: 4.8421 | ALOSS: -335.5053 | CLOSS: 27.0788 | TLOSS: -0.0471 | TVAL: 0.1521 | AENT: -1.3093
| [33mtrain[0m | E: 127 | S: 127000 | R: 836.7291 | D: 10.4 s | BR: 4.8286 | ALOSS: -336.6071 | CLOSS: 56.5536 | TLOSS: -0.0409 | TVAL: 0.1530 | AENT: -1.2677
| [33mtrain[0m | E: 128 | S: 128000 | R: 654.0907 | D: 10.3 s | BR: 4.8411 | ALOSS: -339.6338 | CLOSS: 23.9023 | TLOSS: -0.0424 | TVAL: 0.1537 | AENT: -1.2756
| [32meval[0m  | E: 128 | S: 128000 | R: 824.2523
| [33mtrain[0m | E: 129 | S: 129000 | R: 813.5814 | D: 13.6 s | BR: 4.8790 | ALOSS: -342.4568 | CLOSS: 32.9326 | TLOSS: -0.0357 | TVAL: 0.1545 | AENT: -1.2315
| [33mtrain[0m | E: 130 | S: 130000 | R: 810.8837 | D: 10.3 s | BR: 4.8799 | ALOSS: -344.7983 | CLOSS: 24.2760 | TLOSS: -0.0420 | TVAL: 0.1552 | AENT: -1.2710
| [33mtrain[0m | E: 131 | S: 131000 | R: 823.8158 | D: 10.4 s | BR: 4.8871 | ALOSS: -347.5490 | CLOSS: 24.8275 | TLOSS: -0.0445 | TVAL: 0.1560 | AENT: -1.2852
| [33mtrain[0m | E: 132 | S: 132000 | R: 839.8746 | D: 10.3 s | BR: 4.9290 | ALOSS: -350.6022 | CLOSS: 20.4278 | TLOSS: -0.0574 | TVAL: 0.1570 | AENT: -1.3658
| [32meval[0m  | E: 132 | S: 132000 | R: 862.9193
| [33mtrain[0m | E: 133 | S: 133000 | R: 851.4488 | D: 13.7 s | BR: 4.9222 | ALOSS: -352.5897 | CLOSS: 27.2156 | TLOSS: -0.0548 | TVAL: 0.1580 | AENT: -1.3469
| [33mtrain[0m | E: 134 | S: 134000 | R: 840.6795 | D: 10.3 s | BR: 4.9929 | ALOSS: -356.5563 | CLOSS: 34.2987 | TLOSS: -0.0513 | TVAL: 0.1590 | AENT: -1.3225
| [33mtrain[0m | E: 135 | S: 135000 | R: 825.4970 | D: 10.4 s | BR: 4.9855 | ALOSS: -358.5601 | CLOSS: 29.7261 | TLOSS: -0.0432 | TVAL: 0.1599 | AENT: -1.2701
| [33mtrain[0m | E: 136 | S: 136000 | R: 829.4312 | D: 10.3 s | BR: 5.0080 | ALOSS: -361.0395 | CLOSS: 18.1516 | TLOSS: -0.0412 | TVAL: 0.1607 | AENT: -1.2562
| [32meval[0m  | E: 136 | S: 136000 | R: 860.2557
| [33mtrain[0m | E: 137 | S: 137000 | R: 834.1901 | D: 13.7 s | BR: 5.0000 | ALOSS: -363.8713 | CLOSS: 20.2262 | TLOSS: -0.0515 | TVAL: 0.1616 | AENT: -1.3185
| [33mtrain[0m | E: 138 | S: 138000 | R: 847.5830 | D: 10.3 s | BR: 5.0490 | ALOSS: -366.7169 | CLOSS: 25.0802 | TLOSS: -0.0392 | TVAL: 0.1625 | AENT: -1.2414
| [33mtrain[0m | E: 139 | S: 139000 | R: 834.8135 | D: 10.4 s | BR: 4.9815 | ALOSS: -368.5006 | CLOSS: 24.6403 | TLOSS: -0.0337 | TVAL: 0.1632 | AENT: -1.2066
| [33mtrain[0m | E: 140 | S: 140000 | R: 819.1707 | D: 10.4 s | BR: 5.0284 | ALOSS: -371.0959 | CLOSS: 24.5523 | TLOSS: -0.0367 | TVAL: 0.1639 | AENT: -1.2241
| [32meval[0m  | E: 140 | S: 140000 | R: 862.9533
| [33mtrain[0m | E: 141 | S: 141000 | R: 828.6578 | D: 13.7 s | BR: 5.0604 | ALOSS: -373.7189 | CLOSS: 19.2794 | TLOSS: -0.0268 | TVAL: 0.1645 | AENT: -1.1629
| [33mtrain[0m | E: 142 | S: 142000 | R: 839.9733 | D: 10.3 s | BR: 5.0573 | ALOSS: -376.4120 | CLOSS: 21.4053 | TLOSS: -0.0423 | TVAL: 0.1652 | AENT: -1.2561
| [33mtrain[0m | E: 143 | S: 143000 | R: 840.3222 | D: 10.4 s | BR: 5.0600 | ALOSS: -379.0125 | CLOSS: 20.8043 | TLOSS: -0.0437 | TVAL: 0.1661 | AENT: -1.2631
| [33mtrain[0m | E: 144 | S: 144000 | R: 845.4107 | D: 10.4 s | BR: 5.1074 | ALOSS: -381.0581 | CLOSS: 21.4391 | TLOSS: -0.0436 | TVAL: 0.1671 | AENT: -1.2611
| [32meval[0m  | E: 144 | S: 144000 | R: 868.6936
| [33mtrain[0m | E: 145 | S: 145000 | R: 832.0755 | D: 13.7 s | BR: 5.1071 | ALOSS: -383.6615 | CLOSS: 21.4666 | TLOSS: -0.0298 | TVAL: 0.1678 | AENT: -1.1778
| [33mtrain[0m | E: 146 | S: 146000 | R: 855.5226 | D: 10.3 s | BR: 5.0859 | ALOSS: -385.4526 | CLOSS: 24.1127 | TLOSS: -0.0301 | TVAL: 0.1685 | AENT: -1.1790
| [33mtrain[0m | E: 147 | S: 147000 | R: 826.1153 | D: 10.4 s | BR: 5.1020 | ALOSS: -387.1393 | CLOSS: 20.2534 | TLOSS: -0.0307 | TVAL: 0.1691 | AENT: -1.1814
| [33mtrain[0m | E: 148 | S: 148000 | R: 838.8999 | D: 10.3 s | BR: 5.1301 | ALOSS: -390.4749 | CLOSS: 20.0427 | TLOSS: -0.0215 | TVAL: 0.1698 | AENT: -1.1270
| [32meval[0m  | E: 148 | S: 148000 | R: 839.1843
| [33mtrain[0m | E: 149 | S: 149000 | R: 853.9833 | D: 13.6 s | BR: 5.1118 | ALOSS: -392.6084 | CLOSS: 17.7999 | TLOSS: -0.0217 | TVAL: 0.1702 | AENT: -1.1278
| [33mtrain[0m | E: 150 | S: 150000 | R: 829.8498 | D: 10.3 s | BR: 5.1293 | ALOSS: -395.3264 | CLOSS: 18.8856 | TLOSS: -0.0246 | TVAL: 0.1708 | AENT: -1.1441
| [33mtrain[0m | E: 151 | S: 151000 | R: 843.3633 | D: 10.4 s | BR: 5.1325 | ALOSS: -397.3889 | CLOSS: 22.1162 | TLOSS: -0.0224 | TVAL: 0.1713 | AENT: -1.1310
| [33mtrain[0m | E: 152 | S: 152000 | R: 846.5398 | D: 10.3 s | BR: 5.1386 | ALOSS: -398.9143 | CLOSS: 23.8148 | TLOSS: -0.0226 | TVAL: 0.1719 | AENT: -1.1317
| [32meval[0m  | E: 152 | S: 152000 | R: 808.8009
| [33mtrain[0m | E: 153 | S: 153000 | R: 819.6418 | D: 13.7 s | BR: 5.1714 | ALOSS: -401.9574 | CLOSS: 22.3185 | TLOSS: -0.0223 | TVAL: 0.1724 | AENT: -1.1294
| [33mtrain[0m | E: 154 | S: 154000 | R: 806.2487 | D: 10.3 s | BR: 5.1904 | ALOSS: -403.3116 | CLOSS: 15.6580 | TLOSS: -0.0143 | TVAL: 0.1728 | AENT: -1.0828
| [33mtrain[0m | E: 155 | S: 155000 | R: 832.3401 | D: 10.4 s | BR: 5.1924 | ALOSS: -405.3499 | CLOSS: 16.1010 | TLOSS: -0.0246 | TVAL: 0.1734 | AENT: -1.1418
| [33mtrain[0m | E: 156 | S: 156000 | R: 839.9601 | D: 10.3 s | BR: 5.1799 | ALOSS: -407.1474 | CLOSS: 18.7629 | TLOSS: -0.0292 | TVAL: 0.1740 | AENT: -1.1675
| [32meval[0m  | E: 156 | S: 156000 | R: 862.6813
| [33mtrain[0m | E: 157 | S: 157000 | R: 854.7836 | D: 13.6 s | BR: 5.2445 | ALOSS: -410.6813 | CLOSS: 18.3222 | TLOSS: -0.0346 | TVAL: 0.1749 | AENT: -1.1977
| [33mtrain[0m | E: 158 | S: 158000 | R: 857.2700 | D: 10.3 s | BR: 5.2007 | ALOSS: -411.9774 | CLOSS: 25.8946 | TLOSS: -0.0126 | TVAL: 0.1756 | AENT: -1.0719
| [33mtrain[0m | E: 159 | S: 159000 | R: 824.4487 | D: 10.4 s | BR: 5.2158 | ALOSS: -413.9612 | CLOSS: 18.5354 | TLOSS: -0.0187 | TVAL: 0.1760 | AENT: -1.1064
| [33mtrain[0m | E: 160 | S: 160000 | R: 846.6738 | D: 10.3 s | BR: 5.2384 | ALOSS: -416.6478 | CLOSS: 23.4551 | TLOSS: -0.0089 | TVAL: 0.1764 | AENT: -1.0504
| [32meval[0m  | E: 160 | S: 160000 | R: 838.9221
| [33mtrain[0m | E: 161 | S: 161000 | R: 844.4128 | D: 13.6 s | BR: 5.2281 | ALOSS: -417.2399 | CLOSS: 25.4539 | TLOSS: -0.0077 | TVAL: 0.1766 | AENT: -1.0434
| [33mtrain[0m | E: 162 | S: 162000 | R: 836.4339 | D: 10.3 s | BR: 5.1905 | ALOSS: -419.2265 | CLOSS: 19.0034 | TLOSS: -0.0090 | TVAL: 0.1768 | AENT: -1.0511
| [33mtrain[0m | E: 163 | S: 163000 | R: 819.8272 | D: 10.3 s | BR: 5.2953 | ALOSS: -422.5725 | CLOSS: 15.7209 | TLOSS: -0.0110 | TVAL: 0.1771 | AENT: -1.0623
| [33mtrain[0m | E: 164 | S: 164000 | R: 841.4596 | D: 10.3 s | BR: 5.2707 | ALOSS: -423.4481 | CLOSS: 27.3984 | TLOSS: -0.0047 | TVAL: 0.1775 | AENT: -1.0263
| [32meval[0m  | E: 164 | S: 164000 | R: 816.3863
| [33mtrain[0m | E: 165 | S: 165000 | R: 829.0509 | D: 13.6 s | BR: 5.2919 | ALOSS: -426.4548 | CLOSS: 14.9233 | TLOSS: -0.0163 | TVAL: 0.1776 | AENT: -1.0917
| [33mtrain[0m | E: 166 | S: 166000 | R: 843.2384 | D: 10.3 s | BR: 5.2847 | ALOSS: -428.2831 | CLOSS: 16.6873 | TLOSS: -0.0089 | TVAL: 0.1780 | AENT: -1.0499
| [33mtrain[0m | E: 167 | S: 167000 | R: 835.3897 | D: 10.3 s | BR: 5.2822 | ALOSS: -430.8370 | CLOSS: 15.0424 | TLOSS: 0.0039 | TVAL: 0.1783 | AENT: -0.9783
| [33mtrain[0m | E: 168 | S: 168000 | R: 846.3830 | D: 10.3 s | BR: 5.2968 | ALOSS: -432.2559 | CLOSS: 14.4050 | TLOSS: -0.0055 | TVAL: 0.1782 | AENT: -1.0308
| [32meval[0m  | E: 168 | S: 168000 | R: 843.8744
| [33mtrain[0m | E: 169 | S: 169000 | R: 857.2456 | D: 13.6 s | BR: 5.2849 | ALOSS: -433.2708 | CLOSS: 28.7161 | TLOSS: -0.0094 | TVAL: 0.1785 | AENT: -1.0525
| [33mtrain[0m | E: 170 | S: 170000 | R: 840.6225 | D: 10.3 s | BR: 5.2939 | ALOSS: -436.0978 | CLOSS: 16.3414 | TLOSS: -0.0116 | TVAL: 0.1787 | AENT: -1.0648
| [33mtrain[0m | E: 171 | S: 171000 | R: 843.8449 | D: 10.4 s | BR: 5.3451 | ALOSS: -438.0320 | CLOSS: 12.9626 | TLOSS: -0.0146 | TVAL: 0.1792 | AENT: -1.0814
| [33mtrain[0m | E: 172 | S: 172000 | R: 848.7904 | D: 10.3 s | BR: 5.3386 | ALOSS: -440.2147 | CLOSS: 17.6068 | TLOSS: -0.0267 | TVAL: 0.1799 | AENT: -1.1482
| [32meval[0m  | E: 172 | S: 172000 | R: 868.9007
| [33mtrain[0m | E: 173 | S: 173000 | R: 847.6231 | D: 13.6 s | BR: 5.3565 | ALOSS: -442.0131 | CLOSS: 22.2327 | TLOSS: -0.0011 | TVAL: 0.1804 | AENT: -1.0059
| [33mtrain[0m | E: 174 | S: 174000 | R: 848.2319 | D: 10.3 s | BR: 5.3467 | ALOSS: -443.5132 | CLOSS: 19.3034 | TLOSS: -0.0009 | TVAL: 0.1805 | AENT: -1.0052
| [33mtrain[0m | E: 175 | S: 175000 | R: 840.7602 | D: 10.4 s | BR: 5.3384 | ALOSS: -445.1393 | CLOSS: 18.5295 | TLOSS: -0.0016 | TVAL: 0.1805 | AENT: -1.0086
| [33mtrain[0m | E: 176 | S: 176000 | R: 843.2052 | D: 10.3 s | BR: 5.3902 | ALOSS: -447.6752 | CLOSS: 25.6790 | TLOSS: -0.0001 | TVAL: 0.1805 | AENT: -1.0007
| [32meval[0m  | E: 176 | S: 176000 | R: 793.1085
| [33mtrain[0m | E: 177 | S: 177000 | R: 831.9325 | D: 13.7 s | BR: 5.3680 | ALOSS: -449.1984 | CLOSS: 18.5141 | TLOSS: -0.0160 | TVAL: 0.1808 | AENT: -1.0883
| [33mtrain[0m | E: 178 | S: 178000 | R: 834.0029 | D: 10.3 s | BR: 5.3908 | ALOSS: -451.2499 | CLOSS: 20.3191 | TLOSS: -0.0060 | TVAL: 0.1812 | AENT: -1.0332
| [33mtrain[0m | E: 179 | S: 179000 | R: 819.8140 | D: 10.4 s | BR: 5.3883 | ALOSS: -453.8261 | CLOSS: 28.9710 | TLOSS: -0.0033 | TVAL: 0.1815 | AENT: -1.0182
| [33mtrain[0m | E: 180 | S: 180000 | R: 727.2066 | D: 10.3 s | BR: 5.4109 | ALOSS: -454.9130 | CLOSS: 18.1413 | TLOSS: -0.0197 | TVAL: 0.1818 | AENT: -1.1081
| [32meval[0m  | E: 180 | S: 180000 | R: 853.7069
| [33mtrain[0m | E: 181 | S: 181000 | R: 815.0677 | D: 13.7 s | BR: 5.3991 | ALOSS: -456.5633 | CLOSS: 25.1218 | TLOSS: 0.0010 | TVAL: 0.1822 | AENT: -0.9945
| [33mtrain[0m | E: 182 | S: 182000 | R: 841.0853 | D: 10.3 s | BR: 5.3957 | ALOSS: -458.2221 | CLOSS: 20.3090 | TLOSS: -0.0058 | TVAL: 0.1824 | AENT: -1.0319
| [33mtrain[0m | E: 183 | S: 183000 | R: 836.2276 | D: 10.4 s | BR: 5.4457 | ALOSS: -460.6927 | CLOSS: 13.5301 | TLOSS: 0.0009 | TVAL: 0.1824 | AENT: -0.9949
| [33mtrain[0m | E: 184 | S: 184000 | R: 838.7869 | D: 10.3 s | BR: 5.4139 | ALOSS: -462.5081 | CLOSS: 18.0614 | TLOSS: -0.0103 | TVAL: 0.1826 | AENT: -1.0563
| [32meval[0m  | E: 184 | S: 184000 | R: 858.1047
| [33mtrain[0m | E: 185 | S: 185000 | R: 839.9819 | D: 13.7 s | BR: 5.4394 | ALOSS: -464.4985 | CLOSS: 18.0999 | TLOSS: -0.0091 | TVAL: 0.1829 | AENT: -1.0499
| [33mtrain[0m | E: 186 | S: 186000 | R: 839.6138 | D: 10.4 s | BR: 5.4577 | ALOSS: -467.3564 | CLOSS: 16.9752 | TLOSS: 0.0086 | TVAL: 0.1831 | AENT: -0.9530
| [33mtrain[0m | E: 187 | S: 187000 | R: 841.8745 | D: 10.4 s | BR: 5.3975 | ALOSS: -467.7663 | CLOSS: 18.5726 | TLOSS: -0.0101 | TVAL: 0.1830 | AENT: -1.0552
| [33mtrain[0m | E: 188 | S: 188000 | R: 848.4503 | D: 10.3 s | BR: 5.4537 | ALOSS: -470.1442 | CLOSS: 19.0976 | TLOSS: -0.0057 | TVAL: 0.1833 | AENT: -1.0308
| [32meval[0m  | E: 188 | S: 188000 | R: 817.1777
| [33mtrain[0m | E: 189 | S: 189000 | R: 815.1577 | D: 13.7 s | BR: 5.4840 | ALOSS: -471.4121 | CLOSS: 20.0169 | TLOSS: -0.0008 | TVAL: 0.1836 | AENT: -1.0041
| [33mtrain[0m | E: 190 | S: 190000 | R: 835.7909 | D: 10.3 s | BR: 5.4528 | ALOSS: -473.8036 | CLOSS: 15.2540 | TLOSS: 0.0059 | TVAL: 0.1834 | AENT: -0.9676
| [33mtrain[0m | E: 191 | S: 191000 | R: 825.9273 | D: 10.3 s | BR: 5.4524 | ALOSS: -475.4436 | CLOSS: 16.1863 | TLOSS: 0.0008 | TVAL: 0.1833 | AENT: -0.9956
| [33mtrain[0m | E: 192 | S: 192000 | R: 831.9227 | D: 10.3 s | BR: 5.4916 | ALOSS: -477.4530 | CLOSS: 19.2265 | TLOSS: 0.0065 | TVAL: 0.1832 | AENT: -0.9646
| [32meval[0m  | E: 192 | S: 192000 | R: 853.1786
| [33mtrain[0m | E: 193 | S: 193000 | R: 844.1469 | D: 13.6 s | BR: 5.5036 | ALOSS: -479.7988 | CLOSS: 19.3982 | TLOSS: 0.0152 | TVAL: 0.1827 | AENT: -0.9169
| [33mtrain[0m | E: 194 | S: 194000 | R: 854.5573 | D: 10.3 s | BR: 5.4392 | ALOSS: -479.7038 | CLOSS: 30.1860 | TLOSS: 0.0156 | TVAL: 0.1821 | AENT: -0.9143
| [33mtrain[0m | E: 195 | S: 195000 | R: 814.2876 | D: 10.4 s | BR: 5.4735 | ALOSS: -481.7648 | CLOSS: 14.7964 | TLOSS: 0.0204 | TVAL: 0.1811 | AENT: -0.8873
| [33mtrain[0m | E: 196 | S: 196000 | R: 837.8083 | D: 10.3 s | BR: 5.5334 | ALOSS: -483.9867 | CLOSS: 16.4303 | TLOSS: 0.0055 | TVAL: 0.1807 | AENT: -0.9696
| [32meval[0m  | E: 196 | S: 196000 | R: 842.6801
| [33mtrain[0m | E: 197 | S: 197000 | R: 832.9242 | D: 13.7 s | BR: 5.4826 | ALOSS: -485.4952 | CLOSS: 18.4526 | TLOSS: 0.0105 | TVAL: 0.1802 | AENT: -0.9416
| [33mtrain[0m | E: 198 | S: 198000 | R: 844.3544 | D: 10.3 s | BR: 5.5551 | ALOSS: -488.2832 | CLOSS: 17.2232 | TLOSS: 0.0052 | TVAL: 0.1799 | AENT: -0.9709
| [33mtrain[0m | E: 199 | S: 199000 | R: 849.0650 | D: 10.4 s | BR: 5.5226 | ALOSS: -489.3828 | CLOSS: 14.5398 | TLOSS: -0.0056 | TVAL: 0.1800 | AENT: -1.0313
| [33mtrain[0m | E: 200 | S: 200000 | R: 846.0764 | D: 10.3 s | BR: 5.5044 | ALOSS: -489.8838 | CLOSS: 29.2504 | TLOSS: 0.0208 | TVAL: 0.1798 | AENT: -0.8843
| [32meval[0m  | E: 200 | S: 200000 | R: 865.7278
| [33mtrain[0m | E: 201 | S: 201000 | R: 831.8835 | D: 13.7 s | BR: 5.5028 | ALOSS: -491.6889 | CLOSS: 18.8623 | TLOSS: 0.0161 | TVAL: 0.1788 | AENT: -0.9101
| [33mtrain[0m | E: 202 | S: 202000 | R: 808.8123 | D: 10.3 s | BR: 5.5315 | ALOSS: -494.1411 | CLOSS: 15.9491 | TLOSS: 0.0090 | TVAL: 0.1782 | AENT: -0.9496
| [33mtrain[0m | E: 203 | S: 203000 | R: 827.5698 | D: 10.5 s | BR: 5.5282 | ALOSS: -495.5763 | CLOSS: 16.1658 | TLOSS: 0.0023 | TVAL: 0.1780 | AENT: -0.9868
| [33mtrain[0m | E: 204 | S: 204000 | R: 849.6941 | D: 10.3 s | BR: 5.5716 | ALOSS: -497.4668 | CLOSS: 18.7503 | TLOSS: 0.0119 | TVAL: 0.1778 | AENT: -0.9333
| [32meval[0m  | E: 204 | S: 204000 | R: 865.9915
| [33mtrain[0m | E: 205 | S: 205000 | R: 840.1426 | D: 13.7 s | BR: 5.5523 | ALOSS: -499.0111 | CLOSS: 22.3054 | TLOSS: -0.0007 | TVAL: 0.1775 | AENT: -1.0041
| [33mtrain[0m | E: 206 | S: 206000 | R: 840.2952 | D: 10.3 s | BR: 5.5482 | ALOSS: -500.2685 | CLOSS: 13.3818 | TLOSS: 0.0174 | TVAL: 0.1772 | AENT: -0.9015
| [33mtrain[0m | E: 207 | S: 207000 | R: 810.1891 | D: 10.4 s | BR: 5.5494 | ALOSS: -501.2709 | CLOSS: 18.2210 | TLOSS: 0.0003 | TVAL: 0.1767 | AENT: -0.9985
| [33mtrain[0m | E: 208 | S: 208000 | R: 856.4679 | D: 10.3 s | BR: 5.5732 | ALOSS: -503.4785 | CLOSS: 11.3189 | TLOSS: 0.0040 | TVAL: 0.1767 | AENT: -0.9772
| [32meval[0m  | E: 208 | S: 208000 | R: 866.4237
| [33mtrain[0m | E: 209 | S: 209000 | R: 846.1180 | D: 13.7 s | BR: 5.5982 | ALOSS: -505.7513 | CLOSS: 13.9191 | TLOSS: -0.0054 | TVAL: 0.1767 | AENT: -1.0305
| [33mtrain[0m | E: 210 | S: 210000 | R: 846.9179 | D: 10.3 s | BR: 5.5678 | ALOSS: -505.5726 | CLOSS: 17.3678 | TLOSS: -0.0141 | TVAL: 0.1771 | AENT: -1.0794
| [33mtrain[0m | E: 211 | S: 211000 | R: 857.2040 | D: 10.3 s | BR: 5.5867 | ALOSS: -507.6909 | CLOSS: 13.5529 | TLOSS: -0.0004 | TVAL: 0.1775 | AENT: -1.0020
| [33mtrain[0m | E: 212 | S: 212000 | R: 848.0611 | D: 10.3 s | BR: 5.6095 | ALOSS: -510.0530 | CLOSS: 18.8879 | TLOSS: 0.0068 | TVAL: 0.1774 | AENT: -0.9614
| [32meval[0m  | E: 212 | S: 212000 | R: 857.7682
| [33mtrain[0m | E: 213 | S: 213000 | R: 837.5649 | D: 13.6 s | BR: 5.6083 | ALOSS: -511.5262 | CLOSS: 15.8908 | TLOSS: 0.0016 | TVAL: 0.1770 | AENT: -0.9910
| [33mtrain[0m | E: 214 | S: 214000 | R: 840.3409 | D: 10.3 s | BR: 5.6499 | ALOSS: -514.0357 | CLOSS: 12.6958 | TLOSS: 0.0056 | TVAL: 0.1769 | AENT: -0.9682
| [33mtrain[0m | E: 215 | S: 215000 | R: 839.3200 | D: 10.3 s | BR: 5.6203 | ALOSS: -515.2588 | CLOSS: 20.2663 | TLOSS: -0.0100 | TVAL: 0.1770 | AENT: -1.0568
| [33mtrain[0m | E: 216 | S: 216000 | R: 840.4002 | D: 10.3 s | BR: 5.6549 | ALOSS: -516.6157 | CLOSS: 28.5895 | TLOSS: -0.0034 | TVAL: 0.1775 | AENT: -1.0195
| [32meval[0m  | E: 216 | S: 216000 | R: 820.1562
| [33mtrain[0m | E: 217 | S: 217000 | R: 835.0919 | D: 13.6 s | BR: 5.6070 | ALOSS: -517.4227 | CLOSS: 12.8739 | TLOSS: 0.0236 | TVAL: 0.1768 | AENT: -0.8664
| [33mtrain[0m | E: 218 | S: 218000 | R: 842.5227 | D: 10.3 s | BR: 5.5980 | ALOSS: -518.9495 | CLOSS: 23.3627 | TLOSS: 0.0065 | TVAL: 0.1762 | AENT: -0.9632
| [33mtrain[0m | E: 219 | S: 219000 | R: 833.9465 | D: 10.3 s | BR: 5.6289 | ALOSS: -521.4133 | CLOSS: 17.1015 | TLOSS: 0.0175 | TVAL: 0.1757 | AENT: -0.9004
| [33mtrain[0m | E: 220 | S: 220000 | R: 841.0787 | D: 10.3 s | BR: 5.6337 | ALOSS: -522.9039 | CLOSS: 19.1313 | TLOSS: 0.0005 | TVAL: 0.1753 | AENT: -0.9972
| [32meval[0m  | E: 220 | S: 220000 | R: 869.4933
| [33mtrain[0m | E: 221 | S: 221000 | R: 851.2168 | D: 13.6 s | BR: 5.6815 | ALOSS: -524.1663 | CLOSS: 19.0588 | TLOSS: 0.0154 | TVAL: 0.1748 | AENT: -0.9122
| [33mtrain[0m | E: 222 | S: 222000 | R: 841.3441 | D: 10.3 s | BR: 5.6556 | ALOSS: -524.7012 | CLOSS: 15.0778 | TLOSS: 0.0107 | TVAL: 0.1744 | AENT: -0.9388
| [33mtrain[0m | E: 223 | S: 223000 | R: 822.9971 | D: 10.4 s | BR: 5.6449 | ALOSS: -526.7801 | CLOSS: 15.1123 | TLOSS: 0.0017 | TVAL: 0.1740 | AENT: -0.9904
| [33mtrain[0m | E: 224 | S: 224000 | R: 844.4090 | D: 10.3 s | BR: 5.6671 | ALOSS: -528.7382 | CLOSS: 14.5127 | TLOSS: 0.0046 | TVAL: 0.1738 | AENT: -0.9738
| [32meval[0m  | E: 224 | S: 224000 | R: 859.7733
| [33mtrain[0m | E: 225 | S: 225000 | R: 856.6416 | D: 13.6 s | BR: 5.6340 | ALOSS: -529.8687 | CLOSS: 14.0245 | TLOSS: 0.0134 | TVAL: 0.1735 | AENT: -0.9229
| [33mtrain[0m | E: 226 | S: 226000 | R: 842.6522 | D: 10.3 s | BR: 5.6472 | ALOSS: -530.4364 | CLOSS: 15.8562 | TLOSS: 0.0012 | TVAL: 0.1731 | AENT: -0.9928
| [33mtrain[0m | E: 227 | S: 227000 | R: 855.1382 | D: 10.4 s | BR: 5.6592 | ALOSS: -532.0761 | CLOSS: 14.9519 | TLOSS: 0.0028 | TVAL: 0.1731 | AENT: -0.9840
| [33mtrain[0m | E: 228 | S: 228000 | R: 831.8176 | D: 10.3 s | BR: 5.6743 | ALOSS: -533.3780 | CLOSS: 24.8617 | TLOSS: -0.0056 | TVAL: 0.1731 | AENT: -1.0321
| [32meval[0m  | E: 228 | S: 228000 | R: 862.9560
| [33mtrain[0m | E: 229 | S: 229000 | R: 846.4143 | D: 13.6 s | BR: 5.6598 | ALOSS: -535.4252 | CLOSS: 23.4285 | TLOSS: 0.0218 | TVAL: 0.1728 | AENT: -0.8740
| [33mtrain[0m | E: 230 | S: 230000 | R: 846.8221 | D: 10.3 s | BR: 5.6986 | ALOSS: -537.8158 | CLOSS: 18.2059 | TLOSS: 0.0184 | TVAL: 0.1719 | AENT: -0.8929
| [33mtrain[0m | E: 231 | S: 231000 | R: 834.7474 | D: 10.4 s | BR: 5.7001 | ALOSS: -538.8231 | CLOSS: 20.9739 | TLOSS: 0.0282 | TVAL: 0.1708 | AENT: -0.8351
| [33mtrain[0m | E: 232 | S: 232000 | R: 847.5786 | D: 10.3 s | BR: 5.6666 | ALOSS: -539.6248 | CLOSS: 18.0604 | TLOSS: 0.0240 | TVAL: 0.1698 | AENT: -0.8587
| [32meval[0m  | E: 232 | S: 232000 | R: 860.0463
| [33mtrain[0m | E: 233 | S: 233000 | R: 834.1323 | D: 13.7 s | BR: 5.7144 | ALOSS: -541.7560 | CLOSS: 13.7890 | TLOSS: 0.0133 | TVAL: 0.1689 | AENT: -0.9212
| [33mtrain[0m | E: 234 | S: 234000 | R: 853.2290 | D: 10.3 s | BR: 5.6846 | ALOSS: -541.8020 | CLOSS: 13.5409 | TLOSS: 0.0057 | TVAL: 0.1685 | AENT: -0.9660
| [33mtrain[0m | E: 235 | S: 235000 | R: 823.4591 | D: 10.4 s | BR: 5.6935 | ALOSS: -543.1914 | CLOSS: 14.6910 | TLOSS: 0.0090 | TVAL: 0.1682 | AENT: -0.9465
| [33mtrain[0m | E: 236 | S: 236000 | R: 780.1892 | D: 10.4 s | BR: 5.7136 | ALOSS: -544.7705 | CLOSS: 18.6407 | TLOSS: 0.0043 | TVAL: 0.1679 | AENT: -0.9743
| [32meval[0m  | E: 236 | S: 236000 | R: 753.8654
| [33mtrain[0m | E: 237 | S: 237000 | R: 824.8197 | D: 13.6 s | BR: 5.6595 | ALOSS: -544.7586 | CLOSS: 16.5523 | TLOSS: 0.0183 | TVAL: 0.1673 | AENT: -0.8909
| [33mtrain[0m | E: 238 | S: 238000 | R: 835.0246 | D: 10.3 s | BR: 5.7073 | ALOSS: -547.1887 | CLOSS: 12.0035 | TLOSS: 0.0085 | TVAL: 0.1668 | AENT: -0.9490
| [33mtrain[0m | E: 239 | S: 239000 | R: 824.0834 | D: 10.4 s | BR: 5.7097 | ALOSS: -548.6932 | CLOSS: 13.4180 | TLOSS: 0.0094 | TVAL: 0.1664 | AENT: -0.9432
Switching to test env
| [33mtrain[0m | E: 240 | S: 240000 | R: 832.6870 | D: 10.3 s | BR: 5.7290 | ALOSS: -549.6900 | CLOSS: 15.6316 | TLOSS: 0.0036 | TVAL: 0.1662 | AENT: -0.9786
| [32meval[0m  | E: 240 | S: 240000 | R: 849.6466
Change envA => envB
| [33mtrain[0m | E: 241 | S: 0 | R: 852.6009 | D: 00.0 s | BR: 5.7458 | ALOSS: -545.6764 | CLOSS: 17.1627 | TLOSS: -0.0197 | TVAL: 0.1661 | AENT: -1.1184
| [32meval[0m  | E: 0 | S: 0 | R: 4.4278
| [32meval[0m  | E: 4 | S: 4000 | R: 116.9722
| [32meval[0m  | E: 8 | S: 8000 | R: 108.6873
| [33mtrain[0m | E: 9 | S: 9000 | R: 378.0715 | D: 13.7 s | BR: 5.5649 | ALOSS: -555.8433 | CLOSS: 47.0356 | TLOSS: 0.0179 | TVAL: 0.1600 | AENT: -0.8883
| [33mtrain[0m | E: 10 | S: 10000 | R: 243.8623 | D: 10.3 s | BR: 5.4831 | ALOSS: -555.6464 | CLOSS: 44.1781 | TLOSS: 0.0137 | TVAL: 0.1594 | AENT: -0.9142
| [33mtrain[0m | E: 11 | S: 11000 | R: 195.7071 | D: 10.4 s | BR: 5.5515 | ALOSS: -557.2480 | CLOSS: 41.5269 | TLOSS: -0.0007 | TVAL: 0.1590 | AENT: -1.0045
| [33mtrain[0m | E: 12 | S: 12000 | R: 55.2135 | D: 10.4 s | BR: 5.5466 | ALOSS: -557.0847 | CLOSS: 42.2661 | TLOSS: 0.0117 | TVAL: 0.1589 | AENT: -0.9261
| [32meval[0m  | E: 12 | S: 12000 | R: 275.1557
| [33mtrain[0m | E: 13 | S: 13000 | R: 211.4647 | D: 13.7 s | BR: 5.4999 | ALOSS: -557.3010 | CLOSS: 54.0289 | TLOSS: 0.0043 | TVAL: 0.1586 | AENT: -0.9729
| [33mtrain[0m | E: 14 | S: 14000 | R: 181.8127 | D: 10.4 s | BR: 5.4907 | ALOSS: -558.4520 | CLOSS: 56.8367 | TLOSS: 0.0075 | TVAL: 0.1584 | AENT: -0.9526
| [33mtrain[0m | E: 15 | S: 15000 | R: 307.5171 | D: 10.4 s | BR: 5.4717 | ALOSS: -558.3501 | CLOSS: 48.5913 | TLOSS: 0.0049 | TVAL: 0.1582 | AENT: -0.9692
| [33mtrain[0m | E: 16 | S: 16000 | R: 206.0994 | D: 10.3 s | BR: 5.4054 | ALOSS: -558.6903 | CLOSS: 68.5340 | TLOSS: 0.0050 | TVAL: 0.1581 | AENT: -0.9684
| [32meval[0m  | E: 16 | S: 16000 | R: 162.2952
| [33mtrain[0m | E: 17 | S: 17000 | R: 304.5511 | D: 13.7 s | BR: 5.4386 | ALOSS: -560.0415 | CLOSS: 55.9531 | TLOSS: 0.0046 | TVAL: 0.1578 | AENT: -0.9710
| [33mtrain[0m | E: 18 | S: 18000 | R: 244.7912 | D: 10.3 s | BR: 5.4390 | ALOSS: -559.6938 | CLOSS: 50.7012 | TLOSS: -0.0021 | TVAL: 0.1577 | AENT: -1.0133
| [33mtrain[0m | E: 19 | S: 19000 | R: 183.9813 | D: 10.4 s | BR: 5.4566 | ALOSS: -562.0485 | CLOSS: 57.0945 | TLOSS: -0.0006 | TVAL: 0.1578 | AENT: -1.0041
| [33mtrain[0m | E: 20 | S: 20000 | R: 133.1657 | D: 10.3 s | BR: 5.3492 | ALOSS: -560.2617 | CLOSS: 70.0129 | TLOSS: -0.0012 | TVAL: 0.1578 | AENT: -1.0074
| [32meval[0m  | E: 20 | S: 20000 | R: 1.9154
| [33mtrain[0m | E: 21 | S: 21000 | R: 241.5292 | D: 13.7 s | BR: 5.3760 | ALOSS: -561.3431 | CLOSS: 92.1791 | TLOSS: -0.0102 | TVAL: 0.1579 | AENT: -1.0644
| [33mtrain[0m | E: 22 | S: 22000 | R: 241.7940 | D: 10.3 s | BR: 5.3809 | ALOSS: -562.5160 | CLOSS: 83.2252 | TLOSS: -0.0163 | TVAL: 0.1587 | AENT: -1.1030
| [33mtrain[0m | E: 23 | S: 23000 | R: 217.1870 | D: 10.4 s | BR: 5.3402 | ALOSS: -563.1157 | CLOSS: 76.1140 | TLOSS: -0.0057 | TVAL: 0.1590 | AENT: -1.0357
| [33mtrain[0m | E: 24 | S: 24000 | R: 336.8027 | D: 10.3 s | BR: 5.3253 | ALOSS: -564.1888 | CLOSS: 62.1762 | TLOSS: -0.0035 | TVAL: 0.1593 | AENT: -1.0218
| [32meval[0m  | E: 24 | S: 24000 | R: 67.0839
| [33mtrain[0m | E: 25 | S: 25000 | R: 287.6578 | D: 13.7 s | BR: 5.3850 | ALOSS: -566.0822 | CLOSS: 79.7108 | TLOSS: -0.0003 | TVAL: 0.1593 | AENT: -1.0018
| [33mtrain[0m | E: 26 | S: 26000 | R: 235.0521 | D: 10.3 s | BR: 5.3292 | ALOSS: -565.5627 | CLOSS: 65.2711 | TLOSS: -0.0112 | TVAL: 0.1595 | AENT: -1.0704
| [33mtrain[0m | E: 27 | S: 27000 | R: 211.4261 | D: 10.4 s | BR: 5.2983 | ALOSS: -565.1766 | CLOSS: 82.1772 | TLOSS: -0.0177 | TVAL: 0.1602 | AENT: -1.1103
| [33mtrain[0m | E: 28 | S: 28000 | R: 299.6285 | D: 10.4 s | BR: 5.3086 | ALOSS: -565.7520 | CLOSS: 83.9267 | TLOSS: -0.0281 | TVAL: 0.1611 | AENT: -1.1744
| [32meval[0m  | E: 28 | S: 28000 | R: 347.6298
| [33mtrain[0m | E: 29 | S: 29000 | R: 318.6470 | D: 13.7 s | BR: 5.2889 | ALOSS: -567.4428 | CLOSS: 80.1140 | TLOSS: -0.0322 | TVAL: 0.1624 | AENT: -1.1981
| [33mtrain[0m | E: 30 | S: 30000 | R: 382.5527 | D: 10.3 s | BR: 5.2410 | ALOSS: -566.3072 | CLOSS: 80.1178 | TLOSS: -0.0438 | TVAL: 0.1637 | AENT: -1.2671
| [33mtrain[0m | E: 31 | S: 31000 | R: 5.7767 | D: 10.3 s | BR: 5.2352 | ALOSS: -567.4605 | CLOSS: 97.6370 | TLOSS: -0.0405 | TVAL: 0.1654 | AENT: -1.2446
| [33mtrain[0m | E: 32 | S: 32000 | R: 173.1189 | D: 10.3 s | BR: 5.2987 | ALOSS: -569.7206 | CLOSS: 72.3572 | TLOSS: -0.0352 | TVAL: 0.1668 | AENT: -1.2111
| [32meval[0m  | E: 32 | S: 32000 | R: 14.3644
| [33mtrain[0m | E: 33 | S: 33000 | R: 271.6137 | D: 13.6 s | BR: 5.2734 | ALOSS: -569.4178 | CLOSS: 75.8160 | TLOSS: -0.0420 | TVAL: 0.1680 | AENT: -1.2502
| [33mtrain[0m | E: 34 | S: 34000 | R: 268.2275 | D: 10.3 s | BR: 5.2243 | ALOSS: -568.5339 | CLOSS: 68.7254 | TLOSS: -0.0378 | TVAL: 0.1692 | AENT: -1.2230
| [33mtrain[0m | E: 35 | S: 35000 | R: 264.2675 | D: 10.4 s | BR: 5.2133 | ALOSS: -568.8618 | CLOSS: 86.9198 | TLOSS: -0.0429 | TVAL: 0.1707 | AENT: -1.2513
| [33mtrain[0m | E: 36 | S: 36000 | R: 320.1275 | D: 10.3 s | BR: 5.1981 | ALOSS: -570.7362 | CLOSS: 88.9119 | TLOSS: -0.0244 | TVAL: 0.1719 | AENT: -1.1423
| [32meval[0m  | E: 36 | S: 36000 | R: 262.7945
| [33mtrain[0m | E: 37 | S: 37000 | R: 317.0168 | D: 13.8 s | BR: 5.1886 | ALOSS: -570.0524 | CLOSS: 84.6505 | TLOSS: -0.0398 | TVAL: 0.1728 | AENT: -1.2301
| [33mtrain[0m | E: 38 | S: 38000 | R: 345.5672 | D: 10.4 s | BR: 5.1884 | ALOSS: -571.3569 | CLOSS: 97.2001 | TLOSS: -0.0179 | TVAL: 0.1738 | AENT: -1.1031
| [33mtrain[0m | E: 39 | S: 39000 | R: 328.0590 | D: 10.4 s | BR: 5.2015 | ALOSS: -571.7982 | CLOSS: 82.3266 | TLOSS: -0.0296 | TVAL: 0.1744 | AENT: -1.1695
| [33mtrain[0m | E: 40 | S: 40000 | R: 234.3722 | D: 10.3 s | BR: 5.1641 | ALOSS: -572.2717 | CLOSS: 115.5186 | TLOSS: -0.0318 | TVAL: 0.1755 | AENT: -1.1812
| [32meval[0m  | E: 40 | S: 40000 | R: 236.3010
| [33mtrain[0m | E: 41 | S: 41000 | R: 126.8881 | D: 13.7 s | BR: 5.1615 | ALOSS: -574.0816 | CLOSS: 103.0867 | TLOSS: -0.0231 | TVAL: 0.1763 | AENT: -1.1311
| [33mtrain[0m | E: 42 | S: 42000 | R: 276.1550 | D: 10.4 s | BR: 5.1375 | ALOSS: -573.4042 | CLOSS: 102.8929 | TLOSS: -0.0206 | TVAL: 0.1770 | AENT: -1.1163
| [33mtrain[0m | E: 43 | S: 43000 | R: 211.3699 | D: 10.4 s | BR: 5.0740 | ALOSS: -573.3404 | CLOSS: 88.7876 | TLOSS: -0.0441 | TVAL: 0.1779 | AENT: -1.2475
| [33mtrain[0m | E: 44 | S: 44000 | R: 261.4689 | D: 10.4 s | BR: 5.1280 | ALOSS: -575.6616 | CLOSS: 90.8212 | TLOSS: -0.0387 | TVAL: 0.1793 | AENT: -1.2155
| [32meval[0m  | E: 44 | S: 44000 | R: 73.1421
| [33mtrain[0m | E: 45 | S: 45000 | R: 391.2346 | D: 13.7 s | BR: 5.1276 | ALOSS: -575.1481 | CLOSS: 93.4895 | TLOSS: -0.0301 | TVAL: 0.1804 | AENT: -1.1666
| [33mtrain[0m | E: 46 | S: 46000 | R: 255.8708 | D: 10.4 s | BR: 5.0686 | ALOSS: -575.9872 | CLOSS: 94.9743 | TLOSS: -0.0300 | TVAL: 0.1814 | AENT: -1.1657
| [33mtrain[0m | E: 47 | S: 47000 | R: 232.9011 | D: 10.4 s | BR: 5.1095 | ALOSS: -576.6153 | CLOSS: 153.8546 | TLOSS: -0.0383 | TVAL: 0.1823 | AENT: -1.2102
| [33mtrain[0m | E: 48 | S: 48000 | R: 209.7551 | D: 10.4 s | BR: 5.0399 | ALOSS: -575.8574 | CLOSS: 97.8356 | TLOSS: -0.0284 | TVAL: 0.1834 | AENT: -1.1548
| [32meval[0m  | E: 48 | S: 48000 | R: 433.7797
| [33mtrain[0m | E: 49 | S: 49000 | R: 356.8341 | D: 13.7 s | BR: 5.0897 | ALOSS: -576.1701 | CLOSS: 127.5151 | TLOSS: -0.0327 | TVAL: 0.1844 | AENT: -1.1773
| [33mtrain[0m | E: 50 | S: 50000 | R: 394.9068 | D: 10.3 s | BR: 5.0579 | ALOSS: -577.7161 | CLOSS: 102.9971 | TLOSS: -0.0276 | TVAL: 0.1853 | AENT: -1.1487
| [33mtrain[0m | E: 51 | S: 51000 | R: 390.1081 | D: 10.4 s | BR: 5.0468 | ALOSS: -576.8842 | CLOSS: 132.3335 | TLOSS: -0.0486 | TVAL: 0.1865 | AENT: -1.2607
| [33mtrain[0m | E: 52 | S: 52000 | R: 436.7351 | D: 10.3 s | BR: 5.0501 | ALOSS: -577.8571 | CLOSS: 126.3110 | TLOSS: -0.0424 | TVAL: 0.1879 | AENT: -1.2258
| [32meval[0m  | E: 52 | S: 52000 | R: 328.8785
| [33mtrain[0m | E: 53 | S: 53000 | R: 449.4007 | D: 13.7 s | BR: 5.0720 | ALOSS: -579.5305 | CLOSS: 131.4362 | TLOSS: -0.0211 | TVAL: 0.1888 | AENT: -1.1118
| [33mtrain[0m | E: 54 | S: 54000 | R: 337.7889 | D: 10.4 s | BR: 5.0449 | ALOSS: -579.4290 | CLOSS: 135.9352 | TLOSS: -0.0333 | TVAL: 0.1897 | AENT: -1.1755
| [33mtrain[0m | E: 55 | S: 55000 | R: 491.7602 | D: 10.4 s | BR: 5.0328 | ALOSS: -580.6611 | CLOSS: 161.3989 | TLOSS: -0.0405 | TVAL: 0.1909 | AENT: -1.2123
| [33mtrain[0m | E: 56 | S: 56000 | R: 417.8702 | D: 10.4 s | BR: 5.0250 | ALOSS: -579.9542 | CLOSS: 161.1363 | TLOSS: -0.0383 | TVAL: 0.1920 | AENT: -1.1993
| [32meval[0m  | E: 56 | S: 56000 | R: 303.7985
| [33mtrain[0m | E: 57 | S: 57000 | R: 382.9176 | D: 13.7 s | BR: 5.0318 | ALOSS: -582.5571 | CLOSS: 132.1653 | TLOSS: -0.0321 | TVAL: 0.1931 | AENT: -1.1663
| [33mtrain[0m | E: 58 | S: 58000 | R: 360.4716 | D: 10.4 s | BR: 5.0293 | ALOSS: -582.6557 | CLOSS: 147.9123 | TLOSS: -0.0208 | TVAL: 0.1939 | AENT: -1.1072
| [33mtrain[0m | E: 59 | S: 59000 | R: 418.0040 | D: 10.4 s | BR: 5.0264 | ALOSS: -582.6533 | CLOSS: 149.5677 | TLOSS: -0.0322 | TVAL: 0.1947 | AENT: -1.1654
| [33mtrain[0m | E: 60 | S: 60000 | R: 412.0745 | D: 10.3 s | BR: 4.9995 | ALOSS: -584.0600 | CLOSS: 170.3582 | TLOSS: -0.0399 | TVAL: 0.1959 | AENT: -1.2038
| [32meval[0m  | E: 60 | S: 60000 | R: 315.5176
| [33mtrain[0m | E: 61 | S: 61000 | R: 374.8544 | D: 13.7 s | BR: 5.0244 | ALOSS: -584.2435 | CLOSS: 146.7632 | TLOSS: -0.0146 | TVAL: 0.1967 | AENT: -1.0741
| [33mtrain[0m | E: 62 | S: 62000 | R: 409.8978 | D: 10.4 s | BR: 4.9780 | ALOSS: -584.7258 | CLOSS: 141.5439 | TLOSS: -0.0289 | TVAL: 0.1973 | AENT: -1.1465
| [33mtrain[0m | E: 63 | S: 63000 | R: 291.0400 | D: 10.4 s | BR: 4.9660 | ALOSS: -584.7786 | CLOSS: 182.9594 | TLOSS: -0.0387 | TVAL: 0.1984 | AENT: -1.1952
| [33mtrain[0m | E: 64 | S: 64000 | R: 497.5819 | D: 10.4 s | BR: 4.9857 | ALOSS: -585.1830 | CLOSS: 183.6583 | TLOSS: -0.0264 | TVAL: 0.1995 | AENT: -1.1324
| [32meval[0m  | E: 64 | S: 64000 | R: 425.4005
| [33mtrain[0m | E: 65 | S: 65000 | R: 408.8610 | D: 13.7 s | BR: 4.9560 | ALOSS: -586.4733 | CLOSS: 169.7237 | TLOSS: -0.0298 | TVAL: 0.2003 | AENT: -1.1487
| [33mtrain[0m | E: 66 | S: 66000 | R: 351.0932 | D: 10.4 s | BR: 4.9511 | ALOSS: -585.9091 | CLOSS: 157.8808 | TLOSS: -0.0281 | TVAL: 0.2013 | AENT: -1.1394
| [33mtrain[0m | E: 67 | S: 67000 | R: 478.8967 | D: 10.5 s | BR: 4.9747 | ALOSS: -588.2412 | CLOSS: 175.5648 | TLOSS: -0.0214 | TVAL: 0.2020 | AENT: -1.1059
| [33mtrain[0m | E: 68 | S: 68000 | R: 407.7077 | D: 10.4 s | BR: 4.9564 | ALOSS: -587.6606 | CLOSS: 168.2704 | TLOSS: -0.0311 | TVAL: 0.2030 | AENT: -1.1530
| [32meval[0m  | E: 68 | S: 68000 | R: 378.9148
| [33mtrain[0m | E: 69 | S: 69000 | R: 369.9638 | D: 13.7 s | BR: 4.8976 | ALOSS: -586.7779 | CLOSS: 205.5284 | TLOSS: -0.0299 | TVAL: 0.2039 | AENT: -1.1465
| [33mtrain[0m | E: 70 | S: 70000 | R: 458.0589 | D: 10.4 s | BR: 4.9644 | ALOSS: -589.4164 | CLOSS: 200.8825 | TLOSS: -0.0242 | TVAL: 0.2048 | AENT: -1.1179
| [33mtrain[0m | E: 71 | S: 71000 | R: 353.8361 | D: 10.5 s | BR: 4.9157 | ALOSS: -589.0752 | CLOSS: 182.7086 | TLOSS: -0.0498 | TVAL: 0.2060 | AENT: -1.2418
| [33mtrain[0m | E: 72 | S: 72000 | R: 509.5727 | D: 10.4 s | BR: 4.9668 | ALOSS: -592.2809 | CLOSS: 193.9454 | TLOSS: -0.0372 | TVAL: 0.2074 | AENT: -1.1790
| [32meval[0m  | E: 72 | S: 72000 | R: 545.5838
| [33mtrain[0m | E: 73 | S: 73000 | R: 445.8499 | D: 13.7 s | BR: 4.9171 | ALOSS: -591.0900 | CLOSS: 191.6349 | TLOSS: -0.0278 | TVAL: 0.2086 | AENT: -1.1333
| [33mtrain[0m | E: 74 | S: 74000 | R: 485.8155 | D: 10.4 s | BR: 4.9433 | ALOSS: -592.1842 | CLOSS: 233.5938 | TLOSS: -0.0304 | TVAL: 0.2096 | AENT: -1.1449
| [33mtrain[0m | E: 75 | S: 75000 | R: 404.8943 | D: 10.4 s | BR: 4.9519 | ALOSS: -591.8955 | CLOSS: 195.3435 | TLOSS: -0.0169 | TVAL: 0.2103 | AENT: -1.0803
| [33mtrain[0m | E: 76 | S: 76000 | R: 475.5387 | D: 10.4 s | BR: 4.9301 | ALOSS: -592.3490 | CLOSS: 177.9025 | TLOSS: -0.0253 | TVAL: 0.2110 | AENT: -1.1197
| [32meval[0m  | E: 76 | S: 76000 | R: 337.6032
| [33mtrain[0m | E: 77 | S: 77000 | R: 380.4332 | D: 13.8 s | BR: 4.9151 | ALOSS: -593.8298 | CLOSS: 200.1326 | TLOSS: -0.0306 | TVAL: 0.2120 | AENT: -1.1442
| [33mtrain[0m | E: 78 | S: 78000 | R: 374.7556 | D: 10.4 s | BR: 4.8394 | ALOSS: -592.1074 | CLOSS: 223.5761 | TLOSS: -0.0225 | TVAL: 0.2128 | AENT: -1.1055
| [33mtrain[0m | E: 79 | S: 79000 | R: 406.0817 | D: 10.5 s | BR: 4.8846 | ALOSS: -595.2804 | CLOSS: 274.2104 | TLOSS: -0.0291 | TVAL: 0.2137 | AENT: -1.1361
| [33mtrain[0m | E: 80 | S: 80000 | R: 252.4468 | D: 10.4 s | BR: 4.8778 | ALOSS: -594.7769 | CLOSS: 189.6375 | TLOSS: -0.0204 | TVAL: 0.2146 | AENT: -1.0950
| [32meval[0m  | E: 80 | S: 80000 | R: 442.3387
| [33mtrain[0m | E: 81 | S: 81000 | R: 320.5695 | D: 13.7 s | BR: 4.9224 | ALOSS: -596.3066 | CLOSS: 211.1235 | TLOSS: -0.0302 | TVAL: 0.2155 | AENT: -1.1403
| [33mtrain[0m | E: 82 | S: 82000 | R: 364.4656 | D: 10.4 s | BR: 4.8910 | ALOSS: -595.8919 | CLOSS: 235.8151 | TLOSS: -0.0348 | TVAL: 0.2166 | AENT: -1.1606
| [33mtrain[0m | E: 83 | S: 83000 | R: 411.8142 | D: 10.4 s | BR: 4.8757 | ALOSS: -595.1228 | CLOSS: 206.6414 | TLOSS: -0.0501 | TVAL: 0.2180 | AENT: -1.2295
| [33mtrain[0m | E: 84 | S: 84000 | R: 435.0265 | D: 10.4 s | BR: 4.8755 | ALOSS: -596.1669 | CLOSS: 220.1206 | TLOSS: -0.0251 | TVAL: 0.2196 | AENT: -1.1146
| [32meval[0m  | E: 84 | S: 84000 | R: 161.7802
| [33mtrain[0m | E: 85 | S: 85000 | R: 237.4945 | D: 13.7 s | BR: 4.8810 | ALOSS: -597.6367 | CLOSS: 196.3325 | TLOSS: -0.0403 | TVAL: 0.2205 | AENT: -1.1828
| [33mtrain[0m | E: 86 | S: 86000 | R: 71.5051 | D: 10.4 s | BR: 4.8758 | ALOSS: -597.1273 | CLOSS: 250.3286 | TLOSS: -0.0351 | TVAL: 0.2220 | AENT: -1.1583
| [33mtrain[0m | E: 87 | S: 87000 | R: 286.7682 | D: 10.4 s | BR: 4.8117 | ALOSS: -595.8859 | CLOSS: 201.0734 | TLOSS: -0.0405 | TVAL: 0.2232 | AENT: -1.1813
| [33mtrain[0m | E: 88 | S: 88000 | R: 248.8290 | D: 10.4 s | BR: 4.8241 | ALOSS: -597.0561 | CLOSS: 263.2044 | TLOSS: -0.0208 | TVAL: 0.2242 | AENT: -1.0925
| [32meval[0m  | E: 88 | S: 88000 | R: 199.5413
| [33mtrain[0m | E: 89 | S: 89000 | R: 434.6051 | D: 13.7 s | BR: 4.8383 | ALOSS: -598.6277 | CLOSS: 249.1893 | TLOSS: -0.0353 | TVAL: 0.2253 | AENT: -1.1569
| [33mtrain[0m | E: 90 | S: 90000 | R: 221.8800 | D: 10.5 s | BR: 4.8153 | ALOSS: -600.7980 | CLOSS: 198.4555 | TLOSS: -0.0292 | TVAL: 0.2264 | AENT: -1.1292
| [33mtrain[0m | E: 91 | S: 91000 | R: 219.8654 | D: 10.5 s | BR: 4.7918 | ALOSS: -599.2129 | CLOSS: 223.0269 | TLOSS: -0.0201 | TVAL: 0.2272 | AENT: -1.0884
| [33mtrain[0m | E: 92 | S: 92000 | R: 290.0860 | D: 10.5 s | BR: 4.7747 | ALOSS: -598.5307 | CLOSS: 255.3817 | TLOSS: -0.0235 | TVAL: 0.2278 | AENT: -1.1030
| [32meval[0m  | E: 92 | S: 92000 | R: 465.1110
| [33mtrain[0m | E: 93 | S: 93000 | R: 246.3026 | D: 13.8 s | BR: 4.7794 | ALOSS: -599.1881 | CLOSS: 161.6536 | TLOSS: -0.0302 | TVAL: 0.2288 | AENT: -1.1320
| [33mtrain[0m | E: 94 | S: 94000 | R: 452.0690 | D: 10.4 s | BR: 4.8225 | ALOSS: -602.3113 | CLOSS: 211.0621 | TLOSS: -0.0253 | TVAL: 0.2298 | AENT: -1.1102
| [33mtrain[0m | E: 95 | S: 95000 | R: 467.5984 | D: 10.5 s | BR: 4.8011 | ALOSS: -603.6065 | CLOSS: 213.4660 | TLOSS: -0.0383 | TVAL: 0.2309 | AENT: -1.1659
| [33mtrain[0m | E: 96 | S: 96000 | R: 449.8164 | D: 10.4 s | BR: 4.7698 | ALOSS: -602.6817 | CLOSS: 244.9117 | TLOSS: -0.0197 | TVAL: 0.2320 | AENT: -1.0850
| [32meval[0m  | E: 96 | S: 96000 | R: 418.7958
| [33mtrain[0m | E: 97 | S: 97000 | R: 382.1052 | D: 13.8 s | BR: 4.7626 | ALOSS: -602.5433 | CLOSS: 212.8231 | TLOSS: -0.0405 | TVAL: 0.2331 | AENT: -1.1737
| [33mtrain[0m | E: 98 | S: 98000 | R: 211.8813 | D: 10.4 s | BR: 4.7348 | ALOSS: -603.6970 | CLOSS: 272.5835 | TLOSS: -0.0407 | TVAL: 0.2344 | AENT: -1.1736
| [33mtrain[0m | E: 99 | S: 99000 | R: 178.9253 | D: 10.5 s | BR: 4.7041 | ALOSS: -602.2169 | CLOSS: 260.9270 | TLOSS: -0.0464 | TVAL: 0.2360 | AENT: -1.1968
| [33mtrain[0m | E: 100 | S: 100000 | R: 13.7910 | D: 10.4 s | BR: 4.7387 | ALOSS: -602.4832 | CLOSS: 279.5986 | TLOSS: -0.0503 | TVAL: 0.2376 | AENT: -1.2117
| [32meval[0m  | E: 100 | S: 100000 | R: 427.2840
| [33mtrain[0m | E: 101 | S: 101000 | R: 56.8463 | D: 13.8 s | BR: 4.7413 | ALOSS: -603.1262 | CLOSS: 215.7204 | TLOSS: -0.0473 | TVAL: 0.2393 | AENT: -1.1976
| [33mtrain[0m | E: 102 | S: 102000 | R: 458.0790 | D: 10.4 s | BR: 4.7000 | ALOSS: -602.4832 | CLOSS: 297.9136 | TLOSS: -0.0467 | TVAL: 0.2408 | AENT: -1.1941
| [33mtrain[0m | E: 103 | S: 103000 | R: 379.5137 | D: 10.5 s | BR: 4.7332 | ALOSS: -605.0633 | CLOSS: 174.3770 | TLOSS: -0.0513 | TVAL: 0.2424 | AENT: -1.2117
| [33mtrain[0m | E: 104 | S: 104000 | R: 456.9583 | D: 10.5 s | BR: 4.7355 | ALOSS: -604.6549 | CLOSS: 269.4857 | TLOSS: -0.0404 | TVAL: 0.2439 | AENT: -1.1658
| [32meval[0m  | E: 104 | S: 104000 | R: 388.4547
| [33mtrain[0m | E: 105 | S: 105000 | R: 248.5242 | D: 13.8 s | BR: 4.6853 | ALOSS: -605.5682 | CLOSS: 192.8460 | TLOSS: -0.0449 | TVAL: 0.2453 | AENT: -1.1828
| [33mtrain[0m | E: 106 | S: 106000 | R: 431.2955 | D: 10.5 s | BR: 4.7168 | ALOSS: -607.5671 | CLOSS: 219.1562 | TLOSS: -0.0344 | TVAL: 0.2467 | AENT: -1.1394
| [33mtrain[0m | E: 107 | S: 107000 | R: 478.5760 | D: 10.5 s | BR: 4.7664 | ALOSS: -607.9092 | CLOSS: 242.9212 | TLOSS: -0.0370 | TVAL: 0.2479 | AENT: -1.1492
| [33mtrain[0m | E: 108 | S: 108000 | R: 458.3680 | D: 10.5 s | BR: 4.6887 | ALOSS: -604.9215 | CLOSS: 258.4091 | TLOSS: -0.0390 | TVAL: 0.2491 | AENT: -1.1567
| [32meval[0m  | E: 108 | S: 108000 | R: 274.3022
| [33mtrain[0m | E: 109 | S: 109000 | R: 455.9865 | D: 13.9 s | BR: 4.6863 | ALOSS: -608.5511 | CLOSS: 238.5059 | TLOSS: -0.0274 | TVAL: 0.2501 | AENT: -1.1095
| [33mtrain[0m | E: 110 | S: 110000 | R: 203.2109 | D: 10.5 s | BR: 4.7011 | ALOSS: -607.9697 | CLOSS: 279.1649 | TLOSS: -0.0452 | TVAL: 0.2515 | AENT: -1.1797
| [33mtrain[0m | E: 111 | S: 111000 | R: 230.3991 | D: 10.6 s | BR: 4.6837 | ALOSS: -608.1687 | CLOSS: 244.2570 | TLOSS: -0.0274 | TVAL: 0.2526 | AENT: -1.1086
| [33mtrain[0m | E: 112 | S: 112000 | R: 116.2498 | D: 10.5 s | BR: 4.6191 | ALOSS: -605.4398 | CLOSS: 276.2947 | TLOSS: -0.0423 | TVAL: 0.2538 | AENT: -1.1666
| [32meval[0m  | E: 112 | S: 112000 | R: 188.7730
| [33mtrain[0m | E: 113 | S: 113000 | R: 442.7339 | D: 13.8 s | BR: 4.7126 | ALOSS: -608.7151 | CLOSS: 236.2367 | TLOSS: -0.0273 | TVAL: 0.2549 | AENT: -1.1071
| [33mtrain[0m | E: 114 | S: 114000 | R: 327.3160 | D: 10.5 s | BR: 4.6704 | ALOSS: -609.1198 | CLOSS: 212.3164 | TLOSS: -0.0319 | TVAL: 0.2559 | AENT: -1.1246
| [33mtrain[0m | E: 115 | S: 115000 | R: 291.1917 | D: 10.6 s | BR: 4.6540 | ALOSS: -608.6855 | CLOSS: 245.9846 | TLOSS: -0.0206 | TVAL: 0.2567 | AENT: -1.0801
| [33mtrain[0m | E: 116 | S: 116000 | R: 114.2040 | D: 10.5 s | BR: 4.6715 | ALOSS: -610.1844 | CLOSS: 266.4456 | TLOSS: -0.0058 | TVAL: 0.2574 | AENT: -1.0225
| [32meval[0m  | E: 116 | S: 116000 | R: 345.1270
| [33mtrain[0m | E: 117 | S: 117000 | R: 466.8179 | D: 13.9 s | BR: 4.6635 | ALOSS: -610.8882 | CLOSS: 263.4746 | TLOSS: -0.0266 | TVAL: 0.2578 | AENT: -1.1031
| [33mtrain[0m | E: 118 | S: 118000 | R: 467.9349 | D: 10.5 s | BR: 4.6627 | ALOSS: -612.0080 | CLOSS: 246.4083 | TLOSS: -0.0311 | TVAL: 0.2588 | AENT: -1.1203
| [33mtrain[0m | E: 119 | S: 119000 | R: 307.8189 | D: 10.6 s | BR: 4.6426 | ALOSS: -611.9463 | CLOSS: 291.4379 | TLOSS: -0.0302 | TVAL: 0.2601 | AENT: -1.1162
| [33mtrain[0m | E: 120 | S: 120000 | R: 362.7099 | D: 10.5 s | BR: 4.5972 | ALOSS: -610.4807 | CLOSS: 227.8361 | TLOSS: -0.0232 | TVAL: 0.2610 | AENT: -1.0890
| [32meval[0m  | E: 120 | S: 120000 | R: 288.4991
| [33mtrain[0m | E: 121 | S: 121000 | R: 315.3243 | D: 13.8 s | BR: 4.5698 | ALOSS: -610.0037 | CLOSS: 212.5598 | TLOSS: -0.0120 | TVAL: 0.2617 | AENT: -1.0458
| [33mtrain[0m | E: 122 | S: 122000 | R: 240.9596 | D: 10.5 s | BR: 4.6119 | ALOSS: -611.6400 | CLOSS: 336.6096 | TLOSS: -0.0347 | TVAL: 0.2626 | AENT: -1.1321
| [33mtrain[0m | E: 123 | S: 123000 | R: 283.2667 | D: 10.6 s | BR: 4.5710 | ALOSS: -610.3614 | CLOSS: 243.6961 | TLOSS: -0.0294 | TVAL: 0.2636 | AENT: -1.1116
| [33mtrain[0m | E: 124 | S: 124000 | R: 493.1089 | D: 10.5 s | BR: 4.6255 | ALOSS: -613.2302 | CLOSS: 258.1353 | TLOSS: -0.0208 | TVAL: 0.2645 | AENT: -1.0785
| [32meval[0m  | E: 124 | S: 124000 | R: 438.0056
| [33mtrain[0m | E: 125 | S: 125000 | R: 300.9512 | D: 13.9 s | BR: 4.5809 | ALOSS: -610.5654 | CLOSS: 251.1349 | TLOSS: -0.0333 | TVAL: 0.2656 | AENT: -1.1254
| [33mtrain[0m | E: 126 | S: 126000 | R: 491.0541 | D: 10.5 s | BR: 4.5898 | ALOSS: -613.2521 | CLOSS: 238.1339 | TLOSS: -0.0347 | TVAL: 0.2668 | AENT: -1.1301
| [33mtrain[0m | E: 127 | S: 127000 | R: 438.9383 | D: 10.6 s | BR: 4.5824 | ALOSS: -612.8049 | CLOSS: 260.5061 | TLOSS: -0.0283 | TVAL: 0.2681 | AENT: -1.1054
| [33mtrain[0m | E: 128 | S: 128000 | R: 445.7360 | D: 10.5 s | BR: 4.5897 | ALOSS: -613.8591 | CLOSS: 269.1014 | TLOSS: -0.0187 | TVAL: 0.2688 | AENT: -1.0697
| [32meval[0m  | E: 128 | S: 128000 | R: 263.2590
| [33mtrain[0m | E: 129 | S: 129000 | R: 397.8804 | D: 13.9 s | BR: 4.6120 | ALOSS: -616.2015 | CLOSS: 286.1439 | TLOSS: -0.0241 | TVAL: 0.2697 | AENT: -1.0896
| [33mtrain[0m | E: 130 | S: 130000 | R: 354.2132 | D: 10.5 s | BR: 4.5877 | ALOSS: -613.3825 | CLOSS: 239.1561 | TLOSS: -0.0197 | TVAL: 0.2705 | AENT: -1.0728
| [33mtrain[0m | E: 131 | S: 131000 | R: 421.4508 | D: 10.5 s | BR: 4.5476 | ALOSS: -615.7520 | CLOSS: 315.0588 | TLOSS: -0.0290 | TVAL: 0.2714 | AENT: -1.1069
| [33mtrain[0m | E: 132 | S: 132000 | R: 500.7180 | D: 10.5 s | BR: 4.5964 | ALOSS: -614.9237 | CLOSS: 322.5756 | TLOSS: -0.0286 | TVAL: 0.2725 | AENT: -1.1051
| [32meval[0m  | E: 132 | S: 132000 | R: 418.7149
| [33mtrain[0m | E: 133 | S: 133000 | R: 428.4738 | D: 13.8 s | BR: 4.5693 | ALOSS: -615.6108 | CLOSS: 252.9492 | TLOSS: -0.0289 | TVAL: 0.2736 | AENT: -1.1054
| [33mtrain[0m | E: 134 | S: 134000 | R: 399.6905 | D: 10.5 s | BR: 4.5779 | ALOSS: -615.6282 | CLOSS: 245.9756 | TLOSS: -0.0205 | TVAL: 0.2745 | AENT: -1.0745
| [33mtrain[0m | E: 135 | S: 135000 | R: 384.0688 | D: 10.6 s | BR: 4.5556 | ALOSS: -615.2403 | CLOSS: 380.4116 | TLOSS: -0.0154 | TVAL: 0.2754 | AENT: -1.0560
| [33mtrain[0m | E: 136 | S: 136000 | R: 182.9181 | D: 10.5 s | BR: 4.5744 | ALOSS: -615.9924 | CLOSS: 218.0197 | TLOSS: -0.0239 | TVAL: 0.2761 | AENT: -1.0865
| [32meval[0m  | E: 136 | S: 136000 | R: 0.0653
| [33mtrain[0m | E: 137 | S: 137000 | R: 455.0144 | D: 13.8 s | BR: 4.5771 | ALOSS: -617.6308 | CLOSS: 269.3926 | TLOSS: -0.0245 | TVAL: 0.2770 | AENT: -1.0883
| [33mtrain[0m | E: 138 | S: 138000 | R: 417.3224 | D: 10.5 s | BR: 4.5575 | ALOSS: -616.9994 | CLOSS: 327.2096 | TLOSS: -0.0309 | TVAL: 0.2782 | AENT: -1.1109
| [33mtrain[0m | E: 139 | S: 139000 | R: 372.8450 | D: 10.5 s | BR: 4.5674 | ALOSS: -617.4281 | CLOSS: 267.2006 | TLOSS: -0.0177 | TVAL: 0.2792 | AENT: -1.0636
| [33mtrain[0m | E: 140 | S: 140000 | R: 423.6798 | D: 10.5 s | BR: 4.5239 | ALOSS: -616.0729 | CLOSS: 266.9911 | TLOSS: -0.0121 | TVAL: 0.2795 | AENT: -1.0433
| [32meval[0m  | E: 140 | S: 140000 | R: 0.0640
| [33mtrain[0m | E: 141 | S: 141000 | R: 385.5765 | D: 13.8 s | BR: 4.5442 | ALOSS: -615.9788 | CLOSS: 306.8339 | TLOSS: -0.0175 | TVAL: 0.2803 | AENT: -1.0625
| [33mtrain[0m | E: 142 | S: 142000 | R: 395.8777 | D: 10.6 s | BR: 4.5618 | ALOSS: -618.5924 | CLOSS: 243.6010 | TLOSS: -0.0331 | TVAL: 0.2813 | AENT: -1.1175
| [33mtrain[0m | E: 143 | S: 143000 | R: 526.9211 | D: 10.6 s | BR: 4.5257 | ALOSS: -618.2020 | CLOSS: 260.6121 | TLOSS: -0.0173 | TVAL: 0.2824 | AENT: -1.0611
| [33mtrain[0m | E: 144 | S: 144000 | R: 403.7091 | D: 10.6 s | BR: 4.6141 | ALOSS: -621.0505 | CLOSS: 304.3192 | TLOSS: -0.0289 | TVAL: 0.2833 | AENT: -1.1019
| [32meval[0m  | E: 144 | S: 144000 | R: 407.3235
| [33mtrain[0m | E: 145 | S: 145000 | R: 343.3430 | D: 13.9 s | BR: 4.5317 | ALOSS: -618.3656 | CLOSS: 217.5396 | TLOSS: -0.0025 | TVAL: 0.2841 | AENT: -1.0087
| [33mtrain[0m | E: 146 | S: 146000 | R: 461.5114 | D: 10.6 s | BR: 4.4998 | ALOSS: -617.8561 | CLOSS: 283.0927 | TLOSS: -0.0211 | TVAL: 0.2846 | AENT: -1.0741
| [33mtrain[0m | E: 147 | S: 147000 | R: 524.3321 | D: 10.6 s | BR: 4.5783 | ALOSS: -620.1805 | CLOSS: 287.8882 | TLOSS: -0.0153 | TVAL: 0.2853 | AENT: -1.0537
| [33mtrain[0m | E: 148 | S: 148000 | R: 386.4538 | D: 10.6 s | BR: 4.5247 | ALOSS: -618.5807 | CLOSS: 194.2565 | TLOSS: -0.0420 | TVAL: 0.2865 | AENT: -1.1465
| [32meval[0m  | E: 148 | S: 148000 | R: 476.0020
| [33mtrain[0m | E: 149 | S: 149000 | R: 537.2198 | D: 13.9 s | BR: 4.5374 | ALOSS: -621.2005 | CLOSS: 227.9293 | TLOSS: -0.0443 | TVAL: 0.2884 | AENT: -1.1535
| [33mtrain[0m | E: 150 | S: 150000 | R: 381.4882 | D: 10.6 s | BR: 4.5140 | ALOSS: -620.5946 | CLOSS: 260.3956 | TLOSS: -0.0143 | TVAL: 0.2896 | AENT: -1.0493
| [33mtrain[0m | E: 151 | S: 151000 | R: 394.6083 | D: 10.6 s | BR: 4.5561 | ALOSS: -621.8153 | CLOSS: 274.9033 | TLOSS: -0.0106 | TVAL: 0.2902 | AENT: -1.0364
| [33mtrain[0m | E: 152 | S: 152000 | R: 450.4831 | D: 10.6 s | BR: 4.5114 | ALOSS: -622.1081 | CLOSS: 279.3274 | TLOSS: -0.0070 | TVAL: 0.2905 | AENT: -1.0242
| [32meval[0m  | E: 152 | S: 152000 | R: 381.4627
| [33mtrain[0m | E: 153 | S: 153000 | R: 416.6245 | D: 13.9 s | BR: 4.4930 | ALOSS: -622.5653 | CLOSS: 274.8550 | TLOSS: -0.0261 | TVAL: 0.2913 | AENT: -1.0897
| [33mtrain[0m | E: 154 | S: 154000 | R: 385.3487 | D: 10.6 s | BR: 4.4935 | ALOSS: -622.3717 | CLOSS: 244.7965 | TLOSS: -0.0203 | TVAL: 0.2921 | AENT: -1.0694
| [33mtrain[0m | E: 155 | S: 155000 | R: 448.3049 | D: 10.7 s | BR: 4.4844 | ALOSS: -620.8149 | CLOSS: 341.2284 | TLOSS: -0.0242 | TVAL: 0.2933 | AENT: -1.0825
| [33mtrain[0m | E: 156 | S: 156000 | R: 313.6095 | D: 10.6 s | BR: 4.4928 | ALOSS: -622.3792 | CLOSS: 232.1500 | TLOSS: -0.0083 | TVAL: 0.2939 | AENT: -1.0284
| [32meval[0m  | E: 156 | S: 156000 | R: 106.7317
| [33mtrain[0m | E: 157 | S: 157000 | R: 270.7208 | D: 13.9 s | BR: 4.5328 | ALOSS: -624.0427 | CLOSS: 240.6117 | TLOSS: -0.0125 | TVAL: 0.2943 | AENT: -1.0426
| [33mtrain[0m | E: 158 | S: 158000 | R: 79.0930 | D: 10.6 s | BR: 4.5143 | ALOSS: -622.2189 | CLOSS: 339.6328 | TLOSS: 0.0069 | TVAL: 0.2946 | AENT: -0.9767
| [33mtrain[0m | E: 159 | S: 159000 | R: 242.6516 | D: 10.7 s | BR: 4.4726 | ALOSS: -622.6197 | CLOSS: 308.1490 | TLOSS: -0.0093 | TVAL: 0.2946 | AENT: -1.0316
| [33mtrain[0m | E: 160 | S: 160000 | R: 501.7574 | D: 10.7 s | BR: 4.5400 | ALOSS: -624.7220 | CLOSS: 253.6480 | TLOSS: -0.0132 | TVAL: 0.2950 | AENT: -1.0447
| [32meval[0m  | E: 160 | S: 160000 | R: 58.6726
| [33mtrain[0m | E: 161 | S: 161000 | R: 257.8222 | D: 14.0 s | BR: 4.4688 | ALOSS: -622.0418 | CLOSS: 301.0398 | TLOSS: -0.0135 | TVAL: 0.2956 | AENT: -1.0458
| [33mtrain[0m | E: 162 | S: 162000 | R: 344.2419 | D: 10.6 s | BR: 4.4618 | ALOSS: -621.2913 | CLOSS: 258.5354 | TLOSS: -0.0103 | TVAL: 0.2960 | AENT: -1.0349
| [33mtrain[0m | E: 163 | S: 163000 | R: 259.6606 | D: 10.7 s | BR: 4.4642 | ALOSS: -623.7135 | CLOSS: 360.8243 | TLOSS: -0.0125 | TVAL: 0.2965 | AENT: -1.0421
| [33mtrain[0m | E: 164 | S: 164000 | R: 361.5621 | D: 10.7 s | BR: 4.4692 | ALOSS: -622.9515 | CLOSS: 262.8242 | TLOSS: -0.0010 | TVAL: 0.2972 | AENT: -1.0035
| [32meval[0m  | E: 164 | S: 164000 | R: 91.9855
| [33mtrain[0m | E: 165 | S: 165000 | R: 495.0937 | D: 14.0 s | BR: 4.4494 | ALOSS: -623.7216 | CLOSS: 310.5413 | TLOSS: -0.0081 | TVAL: 0.2972 | AENT: -1.0274
| [33mtrain[0m | E: 166 | S: 166000 | R: 291.8683 | D: 10.6 s | BR: 4.4823 | ALOSS: -623.5522 | CLOSS: 232.7469 | TLOSS: 0.0009 | TVAL: 0.2972 | AENT: -0.9969
| [33mtrain[0m | E: 167 | S: 167000 | R: 0.2441 | D: 10.7 s | BR: 4.3870 | ALOSS: -623.6131 | CLOSS: 286.7062 | TLOSS: -0.0165 | TVAL: 0.2977 | AENT: -1.0556
| [33mtrain[0m | E: 168 | S: 168000 | R: 468.8527 | D: 10.6 s | BR: 4.4406 | ALOSS: -623.5509 | CLOSS: 354.5601 | TLOSS: -0.0047 | TVAL: 0.2983 | AENT: -1.0159
| [32meval[0m  | E: 168 | S: 168000 | R: 456.1535
| [33mtrain[0m | E: 169 | S: 169000 | R: 417.4082 | D: 14.0 s | BR: 4.4362 | ALOSS: -625.5710 | CLOSS: 190.2841 | TLOSS: -0.0162 | TVAL: 0.2987 | AENT: -1.0541
| [33mtrain[0m | E: 170 | S: 170000 | R: 365.7546 | D: 10.7 s | BR: 4.4605 | ALOSS: -626.1721 | CLOSS: 238.1616 | TLOSS: -0.0434 | TVAL: 0.3001 | AENT: -1.1446
| [33mtrain[0m | E: 171 | S: 171000 | R: 429.7651 | D: 10.8 s | BR: 4.4399 | ALOSS: -626.5507 | CLOSS: 227.4568 | TLOSS: -0.0567 | TVAL: 0.3025 | AENT: -1.1876
| [33mtrain[0m | E: 172 | S: 172000 | R: 579.1648 | D: 10.7 s | BR: 4.4213 | ALOSS: -627.7466 | CLOSS: 235.7124 | TLOSS: -0.0308 | TVAL: 0.3043 | AENT: -1.1011
| [32meval[0m  | E: 172 | S: 172000 | R: 386.5147
| [33mtrain[0m | E: 173 | S: 173000 | R: 516.5374 | D: 14.1 s | BR: 4.4355 | ALOSS: -627.9433 | CLOSS: 266.9504 | TLOSS: -0.0256 | TVAL: 0.3054 | AENT: -1.0838
| [33mtrain[0m | E: 174 | S: 174000 | R: 596.6570 | D: 10.7 s | BR: 4.4701 | ALOSS: -629.1074 | CLOSS: 258.7331 | TLOSS: -0.0188 | TVAL: 0.3066 | AENT: -1.0614
| [33mtrain[0m | E: 175 | S: 175000 | R: 438.6172 | D: 10.8 s | BR: 4.4341 | ALOSS: -628.2261 | CLOSS: 277.5535 | TLOSS: -0.0298 | TVAL: 0.3076 | AENT: -1.0970
| [33mtrain[0m | E: 176 | S: 176000 | R: 0.2372 | D: 10.8 s | BR: 4.3909 | ALOSS: -628.6434 | CLOSS: 270.4401 | TLOSS: -0.0359 | TVAL: 0.3089 | AENT: -1.1163
| [32meval[0m  | E: 176 | S: 176000 | R: 3.2861
| [33mtrain[0m | E: 177 | S: 177000 | R: 6.2027 | D: 14.2 s | BR: 4.4199 | ALOSS: -628.9840 | CLOSS: 302.0964 | TLOSS: -0.0295 | TVAL: 0.3106 | AENT: -1.0950
| [33mtrain[0m | E: 178 | S: 178000 | R: 362.6789 | D: 10.8 s | BR: 4.4089 | ALOSS: -627.8804 | CLOSS: 298.7101 | TLOSS: -0.0052 | TVAL: 0.3112 | AENT: -1.0168
| [33mtrain[0m | E: 179 | S: 179000 | R: 454.8197 | D: 10.9 s | BR: 4.4443 | ALOSS: -628.7601 | CLOSS: 338.6311 | TLOSS: -0.0136 | TVAL: 0.3116 | AENT: -1.0437
| [33mtrain[0m | E: 180 | S: 180000 | R: 491.7918 | D: 10.9 s | BR: 4.4414 | ALOSS: -629.6348 | CLOSS: 282.9991 | TLOSS: -0.0216 | TVAL: 0.3123 | AENT: -1.0690
| [32meval[0m  | E: 180 | S: 180000 | R: 0.1534
| [33mtrain[0m | E: 181 | S: 181000 | R: 620.6066 | D: 14.2 s | BR: 4.3879 | ALOSS: -628.3504 | CLOSS: 239.3003 | TLOSS: -0.0138 | TVAL: 0.3133 | AENT: -1.0442
| [33mtrain[0m | E: 182 | S: 182000 | R: 10.2677 | D: 10.9 s | BR: 4.4273 | ALOSS: -630.8424 | CLOSS: 246.7829 | TLOSS: 0.0021 | TVAL: 0.3135 | AENT: -0.9933
| [33mtrain[0m | E: 183 | S: 183000 | R: 103.3121 | D: 10.9 s | BR: 4.4012 | ALOSS: -628.6294 | CLOSS: 335.5934 | TLOSS: -0.0114 | TVAL: 0.3138 | AENT: -1.0364
| [33mtrain[0m | E: 184 | S: 184000 | R: 127.2634 | D: 10.9 s | BR: 4.3999 | ALOSS: -629.3216 | CLOSS: 292.1004 | TLOSS: -0.0098 | TVAL: 0.3140 | AENT: -1.0313
| [32meval[0m  | E: 184 | S: 184000 | R: 329.9965
| [33mtrain[0m | E: 185 | S: 185000 | R: 382.0157 | D: 14.3 s | BR: 4.3917 | ALOSS: -630.7238 | CLOSS: 310.8926 | TLOSS: 0.0036 | TVAL: 0.3143 | AENT: -0.9886
| [33mtrain[0m | E: 186 | S: 186000 | R: 506.9786 | D: 10.9 s | BR: 4.3598 | ALOSS: -629.1639 | CLOSS: 329.7476 | TLOSS: -0.0207 | TVAL: 0.3147 | AENT: -1.0659
| [33mtrain[0m | E: 187 | S: 187000 | R: 394.8517 | D: 11.0 s | BR: 4.3601 | ALOSS: -630.2882 | CLOSS: 280.9500 | TLOSS: -0.0011 | TVAL: 0.3150 | AENT: -1.0035
| [33mtrain[0m | E: 188 | S: 188000 | R: 269.5587 | D: 10.9 s | BR: 4.3721 | ALOSS: -628.1579 | CLOSS: 324.7766 | TLOSS: 0.0035 | TVAL: 0.3150 | AENT: -0.9888
| [32meval[0m  | E: 188 | S: 188000 | R: 472.5552
| [33mtrain[0m | E: 189 | S: 189000 | R: 308.9144 | D: 14.2 s | BR: 4.3850 | ALOSS: -626.5346 | CLOSS: 258.6096 | TLOSS: -0.0155 | TVAL: 0.3152 | AENT: -1.0492
| [33mtrain[0m | E: 190 | S: 190000 | R: 526.2561 | D: 10.9 s | BR: 4.3609 | ALOSS: -629.2447 | CLOSS: 333.4149 | TLOSS: -0.0306 | TVAL: 0.3165 | AENT: -1.0968
| [33mtrain[0m | E: 191 | S: 191000 | R: 359.3043 | D: 11.0 s | BR: 4.3729 | ALOSS: -630.6844 | CLOSS: 337.3406 | TLOSS: -0.0182 | TVAL: 0.3178 | AENT: -1.0573
| [33mtrain[0m | E: 192 | S: 192000 | R: 362.3130 | D: 11.0 s | BR: 4.3829 | ALOSS: -630.4404 | CLOSS: 306.4787 | TLOSS: -0.0139 | TVAL: 0.3182 | AENT: -1.0437
| [32meval[0m  | E: 192 | S: 192000 | R: 554.0131
| [33mtrain[0m | E: 193 | S: 193000 | R: 556.1696 | D: 14.3 s | BR: 4.3823 | ALOSS: -630.6544 | CLOSS: 333.4774 | TLOSS: -0.0091 | TVAL: 0.3185 | AENT: -1.0285
| [33mtrain[0m | E: 194 | S: 194000 | R: 539.0121 | D: 11.1 s | BR: 4.3134 | ALOSS: -629.5486 | CLOSS: 306.1995 | TLOSS: -0.0227 | TVAL: 0.3196 | AENT: -1.0709
| [33mtrain[0m | E: 195 | S: 195000 | R: 529.6663 | D: 11.2 s | BR: 4.3406 | ALOSS: -631.2441 | CLOSS: 275.6096 | TLOSS: -0.0227 | TVAL: 0.3205 | AENT: -1.0709
| [33mtrain[0m | E: 196 | S: 196000 | R: 531.2448 | D: 11.1 s | BR: 4.3684 | ALOSS: -632.8342 | CLOSS: 281.6824 | TLOSS: -0.0489 | TVAL: 0.3220 | AENT: -1.1517
| [32meval[0m  | E: 196 | S: 196000 | R: 497.4063
| [33mtrain[0m | E: 197 | S: 197000 | R: 403.9801 | D: 14.5 s | BR: 4.3137 | ALOSS: -631.7510 | CLOSS: 298.6454 | TLOSS: -0.0390 | TVAL: 0.3243 | AENT: -1.1202
| [33mtrain[0m | E: 198 | S: 198000 | R: 549.0198 | D: 11.1 s | BR: 4.3593 | ALOSS: -632.9747 | CLOSS: 288.9654 | TLOSS: -0.0363 | TVAL: 0.3257 | AENT: -1.1114
| [33mtrain[0m | E: 199 | S: 199000 | R: 286.8954 | D: 11.2 s | BR: 4.3812 | ALOSS: -631.5379 | CLOSS: 321.8844 | TLOSS: -0.0428 | TVAL: 0.3276 | AENT: -1.1307
| [33mtrain[0m | E: 200 | S: 200000 | R: 394.0255 | D: 11.3 s | BR: 4.3767 | ALOSS: -632.4458 | CLOSS: 416.5685 | TLOSS: -0.0242 | TVAL: 0.3288 | AENT: -1.0737
| [32meval[0m  | E: 200 | S: 200000 | R: 320.0563
| [33mtrain[0m | E: 201 | S: 201000 | R: 435.7578 | D: 14.6 s | BR: 4.3146 | ALOSS: -632.5752 | CLOSS: 292.9242 | TLOSS: -0.0278 | TVAL: 0.3300 | AENT: -1.0843
| [33mtrain[0m | E: 202 | S: 202000 | R: 483.0795 | D: 11.2 s | BR: 4.3284 | ALOSS: -632.6994 | CLOSS: 293.9362 | TLOSS: -0.0382 | TVAL: 0.3317 | AENT: -1.1152
| [33mtrain[0m | E: 203 | S: 203000 | R: 542.6777 | D: 11.4 s | BR: 4.3305 | ALOSS: -633.3220 | CLOSS: 308.8662 | TLOSS: -0.0515 | TVAL: 0.3333 | AENT: -1.1545
| [33mtrain[0m | E: 204 | S: 204000 | R: 607.8544 | D: 11.4 s | BR: 4.3454 | ALOSS: -633.0795 | CLOSS: 272.9545 | TLOSS: -0.0284 | TVAL: 0.3349 | AENT: -1.0848
| [32meval[0m  | E: 204 | S: 204000 | R: 615.7498
| [33mtrain[0m | E: 205 | S: 205000 | R: 406.3117 | D: 14.6 s | BR: 4.3153 | ALOSS: -634.0602 | CLOSS: 314.8603 | TLOSS: -0.0372 | TVAL: 0.3365 | AENT: -1.1107
| [33mtrain[0m | E: 206 | S: 206000 | R: 543.5320 | D: 11.3 s | BR: 4.3531 | ALOSS: -634.0125 | CLOSS: 284.5064 | TLOSS: -0.0057 | TVAL: 0.3372 | AENT: -1.0170
| [33mtrain[0m | E: 207 | S: 207000 | R: 465.0782 | D: 11.4 s | BR: 4.3079 | ALOSS: -631.4250 | CLOSS: 373.8959 | TLOSS: -0.0355 | TVAL: 0.3381 | AENT: -1.1051
| [33mtrain[0m | E: 208 | S: 208000 | R: 476.6165 | D: 11.4 s | BR: 4.3406 | ALOSS: -633.0503 | CLOSS: 309.2971 | TLOSS: -0.0151 | TVAL: 0.3389 | AENT: -1.0445
| [32meval[0m  | E: 208 | S: 208000 | R: 616.9738
| [33mtrain[0m | E: 209 | S: 209000 | R: 482.5202 | D: 14.7 s | BR: 4.3532 | ALOSS: -633.7020 | CLOSS: 305.4049 | TLOSS: -0.0246 | TVAL: 0.3399 | AENT: -1.0724
| [33mtrain[0m | E: 210 | S: 210000 | R: 604.0382 | D: 11.4 s | BR: 4.3480 | ALOSS: -633.8724 | CLOSS: 321.5908 | TLOSS: -0.0136 | TVAL: 0.3409 | AENT: -1.0399
| [33mtrain[0m | E: 211 | S: 211000 | R: 266.1494 | D: 11.5 s | BR: 4.3691 | ALOSS: -635.0075 | CLOSS: 321.7352 | TLOSS: -0.0170 | TVAL: 0.3414 | AENT: -1.0497
| [33mtrain[0m | E: 212 | S: 212000 | R: 444.5200 | D: 11.5 s | BR: 4.3095 | ALOSS: -631.3839 | CLOSS: 323.4473 | TLOSS: -0.0046 | TVAL: 0.3421 | AENT: -1.0134
| [32meval[0m  | E: 212 | S: 212000 | R: 279.3204
| [33mtrain[0m | E: 213 | S: 213000 | R: 470.7252 | D: 14.8 s | BR: 4.3306 | ALOSS: -634.0839 | CLOSS: 367.9857 | TLOSS: 0.0091 | TVAL: 0.3420 | AENT: -0.9734
| [33mtrain[0m | E: 214 | S: 214000 | R: 404.5071 | D: 11.5 s | BR: 4.3578 | ALOSS: -635.2030 | CLOSS: 271.9765 | TLOSS: -0.0266 | TVAL: 0.3422 | AENT: -1.0778
| [33mtrain[0m | E: 215 | S: 215000 | R: 476.9127 | D: 11.6 s | BR: 4.2948 | ALOSS: -633.8557 | CLOSS: 309.2675 | TLOSS: -0.0232 | TVAL: 0.3433 | AENT: -1.0676
| [33mtrain[0m | E: 216 | S: 216000 | R: 539.0389 | D: 11.6 s | BR: 4.3512 | ALOSS: -633.8684 | CLOSS: 341.4920 | TLOSS: -0.0048 | TVAL: 0.3438 | AENT: -1.0139
| [32meval[0m  | E: 216 | S: 216000 | R: 538.3128
| [33mtrain[0m | E: 217 | S: 217000 | R: 465.3570 | D: 14.9 s | BR: 4.2929 | ALOSS: -633.3267 | CLOSS: 359.2795 | TLOSS: -0.0039 | TVAL: 0.3440 | AENT: -1.0113
| [33mtrain[0m | E: 218 | S: 218000 | R: 433.7109 | D: 11.6 s | BR: 4.3286 | ALOSS: -634.3446 | CLOSS: 271.8300 | TLOSS: -0.0108 | TVAL: 0.3443 | AENT: -1.0312
| [33mtrain[0m | E: 219 | S: 219000 | R: 447.1143 | D: 11.7 s | BR: 4.3295 | ALOSS: -635.2288 | CLOSS: 343.2189 | TLOSS: -0.0022 | TVAL: 0.3445 | AENT: -1.0064
| [33mtrain[0m | E: 220 | S: 220000 | R: 467.5311 | D: 11.7 s | BR: 4.3355 | ALOSS: -635.7305 | CLOSS: 306.6693 | TLOSS: -0.0041 | TVAL: 0.3448 | AENT: -1.0119
| [32meval[0m  | E: 220 | S: 220000 | R: 574.4962
| [33mtrain[0m | E: 221 | S: 221000 | R: 540.9814 | D: 14.9 s | BR: 4.3587 | ALOSS: -636.1322 | CLOSS: 297.9984 | TLOSS: -0.0024 | TVAL: 0.3449 | AENT: -1.0069
| [33mtrain[0m | E: 222 | S: 222000 | R: 540.3979 | D: 11.7 s | BR: 4.2874 | ALOSS: -632.9873 | CLOSS: 322.9251 | TLOSS: -0.0207 | TVAL: 0.3453 | AENT: -1.0598
| [33mtrain[0m | E: 223 | S: 223000 | R: 409.9378 | D: 11.9 s | BR: 4.2710 | ALOSS: -634.7623 | CLOSS: 325.6060 | TLOSS: -0.0000 | TVAL: 0.3461 | AENT: -1.0001
| [33mtrain[0m | E: 224 | S: 224000 | R: 461.3583 | D: 11.8 s | BR: 4.3320 | ALOSS: -635.3461 | CLOSS: 273.2572 | TLOSS: 0.0035 | TVAL: 0.3457 | AENT: -0.9900
| [32meval[0m  | E: 224 | S: 224000 | R: 562.7298
| [33mtrain[0m | E: 225 | S: 225000 | R: 580.9697 | D: 15.2 s | BR: 4.3172 | ALOSS: -637.5967 | CLOSS: 320.8828 | TLOSS: -0.0166 | TVAL: 0.3462 | AENT: -1.0480
| [33mtrain[0m | E: 226 | S: 226000 | R: 447.1464 | D: 11.9 s | BR: 4.3055 | ALOSS: -636.2049 | CLOSS: 337.0203 | TLOSS: -0.0108 | TVAL: 0.3467 | AENT: -1.0310
| [33mtrain[0m | E: 227 | S: 227000 | R: 549.3324 | D: 11.9 s | BR: 4.2962 | ALOSS: -636.2223 | CLOSS: 316.7112 | TLOSS: -0.0143 | TVAL: 0.3472 | AENT: -1.0411
| [33mtrain[0m | E: 228 | S: 228000 | R: 522.8323 | D: 11.9 s | BR: 4.3305 | ALOSS: -636.7368 | CLOSS: 280.5559 | TLOSS: -0.0050 | TVAL: 0.3478 | AENT: -1.0143
| [32meval[0m  | E: 228 | S: 228000 | R: 632.9697
| [33mtrain[0m | E: 229 | S: 229000 | R: 518.0964 | D: 15.3 s | BR: 4.3061 | ALOSS: -635.0524 | CLOSS: 327.8580 | TLOSS: -0.0272 | TVAL: 0.3484 | AENT: -1.0780
| [33mtrain[0m | E: 230 | S: 230000 | R: 471.0313 | D: 12.0 s | BR: 4.3099 | ALOSS: -637.9615 | CLOSS: 353.1471 | TLOSS: -0.0182 | TVAL: 0.3496 | AENT: -1.0519
| [33mtrain[0m | E: 231 | S: 231000 | R: 541.6856 | D: 12.1 s | BR: 4.3106 | ALOSS: -635.5866 | CLOSS: 337.2718 | TLOSS: -0.0140 | TVAL: 0.3505 | AENT: -1.0399
| [33mtrain[0m | E: 232 | S: 232000 | R: 555.3145 | D: 12.1 s | BR: 4.3119 | ALOSS: -638.5776 | CLOSS: 302.7743 | TLOSS: -0.0023 | TVAL: 0.3508 | AENT: -1.0065
| [32meval[0m  | E: 232 | S: 232000 | R: 622.2762
| [33mtrain[0m | E: 233 | S: 233000 | R: 549.5953 | D: 15.4 s | BR: 4.2872 | ALOSS: -637.5410 | CLOSS: 372.4568 | TLOSS: -0.0408 | TVAL: 0.3519 | AENT: -1.1161
| [33mtrain[0m | E: 234 | S: 234000 | R: 623.6725 | D: 12.1 s | BR: 4.3088 | ALOSS: -638.7251 | CLOSS: 313.0496 | TLOSS: 0.0127 | TVAL: 0.3525 | AENT: -0.9640
| [33mtrain[0m | E: 235 | S: 235000 | R: 341.2565 | D: 12.3 s | BR: 4.2981 | ALOSS: -637.0281 | CLOSS: 316.3848 | TLOSS: -0.0121 | TVAL: 0.3522 | AENT: -1.0342
| [33mtrain[0m | E: 236 | S: 236000 | R: 547.7583 | D: 12.2 s | BR: 4.2675 | ALOSS: -638.6046 | CLOSS: 305.0599 | TLOSS: -0.0107 | TVAL: 0.3529 | AENT: -1.0304
| [32meval[0m  | E: 236 | S: 236000 | R: 438.3763
| [33mtrain[0m | E: 237 | S: 237000 | R: 435.3435 | D: 15.5 s | BR: 4.3597 | ALOSS: -639.9770 | CLOSS: 284.3856 | TLOSS: -0.0125 | TVAL: 0.3535 | AENT: -1.0353
| [33mtrain[0m | E: 238 | S: 238000 | R: 547.5625 | D: 12.2 s | BR: 4.3264 | ALOSS: -639.5528 | CLOSS: 312.6708 | TLOSS: 0.0013 | TVAL: 0.3536 | AENT: -0.9963
| [33mtrain[0m | E: 239 | S: 239000 | R: 497.6028 | D: 12.4 s | BR: 4.2930 | ALOSS: -640.3963 | CLOSS: 360.5638 | TLOSS: 0.0091 | TVAL: 0.3535 | AENT: -0.9743
Switching to test env
| [33mtrain[0m | E: 240 | S: 240000 | R: 73.7792 | D: 12.3 s | BR: 4.3366 | ALOSS: -640.8363 | CLOSS: 292.9720 | TLOSS: 0.0038 | TVAL: 0.3530 | AENT: -0.9893
| [32meval[0m  | E: 240 | S: 240000 | R: 623.7243
